            --------------------------------------------------------
                             AMBER SQM VERSION 19
 
                                     By
              Ross C. Walker, Michael F. Crowley, Scott Brozell,
                         Tim Giese, Andreas W. Goetz,
                        Tai-Sung Lee and David A. Case
 
            --------------------------------------------------------
 

--------------------------------------------------------------------------------
  QM CALCULATION INFO
--------------------------------------------------------------------------------

| QMMM: Citation for AMBER QMMM Run:
| QMMM: R.C. Walker, M.F. Crowley and D.A. Case, J. COMP. CHEM. 29:1019, 2008

QMMM: SINGLET STATE CALCULATION
QMMM: RHF CALCULATION, NO. OF DOUBLY OCCUPIED LEVELS =122

| QMMM: *** Selected Hamiltonian *** 
| QMMM: AM1         

| QMMM: *** Parameter sets in use ***
| QMMM: C : M.J.S.DEWAR et al. JACS, 107, 3902, (1985)
| QMMM: O : M.J.S.DEWAR et al. JACS, 107, 3902, (1985)
| QMMM: H : M.J.S.DEWAR et al. JACS, 107, 3902, (1985)

| QMMM: *** SCF convergence criteria ***
| QMMM: Energy change                :  0.1D-09 kcal/mol
| QMMM: Error matrix |FP-PF|         :  0.1D+00 au
| QMMM: Density matrix change        :  0.5D-06
| QMMM: Maximum number of SCF cycles :     1000

| QMMM: *** Diagonalization Routine Information ***
| QMMM: Pseudo diagonalizations are allowed.
| QMMM: Auto diagonalization routine selection is in use.
| QMMM:
| QMMM: Timing diagonalization routines:
| QMMM:                              norbs =      220
| QMMM:    diag iterations used for timing =        4
| QMMM:
| QMMM:              Internal diag routine = 0.074706 seconds
| QMMM:                 Dspev diag routine = 0.080967 seconds
| QMMM:                Dspevd diag routine = 0.060100 seconds
| QMMM:                Dspevx diag routine = 0.217876 seconds
| QMMM:                 Dsyev diag routine = 0.085847 seconds
| QMMM:                Dsyevd diag routine = 0.063428 seconds
| QMMM:                Dsyevr diag routine = 0.061989 seconds
| QMMM:
| QMMM:                Pseudo diag routine = 0.035013 seconds
| QMMM:
| QMMM: Using dspevd routine (diag_routine=3).

  QMMM: QM Region Cartesian Coordinates (*=link atom) 
  QMMM: QM_NO.   MM_NO.  ATOM         X         Y         Z
  QMMM:     1        1      C       42.0070   45.2340   39.5840
  QMMM:     2        2      O       41.6330   46.2840   40.0460
  QMMM:     3        3      C       43.4560   44.8300   39.6590
  QMMM:     4        4      C       43.8490   43.4940   39.6550
  QMMM:     5        5      H       43.0730   42.7840   39.9220
  QMMM:     6        6      C       45.1590   43.0690   39.7470
  QMMM:     7        7      H       45.3800   42.0200   39.9210
  QMMM:     8        8      C       46.1320   44.0430   39.8420
  QMMM:     9        9      H       47.1810   43.7640   39.8930
  QMMM:    10       10      C       45.8360   45.4310   39.7660
  QMMM:    11       11      H       46.6470   46.1520   39.7210
  QMMM:    12       12      C       44.4990   45.8480   39.6430
  QMMM:    13       13      H       44.3040   46.9170   39.6580
  QMMM:    14       14      O       40.2680   45.1070   38.5480
  QMMM:    15       15      C       39.9910   46.3300   37.9550
  QMMM:    16       16      H       40.9820   46.6810   37.6420
  QMMM:    17       17      C       39.0610   46.2370   36.7050
  QMMM:    18       18      H       38.1400   46.7550   36.9990
  QMMM:    19       19      C       38.4380   44.8390   36.4880
  QMMM:    20       20      O       37.5630   44.4880   37.5330
  QMMM:    21       21      C       36.2590   44.9750   37.5480
  QMMM:    22       22      O       35.7160   45.7340   36.7830
  QMMM:    23       23      C       35.5030   44.3100   38.6720
  QMMM:    24       24      H       35.9300   44.5270   39.6590
  QMMM:    25       25      H       34.4700   44.6760   38.7140
  QMMM:    26       26      H       35.4210   43.2270   38.5180
  QMMM:    27       27      C       39.3850   43.6270   36.1720
  QMMM:    28       28      O       38.6520   43.4560   34.8770
  QMMM:    29       29      H       40.4620   43.7660   36.0140
  QMMM:    30       30      H       39.3050   42.8310   36.9240
  QMMM:    31       31      C       37.7460   44.5750   35.0740
  QMMM:    32       32      H       36.7150   44.2040   35.1360
  QMMM:    33       33      C       37.9890   45.5570   33.8740
  QMMM:    34       34      H       37.0690   45.6850   33.2900
  QMMM:    35       35      H       38.7570   45.1110   33.2300
  QMMM:    36       36      C       38.4490   46.9320   34.3540
  QMMM:    37       37      O       38.9160   47.7100   33.2600
  QMMM:    38       38      H       38.1190   48.0450   32.8140
  QMMM:    39       39      H       37.5700   47.4660   34.7340
  QMMM:    40       40      C       39.5530   46.9500   35.4380
  QMMM:    41       41      C       40.8760   46.2690   34.9210
  QMMM:    42       42      H       40.8350   45.1790   34.8030
  QMMM:    43       43      H       41.0840   46.7030   33.9350
  QMMM:    44       44      H       41.7670   46.3870   35.5510
  QMMM:    45       45      C       39.8730   48.4190   35.7100
  QMMM:    46       46      O       41.0020   48.8030   35.4770
  QMMM:    47       47      C       38.8680   49.3960   36.2650
  QMMM:    48       48      O       39.0830   50.8240   36.1790
  QMMM:    49       49      C       39.3860   51.3330   34.9440
  QMMM:    50       50      O       39.1860   50.7080   33.8830
  QMMM:    51       51      C       39.7250   52.7530   35.0170
  QMMM:    52       52      H       39.3330   53.1550   34.0740
  QMMM:    53       53      H       39.2040   53.2390   35.8510
  QMMM:    54       54      H       40.8180   52.8150   35.0960
  QMMM:    55       55      H       37.8850   49.1940   35.8210
  QMMM:    56       56      C       38.5490   49.1060   37.7490
  QMMM:    57       57      C       39.6580   48.9000   38.7810
  QMMM:    58       58      C       39.4000   49.8710   39.9660
  QMMM:    59       59      H       39.9990   49.6770   40.8660
  QMMM:    60       60      H       39.6480   50.8970   39.6690
  QMMM:    61       61      H       38.3690   49.9480   40.3310
  QMMM:    62       62      C       41.0970   49.3230   38.3940
  QMMM:    63       63      H       41.6050   48.5930   37.7530
  QMMM:    64       64      H       40.9530   50.2920   37.8990
  QMMM:    65       65      H       41.7990   49.4690   39.2240
  QMMM:    66       66      C       39.5950   47.3700   39.0900
  QMMM:    67       67      O       40.4760   47.1120   40.1620
  QMMM:    68       68      H       40.3040   46.1770   40.3680
  QMMM:    69       69      C       38.1950   47.0590   39.7860
  QMMM:    70       70      H       38.0970   45.9660   39.7970
  QMMM:    71       71      H       38.0780   47.4990   40.7830
  QMMM:    72       72      C       36.9670   47.7120   39.1020
  QMMM:    73       73      O       35.9440   46.9190   39.0930
  QMMM:    74       74      C       37.1980   48.7540   38.1460
  QMMM:    75       75      C       35.9410   49.0960   37.3640
  QMMM:    76       76      H       35.0160   48.8140   37.8810
  QMMM:    77       77      H       35.8800   50.1880   37.2940
  QMMM:    78       78      H       35.9020   48.7120   36.3370
  QMMM:    79       79      C       34.8060   47.2440   38.3310
  QMMM:    80       80      H       36.5600   48.2550   39.9540
  QMMM:    81       81      O       34.5120   48.4310   38.1330
  QMMM:    82       82      C       33.9370   46.1360   37.7480
  QMMM:    83       83      H       33.1090   46.5770   37.1930
  QMMM:    84       84      H       34.5350   45.5200   37.0780
  QMMM:    85       85      H       33.5450   45.5190   38.5560

--------------------------------------------------------------------------------
  RESULTS
--------------------------------------------------------------------------------

      iter         sqm energy              rms gradient
      ----    -------------------    -----------------------
xmin    10     -381.5695 kcal/mol        3.3853 kcal/(mol*A)
xmin    20     -412.2887 kcal/mol        1.7991 kcal/(mol*A)
xmin    30     -417.3726 kcal/mol        0.9895 kcal/(mol*A)
xmin    40     -421.0172 kcal/mol        0.2249 kcal/(mol*A)
xmin    50     -421.5299 kcal/mol        0.1136 kcal/(mol*A)
xmin    60     -421.5794 kcal/mol        0.0549 kcal/(mol*A)
xmin    70     -421.5910 kcal/mol        0.0095 kcal/(mol*A)
xmin    80     -421.5921 kcal/mol        0.0044 kcal/(mol*A)
xmin    90     -421.5922 kcal/mol        0.0030 kcal/(mol*A)
  ... geometry converged !
 
 Final MO eigenvalues (eV):
 -43.2647  -41.9035  -41.4666  -41.2705  -40.4286  -40.2805  -39.5878  -39.3776
 -38.1435  -37.9492  -37.3459  -37.1934  -36.9326  -36.5345  -35.5273  -34.2696
 -33.1915  -32.8338  -32.3310  -32.0675  -32.0271  -31.7293  -31.4151  -30.4014
 -29.9827  -29.1958  -27.5580  -27.4353  -26.7235  -26.3098  -25.9920  -24.8803
 -24.4161  -23.8310  -23.2482  -22.8698  -22.5407  -22.3755  -21.8536  -21.7391
 -20.9860  -20.5604  -19.4777  -19.2451  -19.0297  -18.8754  -18.8154  -18.7150
 -18.6643  -18.2448  -17.9039  -17.8429  -17.6893  -17.3702  -17.2108  -17.1744
 -16.9857  -16.7487  -16.6888  -16.4225  -16.2946  -16.2481  -16.1422  -15.9829
 -15.8454  -15.8174  -15.6993  -15.6190  -15.4171  -15.2988  -15.1433  -14.8433
 -14.7472  -14.6618  -14.5219  -14.4034  -14.3136  -14.2647  -14.2277  -14.1303
 -14.1049  -13.9529  -13.8978  -13.8692  -13.7600  -13.6657  -13.6414  -13.5391
 -13.3482  -13.3441  -13.2670  -13.1869  -13.0233  -12.9954  -12.9533  -12.9119
 -12.8111  -12.7812  -12.6648  -12.6019  -12.4680  -12.3613  -12.3203  -12.1188
 -12.0983  -11.9817  -11.9350  -11.9096  -11.7214  -11.6667  -11.6547  -11.4678
 -11.4301  -11.3392  -11.1933  -10.9565  -10.8026  -10.6892  -10.3780  -10.3312
 -10.2516   -9.6738   -0.6385   -0.0173    0.1612    0.6046    0.7157    0.7491
   0.9802    1.1780    1.3473    1.4782    1.5196    1.8471    2.2592    2.4009
   2.4240    2.5173    2.7934    2.9569    2.9823    3.0379    3.1032    3.1255
   3.1488    3.2412    3.3225    3.3473    3.3887    3.4469    3.4672    3.4816
   3.4912    3.5252    3.5348    3.5757    3.6071    3.6376    3.6648    3.6785
   3.6882    3.7226    3.7649    3.7724    3.8527    3.9024    3.9217    3.9364
   3.9615    3.9892    3.9948    4.0137    4.0220    4.0766    4.1109    4.1574
   4.2484    4.2563    4.3006    4.3133    4.3347    4.3633    4.4042    4.4137
   4.4451    4.4634    4.4824    4.5382    4.5678    4.6128    4.6528    4.7155
   4.7793    4.8204    4.8490    4.8740    4.9005    4.9106    4.9224    4.9552
   5.0040    5.0650    5.1115    5.1346    5.1708    5.1848    5.2132    5.2384
   5.2677    5.3110    5.3433    5.4319    5.4415    6.0547    6.1359    6.3858
   6.4362    6.4670    6.4789    6.7279

 Heat of formation   =       -421.59219924 kcal/mol  (      -18.28160961 eV)

 Total SCF energy    =    -198789.51252908 kcal/mol  (    -8620.16012008 eV)
 Electronic energy   =   -2272858.26451791 kcal/mol  (   -98558.53018160 eV)
 Core-core repulsion =    2074068.75198883 kcal/mol  (    89938.37006153 eV)
 
    Atomic Charges for Step       1 :
  Atom    Element       Mulliken Charge
     1      C                  0.343
     2      O                 -0.337
     3      C                 -0.123
     4      C                 -0.077
     5      H                  0.160
     6      C                 -0.148
     7      H                  0.139
     8      C                 -0.093
     9      H                  0.138
    10      C                 -0.144
    11      H                  0.143
    12      C                 -0.070
    13      H                  0.159
    14      O                 -0.289
    15      C                  0.011
    16      H                  0.149
    17      C                 -0.100
    18      H                  0.128
    19      C                  0.057
    20      O                 -0.270
    21      C                  0.316
    22      O                 -0.363
    23      C                 -0.224
    24      H                  0.111
    25      H                  0.129
    26      H                  0.116
    27      C                 -0.029
    28      O                 -0.274
    29      H                  0.115
    30      H                  0.111
    31      C                  0.017
    32      H                  0.118
    33      C                 -0.160
    34      H                  0.109
    35      H                  0.128
    36      C                  0.042
    37      O                 -0.321
    38      H                  0.223
    39      H                  0.090
    40      C                 -0.105
    41      C                 -0.218
    42      H                  0.094
    43      H                  0.113
    44      H                  0.091
    45      C                  0.211
    46      O                 -0.265
    47      C                  0.035
    48      O                 -0.253
    49      C                  0.321
    50      O                 -0.375
    51      C                 -0.216
    52      H                  0.117
    53      H                  0.116
    54      H                  0.127
    55      H                  0.132
    56      C                 -0.114
    57      C                  0.010
    58      C                 -0.204
    59      H                  0.087
    60      H                  0.082
    61      H                  0.088
    62      C                 -0.216
    63      H                  0.080
    64      H                  0.101
    65      H                  0.098
    66      C                  0.091
    67      O                 -0.316
    68      H                  0.206
    69      C                 -0.194
    70      H                  0.116
    71      H                  0.103
    72      C                  0.064
    73      O                 -0.293
    74      C                 -0.084
    75      C                 -0.195
    76      H                  0.090
    77      H                  0.091
    78      H                  0.116
    79      C                  0.305
    80      H                  0.142
    81      O                 -0.340
    82      C                 -0.222
    83      H                  0.122
    84      H                  0.117
    85      H                  0.112
 Total Mulliken Charge =       0.000
 
                  X        Y        Z     TOTAL  
  QM DIPOLE    -3.183   -4.403    5.645    7.834
 
 Final Structure

  QMMM: QM Region Cartesian Coordinates (*=link atom) 
  QMMM: QM_NO.   MM_NO.  ATOM         X         Y         Z
  QMMM:     1        1      C       42.2485   45.6015   38.6515
  QMMM:     2        2      O       43.0745   46.3890   38.1864
  QMMM:     3        3      C       42.5009   44.3704   39.4166
  QMMM:     4        4      C       41.4927   43.4178   39.6108
  QMMM:     5        5      H       40.4903   43.5912   39.1824
  QMMM:     6        6      C       41.7691   42.2600   40.3354
  QMMM:     7        7      H       40.9804   41.5086   40.4880
  QMMM:     8        8      C       43.0439   42.0516   40.8641
  QMMM:     9        9      H       43.2580   41.1359   41.4360
  QMMM:    10       10      C       44.0486   42.9996   40.6668
  QMMM:    11       11      H       45.0541   42.8324   41.0811
  QMMM:    12       12      C       43.7830   44.1598   39.9417
  QMMM:    13       13      H       44.5697   44.9130   39.7723
  QMMM:    14       14      O       40.9097   45.8536   38.4633
  QMMM:    15       15      C       40.5119   47.0695   37.7941
  QMMM:    16       16      H       41.4329   47.6440   37.4946
  QMMM:    17       17      C       39.6809   46.7125   36.5433
  QMMM:    18       18      H       38.5979   46.9412   36.7825
  QMMM:    19       19      C       39.6846   45.2160   36.2329
  QMMM:    20       20      O       38.8523   44.5188   37.1684
  QMMM:    21       21      C       37.4908   44.5644   37.0373
  QMMM:    22       22      O       36.9897   45.2270   36.1264
  QMMM:    23       23      C       36.7960   43.7627   38.0836
  QMMM:    24       24      H       37.5247   43.1634   38.6801
  QMMM:    25       25      H       36.2527   44.4714   38.7620
  QMMM:    26       26      H       36.0601   43.0816   37.5916
  QMMM:    27       27      C       41.0224   44.4072   36.1627
  QMMM:    28       28      O       40.7417   43.9986   34.8003
  QMMM:    29       29      H       41.9504   45.0165   36.2148
  QMMM:    30       30      H       41.0586   43.5252   36.8396
  QMMM:    31       31      C       39.4638   44.7099   34.7614
  QMMM:    32       32      H       38.6360   43.9625   34.6928
  QMMM:    33       33      C       39.4209   45.7097   33.6406
  QMMM:    34       34      H       38.6368   45.4119   32.8949
  QMMM:    35       35      H       40.4026   45.7248   33.0945
  QMMM:    36       36      C       39.0896   47.1086   34.1427
  QMMM:    37       37      O       39.2187   47.9511   33.0096
  QMMM:    38       38      H       38.8343   48.8118   33.2321
  QMMM:    39       39      H       38.0283   47.1290   34.5271
  QMMM:    40       40      C       40.0358   47.5545   35.3002
  QMMM:    41       41      C       41.4869   47.3921   34.8651
  QMMM:    42       42      H       41.7355   46.3194   34.6902
  QMMM:    43       43      H       41.6404   47.9492   33.9059
  QMMM:    44       44      H       42.1835   47.8112   35.6300
  QMMM:    45       45      C       39.7808   49.0552   35.4669
  QMMM:    46       46      O       40.5620   49.8824   34.9872
  QMMM:    47       47      C       38.4649   49.5482   36.0654
  QMMM:    48       48      O       38.4181   50.9848   35.9954
  QMMM:    49       49      C       38.1387   51.5409   34.7734
  QMMM:    50       50      O       37.8785   50.7848   33.8334
  QMMM:    51       51      C       38.1904   53.0273   34.7905
  QMMM:    52       52      H       37.3830   53.4304   34.1322
  QMMM:    53       53      H       38.0663   53.4184   35.8290
  QMMM:    54       54      H       39.1859   53.3498   34.3945
  QMMM:    55       55      H       37.6375   49.1256   35.4173
  QMMM:    56       56      C       38.2825   49.1478   37.4913
  QMMM:    57       57      C       39.3990   49.3237   38.4878
  QMMM:    58       58      C       38.8872   50.1273   39.6983
  QMMM:    59       59      H       39.5167   51.0349   39.8673
  QMMM:    60       60      H       37.8390   50.4753   39.5355
  QMMM:    61       61      H       38.9327   49.5109   40.6283
  QMMM:    62       62      C       40.6200   50.0745   37.9772
  QMMM:    63       63      H       41.2176   49.4994   37.2333
  QMMM:    64       64      H       40.2993   51.0340   37.5019
  QMMM:    65       65      H       41.3006   50.2914   38.8386
  QMMM:    66       66      C       39.7754   47.8755   38.9228
  QMMM:    67       67      O       40.7119   48.0403   39.9867
  QMMM:    68       68      H       40.9650   47.1576   40.2870
  QMMM:    69       69      C       38.5529   47.1028   39.4491
  QMMM:    70       70      H       38.5134   46.0900   38.9620
  QMMM:    71       71      H       38.6769   46.9372   40.5520
  QMMM:    72       72      C       37.2094   47.8088   39.2284
  QMMM:    73       73      O       36.2247   46.7562   39.3012
  QMMM:    74       74      C       37.1678   48.4859   37.8854
  QMMM:    75       75      C       35.9510   48.3169   37.0641
  QMMM:    76       76      H       35.0524   48.2049   37.7223
  QMMM:    77       77      H       35.7794   49.1966   36.3964
  QMMM:    78       78      H       36.0427   47.3917   36.4350
  QMMM:    79       79      C       35.0559   46.9969   39.9751
  QMMM:    80       80      H       37.0072   48.5593   40.0459
  QMMM:    81       81      O       34.8722   48.1004   40.4881
  QMMM:    82       82      C       34.1535   45.8107   39.9791
  QMMM:    83       83      H       33.1787   46.0906   40.4474
  QMMM:    84       84      H       33.9822   45.4604   38.9319
  QMMM:    85       85      H       34.6264   44.9847   40.5645

           --------- Calculation Completed ----------

