
          -------------------------------------------------------
          Amber 20 PMEMD                              2020
          -------------------------------------------------------

| PMEMD implementation of SANDER, Release 18

|  Compiled date/time: Wed Sep 22 23:21:21 2021
| Run on 12/07/2023 at 17:59:47

|   Executable path: /mnt/research/MerzGroup/Amber20Tools21/amber20/bin/pmemd.cuda
| Working directory: /mnt/gs21/scratch/lizhen6/13acetylcoa
|          Hostname: lac-196

  [-O]verwriting output

File Assignments:
|   MDIN: ti2_min2.in                                                           
|  MDOUT: ti2_min2.out                                                          
| INPCRD: ti2_min1.rst                                                          
|   PARM: complex_solv.prmtop                                                   
| RESTRT: ti2_min2.rst                                                          
|   REFC: ti2_min1.rst                                                          
|  MDVEL: mdvel                                                                 
|   MDEN: mden                                                                  
|  MDCRD: ti2_min2.netcdf                                                       
| MDINFO: ti2_min2.mdinfo                                                       
|  MDFRC: mdfrc                                                                 


 Here is the input file:

min for deltaG calculation                                                     
 &cntrl                                                                        
  imin=1,                                                                      
  irest=0, ! default, no velocity from rst                                     
  ntmin=1, ! default, steep then conjugate                                     
  maxcyc=20000,                                                                
  ncyc=10000,                                                                  
  cut=10.0,                                                                    
  ntb=1,                                                                       
  ntpr=500, ! write to mdinfo file                                             
  ntwr=500, ! write to rst file                                                
  ntwx=10000, ! write to mdcrd file                                            
  ntave=500, ! calc ave every 500 steps                                        
  ioutfm=1,                                                                    
  iwrap=1,                                                                     
  ntr=1,                                                                       
  restraintmask=':1-433 & !@H= ',                                              
  restraint_wt=200,                                                            
/                                                                              
&ewald                                                                         
nfft1=48, nfft2=48, nfft3=48,                                                  
/                                                                              


Note: ig = -1. Setting random seed to   205977 based on wallclock time in 
      microseconds.
| irandom = 1, using AMBER's internal random number generator (default).
 
|--------------------- INFORMATION ----------------------
| GPU (CUDA) Version of PMEMD in use: NVIDIA GPU IN USE.
|                    Version 18.0.0
| 
|                      03/25/2018
| 
| Implementation by:
|                    Ross C. Walker     (SDSC)
|                    Scott Le Grand     (nVIDIA)
| 
| Version 18 performance extensions by:
|                    David Cerutti     (Rutgers)
| 
| Precision model in use:
|      [SPFP] - Single Precision Forces, 64-bit Fixed Point
|               Accumulation. (Default)
| 
|--------------------------------------------------------
 
|----------------- CITATION INFORMATION -----------------
|
|    When publishing work that utilized the CUDA version
|    of AMBER, please cite the following in addition to
|    the regular AMBER citations:
|
|  - Romelia Salomon-Ferrer; Andreas W. Goetz; Duncan
|    Poole; Scott Le Grand; Ross C. Walker "Routine
|    microsecond molecular dynamics simulations with
|    AMBER - Part II: Particle Mesh Ewald", J. Chem.
|    Theory Comput., 2013, 9 (9), pp3878-3888,
|    DOI: 10.1021/ct400314y.
|
|  - Andreas W. Goetz; Mark J. Williamson; Dong Xu;
|    Duncan Poole; Scott Le Grand; Ross C. Walker
|    "Routine microsecond molecular dynamics simulations
|    with AMBER - Part I: Generalized Born", J. Chem.
|    Theory Comput., 2012, 8 (5), pp1542-1555.
|
|  - Scott Le Grand; Andreas W. Goetz; Ross C. Walker
|    "SPFP: Speed without compromise - a mixed precision
|    model for GPU accelerated molecular dynamics
|    simulations.", Comp. Phys. Comm., 2013, 184
|    pp374-380, DOI: 10.1016/j.cpc.2012.09.022
|
|--------------------------------------------------------
 
|------------------- GPU DEVICE INFO --------------------
|
|            CUDA_VISIBLE_DEVICES: 0
|   CUDA Capable Devices Detected:      1
|           CUDA Device ID in use:      0
|                CUDA Device Name: Tesla K80
|     CUDA Device Global Mem Size:  11441 MB
| CUDA Device Num Multiprocessors:     13
|           CUDA Device Core Freq:   0.82 GHz
|
|--------------------------------------------------------
 
 
| Conditional Compilation Defines Used:
| PUBFFT
| BINTRAJ
| CUDA
| EMIL

| Largest sphere to fit in unit cell has radius =    38.272

| New format PARM file being parsed.
| Version =    1.000 Date = 12/07/23 Time = 17:37:00

| Note: 1-4 EEL scale factors are being read from the topology file.

| Note: 1-4 VDW scale factors are being read from the topology file.
| Duplicated    0 dihedrals

| Duplicated    0 dihedrals

--------------------------------------------------------------------------------
   1.  RESOURCE   USE: 
--------------------------------------------------------------------------------

 getting box info from netcdf restart file
 NATOM  =   80179 NTYPES =      34 NBONH =   58326 MBONA  =   21936
 NTHETH =    8178 MTHETA =    5004 NPHIH =   16311 MPHIA  =   15794
 NHPARM =       0 NPARM  =       0 NNB   =  167486 NRES   =   18687
 NBONA  =   21936 NTHETA =    5004 NPHIA =   15794 NUMBND =     109
 NUMANG =     250 NPTRA  =     250 NATYP =      62 NPHB   =       0
 IFBOX  =       1 NMXRS  =      85 IFCAP =       0 NEXTRA =   18245
 NCOPY  =       0


| Coordinate Index Table dimensions:    18   17   13
| Direct force subcell size =     5.7027    5.6594    5.8879

     BOX TYPE: RECTILINEAR

--------------------------------------------------------------------------------
   2.  CONTROL  DATA  FOR  THE  RUN
--------------------------------------------------------------------------------

default_name                                                                    

General flags:
     imin    =       1, nmropt  =       0

Nature and format of input:
     ntx     =       1, irest   =       0, ntrx    =       1

Nature and format of output:
     ntxo    =       2, ntpr    =     500, ntrx    =       1, ntwr    =     500
     iwrap   =       1, ntwx    =   10000, ntwv    =       0, ntwe    =       0
     ioutfm  =       1, ntwprt  =       0, idecomp =       0, rbornstat=      0

Potential function:
     ntf     =       1, ntb     =       1, igb     =       0, nsnb    =      25
     ipol    =       0, gbsa    =       0, iesp    =       0
     dielc   =   1.00000, cut     =  10.00000, intdiel =   1.00000

Frozen or restrained atoms:
     ibelly  =       0, ntr     =       1
     restraint_wt = 200.00000

Energy minimization:
     maxcyc  =   20000, ncyc    =   10000, ntmin   =       1
     dx0     =   0.01000, drms    =   0.00010

| Intermolecular bonds treatment:
|     no_intermolecular_bonds =       1

| Energy averages sample interval:
|     ene_avg_sampling =       1

Extra-points options:
     frameon =       1, chngmask=       1

Ewald parameters:
     verbose =       0, ew_type =       0, nbflag  =       1, use_pme =       1
     vdwmeth =       1, eedmeth =       1, netfrc  =       0
     Box X =  102.649   Box Y =   96.210   Box Z =   76.543
     Alpha =   90.000   Beta  =   90.000   Gamma =   90.000
     NFFT1 =   48       NFFT2 =   48       NFFT3 =   48
     Cutoff=   10.000   Tol   =0.100E-04
     Ewald Coefficient =  0.27511
     Interpolation order =    4

    LOADING THE CONSTRAINED ATOMS AS GROUPS


   5.  REFERENCE ATOM COORDINATES

  default_name                                                                    
     Mask :1-433 & !@H=; matches  3541 atoms
|      EXTRA_PTS, trim_bonds: num bonds BEFORE trim = 58326     0
|      EXTRA_PTS, trim_bonds: num bonds AFTER  trim = 58326     0
|      EXTRA_PTS, trim_bonds: num bonds BEFORE trim = 21936     0
|      EXTRA_PTS, trim_bonds: num bonds AFTER  trim =  3691     0
|      EXTRA_PTS, trim_theta: num angle BEFORE trim =  8178     0
|      EXTRA_PTS, trim_theta: num angle AFTER  trim =  8178     0
|      EXTRA_PTS, trim_theta: num angle BEFORE trim =  5004     0
|      EXTRA_PTS, trim_theta: num angle AFTER  trim =  5004     0
|      EXTRA_PTS, trim_phi:  num diheds BEFORE trim = 16311     0
|      EXTRA_PTS, trim_phi:  num diheds AFTER  trim = 16311     0
|      EXTRA_PTS, trim_phi:  num diheds BEFORE trim = 15794     0
|      EXTRA_PTS, trim_phi:  num diheds AFTER  trim = 15794     0

--------------------------------------------------------------------------------
   3.  ATOMIC COORDINATES AND VELOCITIES
--------------------------------------------------------------------------------

default_name                                                                    
 begin time read from input coords =     0.000 ps

 
 Number of triangulated 3-point waters found:    18245

     Sum of charges from parm topology file =  -6.00090306
     Assuming uniform neutralizing plasma

| Dynamic Memory, Types Used:
| Reals             2374667
| Integers          5616152

| Nonbonded Pairs Initial Allocation:    24252143

| GPU memory information (estimate):
| KB of GPU memory in use:    257003
| KB of CPU memory in use:     93707

--------------------------------------------------------------------------------
   4.  RESULTS
--------------------------------------------------------------------------------



   NSTEP       ENERGY          RMS            GMAX         NAME    NUMBER
      1      -3.2526E+05     2.1897E+00     2.7163E+02     O5P        70

 BOND    =    66481.9937  ANGLE   =      972.6999  DIHED      =     1908.7367
 UB      =        0.0000  IMP     =        0.0000  CMAP       =      393.2237
 VDWAALS =    82265.8244  EEL     =  -497071.3215  HBOND      =        0.0000
 1-4 VDW =     1714.0184  1-4 EEL =    18076.6319  RESTRAINT  =        0.0000


   NSTEP       ENERGY          RMS            GMAX         NAME    NUMBER
    500      -3.2627E+05     9.5260E-02     2.6356E+01     CG       4626

 BOND    =    66501.2925  ANGLE   =      940.9703  DIHED      =     1951.0491
 UB      =        0.0000  IMP     =        0.0000  CMAP       =      391.4745
 VDWAALS =    81696.9899  EEL     =  -497504.7439  HBOND      =        0.0000
 1-4 VDW =     1664.4816  1-4 EEL =    17946.0623  RESTRAINT  =      141.8218
 EAMBER  =  -326412.4237


   NSTEP       ENERGY          RMS            GMAX         NAME    NUMBER
   1000      -3.2633E+05     1.0417E-01     1.9878E+01     C5P        69

 BOND    =    66530.9886  ANGLE   =      940.0854  DIHED      =     1953.0368
 UB      =        0.0000  IMP     =        0.0000  CMAP       =      391.4212
 VDWAALS =    81751.0678  EEL     =  -497646.6069  HBOND      =        0.0000
 1-4 VDW =     1664.8963  1-4 EEL =    17946.3601  RESTRAINT  =      142.5265
 EAMBER  =  -326468.7507


   NSTEP       ENERGY          RMS            GMAX         NAME    NUMBER
   1500      -3.2639E+05     1.1559E-01     2.2301E+01     CD       1620

 BOND    =    66561.2341  ANGLE   =      940.3871  DIHED      =     1950.4859
 UB      =        0.0000  IMP     =        0.0000  CMAP       =      391.4343
 VDWAALS =    81812.5799  EEL     =  -497796.2707  HBOND      =        0.0000
 1-4 VDW =     1665.1469  1-4 EEL =    17945.5126  RESTRAINT  =      141.9520
 EAMBER  =  -326529.4899


   NSTEP       ENERGY          RMS            GMAX         NAME    NUMBER
   2000      -3.2643E+05     5.7563E-02     1.8338E+01     CD       1620

 BOND    =    66594.5257  ANGLE   =      940.1908  DIHED      =     1951.1935
 UB      =        0.0000  IMP     =        0.0000  CMAP       =      391.4188
 VDWAALS =    81878.5787  EEL     =  -497940.3432  HBOND      =        0.0000
 1-4 VDW =     1665.3895  1-4 EEL =    17945.1007  RESTRAINT  =      141.9139
 EAMBER  =  -326573.9454


   NSTEP       ENERGY          RMS            GMAX         NAME    NUMBER
   2500      -3.2647E+05     3.0884E-02     1.9072E+00     H1      60845

 BOND    =    66628.0404  ANGLE   =      940.0892  DIHED      =     1951.3131
 UB      =        0.0000  IMP     =        0.0000  CMAP       =      391.4051
 VDWAALS =    81944.5869  EEL     =  -498081.0562  HBOND      =        0.0000
 1-4 VDW =     1665.4359  1-4 EEL =    17944.8797  RESTRAINT  =      141.9816
 EAMBER  =  -326615.3058


   NSTEP       ENERGY          RMS            GMAX         NAME    NUMBER
   3000      -3.2651E+05     6.9009E-02     1.2693E+01     CD       3043

 BOND    =    66659.2346  ANGLE   =      940.1751  DIHED      =     1950.2970
 UB      =        0.0000  IMP     =        0.0000  CMAP       =      391.3928
 VDWAALS =    82008.2612  EEL     =  -498212.2560  HBOND      =        0.0000
 1-4 VDW =     1665.4682  1-4 EEL =    17944.4041  RESTRAINT  =      142.0659
 EAMBER  =  -326653.0231


   NSTEP       ENERGY          RMS            GMAX         NAME    NUMBER
   3500      -3.2655E+05     2.3791E-02     1.8042E+00     H1      52913

 BOND    =    66691.0292  ANGLE   =      940.1657  DIHED      =     1950.4978
 UB      =        0.0000  IMP     =        0.0000  CMAP       =      391.3760
 VDWAALS =    82076.1561  EEL     =  -498349.8740  HBOND      =        0.0000
 1-4 VDW =     1665.5255  1-4 EEL =    17944.1980  RESTRAINT  =      142.1072
 EAMBER  =  -326690.9257


   NSTEP       ENERGY          RMS            GMAX         NAME    NUMBER
   4000      -3.2659E+05     2.3769E-02     2.4377E+00     CD       1620

 BOND    =    66723.4384  ANGLE   =      940.1934  DIHED      =     1950.6733
 UB      =        0.0000  IMP     =        0.0000  CMAP       =      391.3526
 VDWAALS =    82142.3745  EEL     =  -498489.0774  HBOND      =        0.0000
 1-4 VDW =     1665.5642  1-4 EEL =    17943.9479  RESTRAINT  =      142.2032
 EAMBER  =  -326731.5331


   NSTEP       ENERGY          RMS            GMAX         NAME    NUMBER
   4500      -3.2663E+05     3.3949E-02     6.2210E+00     CG       3249

 BOND    =    66756.2502  ANGLE   =      940.2647  DIHED      =     1950.6961
 UB      =        0.0000  IMP     =        0.0000  CMAP       =      391.3298
 VDWAALS =    82210.5799  EEL     =  -498630.5242  HBOND      =        0.0000
 1-4 VDW =     1665.5930  1-4 EEL =    17943.7343  RESTRAINT  =      142.2900
 EAMBER  =  -326772.0763


   NSTEP       ENERGY          RMS            GMAX         NAME    NUMBER
   5000      -3.2667E+05     2.2925E-02     1.7841E+00     H2      28102

 BOND    =    66787.1281  ANGLE   =      940.3507  DIHED      =     1949.3846
 UB      =        0.0000  IMP     =        0.0000  CMAP       =      391.2918
 VDWAALS =    82277.7413  EEL     =  -498764.9671  HBOND      =        0.0000
 1-4 VDW =     1665.6324  1-4 EEL =    17943.5180  RESTRAINT  =      142.3351
 EAMBER  =  -326809.9202


   NSTEP       ENERGY          RMS            GMAX         NAME    NUMBER
   5500      -3.2670E+05     3.3275E-02     2.1173E+00     H1      45541

 BOND    =    66818.2770  ANGLE   =      940.3856  DIHED      =     1949.6008
 UB      =        0.0000  IMP     =        0.0000  CMAP       =      391.2630
 VDWAALS =    82346.4997  EEL     =  -498901.1179  HBOND      =        0.0000
 1-4 VDW =     1665.6759  1-4 EEL =    17943.3975  RESTRAINT  =      142.3652
 EAMBER  =  -326846.0185


   NSTEP       ENERGY          RMS            GMAX         NAME    NUMBER
   6000      -3.2674E+05     6.2844E-02     1.5624E+01     CD       3043

 BOND    =    66849.7572  ANGLE   =      940.4059  DIHED      =     1949.7019
 UB      =        0.0000  IMP     =        0.0000  CMAP       =      391.2333
 VDWAALS =    82412.5544  EEL     =  -499037.4912  HBOND      =        0.0000
 1-4 VDW =     1665.7258  1-4 EEL =    17943.4149  RESTRAINT  =      142.4195
 EAMBER  =  -326884.6979


   NSTEP       ENERGY          RMS            GMAX         NAME    NUMBER
   6500      -3.2677E+05     5.5901E-02     5.8474E+00     C        2930

 BOND    =    66878.4498  ANGLE   =      940.4726  DIHED      =     1949.4394
 UB      =        0.0000  IMP     =        0.0000  CMAP       =      391.2090
 VDWAALS =    82475.4225  EEL     =  -499156.4146  HBOND      =        0.0000
 1-4 VDW =     1665.7608  1-4 EEL =    17943.3704  RESTRAINT  =      142.4820
 EAMBER  =  -326912.2901


   NSTEP       ENERGY          RMS            GMAX         NAME    NUMBER
   7000      -3.2680E+05     6.9432E-02     4.8754E+00     H1      22777

 BOND    =    66907.3761  ANGLE   =      940.4969  DIHED      =     1949.5077
 UB      =        0.0000  IMP     =        0.0000  CMAP       =      391.1525
 VDWAALS =    82537.9944  EEL     =  -499275.0405  HBOND      =        0.0000
 1-4 VDW =     1665.8806  1-4 EEL =    17943.2941  RESTRAINT  =      142.5613
 EAMBER  =  -326939.3383


   NSTEP       ENERGY          RMS            GMAX         NAME    NUMBER
   7500      -3.2682E+05     7.6685E-02     1.6303E+01     CG       3249

 BOND    =    66936.0745  ANGLE   =      940.5882  DIHED      =     1949.7189
 UB      =        0.0000  IMP     =        0.0000  CMAP       =      391.0770
 VDWAALS =    82598.0708  EEL     =  -499390.5767  HBOND      =        0.0000
 1-4 VDW =     1666.0297  1-4 EEL =    17943.3667  RESTRAINT  =      142.6059
 EAMBER  =  -326965.6509


   NSTEP       ENERGY          RMS            GMAX         NAME    NUMBER
   8000      -3.2685E+05     2.2245E-02     2.4548E+00     CD       1620

 BOND    =    66964.1547  ANGLE   =      940.7130  DIHED      =     1949.9365
 UB      =        0.0000  IMP     =        0.0000  CMAP       =      390.9845
 VDWAALS =    82657.1760  EEL     =  -499509.4048  HBOND      =        0.0000
 1-4 VDW =     1666.1037  1-4 EEL =    17943.3751  RESTRAINT  =      142.6241
 EAMBER  =  -326996.9614


   NSTEP       ENERGY          RMS            GMAX         NAME    NUMBER
   8500      -3.2688E+05     2.9127E-02     1.6849E+00     H2      41586

 BOND    =    66992.3069  ANGLE   =      940.7557  DIHED      =     1950.1354
 UB      =        0.0000  IMP     =        0.0000  CMAP       =      390.8997
 VDWAALS =    82718.8828  EEL     =  -499629.4811  HBOND      =        0.0000
 1-4 VDW =     1666.1843  1-4 EEL =    17943.3797  RESTRAINT  =      142.5992
 EAMBER  =  -327026.9366


   NSTEP       ENERGY          RMS            GMAX         NAME    NUMBER
   9000      -3.2691E+05     4.9177E-02     5.8936E+00     CD       1475

 BOND    =    67022.0833  ANGLE   =      940.7935  DIHED      =     1950.3175
 UB      =        0.0000  IMP     =        0.0000  CMAP       =      390.8247
 VDWAALS =    82781.5468  EEL     =  -499750.9373  HBOND      =        0.0000
 1-4 VDW =     1666.2440  1-4 EEL =    17943.3551  RESTRAINT  =      142.5933
 EAMBER  =  -327055.7725


   NSTEP       ENERGY          RMS            GMAX         NAME    NUMBER
   9500      -3.2694E+05     5.3913E-02     1.0873E+01     CG       5995

 BOND    =    67048.7469  ANGLE   =      940.8271  DIHED      =     1950.5294
 UB      =        0.0000  IMP     =        0.0000  CMAP       =      390.7593
 VDWAALS =    82839.2780  EEL     =  -499861.3118  HBOND      =        0.0000
 1-4 VDW =     1666.2702  1-4 EEL =    17943.2514  RESTRAINT  =      142.5818
 EAMBER  =  -327081.6495


   NSTEP       ENERGY          RMS            GMAX         NAME    NUMBER
  10000      -3.2694E+05     1.7958E-02     9.6615E-01     H1      48197

 BOND    =    67050.9790  ANGLE   =      940.8626  DIHED      =     1950.5477
 UB      =        0.0000  IMP     =        0.0000  CMAP       =      390.7532
 VDWAALS =    82844.0153  EEL     =  -499870.6452  HBOND      =        0.0000
 1-4 VDW =     1666.2793  1-4 EEL =    17943.2740  RESTRAINT  =      142.5767
 EAMBER  =  -327083.9340

     .... RESTARTED DUE TO LINMIN FAILURE ...


   NSTEP       ENERGY          RMS            GMAX         NAME    NUMBER
  10500      -3.2716E+05     5.5500E-02     3.9531E+00     O       51576

 BOND    =    67281.7378  ANGLE   =      941.2037  DIHED      =     1952.5012
 UB      =        0.0000  IMP     =        0.0000  CMAP       =      390.3930
 VDWAALS =    83330.4429  EEL     =  -500808.8669  HBOND      =        0.0000
 1-4 VDW =     1666.3291  1-4 EEL =    17943.2439  RESTRAINT  =      142.7649
 EAMBER  =  -327303.0154

     .... RESTARTED DUE TO LINMIN FAILURE ...


   NSTEP       ENERGY          RMS            GMAX         NAME    NUMBER
  11000      -3.2729E+05     1.6296E-01     1.3306E+01     CD       6287

 BOND    =    67410.2737  ANGLE   =      941.7517  DIHED      =     1953.8404
 UB      =        0.0000  IMP     =        0.0000  CMAP       =      390.3214
 VDWAALS =    83612.6890  EEL     =  -501346.9617  HBOND      =        0.0000
 1-4 VDW =     1666.4352  1-4 EEL =    17943.3864  RESTRAINT  =      143.1395
 EAMBER  =  -327428.2640

     .... RESTARTED DUE TO LINMIN FAILURE ...

     .... RESTARTED DUE TO LINMIN FAILURE ...

     .... RESTARTED DUE TO LINMIN FAILURE ...


                    FINAL RESULTS



   NSTEP       ENERGY          RMS            GMAX         NAME    NUMBER
  11345      -3.2738E+05     2.6545E-02     5.4253E+00     CD       1620

 BOND    =    67503.6654  ANGLE   =      941.7676  DIHED      =     1954.6378
 UB      =        0.0000  IMP     =        0.0000  CMAP       =      390.2925
 VDWAALS =    83797.5030  EEL     =  -501716.1644  HBOND      =        0.0000
 1-4 VDW =     1666.3854  1-4 EEL =    17943.1763  RESTRAINT  =      143.2415
 EAMBER  =  -327518.7363

     ***** REPEATED LINMIN FAILURE *****
--------------------------------------------------------------------------------
   5.  TIMINGS
--------------------------------------------------------------------------------

|  NonSetup CPU Time in Major Routines:
|
|     Routine           Sec        %
|     ------------------------------
|     Nonbond          59.91   59.58
|     Bond              0.00    0.00
|     Angle             0.00    0.00
|     Dihedral          0.00    0.00
|     Shake             0.00    0.00
|     Other            40.65   40.42
|     ------------------------------
|     Total           100.55

|  PME Nonbond Pairlist CPU Time:
|
|     Routine              Sec        %
|     ---------------------------------
|     Set Up Cit           0.00    0.00
|     Build List           0.00    0.00
|     ---------------------------------
|     Total                0.00    0.00

|  PME Direct Force CPU Time:
|
|     Routine              Sec        %
|     ---------------------------------
|     NonBonded Calc       0.00    0.00
|     Exclude Masked       0.00    0.00
|     Other                0.03    0.03
|     ---------------------------------
|     Total                0.03    0.03

|  PME Reciprocal Force CPU Time:
|
|     Routine              Sec        %
|     ---------------------------------
|     1D bspline           0.00    0.00
|     Grid Charges         0.00    0.00
|     Scalar Sum           0.00    0.00
|     Gradient Sum         0.00    0.00
|     FFT                  0.00    0.00
|     ---------------------------------
|     Total                0.00    0.00

|  Setup CPU time:            1.06 seconds
|  NonSetup CPU time:       100.55 seconds
|  Total CPU time:          101.61 seconds     0.03 hours

|  Setup wall time:           1    seconds
|  NonSetup wall time:      101    seconds
|  Total wall time:         102    seconds     0.03 hours
