
          -------------------------------------------------------
          Amber 20 PMEMD                              2020
          -------------------------------------------------------

| PMEMD implementation of SANDER, Release 18

|  Compiled date/time: Wed Sep 22 23:21:21 2021
| Run on 08/16/2023 at 23:46:52

|   Executable path: /mnt/research/MerzGroup/Amber20Tools21/amber20/bin/pmemd.cuda
| Working directory: /mnt/ufs18/home-179/sharmag3/Aimen4
|          Hostname: nif-002

  [-O]verwriting output

File Assignments:
|   MDIN: ti2_min2.in                                                           
|  MDOUT: ti2_min2.out                                                          
| INPCRD: ti2_min1.rst                                                          
|   PARM: complex_solv.prmtop                                                   
| RESTRT: ti2_min2.rst                                                          
|   REFC: ti2_min1.rst                                                          
|  MDVEL: mdvel                                                                 
|   MDEN: mden                                                                  
|  MDCRD: ti2_min2.netcdf                                                       
| MDINFO: ti2_min2.mdinfo                                                       
|  MDFRC: mdfrc                                                                 


 Here is the input file:

min for deltaG calculation                                                     
 &cntrl                                                                        
  imin=1,                                                                      
  irest=0, ! default, no velocity from rst                                     
  ntmin=1, ! default, steep then conjugate                                     
  maxcyc=20000,                                                                
  ncyc=10000,                                                                  
  cut=10.0,                                                                    
  ntb=1,                                                                       
  ntpr=500, ! write to mdinfo file                                             
  ntwr=500, ! write to rst file                                                
  ntwx=10000, ! write to mdcrd file                                            
  ntave=500, ! calc ave every 500 steps                                        
  ioutfm=1,                                                                    
  iwrap=1,                                                                     
  ntr=1,                                                                       
  restraintmask=':1-433 & !@H= ',                                              
  restraint_wt=200,                                                            
/                                                                              
&ewald                                                                         
nfft1=48, nfft2=48, nfft3=48,                                                  
/                                                                              


Note: ig = -1. Setting random seed to   153124 based on wallclock time in 
      microseconds.
| irandom = 1, using AMBER's internal random number generator (default).
 
|--------------------- INFORMATION ----------------------
| GPU (CUDA) Version of PMEMD in use: NVIDIA GPU IN USE.
|                    Version 18.0.0
| 
|                      03/25/2018
| 
| Implementation by:
|                    Ross C. Walker     (SDSC)
|                    Scott Le Grand     (nVIDIA)
| 
| Version 18 performance extensions by:
|                    David Cerutti     (Rutgers)
| 
| Precision model in use:
|      [SPFP] - Single Precision Forces, 64-bit Fixed Point
|               Accumulation. (Default)
| 
|--------------------------------------------------------
 
|----------------- CITATION INFORMATION -----------------
|
|    When publishing work that utilized the CUDA version
|    of AMBER, please cite the following in addition to
|    the regular AMBER citations:
|
|  - Romelia Salomon-Ferrer; Andreas W. Goetz; Duncan
|    Poole; Scott Le Grand; Ross C. Walker "Routine
|    microsecond molecular dynamics simulations with
|    AMBER - Part II: Particle Mesh Ewald", J. Chem.
|    Theory Comput., 2013, 9 (9), pp3878-3888,
|    DOI: 10.1021/ct400314y.
|
|  - Andreas W. Goetz; Mark J. Williamson; Dong Xu;
|    Duncan Poole; Scott Le Grand; Ross C. Walker
|    "Routine microsecond molecular dynamics simulations
|    with AMBER - Part I: Generalized Born", J. Chem.
|    Theory Comput., 2012, 8 (5), pp1542-1555.
|
|  - Scott Le Grand; Andreas W. Goetz; Ross C. Walker
|    "SPFP: Speed without compromise - a mixed precision
|    model for GPU accelerated molecular dynamics
|    simulations.", Comp. Phys. Comm., 2013, 184
|    pp374-380, DOI: 10.1016/j.cpc.2012.09.022
|
|--------------------------------------------------------
 
|------------------- GPU DEVICE INFO --------------------
|
|            CUDA_VISIBLE_DEVICES: 0
|   CUDA Capable Devices Detected:      1
|           CUDA Device ID in use:      0
|                CUDA Device Name: NVIDIA A100-PCIE-40GB
|     CUDA Device Global Mem Size:  40370 MB
| CUDA Device Num Multiprocessors:    108
|           CUDA Device Core Freq:   1.41 GHz
|
|--------------------------------------------------------
 
 
| Conditional Compilation Defines Used:
| PUBFFT
| BINTRAJ
| CUDA
| EMIL

| Largest sphere to fit in unit cell has radius =    40.197

| New format PARM file being parsed.
| Version =    1.000 Date = 08/16/23 Time = 23:45:23

| Note: 1-4 EEL scale factors are being read from the topology file.

| Note: 1-4 VDW scale factors are being read from the topology file.
| Duplicated    0 dihedrals

| Duplicated    0 dihedrals

--------------------------------------------------------------------------------
   1.  RESOURCE   USE: 
--------------------------------------------------------------------------------

 getting box info from netcdf restart file
 NATOM  =   70014 NTYPES =      34 NBONH =   50760 MBONA  =   19358
 NTHETH =    7724 MTHETA =    4884 NPHIH =   15657 MPHIA  =   15277
 NHPARM =       0 NPARM  =       0 NNB   =  148544 NRES   =   16222
 NBONA  =   19358 NTHETA =    4884 NPHIA =   15277 NUMBND =     116
 NUMANG =     267 NPTRA  =     252 NATYP =      63 NPHB   =       0
 IFBOX  =       1 NMXRS  =      96 IFCAP =       0 NEXTRA =   15789
 NCOPY  =       0


| Coordinate Index Table dimensions:    15   17   14
| Direct force subcell size =     5.8629    5.5424    5.7424

     BOX TYPE: RECTILINEAR

--------------------------------------------------------------------------------
   2.  CONTROL  DATA  FOR  THE  RUN
--------------------------------------------------------------------------------

default_name                                                                    

General flags:
     imin    =       1, nmropt  =       0

Nature and format of input:
     ntx     =       1, irest   =       0, ntrx    =       1

Nature and format of output:
     ntxo    =       2, ntpr    =     500, ntrx    =       1, ntwr    =     500
     iwrap   =       1, ntwx    =   10000, ntwv    =       0, ntwe    =       0
     ioutfm  =       1, ntwprt  =       0, idecomp =       0, rbornstat=      0

Potential function:
     ntf     =       1, ntb     =       1, igb     =       0, nsnb    =      25
     ipol    =       0, gbsa    =       0, iesp    =       0
     dielc   =   1.00000, cut     =  10.00000, intdiel =   1.00000

Frozen or restrained atoms:
     ibelly  =       0, ntr     =       1
     restraint_wt = 200.00000

Energy minimization:
     maxcyc  =   20000, ncyc    =   10000, ntmin   =       1
     dx0     =   0.01000, drms    =   0.00010

| Intermolecular bonds treatment:
|     no_intermolecular_bonds =       1

| Energy averages sample interval:
|     ene_avg_sampling =       1

Extra-points options:
     frameon =       1, chngmask=       1

Ewald parameters:
     verbose =       0, ew_type =       0, nbflag  =       1, use_pme =       1
     vdwmeth =       1, eedmeth =       1, netfrc  =       0
     Box X =   87.944   Box Y =   94.221   Box Z =   80.394
     Alpha =   90.000   Beta  =   90.000   Gamma =   90.000
     NFFT1 =   48       NFFT2 =   48       NFFT3 =   48
     Cutoff=   10.000   Tol   =0.100E-04
     Ewald Coefficient =  0.27511
     Interpolation order =    4

    LOADING THE CONSTRAINED ATOMS AS GROUPS


   5.  REFERENCE ATOM COORDINATES

  default_name                                                                    
     Mask :1-433 & !@H=; matches  3465 atoms
|      EXTRA_PTS, trim_bonds: num bonds BEFORE trim = 50760     0
|      EXTRA_PTS, trim_bonds: num bonds AFTER  trim = 50760     0
|      EXTRA_PTS, trim_bonds: num bonds BEFORE trim = 19358     0
|      EXTRA_PTS, trim_bonds: num bonds AFTER  trim =  3569     0
|      EXTRA_PTS, trim_theta: num angle BEFORE trim =  7724     0
|      EXTRA_PTS, trim_theta: num angle AFTER  trim =  7724     0
|      EXTRA_PTS, trim_theta: num angle BEFORE trim =  4884     0
|      EXTRA_PTS, trim_theta: num angle AFTER  trim =  4884     0
|      EXTRA_PTS, trim_phi:  num diheds BEFORE trim = 15657     0
|      EXTRA_PTS, trim_phi:  num diheds AFTER  trim = 15657     0
|      EXTRA_PTS, trim_phi:  num diheds BEFORE trim = 15277     0
|      EXTRA_PTS, trim_phi:  num diheds AFTER  trim = 15277     0

--------------------------------------------------------------------------------
   3.  ATOMIC COORDINATES AND VELOCITIES
--------------------------------------------------------------------------------

default_name                                                                    
 begin time read from input coords =     0.000 ps

 
 Number of triangulated 3-point waters found:    15789

     Sum of charges from parm topology file =  -7.99991354
     Assuming uniform neutralizing plasma

| Dynamic Memory, Types Used:
| Reals             2095733
| Integers          5051108

| Nonbonded Pairs Initial Allocation:    21177484

| GPU memory information (estimate):
| KB of GPU memory in use:    243545
| KB of CPU memory in use:     95369

--------------------------------------------------------------------------------
   4.  RESULTS
--------------------------------------------------------------------------------



   NSTEP       ENERGY          RMS            GMAX         NAME    NUMBER
      1      -2.8099E+05     2.1242E+00     2.0049E+02     F1       6857

 BOND    =    57807.1748  ANGLE   =     2259.6512  DIHED      =     2272.1638
 UB      =        0.0000  IMP     =        0.0000  CMAP       =      315.4393
 VDWAALS =    70391.1789  EEL     =  -431869.4054  HBOND      =        0.0000
 1-4 VDW =     1408.2850  1-4 EEL =    16424.1232  RESTRAINT  =        0.0000


   NSTEP       ENERGY          RMS            GMAX         NAME    NUMBER
    500      -2.8264E+05     3.2632E-02     4.0901E+00     CG        125

 BOND    =    57643.6130  ANGLE   =     1410.6956  DIHED      =     2015.7443
 UB      =        0.0000  IMP     =        0.0000  CMAP       =      311.1754
 VDWAALS =    70204.8692  EEL     =  -432189.0909  HBOND      =        0.0000
 1-4 VDW =     1347.8810  1-4 EEL =    16400.1118  RESTRAINT  =      210.4920
 EAMBER  =  -282855.0006


   NSTEP       ENERGY          RMS            GMAX         NAME    NUMBER
   1000      -2.8270E+05     2.4659E-02     1.3676E+00     HG       1940

 BOND    =    57668.8281  ANGLE   =     1410.2625  DIHED      =     2013.3786
 UB      =        0.0000  IMP     =        0.0000  CMAP       =      311.1231
 VDWAALS =    70254.1277  EEL     =  -432309.1097  HBOND      =        0.0000
 1-4 VDW =     1347.4127  1-4 EEL =    16398.1141  RESTRAINT  =      210.8418
 EAMBER  =  -282905.8629


   NSTEP       ENERGY          RMS            GMAX         NAME    NUMBER
   1500      -2.8274E+05     2.9659E-02     2.8520E+00     O       51423

 BOND    =    57694.5561  ANGLE   =     1410.3745  DIHED      =     2013.9571
 UB      =        0.0000  IMP     =        0.0000  CMAP       =      311.1133
 VDWAALS =    70302.8115  EEL     =  -432428.4058  HBOND      =        0.0000
 1-4 VDW =     1347.3645  1-4 EEL =    16397.7403  RESTRAINT  =      211.0177
 EAMBER  =  -282950.4885


   NSTEP       ENERGY          RMS            GMAX         NAME    NUMBER
   2000      -2.8279E+05     3.0811E-02     2.9040E+00     C        6635

 BOND    =    57724.2275  ANGLE   =     1410.4582  DIHED      =     2014.6506
 UB      =        0.0000  IMP     =        0.0000  CMAP       =      311.1176
 VDWAALS =    70364.2841  EEL     =  -432574.2959  HBOND      =        0.0000
 1-4 VDW =     1347.3631  1-4 EEL =    16396.8287  RESTRAINT  =      211.2460
 EAMBER  =  -283005.3660


   NSTEP       ENERGY          RMS            GMAX         NAME    NUMBER
   2500      -2.8284E+05     7.1016E-02     1.0704E+01     CG       4400

 BOND    =    57757.8391  ANGLE   =     1410.4375  DIHED      =     2013.8396
 UB      =        0.0000  IMP     =        0.0000  CMAP       =      311.1265
 VDWAALS =    70434.7842  EEL     =  -432724.5942  HBOND      =        0.0000
 1-4 VDW =     1347.4528  1-4 EEL =    16396.0094  RESTRAINT  =      211.3790
 EAMBER  =  -283053.1050


   NSTEP       ENERGY          RMS            GMAX         NAME    NUMBER
   3000      -2.8288E+05     7.1050E-02     4.1756E+00     CG        125

 BOND    =    57791.3217  ANGLE   =     1410.5336  DIHED      =     2013.4773
 UB      =        0.0000  IMP     =        0.0000  CMAP       =      311.1275
 VDWAALS =    70505.2277  EEL     =  -432866.9826  HBOND      =        0.0000
 1-4 VDW =     1347.4975  1-4 EEL =    16395.6724  RESTRAINT  =      211.3886
 EAMBER  =  -283092.1249


   NSTEP       ENERGY          RMS            GMAX         NAME    NUMBER
   3500      -2.8292E+05     8.7433E-02     2.2261E+01     CG        125

 BOND    =    57824.0387  ANGLE   =     1410.6287  DIHED      =     2013.3858
 UB      =        0.0000  IMP     =        0.0000  CMAP       =      311.1253
 VDWAALS =    70578.2531  EEL     =  -433007.9720  HBOND      =        0.0000
 1-4 VDW =     1347.5264  1-4 EEL =    16395.5740  RESTRAINT  =      211.4484
 EAMBER  =  -283127.4399


   NSTEP       ENERGY          RMS            GMAX         NAME    NUMBER
   4000      -2.8295E+05     2.2776E-02     1.7353E+00     H2      26921

 BOND    =    57851.9852  ANGLE   =     1410.7413  DIHED      =     2013.3998
 UB      =        0.0000  IMP     =        0.0000  CMAP       =      311.1233
 VDWAALS =    70644.3167  EEL     =  -433136.0574  HBOND      =        0.0000
 1-4 VDW =     1347.5576  1-4 EEL =    16395.5078  RESTRAINT  =      211.4967
 EAMBER  =  -283161.4257


   NSTEP       ENERGY          RMS            GMAX         NAME    NUMBER
   4500      -2.8298E+05     2.6832E-02     4.1764E+00     CG        125

 BOND    =    57877.7141  ANGLE   =     1410.8119  DIHED      =     2013.4308
 UB      =        0.0000  IMP     =        0.0000  CMAP       =      311.1206
 VDWAALS =    70699.2327  EEL     =  -433245.2057  HBOND      =        0.0000
 1-4 VDW =     1347.5812  1-4 EEL =    16395.3860  RESTRAINT  =      211.5253
 EAMBER  =  -283189.9284


   NSTEP       ENERGY          RMS            GMAX         NAME    NUMBER
   5000      -2.8301E+05     5.2724E-02     1.3495E+01     CG        125

 BOND    =    57902.5104  ANGLE   =     1410.9025  DIHED      =     2013.5082
 UB      =        0.0000  IMP     =        0.0000  CMAP       =      311.1161
 VDWAALS =    70749.6609  EEL     =  -433349.0556  HBOND      =        0.0000
 1-4 VDW =     1347.5909  1-4 EEL =    16395.2435  RESTRAINT  =      211.5178
 EAMBER  =  -283218.5231


   NSTEP       ENERGY          RMS            GMAX         NAME    NUMBER
   5500      -2.8303E+05     5.4120E-02     7.9551E+00     C        2367

 BOND    =    57925.3877  ANGLE   =     1410.9625  DIHED      =     2013.5830
 UB      =        0.0000  IMP     =        0.0000  CMAP       =      311.1133
 VDWAALS =    70801.6846  EEL     =  -433450.1687  HBOND      =        0.0000
 1-4 VDW =     1347.6127  1-4 EEL =    16395.2154  RESTRAINT  =      211.5246
 EAMBER  =  -283244.6094


   NSTEP       ENERGY          RMS            GMAX         NAME    NUMBER
   6000      -2.8306E+05     3.1644E-02     1.5350E+00     H2      39657

 BOND    =    57951.7321  ANGLE   =     1410.9892  DIHED      =     2013.6846
 UB      =        0.0000  IMP     =        0.0000  CMAP       =      311.1105
 VDWAALS =    70861.1437  EEL     =  -433565.9701  HBOND      =        0.0000
 1-4 VDW =     1347.6399  1-4 EEL =    16395.1575  RESTRAINT  =      211.5015
 EAMBER  =  -283274.5126


   NSTEP       ENERGY          RMS            GMAX         NAME    NUMBER
   6500      -2.8309E+05     6.8158E-02     1.9517E+01     CG       1910

 BOND    =    57974.4837  ANGLE   =     1411.0616  DIHED      =     2013.7643
 UB      =        0.0000  IMP     =        0.0000  CMAP       =      311.1099
 VDWAALS =    70904.2697  EEL     =  -433659.8197  HBOND      =        0.0000
 1-4 VDW =     1347.6571  1-4 EEL =    16395.1658  RESTRAINT  =      211.5049
 EAMBER  =  -283302.3075


   NSTEP       ENERGY          RMS            GMAX         NAME    NUMBER
   7000      -2.8311E+05     1.8440E-02     9.5580E-01     H2      64037

 BOND    =    57988.0457  ANGLE   =     1410.9831  DIHED      =     2013.7779
 UB      =        0.0000  IMP     =        0.0000  CMAP       =      311.1085
 VDWAALS =    70932.0876  EEL     =  -433718.3509  HBOND      =        0.0000
 1-4 VDW =     1347.6887  1-4 EEL =    16395.1765  RESTRAINT  =      211.4904
 EAMBER  =  -283319.4828


   NSTEP       ENERGY          RMS            GMAX         NAME    NUMBER
   7500      -2.8311E+05     1.8438E-02     9.5467E-01     H2      64037

 BOND    =    57988.0647  ANGLE   =     1410.9831  DIHED      =     2013.7781
 UB      =        0.0000  IMP     =        0.0000  CMAP       =      311.1086
 VDWAALS =    70932.1274  EEL     =  -433718.4352  HBOND      =        0.0000
 1-4 VDW =     1347.6887  1-4 EEL =    16395.1766  RESTRAINT  =      211.4904
 EAMBER  =  -283319.5080


   NSTEP       ENERGY          RMS            GMAX         NAME    NUMBER
   8000      -2.8311E+05     1.8437E-02     9.5223E-01     H2      64037

 BOND    =    57988.0856  ANGLE   =     1410.9832  DIHED      =     2013.7781
 UB      =        0.0000  IMP     =        0.0000  CMAP       =      311.1086
 VDWAALS =    70932.1712  EEL     =  -433718.5109  HBOND      =        0.0000
 1-4 VDW =     1347.6888  1-4 EEL =    16395.1766  RESTRAINT  =      211.4904
 EAMBER  =  -283319.5189


   NSTEP       ENERGY          RMS            GMAX         NAME    NUMBER
   8500      -2.8311E+05     1.8436E-02     9.5133E-01     H2      64037

 BOND    =    57988.1054  ANGLE   =     1410.9832  DIHED      =     2013.7781
 UB      =        0.0000  IMP     =        0.0000  CMAP       =      311.1086
 VDWAALS =    70932.2142  EEL     =  -433718.5825  HBOND      =        0.0000
 1-4 VDW =     1347.6888  1-4 EEL =    16395.1767  RESTRAINT  =      211.4904
 EAMBER  =  -283319.5277


   NSTEP       ENERGY          RMS            GMAX         NAME    NUMBER
   9000      -2.8311E+05     1.8435E-02     9.5038E-01     H2      64037

 BOND    =    57988.1230  ANGLE   =     1410.9832  DIHED      =     2013.7781
 UB      =        0.0000  IMP     =        0.0000  CMAP       =      311.1085
 VDWAALS =    70932.2534  EEL     =  -433718.6969  HBOND      =        0.0000
 1-4 VDW =     1347.6888  1-4 EEL =    16395.1767  RESTRAINT  =      211.4904
 EAMBER  =  -283319.5852


   NSTEP       ENERGY          RMS            GMAX         NAME    NUMBER
   9500      -2.8311E+05     1.8434E-02     9.4931E-01     H2      64037

 BOND    =    57988.1426  ANGLE   =     1410.9832  DIHED      =     2013.7782
 UB      =        0.0000  IMP     =        0.0000  CMAP       =      311.1085
 VDWAALS =    70932.2937  EEL     =  -433718.7370  HBOND      =        0.0000
 1-4 VDW =     1347.6888  1-4 EEL =    16395.1768  RESTRAINT  =      211.4904
 EAMBER  =  -283319.5653


   NSTEP       ENERGY          RMS            GMAX         NAME    NUMBER
  10000      -2.8311E+05     1.8434E-02     9.4814E-01     H2      64037

 BOND    =    57988.1619  ANGLE   =     1410.9832  DIHED      =     2013.7781
 UB      =        0.0000  IMP     =        0.0000  CMAP       =      311.1085
 VDWAALS =    70932.3349  EEL     =  -433718.8116  HBOND      =        0.0000
 1-4 VDW =     1347.6888  1-4 EEL =    16395.1768  RESTRAINT  =      211.4904
 EAMBER  =  -283319.5793

     .... RESTARTED DUE TO LINMIN FAILURE ...


   NSTEP       ENERGY          RMS            GMAX         NAME    NUMBER
  10500      -2.8327E+05     8.3471E-02     8.7977E+00     O        6675

 BOND    =    58125.3189  ANGLE   =     1411.1780  DIHED      =     2014.0818
 UB      =        0.0000  IMP     =        0.0000  CMAP       =      311.1109
 VDWAALS =    71211.4313  EEL     =  -434302.2886  HBOND      =        0.0000
 1-4 VDW =     1347.8128  1-4 EEL =    16395.3915  RESTRAINT  =      211.7467
 EAMBER  =  -283485.9634

     .... RESTARTED DUE TO LINMIN FAILURE ...


   NSTEP       ENERGY          RMS            GMAX         NAME    NUMBER
  11000      -2.8339E+05     1.7836E-01     1.2339E+01     O        6656

 BOND    =    58192.7218  ANGLE   =     1411.8296  DIHED      =     2015.5098
 UB      =        0.0000  IMP     =        0.0000  CMAP       =      311.1095
 VDWAALS =    71369.0955  EEL     =  -434644.4927  HBOND      =        0.0000
 1-4 VDW =     1347.8360  1-4 EEL =    16395.5439  RESTRAINT  =      212.8477
 EAMBER  =  -283600.8467

     .... RESTARTED DUE TO LINMIN FAILURE ...


   NSTEP       ENERGY          RMS            GMAX         NAME    NUMBER
  11500      -2.8355E+05     6.7712E-02     3.6839E+00     CA       6678

 BOND    =    58280.9339  ANGLE   =     1411.6464  DIHED      =     2012.1004
 UB      =        0.0000  IMP     =        0.0000  CMAP       =      311.0734
 VDWAALS =    71548.2137  EEL     =  -435069.7233  HBOND      =        0.0000
 1-4 VDW =     1347.9206  1-4 EEL =    16394.6334  RESTRAINT  =      212.4080
 EAMBER  =  -283763.2015

     .... RESTARTED DUE TO LINMIN FAILURE ...

     .... RESTARTED DUE TO LINMIN FAILURE ...


                    FINAL RESULTS



   NSTEP       ENERGY          RMS            GMAX         NAME    NUMBER
  11771      -2.8361E+05     4.8915E-02     6.2350E+00     CG       1910

 BOND    =    58332.8483  ANGLE   =     1411.7023  DIHED      =     2012.0102
 UB      =        0.0000  IMP     =        0.0000  CMAP       =      311.0547
 VDWAALS =    71650.8787  EEL     =  -435283.5200  HBOND      =        0.0000
 1-4 VDW =     1347.9909  1-4 EEL =    16394.4356  RESTRAINT  =      212.5067
 EAMBER  =  -283822.5993

     ***** REPEATED LINMIN FAILURE *****
--------------------------------------------------------------------------------
   5.  TIMINGS
--------------------------------------------------------------------------------

|  NonSetup CPU Time in Major Routines:
|
|     Routine           Sec        %
|     ------------------------------
|     Nonbond          17.13   38.08
|     Bond              0.00    0.00
|     Angle             0.00    0.00
|     Dihedral          0.00    0.00
|     Shake             0.00    0.00
|     Other            27.85   61.92
|     ------------------------------
|     Total            44.98

|  PME Nonbond Pairlist CPU Time:
|
|     Routine              Sec        %
|     ---------------------------------
|     Set Up Cit           0.00    0.00
|     Build List           0.00    0.00
|     ---------------------------------
|     Total                0.00    0.00

|  PME Direct Force CPU Time:
|
|     Routine              Sec        %
|     ---------------------------------
|     NonBonded Calc       0.00    0.00
|     Exclude Masked       0.00    0.00
|     Other                0.02    0.04
|     ---------------------------------
|     Total                0.02    0.04

|  PME Reciprocal Force CPU Time:
|
|     Routine              Sec        %
|     ---------------------------------
|     1D bspline           0.00    0.00
|     Grid Charges         0.00    0.00
|     Scalar Sum           0.00    0.00
|     Gradient Sum         0.00    0.00
|     FFT                  0.00    0.00
|     ---------------------------------
|     Total                0.00    0.00

|  Setup CPU time:            0.91 seconds
|  NonSetup CPU time:        44.98 seconds
|  Total CPU time:           45.89 seconds     0.01 hours

|  Setup wall time:           1    seconds
|  NonSetup wall time:       45    seconds
|  Total wall time:          46    seconds     0.01 hours
