            --------------------------------------------------------
                             AMBER SQM VERSION 19
 
                                     By
              Ross C. Walker, Michael F. Crowley, Scott Brozell,
                         Tim Giese, Andreas W. Goetz,
                        Tai-Sung Lee and David A. Case
 
            --------------------------------------------------------
 

--------------------------------------------------------------------------------
  QM CALCULATION INFO
--------------------------------------------------------------------------------

| QMMM: Citation for AMBER QMMM Run:
| QMMM: R.C. Walker, M.F. Crowley and D.A. Case, J. COMP. CHEM. 29:1019, 2008

QMMM: SINGLET STATE CALCULATION
QMMM: RHF CALCULATION, NO. OF DOUBLY OCCUPIED LEVELS =113

| QMMM: *** Selected Hamiltonian *** 
| QMMM: AM1         

| QMMM: *** Parameter sets in use ***
| QMMM: C : M.J.S.DEWAR et al. JACS, 107, 3902, (1985)
| QMMM: O : M.J.S.DEWAR et al. JACS, 107, 3902, (1985)
| QMMM: H : M.J.S.DEWAR et al. JACS, 107, 3902, (1985)

| QMMM: *** SCF convergence criteria ***
| QMMM: Energy change                :  0.1D-09 kcal/mol
| QMMM: Error matrix |FP-PF|         :  0.1D+00 au
| QMMM: Density matrix change        :  0.5D-06
| QMMM: Maximum number of SCF cycles :     1000

| QMMM: *** Diagonalization Routine Information ***
| QMMM: Pseudo diagonalizations are allowed.
| QMMM: Auto diagonalization routine selection is in use.
| QMMM:
| QMMM: Timing diagonalization routines:
| QMMM:                              norbs =      204
| QMMM:    diag iterations used for timing =        4
| QMMM:
| QMMM:              Internal diag routine = 0.059313 seconds
| QMMM:                 Dspev diag routine = 0.065065 seconds
| QMMM:                Dspevd diag routine = 0.049151 seconds
| QMMM:                Dspevx diag routine = 0.182066 seconds
| QMMM:                 Dsyev diag routine = 0.070541 seconds
| QMMM:                Dsyevd diag routine = 0.052496 seconds
| QMMM:                Dsyevr diag routine = 0.050425 seconds
| QMMM:
| QMMM:                Pseudo diag routine = 0.028910 seconds
| QMMM:
| QMMM: Using dspevd routine (diag_routine=3).

  QMMM: QM Region Cartesian Coordinates (*=link atom) 
  QMMM: QM_NO.   MM_NO.  ATOM         X         Y         Z
  QMMM:     1        1      C       42.0070   45.2340   39.5840
  QMMM:     2        2      O       41.6330   46.2840   40.0460
  QMMM:     3        3      C       43.4560   44.8300   39.6590
  QMMM:     4        4      C       43.8490   43.4940   39.6550
  QMMM:     5        5      H       43.0730   42.7840   39.9220
  QMMM:     6        6      C       45.1590   43.0690   39.7470
  QMMM:     7        7      H       45.3800   42.0200   39.9210
  QMMM:     8        8      C       46.1320   44.0430   39.8420
  QMMM:     9        9      H       47.1810   43.7640   39.8930
  QMMM:    10       10      C       45.8360   45.4310   39.7660
  QMMM:    11       11      H       46.6470   46.1520   39.7210
  QMMM:    12       12      C       44.4990   45.8480   39.6430
  QMMM:    13       13      H       44.3040   46.9170   39.6580
  QMMM:    14       14      O       40.2680   45.1070   38.5480
  QMMM:    15       15      C       39.9910   46.3300   37.9550
  QMMM:    16       16      H       40.9820   46.6810   37.6420
  QMMM:    17       17      C       39.0610   46.2370   36.7050
  QMMM:    18       18      H       38.1400   46.7550   36.9990
  QMMM:    19       19      C       38.4380   44.8390   36.4880
  QMMM:    20       20      O       37.5630   44.4880   37.5330
  QMMM:    21       21      C       36.2590   44.9750   37.5480
  QMMM:    22       22      O       35.7160   45.7340   36.7830
  QMMM:    23       23      C       35.5030   44.3100   38.6720
  QMMM:    24       24      H       35.9300   44.5270   39.6590
  QMMM:    25       25      H       34.4700   44.6760   38.7140
  QMMM:    26       26      H       35.4210   43.2270   38.5180
  QMMM:    27       27      C       39.3850   43.6270   36.1720
  QMMM:    28       28      O       38.6520   43.4560   34.8770
  QMMM:    29       29      H       40.4620   43.7660   36.0140
  QMMM:    30       30      H       39.3050   42.8310   36.9240
  QMMM:    31       31      C       37.7460   44.5750   35.0740
  QMMM:    32       32      H       36.7150   44.2040   35.1360
  QMMM:    33       33      C       37.9890   45.5570   33.8740
  QMMM:    34       34      H       37.0690   45.6850   33.2900
  QMMM:    35       35      H       38.7570   45.1110   33.2300
  QMMM:    36       36      C       38.4490   46.9320   34.3540
  QMMM:    37       37      O       38.9160   47.7100   33.2600
  QMMM:    38       38      H       38.1190   48.0450   32.8140
  QMMM:    39       39      H       37.5700   47.4660   34.7340
  QMMM:    40       40      C       39.5530   46.9500   35.4380
  QMMM:    41       41      C       40.8760   46.2690   34.9210
  QMMM:    42       42      H       40.8350   45.1790   34.8030
  QMMM:    43       43      H       41.0840   46.7030   33.9350
  QMMM:    44       44      H       41.7670   46.3870   35.5510
  QMMM:    45       45      C       39.8730   48.4190   35.7100
  QMMM:    46       46      O       41.0020   48.8030   35.4770
  QMMM:    47       47      C       38.8680   49.3960   36.2650
  QMMM:    48       48      O       39.0830   50.8240   36.1790
  QMMM:    49       49      C       39.3860   51.3330   34.9440
  QMMM:    50       50      O       39.1860   50.7080   33.8830
  QMMM:    51       51      C       39.7250   52.7530   35.0170
  QMMM:    52       52      H       39.3330   53.1550   34.0740
  QMMM:    53       53      H       39.2040   53.2390   35.8510
  QMMM:    54       54      H       40.8180   52.8150   35.0960
  QMMM:    55       55      H       37.8850   49.1940   35.8210
  QMMM:    56       56      C       38.5490   49.1060   37.7490
  QMMM:    57       57      C       39.6580   48.9000   38.7810
  QMMM:    58       58      C       39.4000   49.8710   39.9660
  QMMM:    59       59      H       39.9990   49.6770   40.8660
  QMMM:    60       60      H       39.6480   50.8970   39.6690
  QMMM:    61       61      H       38.3690   49.9480   40.3310
  QMMM:    62       62      C       41.0970   49.3230   38.3940
  QMMM:    63       63      H       41.6050   48.5930   37.7530
  QMMM:    64       64      H       40.9530   50.2920   37.8990
  QMMM:    65       65      H       41.7990   49.4690   39.2240
  QMMM:    66       66      C       39.5950   47.3700   39.0900
  QMMM:    67       67      O       40.4760   47.1120   40.1620
  QMMM:    68       68      H       40.3040   46.1770   40.3680
  QMMM:    69       69      C       38.1950   47.0590   39.7860
  QMMM:    70       70      H       38.0970   45.9660   39.7970
  QMMM:    71       71      H       38.0780   47.4990   40.7830
  QMMM:    72       72      C       36.9670   47.7120   39.1020
  QMMM:    73       73      O       35.8360   47.3540   39.4700
  QMMM:    74       74      C       37.1980   48.7540   38.1460
  QMMM:    75       75      C       35.9410   49.0960   37.3640
  QMMM:    76       76      H       35.0160   48.8140   37.8810
  QMMM:    77       77      H       35.8800   50.1880   37.2940
  QMMM:    78       78      H       35.9020   48.7120   36.3370

--------------------------------------------------------------------------------
  RESULTS
--------------------------------------------------------------------------------

      iter         sqm energy              rms gradient
      ----    -------------------    -----------------------
xmin    10     -336.9408 kcal/mol        3.1043 kcal/(mol*A)
xmin    20     -362.5112 kcal/mol        0.8516 kcal/(mol*A)
xmin    30     -366.9392 kcal/mol        0.2679 kcal/(mol*A)
xmin    40     -367.4485 kcal/mol        0.0800 kcal/(mol*A)
xmin    50     -367.4781 kcal/mol        0.0456 kcal/(mol*A)
xmin    60     -367.5113 kcal/mol        0.0834 kcal/(mol*A)
xmin    70     -367.5449 kcal/mol        0.0375 kcal/(mol*A)
xmin    80     -367.5467 kcal/mol        0.0170 kcal/(mol*A)
xmin    90     -367.5475 kcal/mol        0.0019 kcal/(mol*A)
  ... geometry converged !
 
 Final MO eigenvalues (eV):
 -43.4254  -41.9734  -41.5804  -41.0251  -40.4669  -39.7202  -39.6941  -39.0054
 -38.3180  -37.7725  -37.3516  -37.0673  -36.7181  -35.6470  -34.3222  -33.0963
 -32.5650  -32.4225  -32.1597  -32.0841  -31.7162  -30.4707  -30.1527  -29.2586
 -27.6825  -27.5278  -26.6949  -26.4348  -25.8346  -24.9290  -24.2750  -23.8924
 -23.2963  -22.7089  -22.5954  -22.0172  -21.8397  -21.1713  -20.6453  -19.5713
 -19.3077  -19.1236  -19.0146  -18.8536  -18.6343  -18.3698  -18.0559  -17.9413
 -17.8335  -17.3699  -17.2954  -17.1140  -17.0301  -16.8911  -16.6395  -16.4950
 -16.3892  -16.2540  -16.0990  -15.9874  -15.9395  -15.8795  -15.6411  -15.5927
 -15.4324  -15.0467  -15.0214  -14.8182  -14.7984  -14.6059  -14.4923  -14.4650
 -14.3149  -14.1774  -14.1265  -14.0811  -14.0280  -13.9705  -13.9061  -13.7709
 -13.7116  -13.5603  -13.5306  -13.4188  -13.1284  -13.1111  -13.0959  -13.0224
 -13.0088  -12.8930  -12.8228  -12.7343  -12.6184  -12.5212  -12.4749  -12.2806
 -12.1878  -12.1318  -12.0807  -11.9934  -11.8233  -11.7737  -11.7086  -11.5792
 -11.4247  -11.2059  -10.9510  -10.8916  -10.7653  -10.5522  -10.4010  -10.3101
  -9.9989   -0.7117   -0.6130   -0.0726    0.3961    0.5985    0.8083    1.0271
   1.0857    1.2486    1.3897    1.5977    2.1184    2.2500    2.3584    2.3616
   2.5449    2.6735    2.7696    2.8329    2.9597    2.9888    3.0492    3.1028
   3.1941    3.2222    3.2438    3.3163    3.3601    3.4138    3.4262    3.4559
   3.4759    3.5200    3.5467    3.5845    3.6373    3.6741    3.7103    3.7140
   3.7982    3.8231    3.8481    3.8518    3.8786    3.9112    3.9379    3.9872
   4.0129    4.0594    4.0764    4.0904    4.1730    4.2003    4.2435    4.2534
   4.2817    4.3342    4.3431    4.3749    4.3889    4.4574    4.5049    4.5390
   4.5906    4.6668    4.6746    4.7127    4.7529    4.7544    4.8009    4.8128
   4.8569    4.8811    4.9051    4.9938    5.0106    5.0256    5.0664    5.0761
   5.0871    5.1147    5.1921    5.2423    5.3833    5.8728    5.9491    6.0925
   6.2752    6.3274    6.3563    6.5574

 Heat of formation   =       -367.54751683 kcal/mol  (      -15.93805632 eV)

 Total SCF energy    =    -184212.63175290 kcal/mol  (    -7988.05913676 eV)
 Electronic energy   =   -2019777.25452793 kcal/mol  (   -87584.11406825 eV)
 Core-core repulsion =    1835564.62277503 kcal/mol  (    79596.05493149 eV)
 
    Atomic Charges for Step       1 :
  Atom    Element       Mulliken Charge
     1      C                  0.346
     2      O                 -0.335
     3      C                 -0.125
     4      C                 -0.076
     5      H                  0.158
     6      C                 -0.146
     7      H                  0.141
     8      C                 -0.092
     9      H                  0.139
    10      C                 -0.144
    11      H                  0.143
    12      C                 -0.069
    13      H                  0.159
    14      O                 -0.290
    15      C                  0.008
    16      H                  0.151
    17      C                 -0.103
    18      H                  0.120
    19      C                  0.056
    20      O                 -0.272
    21      C                  0.307
    22      O                 -0.361
    23      C                 -0.225
    24      H                  0.113
    25      H                  0.131
    26      H                  0.123
    27      C                 -0.026
    28      O                 -0.273
    29      H                  0.115
    30      H                  0.112
    31      C                  0.018
    32      H                  0.121
    33      C                 -0.160
    34      H                  0.110
    35      H                  0.129
    36      C                  0.044
    37      O                 -0.320
    38      H                  0.222
    39      H                  0.088
    40      C                 -0.104
    41      C                 -0.219
    42      H                  0.096
    43      H                  0.112
    44      H                  0.094
    45      C                  0.208
    46      O                 -0.258
    47      C                  0.026
    48      O                 -0.254
    49      C                  0.322
    50      O                 -0.370
    51      C                 -0.216
    52      H                  0.119
    53      H                  0.116
    54      H                  0.128
    55      H                  0.135
    56      C                 -0.058
    57      C                 -0.003
    58      C                 -0.203
    59      H                  0.101
    60      H                  0.088
    61      H                  0.076
    62      C                 -0.215
    63      H                  0.085
    64      H                  0.101
    65      H                  0.099
    66      C                  0.096
    67      O                 -0.315
    68      H                  0.210
    69      C                 -0.249
    70      H                  0.130
    71      H                  0.131
    72      C                  0.266
    73      O                 -0.289
    74      C                 -0.140
    75      C                 -0.199
    76      H                  0.112
    77      H                  0.091
    78      H                  0.112
 Total Mulliken Charge =       0.000
 
                  X        Y        Z     TOTAL  
  QM DIPOLE    -0.085   -2.062    4.749    5.178
 
 Final Structure

  QMMM: QM Region Cartesian Coordinates (*=link atom) 
  QMMM: QM_NO.   MM_NO.  ATOM         X         Y         Z
  QMMM:     1        1      C       42.4357   45.6227   38.4552
  QMMM:     2        2      O       43.1508   46.4060   37.8281
  QMMM:     3        3      C       42.8418   44.4291   39.2119
  QMMM:     4        4      C       41.9051   43.4658   39.6069
  QMMM:     5        5      H       40.8417   43.6007   39.3460
  QMMM:     6        6      C       42.3276   42.3442   40.3180
  QMMM:     7        7      H       41.5946   41.5849   40.6283
  QMMM:     8        8      C       43.6774   42.1826   40.6342
  QMMM:     9        9      H       44.0070   41.2956   41.1966
  QMMM:    10       10      C       44.6106   43.1410   40.2368
  QMMM:    11       11      H       45.6749   43.0104   40.4837
  QMMM:    12       12      C       44.1985   44.2649   39.5234
  QMMM:    13       13      H       44.9266   45.0256   39.1974
  QMMM:    14       14      O       41.0766   45.8428   38.4807
  QMMM:    15       15      C       40.5527   47.0340   37.8609
  QMMM:    16       16      H       41.4053   47.6441   37.4475
  QMMM:    17       17      C       39.5886   46.6466   36.7220
  QMMM:    18       18      H       38.5399   46.8941   37.0668
  QMMM:    19       19      C       39.5262   45.1453   36.4503
  QMMM:    20       20      O       38.8054   44.4908   37.5025
  QMMM:    21       21      C       37.4391   44.5754   37.5503
  QMMM:    22       22      O       36.8429   45.1990   36.6697
  QMMM:    23       23      C       36.8663   43.8774   38.7354
  QMMM:    24       24      H       37.6214   43.2068   39.2108
  QMMM:    25       25      H       36.5392   44.6518   39.4764
  QMMM:    26       26      H       35.9787   43.2797   38.4140
  QMMM:    27       27      C       40.8242   44.3039   36.2229
  QMMM:    28       28      O       40.3632   43.8886   34.9124
  QMMM:    29       29      H       41.7645   44.8919   36.1474
  QMMM:    30       30      H       40.9259   43.4284   36.9012
  QMMM:    31       31      C       39.1054   44.6282   35.0272
  QMMM:    32       32      H       38.2608   43.8981   35.0773
  QMMM:    33       33      C       38.9379   45.6122   33.9030
  QMMM:    34       34      H       38.0460   45.3292   33.2827
  QMMM:    35       35      H       39.8321   45.5790   33.2232
  QMMM:    36       36      C       38.7286   47.0350   34.4054
  QMMM:    37       37      O       38.7612   47.8501   33.2457
  QMMM:    38       38      H       38.4503   48.7332   33.4936
  QMMM:    39       39      H       37.7202   47.1107   34.9078
  QMMM:    40       40      C       39.8195   47.4605   35.4328
  QMMM:    41       41      C       41.2023   47.2396   34.8318
  QMMM:    42       42      H       41.3710   46.1611   34.6034
  QMMM:    43       43      H       41.2777   47.8163   33.8753
  QMMM:    44       44      H       42.0022   47.5961   35.5245
  QMMM:    45       45      C       39.6451   48.9697   35.6272
  QMMM:    46       46      O       40.4320   49.7676   35.1109
  QMMM:    47       47      C       38.3979   49.5180   36.3249
  QMMM:    48       48      O       38.4054   50.9535   36.2648
  QMMM:    49       49      C       38.0525   51.5287   35.0687
  QMMM:    50       50      O       37.6953   50.7865   34.1505
  QMMM:    51       51      C       38.1596   53.0116   35.0892
  QMMM:    52       52      H       37.3061   53.4487   34.5161
  QMMM:    53       53      H       38.1526   53.3981   36.1368
  QMMM:    54       54      H       39.1221   53.3023   34.5979
  QMMM:    55       55      H       37.5012   49.1349   35.7481
  QMMM:    56       56      C       38.3209   49.1048   37.7590
  QMMM:    57       57      C       39.5022   49.2730   38.6777
  QMMM:    58       58      C       39.0640   50.0368   39.9355
  QMMM:    59       59      H       39.9025   50.0450   40.6742
  QMMM:    60       60      H       38.8093   51.0879   39.6584
  QMMM:    61       61      H       38.1731   49.5747   40.4213
  QMMM:    62       62      C       40.6645   50.0728   38.1078
  QMMM:    63       63      H       41.2303   49.5261   37.3192
  QMMM:    64       64      H       40.2857   51.0278   37.6675
  QMMM:    65       65      H       41.3852   50.3049   38.9312
  QMMM:    66       66      C       39.9326   47.8284   39.0632
  QMMM:    67       67      O       40.9721   47.9933   40.0260
  QMMM:    68       68      H       41.2474   47.1099   40.3055
  QMMM:    69       69      C       38.7701   47.0649   39.7163
  QMMM:    70       70      H       38.7736   45.9980   39.3552
  QMMM:    71       71      H       38.9365   47.0431   40.8287
  QMMM:    72       72      C       37.3950   47.6285   39.4631
  QMMM:    73       73      O       36.4512   47.3609   40.2145
  QMMM:    74       74      C       37.2439   48.4230   38.2173
  QMMM:    75       75      C       35.9518   48.2813   37.5119
  QMMM:    76       76      H       35.1362   48.0679   38.2495
  QMMM:    77       77      H       35.6871   49.2142   36.9564
  QMMM:    78       78      H       35.9994   47.4271   36.7853

           --------- Calculation Completed ----------

