
          -------------------------------------------------------
          Amber 20 PMEMD                              2020
          -------------------------------------------------------

| PMEMD implementation of SANDER, Release 18

|  Compiled date/time: Wed Sep 22 23:21:21 2021
| Run on 12/11/2023 at 15:34:52

|   Executable path: /mnt/research/MerzGroup/Amber20Tools21/amber20/bin/pmemd.cuda
| Working directory: /mnt/gs21/scratch/lizhen6/13oxocoa
|          Hostname: lac-081

  [-O]verwriting output

File Assignments:
|   MDIN: ti2_min3.in                                                           
|  MDOUT: ti2_min3.out                                                          
| INPCRD: ti2_min2.rst                                                          
|   PARM: complex_solv.prmtop                                                   
| RESTRT: ti2_min3.rst                                                          
|   REFC: ti2_min2.rst                                                          
|  MDVEL: mdvel                                                                 
|   MDEN: mden                                                                  
|  MDCRD: ti2_min3.netcdf                                                       
| MDINFO: ti2_min3.mdinfo                                                       
|  MDFRC: mdfrc                                                                 


 Here is the input file:

min for deltaG calculation                                                     
 &cntrl                                                                        
  imin=1,                                                                      
  irest=0, ! default, no velocity from rst                                     
  ntmin=1, ! default, steep then conjugate                                     
  maxcyc=20000,                                                                
  ncyc=10000,                                                                  
  cut=10.0,                                                                    
  ntb=1,                                                                       
  ntpr=500, ! write to mdinfo file                                             
  ntwr=500, ! write to rst file                                                
  ntwx=10000, ! write to mdcrd file                                            
  ntave=500, ! calc ave every 500 steps                                        
  ioutfm=1,                                                                    
  iwrap=1,                                                                     
  ntr=1,                                                                       
  restraintmask=':1-433@C,O,CA,N',                                             
  restraint_wt=200,                                                            
/                                                                              
&ewald                                                                         
nfft1=48, nfft2=48, nfft3=48,                                                  
/                                                                              


Note: ig = -1. Setting random seed to   245993 based on wallclock time in 
      microseconds.
| irandom = 1, using AMBER's internal random number generator (default).
 
|--------------------- INFORMATION ----------------------
| GPU (CUDA) Version of PMEMD in use: NVIDIA GPU IN USE.
|                    Version 18.0.0
| 
|                      03/25/2018
| 
| Implementation by:
|                    Ross C. Walker     (SDSC)
|                    Scott Le Grand     (nVIDIA)
| 
| Version 18 performance extensions by:
|                    David Cerutti     (Rutgers)
| 
| Precision model in use:
|      [SPFP] - Single Precision Forces, 64-bit Fixed Point
|               Accumulation. (Default)
| 
|--------------------------------------------------------
 
|----------------- CITATION INFORMATION -----------------
|
|    When publishing work that utilized the CUDA version
|    of AMBER, please cite the following in addition to
|    the regular AMBER citations:
|
|  - Romelia Salomon-Ferrer; Andreas W. Goetz; Duncan
|    Poole; Scott Le Grand; Ross C. Walker "Routine
|    microsecond molecular dynamics simulations with
|    AMBER - Part II: Particle Mesh Ewald", J. Chem.
|    Theory Comput., 2013, 9 (9), pp3878-3888,
|    DOI: 10.1021/ct400314y.
|
|  - Andreas W. Goetz; Mark J. Williamson; Dong Xu;
|    Duncan Poole; Scott Le Grand; Ross C. Walker
|    "Routine microsecond molecular dynamics simulations
|    with AMBER - Part I: Generalized Born", J. Chem.
|    Theory Comput., 2012, 8 (5), pp1542-1555.
|
|  - Scott Le Grand; Andreas W. Goetz; Ross C. Walker
|    "SPFP: Speed without compromise - a mixed precision
|    model for GPU accelerated molecular dynamics
|    simulations.", Comp. Phys. Comm., 2013, 184
|    pp374-380, DOI: 10.1016/j.cpc.2012.09.022
|
|--------------------------------------------------------
 
|------------------- GPU DEVICE INFO --------------------
|
|            CUDA_VISIBLE_DEVICES: 0
|   CUDA Capable Devices Detected:      1
|           CUDA Device ID in use:      0
|                CUDA Device Name: Tesla K80
|     CUDA Device Global Mem Size:  12206 MB
| CUDA Device Num Multiprocessors:     13
|           CUDA Device Core Freq:   0.82 GHz
|
|--------------------------------------------------------
 
 
| Conditional Compilation Defines Used:
| PUBFFT
| BINTRAJ
| CUDA
| EMIL

| Largest sphere to fit in unit cell has radius =    42.843

| New format PARM file being parsed.
| Version =    1.000 Date = 12/11/23 Time = 10:24:55

| Note: 1-4 EEL scale factors are being read from the topology file.

| Note: 1-4 VDW scale factors are being read from the topology file.
| Duplicated    0 dihedrals

| Duplicated    0 dihedrals

--------------------------------------------------------------------------------
   1.  RESOURCE   USE: 
--------------------------------------------------------------------------------

 getting box info from netcdf restart file
 NATOM  =   87944 NTYPES =      34 NBONH =   64151 MBONA  =   23876
 NTHETH =    8169 MTHETA =    5000 NPHIH =   16298 MPHIA  =   15780
 NHPARM =       0 NPARM  =       0 NNB   =  181051 NRES   =   20630
 NBONA  =   23876 NTHETA =    5000 NPHIA =   15780 NUMBND =     111
 NUMANG =     255 NPTRA  =     251 NATYP =      63 NPHB   =       0
 IFBOX  =       1 NMXRS  =      80 IFCAP =       0 NEXTRA =   20188
 NCOPY  =       0


| Coordinate Index Table dimensions:    18   17   15
| Direct force subcell size =     5.6448    5.5330    5.7124

     BOX TYPE: RECTILINEAR

--------------------------------------------------------------------------------
   2.  CONTROL  DATA  FOR  THE  RUN
--------------------------------------------------------------------------------

default_name                                                                    

General flags:
     imin    =       1, nmropt  =       0

Nature and format of input:
     ntx     =       1, irest   =       0, ntrx    =       1

Nature and format of output:
     ntxo    =       2, ntpr    =     500, ntrx    =       1, ntwr    =     500
     iwrap   =       1, ntwx    =   10000, ntwv    =       0, ntwe    =       0
     ioutfm  =       1, ntwprt  =       0, idecomp =       0, rbornstat=      0

Potential function:
     ntf     =       1, ntb     =       1, igb     =       0, nsnb    =      25
     ipol    =       0, gbsa    =       0, iesp    =       0
     dielc   =   1.00000, cut     =  10.00000, intdiel =   1.00000

Frozen or restrained atoms:
     ibelly  =       0, ntr     =       1
     restraint_wt = 200.00000

Energy minimization:
     maxcyc  =   20000, ncyc    =   10000, ntmin   =       1
     dx0     =   0.01000, drms    =   0.00010

| Intermolecular bonds treatment:
|     no_intermolecular_bonds =       1

| Energy averages sample interval:
|     ene_avg_sampling =       1

Extra-points options:
     frameon =       1, chngmask=       1

Ewald parameters:
     verbose =       0, ew_type =       0, nbflag  =       1, use_pme =       1
     vdwmeth =       1, eedmeth =       1, netfrc  =       0
     Box X =  101.606   Box Y =   94.061   Box Z =   85.686
     Alpha =   90.000   Beta  =   90.000   Gamma =   90.000
     NFFT1 =   48       NFFT2 =   48       NFFT3 =   48
     Cutoff=   10.000   Tol   =0.100E-04
     Ewald Coefficient =  0.27511
     Interpolation order =    4

    LOADING THE CONSTRAINED ATOMS AS GROUPS


   5.  REFERENCE ATOM COORDINATES

  default_name                                                                    
     Mask :1-433@C,O,CA,N; matches  1724 atoms
|      EXTRA_PTS, trim_bonds: num bonds BEFORE trim = 64151     0
|      EXTRA_PTS, trim_bonds: num bonds AFTER  trim = 64151     0
|      EXTRA_PTS, trim_bonds: num bonds BEFORE trim = 23876     0
|      EXTRA_PTS, trim_bonds: num bonds AFTER  trim =  3688     0
|      EXTRA_PTS, trim_theta: num angle BEFORE trim =  8169     0
|      EXTRA_PTS, trim_theta: num angle AFTER  trim =  8169     0
|      EXTRA_PTS, trim_theta: num angle BEFORE trim =  5000     0
|      EXTRA_PTS, trim_theta: num angle AFTER  trim =  5000     0
|      EXTRA_PTS, trim_phi:  num diheds BEFORE trim = 16298     0
|      EXTRA_PTS, trim_phi:  num diheds AFTER  trim = 16298     0
|      EXTRA_PTS, trim_phi:  num diheds BEFORE trim = 15780     0
|      EXTRA_PTS, trim_phi:  num diheds AFTER  trim = 15780     0

--------------------------------------------------------------------------------
   3.  ATOMIC COORDINATES AND VELOCITIES
--------------------------------------------------------------------------------

default_name                                                                    
 begin time read from input coords =     0.000 ps

 
 Number of triangulated 3-point waters found:    20188

     Sum of charges from parm topology file =  -5.99988839
     Assuming uniform neutralizing plasma

| Dynamic Memory, Types Used:
| Reals             2588245
| Integers          5997165

| Nonbonded Pairs Initial Allocation:    26600861

| GPU memory information (estimate):
| KB of GPU memory in use:    291334
| KB of CPU memory in use:    100822

--------------------------------------------------------------------------------
   4.  RESULTS
--------------------------------------------------------------------------------



   NSTEP       ENERGY          RMS            GMAX         NAME    NUMBER
      1      -3.6066E+05     1.1105E+00     7.2840E+01     ND2      5884

 BOND    =    74720.1686  ANGLE   =     1346.8945  DIHED      =     2117.8657
 UB      =        0.0000  IMP     =        0.0000  CMAP       =      336.3306
 VDWAALS =    93172.0992  EEL     =  -551543.2578  HBOND      =        0.0000
 1-4 VDW =     1549.9995  1-4 EEL =    17635.4005  RESTRAINT  =        0.0000


   NSTEP       ENERGY          RMS            GMAX         NAME    NUMBER
    500      -3.6213E+05     5.2549E-02     7.7884E+00     P1A        35

 BOND    =    74687.6229  ANGLE   =     1048.7788  DIHED      =     1999.8632
 UB      =        0.0000  IMP     =        0.0000  CMAP       =      333.4676
 VDWAALS =    92796.7733  EEL     =  -552187.0616  HBOND      =        0.0000
 1-4 VDW =     1473.8462  1-4 EEL =    17670.0731  RESTRAINT  =       50.6572
 EAMBER  =  -362176.6364


   NSTEP       ENERGY          RMS            GMAX         NAME    NUMBER
   1000      -3.6230E+05     3.6917E-02     4.0962E+00     P1A        35

 BOND    =    74726.7717  ANGLE   =     1042.8042  DIHED      =     1995.1859
 UB      =        0.0000  IMP     =        0.0000  CMAP       =      333.7129
 VDWAALS =    92866.9306  EEL     =  -552448.1013  HBOND      =        0.0000
 1-4 VDW =     1467.3490  1-4 EEL =    17665.3388  RESTRAINT  =       53.9802
 EAMBER  =  -362350.0082


   NSTEP       ENERGY          RMS            GMAX         NAME    NUMBER
   1500      -3.6239E+05     3.2554E-02     3.0181E+00     C        4591

 BOND    =    74759.8497  ANGLE   =     1045.2382  DIHED      =     1996.2725
 UB      =        0.0000  IMP     =        0.0000  CMAP       =      333.9011
 VDWAALS =    92934.2284  EEL     =  -552644.8460  HBOND      =        0.0000
 1-4 VDW =     1464.3253  1-4 EEL =    17664.9243  RESTRAINT  =       55.2356
 EAMBER  =  -362446.1065


   NSTEP       ENERGY          RMS            GMAX         NAME    NUMBER
   2000      -3.6247E+05     3.7102E-02     7.1502E+00     C        4591

 BOND    =    74797.0754  ANGLE   =     1047.6331  DIHED      =     1996.0938
 UB      =        0.0000  IMP     =        0.0000  CMAP       =      334.0112
 VDWAALS =    93011.6069  EEL     =  -552838.1644  HBOND      =        0.0000
 1-4 VDW =     1462.6116  1-4 EEL =    17664.3178  RESTRAINT  =       56.2311
 EAMBER  =  -362524.8146


   NSTEP       ENERGY          RMS            GMAX         NAME    NUMBER
   2500      -3.6254E+05     2.5700E-02     1.3223E+00     H2      48191

 BOND    =    74833.9839  ANGLE   =     1048.2980  DIHED      =     1996.3714
 UB      =        0.0000  IMP     =        0.0000  CMAP       =      334.0369
 VDWAALS =    93081.5355  EEL     =  -553014.3622  HBOND      =        0.0000
 1-4 VDW =     1461.2699  1-4 EEL =    17665.8026  RESTRAINT  =       56.8871
 EAMBER  =  -362593.0641


   NSTEP       ENERGY          RMS            GMAX         NAME    NUMBER
   3000      -3.6259E+05     2.1155E-02     8.9630E-01     HE1      6263

 BOND    =    74865.4755  ANGLE   =     1048.5285  DIHED      =     1996.9448
 UB      =        0.0000  IMP     =        0.0000  CMAP       =      334.0473
 VDWAALS =    93140.7799  EEL     =  -553157.2829  HBOND      =        0.0000
 1-4 VDW =     1460.6441  1-4 EEL =    17667.3103  RESTRAINT  =       57.3398
 EAMBER  =  -362643.5524


   NSTEP       ENERGY          RMS            GMAX         NAME    NUMBER
   3500      -3.6263E+05     6.3943E-02     1.2228E+01     C        4557

 BOND    =    74896.3573  ANGLE   =     1048.6048  DIHED      =     1997.3475
 UB      =        0.0000  IMP     =        0.0000  CMAP       =      334.0451
 VDWAALS =    93192.9165  EEL     =  -553285.5408  HBOND      =        0.0000
 1-4 VDW =     1460.1658  1-4 EEL =    17667.9863  RESTRAINT  =       57.7711
 EAMBER  =  -362688.1176


   NSTEP       ENERGY          RMS            GMAX         NAME    NUMBER
   4000      -3.6267E+05     7.9329E-02     4.0827E+00     H1      35086

 BOND    =    74918.2191  ANGLE   =     1049.5429  DIHED      =     1997.0551
 UB      =        0.0000  IMP     =        0.0000  CMAP       =      334.0228
 VDWAALS =    93242.7388  EEL     =  -553399.0676  HBOND      =        0.0000
 1-4 VDW =     1459.8475  1-4 EEL =    17667.6348  RESTRAINT  =       58.1266
 EAMBER  =  -362730.0066


   NSTEP       ENERGY          RMS            GMAX         NAME    NUMBER
   4500      -3.6271E+05     2.2642E-02     1.3002E+00     C        3321

 BOND    =    74945.0615  ANGLE   =     1049.8890  DIHED      =     1996.3112
 UB      =        0.0000  IMP     =        0.0000  CMAP       =      333.9958
 VDWAALS =    93299.9553  EEL     =  -553525.3110  HBOND      =        0.0000
 1-4 VDW =     1459.7526  1-4 EEL =    17667.1446  RESTRAINT  =       58.4448
 EAMBER  =  -362773.2009


   NSTEP       ENERGY          RMS            GMAX         NAME    NUMBER
   5000      -3.6276E+05     2.6198E-02     1.9852E+00     H2      32407

 BOND    =    74969.7858  ANGLE   =     1051.0401  DIHED      =     1995.0440
 UB      =        0.0000  IMP     =        0.0000  CMAP       =      333.9623
 VDWAALS =    93352.7897  EEL     =  -553647.2964  HBOND      =        0.0000
 1-4 VDW =     1459.3961  1-4 EEL =    17667.2829  RESTRAINT  =       58.7456
 EAMBER  =  -362817.9955


   NSTEP       ENERGY          RMS            GMAX         NAME    NUMBER
   5500      -3.6280E+05     2.2471E-02     1.0227E+00     H1      55594

 BOND    =    74993.5802  ANGLE   =     1051.9607  DIHED      =     1993.4689
 UB      =        0.0000  IMP     =        0.0000  CMAP       =      333.9105
 VDWAALS =    93405.9640  EEL     =  -553765.9407  HBOND      =        0.0000
 1-4 VDW =     1459.1240  1-4 EEL =    17667.1634  RESTRAINT  =       58.9694
 EAMBER  =  -362860.7691


   NSTEP       ENERGY          RMS            GMAX         NAME    NUMBER
   6000      -3.6284E+05     2.1135E-02     1.1782E+00     OE1      4458

 BOND    =    75015.8151  ANGLE   =     1052.8172  DIHED      =     1992.5825
 UB      =        0.0000  IMP     =        0.0000  CMAP       =      333.8903
 VDWAALS =    93455.0672  EEL     =  -553878.6685  HBOND      =        0.0000
 1-4 VDW =     1459.1257  1-4 EEL =    17667.4643  RESTRAINT  =       59.1598
 EAMBER  =  -362901.9063


   NSTEP       ENERGY          RMS            GMAX         NAME    NUMBER
   6500      -3.6288E+05     5.2545E-02     3.0297E+00     H2       9335

 BOND    =    75038.1294  ANGLE   =     1052.4991  DIHED      =     1992.7305
 UB      =        0.0000  IMP     =        0.0000  CMAP       =      333.8760
 VDWAALS =    93507.0681  EEL     =  -553990.6761  HBOND      =        0.0000
 1-4 VDW =     1459.4666  1-4 EEL =    17668.3721  RESTRAINT  =       59.2594
 EAMBER  =  -362938.5343


   NSTEP       ENERGY          RMS            GMAX         NAME    NUMBER
   7000      -3.6292E+05     7.0668E-02     1.3320E+01     C        4591

 BOND    =    75062.4877  ANGLE   =     1052.4371  DIHED      =     1992.8428
 UB      =        0.0000  IMP     =        0.0000  CMAP       =      333.8804
 VDWAALS =    93557.2868  EEL     =  -554108.0686  HBOND      =        0.0000
 1-4 VDW =     1459.6957  1-4 EEL =    17668.8010  RESTRAINT  =       59.3423
 EAMBER  =  -362980.6371


   NSTEP       ENERGY          RMS            GMAX         NAME    NUMBER
   7500      -3.6296E+05     6.4690E-02     3.1584E+00     C        3660

 BOND    =    75090.6698  ANGLE   =     1052.3018  DIHED      =     1993.5592
 UB      =        0.0000  IMP     =        0.0000  CMAP       =      333.8829
 VDWAALS =    93609.7575  EEL     =  -554231.0038  HBOND      =        0.0000
 1-4 VDW =     1460.2439  1-4 EEL =    17669.0771  RESTRAINT  =       59.4589
 EAMBER  =  -363021.5116


   NSTEP       ENERGY          RMS            GMAX         NAME    NUMBER
   8000      -3.6300E+05     2.0037E-02     1.5811E+00     H1      27970

 BOND    =    75121.7699  ANGLE   =     1052.3225  DIHED      =     1994.2748
 UB      =        0.0000  IMP     =        0.0000  CMAP       =      333.8853
 VDWAALS =    93672.1969  EEL     =  -554367.7995  HBOND      =        0.0000
 1-4 VDW =     1460.6745  1-4 EEL =    17668.9685  RESTRAINT  =       59.6201
 EAMBER  =  -363063.7072


   NSTEP       ENERGY          RMS            GMAX         NAME    NUMBER
   8500      -3.6304E+05     1.9126E-02     1.7441E+00     C        5522

 BOND    =    75148.1920  ANGLE   =     1052.3530  DIHED      =     1994.9983
 UB      =        0.0000  IMP     =        0.0000  CMAP       =      333.8846
 VDWAALS =    93732.9508  EEL     =  -554490.3313  HBOND      =        0.0000
 1-4 VDW =     1461.0888  1-4 EEL =    17669.0167  RESTRAINT  =       59.7815
 EAMBER  =  -363097.8470


   NSTEP       ENERGY          RMS            GMAX         NAME    NUMBER
   9000      -3.6305E+05     1.5343E-02     6.5188E-01     H1      14910

 BOND    =    75163.2448  ANGLE   =     1052.3089  DIHED      =     1995.4372
 UB      =        0.0000  IMP     =        0.0000  CMAP       =      333.8849
 VDWAALS =    93768.9024  EEL     =  -554558.3446  HBOND      =        0.0000
 1-4 VDW =     1461.3536  1-4 EEL =    17669.1217  RESTRAINT  =       59.8611
 EAMBER  =  -363114.0911


   NSTEP       ENERGY          RMS            GMAX         NAME    NUMBER
   9500      -3.6305E+05     1.5342E-02     6.5258E-01     H1      14910

 BOND    =    75163.2625  ANGLE   =     1052.3088  DIHED      =     1995.4378
 UB      =        0.0000  IMP     =        0.0000  CMAP       =      333.8850
 VDWAALS =    93768.9477  EEL     =  -554558.4142  HBOND      =        0.0000
 1-4 VDW =     1461.3539  1-4 EEL =    17669.1218  RESTRAINT  =       59.8612
 EAMBER  =  -363114.0968


   NSTEP       ENERGY          RMS            GMAX         NAME    NUMBER
  10000      -3.6305E+05     1.5341E-02     6.5296E-01     H1      14910

 BOND    =    75163.2797  ANGLE   =     1052.3087  DIHED      =     1995.4385
 UB      =        0.0000  IMP     =        0.0000  CMAP       =      333.8849
 VDWAALS =    93768.9910  EEL     =  -554558.4802  HBOND      =        0.0000
 1-4 VDW =     1461.3543  1-4 EEL =    17669.1220  RESTRAINT  =       59.8613
 EAMBER  =  -363114.1011


   NSTEP       ENERGY          RMS            GMAX         NAME    NUMBER
  10500      -3.6325E+05     5.0360E-02     3.5243E+00     CG       6585

 BOND    =    75351.5518  ANGLE   =     1051.9630  DIHED      =     1997.4511
 UB      =        0.0000  IMP     =        0.0000  CMAP       =      333.7951
 VDWAALS =    94213.0561  EEL     =  -555397.7062  HBOND      =        0.0000
 1-4 VDW =     1464.3754  1-4 EEL =    17670.8569  RESTRAINT  =       60.3206
 EAMBER  =  -363314.6570

     .... RESTARTED DUE TO LINMIN FAILURE ...

     .... RESTARTED DUE TO LINMIN FAILURE ...

     .... RESTARTED DUE TO LINMIN FAILURE ...

     .... RESTARTED DUE TO LINMIN FAILURE ...


   NSTEP       ENERGY          RMS            GMAX         NAME    NUMBER
  11000      -3.6337E+05     7.8739E-02     8.2145E+00     H1      37838

 BOND    =    75484.1033  ANGLE   =     1052.4468  DIHED      =     2000.1035
 UB      =        0.0000  IMP     =        0.0000  CMAP       =      333.7754
 VDWAALS =    94526.8378  EEL     =  -555967.5886  HBOND      =        0.0000
 1-4 VDW =     1465.4900  1-4 EEL =    17676.2380  RESTRAINT  =       60.6387
 EAMBER  =  -363428.5939

     .... RESTARTED DUE TO LINMIN FAILURE ...


                    FINAL RESULTS



   NSTEP       ENERGY          RMS            GMAX         NAME    NUMBER
  11146      -3.6339E+05     2.3958E-02     1.5966E+00     O       62613

 BOND    =    75505.9586  ANGLE   =     1052.7049  DIHED      =     2000.2450
 UB      =        0.0000  IMP     =        0.0000  CMAP       =      333.7604
 VDWAALS =    94577.7333  EEL     =  -556064.9178  HBOND      =        0.0000
 1-4 VDW =     1465.6012  1-4 EEL =    17677.1203  RESTRAINT  =       60.6515
 EAMBER  =  -363451.7942

     ***** REPEATED LINMIN FAILURE *****
--------------------------------------------------------------------------------
   5.  TIMINGS
--------------------------------------------------------------------------------

|  NonSetup CPU Time in Major Routines:
|
|     Routine           Sec        %
|     ------------------------------
|     Nonbond          61.89   61.23
|     Bond              0.00    0.00
|     Angle             0.00    0.00
|     Dihedral          0.00    0.00
|     Shake             0.00    0.00
|     Other            39.19   38.77
|     ------------------------------
|     Total           101.08

|  PME Nonbond Pairlist CPU Time:
|
|     Routine              Sec        %
|     ---------------------------------
|     Set Up Cit           0.00    0.00
|     Build List           0.00    0.00
|     ---------------------------------
|     Total                0.00    0.00

|  PME Direct Force CPU Time:
|
|     Routine              Sec        %
|     ---------------------------------
|     NonBonded Calc       0.00    0.00
|     Exclude Masked       0.00    0.00
|     Other                0.03    0.03
|     ---------------------------------
|     Total                0.03    0.03

|  PME Reciprocal Force CPU Time:
|
|     Routine              Sec        %
|     ---------------------------------
|     1D bspline           0.00    0.00
|     Grid Charges         0.00    0.00
|     Scalar Sum           0.00    0.00
|     Gradient Sum         0.00    0.00
|     FFT                  0.00    0.00
|     ---------------------------------
|     Total                0.00    0.00

|  Setup CPU time:            1.31 seconds
|  NonSetup CPU time:       101.08 seconds
|  Total CPU time:          102.40 seconds     0.03 hours

|  Setup wall time:           2    seconds
|  NonSetup wall time:      101    seconds
|  Total wall time:         103    seconds     0.03 hours
