
          -------------------------------------------------------
          Amber 20 PMEMD                              2020
          -------------------------------------------------------

| PMEMD implementation of SANDER, Release 18

|  Compiled date/time: Wed Sep 22 23:21:21 2021
| Run on 12/11/2023 at 15:33:14

|   Executable path: /mnt/research/MerzGroup/Amber20Tools21/amber20/bin/pmemd.cuda
| Working directory: /mnt/gs21/scratch/lizhen6/13oxocoa
|          Hostname: lac-081

  [-O]verwriting output

File Assignments:
|   MDIN: ti2_min2.in                                                           
|  MDOUT: ti2_min2.out                                                          
| INPCRD: ti2_min1.rst                                                          
|   PARM: complex_solv.prmtop                                                   
| RESTRT: ti2_min2.rst                                                          
|   REFC: ti2_min1.rst                                                          
|  MDVEL: mdvel                                                                 
|   MDEN: mden                                                                  
|  MDCRD: ti2_min2.netcdf                                                       
| MDINFO: ti2_min2.mdinfo                                                       
|  MDFRC: mdfrc                                                                 


 Here is the input file:

min for deltaG calculation                                                     
 &cntrl                                                                        
  imin=1,                                                                      
  irest=0, ! default, no velocity from rst                                     
  ntmin=1, ! default, steep then conjugate                                     
  maxcyc=20000,                                                                
  ncyc=10000,                                                                  
  cut=10.0,                                                                    
  ntb=1,                                                                       
  ntpr=500, ! write to mdinfo file                                             
  ntwr=500, ! write to rst file                                                
  ntwx=10000, ! write to mdcrd file                                            
  ntave=500, ! calc ave every 500 steps                                        
  ioutfm=1,                                                                    
  iwrap=1,                                                                     
  ntr=1,                                                                       
  restraintmask=':1-433 & !@H= ',                                              
  restraint_wt=200,                                                            
/                                                                              
&ewald                                                                         
nfft1=48, nfft2=48, nfft3=48,                                                  
/                                                                              


Note: ig = -1. Setting random seed to      123 based on wallclock time in 
      microseconds.
| irandom = 1, using AMBER's internal random number generator (default).
 
|--------------------- INFORMATION ----------------------
| GPU (CUDA) Version of PMEMD in use: NVIDIA GPU IN USE.
|                    Version 18.0.0
| 
|                      03/25/2018
| 
| Implementation by:
|                    Ross C. Walker     (SDSC)
|                    Scott Le Grand     (nVIDIA)
| 
| Version 18 performance extensions by:
|                    David Cerutti     (Rutgers)
| 
| Precision model in use:
|      [SPFP] - Single Precision Forces, 64-bit Fixed Point
|               Accumulation. (Default)
| 
|--------------------------------------------------------
 
|----------------- CITATION INFORMATION -----------------
|
|    When publishing work that utilized the CUDA version
|    of AMBER, please cite the following in addition to
|    the regular AMBER citations:
|
|  - Romelia Salomon-Ferrer; Andreas W. Goetz; Duncan
|    Poole; Scott Le Grand; Ross C. Walker "Routine
|    microsecond molecular dynamics simulations with
|    AMBER - Part II: Particle Mesh Ewald", J. Chem.
|    Theory Comput., 2013, 9 (9), pp3878-3888,
|    DOI: 10.1021/ct400314y.
|
|  - Andreas W. Goetz; Mark J. Williamson; Dong Xu;
|    Duncan Poole; Scott Le Grand; Ross C. Walker
|    "Routine microsecond molecular dynamics simulations
|    with AMBER - Part I: Generalized Born", J. Chem.
|    Theory Comput., 2012, 8 (5), pp1542-1555.
|
|  - Scott Le Grand; Andreas W. Goetz; Ross C. Walker
|    "SPFP: Speed without compromise - a mixed precision
|    model for GPU accelerated molecular dynamics
|    simulations.", Comp. Phys. Comm., 2013, 184
|    pp374-380, DOI: 10.1016/j.cpc.2012.09.022
|
|--------------------------------------------------------
 
|------------------- GPU DEVICE INFO --------------------
|
|            CUDA_VISIBLE_DEVICES: 0
|   CUDA Capable Devices Detected:      1
|           CUDA Device ID in use:      0
|                CUDA Device Name: Tesla K80
|     CUDA Device Global Mem Size:  12206 MB
| CUDA Device Num Multiprocessors:     13
|           CUDA Device Core Freq:   0.82 GHz
|
|--------------------------------------------------------
 
 
| Conditional Compilation Defines Used:
| PUBFFT
| BINTRAJ
| CUDA
| EMIL

| Largest sphere to fit in unit cell has radius =    42.843

| New format PARM file being parsed.
| Version =    1.000 Date = 12/11/23 Time = 10:24:55

| Note: 1-4 EEL scale factors are being read from the topology file.

| Note: 1-4 VDW scale factors are being read from the topology file.
| Duplicated    0 dihedrals

| Duplicated    0 dihedrals

--------------------------------------------------------------------------------
   1.  RESOURCE   USE: 
--------------------------------------------------------------------------------

 getting box info from netcdf restart file
 NATOM  =   87944 NTYPES =      34 NBONH =   64151 MBONA  =   23876
 NTHETH =    8169 MTHETA =    5000 NPHIH =   16298 MPHIA  =   15780
 NHPARM =       0 NPARM  =       0 NNB   =  181051 NRES   =   20630
 NBONA  =   23876 NTHETA =    5000 NPHIA =   15780 NUMBND =     111
 NUMANG =     255 NPTRA  =     251 NATYP =      63 NPHB   =       0
 IFBOX  =       1 NMXRS  =      80 IFCAP =       0 NEXTRA =   20188
 NCOPY  =       0


| Coordinate Index Table dimensions:    18   17   15
| Direct force subcell size =     5.6448    5.5330    5.7124

     BOX TYPE: RECTILINEAR

--------------------------------------------------------------------------------
   2.  CONTROL  DATA  FOR  THE  RUN
--------------------------------------------------------------------------------

default_name                                                                    

General flags:
     imin    =       1, nmropt  =       0

Nature and format of input:
     ntx     =       1, irest   =       0, ntrx    =       1

Nature and format of output:
     ntxo    =       2, ntpr    =     500, ntrx    =       1, ntwr    =     500
     iwrap   =       1, ntwx    =   10000, ntwv    =       0, ntwe    =       0
     ioutfm  =       1, ntwprt  =       0, idecomp =       0, rbornstat=      0

Potential function:
     ntf     =       1, ntb     =       1, igb     =       0, nsnb    =      25
     ipol    =       0, gbsa    =       0, iesp    =       0
     dielc   =   1.00000, cut     =  10.00000, intdiel =   1.00000

Frozen or restrained atoms:
     ibelly  =       0, ntr     =       1
     restraint_wt = 200.00000

Energy minimization:
     maxcyc  =   20000, ncyc    =   10000, ntmin   =       1
     dx0     =   0.01000, drms    =   0.00010

| Intermolecular bonds treatment:
|     no_intermolecular_bonds =       1

| Energy averages sample interval:
|     ene_avg_sampling =       1

Extra-points options:
     frameon =       1, chngmask=       1

Ewald parameters:
     verbose =       0, ew_type =       0, nbflag  =       1, use_pme =       1
     vdwmeth =       1, eedmeth =       1, netfrc  =       0
     Box X =  101.606   Box Y =   94.061   Box Z =   85.686
     Alpha =   90.000   Beta  =   90.000   Gamma =   90.000
     NFFT1 =   48       NFFT2 =   48       NFFT3 =   48
     Cutoff=   10.000   Tol   =0.100E-04
     Ewald Coefficient =  0.27511
     Interpolation order =    4

    LOADING THE CONSTRAINED ATOMS AS GROUPS


   5.  REFERENCE ATOM COORDINATES

  default_name                                                                    
     Mask :1-433 & !@H=; matches  3538 atoms
|      EXTRA_PTS, trim_bonds: num bonds BEFORE trim = 64151     0
|      EXTRA_PTS, trim_bonds: num bonds AFTER  trim = 64151     0
|      EXTRA_PTS, trim_bonds: num bonds BEFORE trim = 23876     0
|      EXTRA_PTS, trim_bonds: num bonds AFTER  trim =  3688     0
|      EXTRA_PTS, trim_theta: num angle BEFORE trim =  8169     0
|      EXTRA_PTS, trim_theta: num angle AFTER  trim =  8169     0
|      EXTRA_PTS, trim_theta: num angle BEFORE trim =  5000     0
|      EXTRA_PTS, trim_theta: num angle AFTER  trim =  5000     0
|      EXTRA_PTS, trim_phi:  num diheds BEFORE trim = 16298     0
|      EXTRA_PTS, trim_phi:  num diheds AFTER  trim = 16298     0
|      EXTRA_PTS, trim_phi:  num diheds BEFORE trim = 15780     0
|      EXTRA_PTS, trim_phi:  num diheds AFTER  trim = 15780     0

--------------------------------------------------------------------------------
   3.  ATOMIC COORDINATES AND VELOCITIES
--------------------------------------------------------------------------------

default_name                                                                    
 begin time read from input coords =     0.000 ps

 
 Number of triangulated 3-point waters found:    20188

     Sum of charges from parm topology file =  -5.99988839
     Assuming uniform neutralizing plasma

| Dynamic Memory, Types Used:
| Reals             2588245
| Integers          5997165

| Nonbonded Pairs Initial Allocation:    26600861

| GPU memory information (estimate):
| KB of GPU memory in use:    291531
| KB of CPU memory in use:    101019

--------------------------------------------------------------------------------
   4.  RESULTS
--------------------------------------------------------------------------------



   NSTEP       ENERGY          RMS            GMAX         NAME    NUMBER
      1      -3.5700E+05     3.4539E+00     3.1310E+02     N7A        11

 BOND    =    74455.0228  ANGLE   =     2279.7085  DIHED      =     2373.4009
 UB      =        0.0000  IMP     =        0.0000  CMAP       =      341.1235
 VDWAALS =    93366.9709  EEL     =  -549074.1336  HBOND      =        0.0000
 1-4 VDW =     1624.0776  1-4 EEL =    17633.6903  RESTRAINT  =        0.0000


   NSTEP       ENERGY          RMS            GMAX         NAME    NUMBER
    500      -3.5971E+05     9.7132E-02     3.1052E+01     CD       4021

 BOND    =    74233.0090  ANGLE   =     1345.6511  DIHED      =     2118.2416
 UB      =        0.0000  IMP     =        0.0000  CMAP       =      336.4222
 VDWAALS =    92085.8485  EEL     =  -549422.3864  HBOND      =        0.0000
 1-4 VDW =     1551.4456  1-4 EEL =    17639.1652  RESTRAINT  =      405.4208
 EAMBER  =  -360112.6032


   NSTEP       ENERGY          RMS            GMAX         NAME    NUMBER
   1000      -3.5975E+05     9.3851E-02     1.7482E+01     CD       4021

 BOND    =    74264.4803  ANGLE   =     1346.7368  DIHED      =     2115.8239
 UB      =        0.0000  IMP     =        0.0000  CMAP       =      336.4170
 VDWAALS =    92152.9965  EEL     =  -549565.2019  HBOND      =        0.0000
 1-4 VDW =     1550.4967  1-4 EEL =    17638.9168  RESTRAINT  =      404.7311
 EAMBER  =  -360159.3339


   NSTEP       ENERGY          RMS            GMAX         NAME    NUMBER
   1500      -3.5981E+05     4.7526E-02     1.3892E+01     CD       4021

 BOND    =    74301.5699  ANGLE   =     1346.7901  DIHED      =     2116.4702
 UB      =        0.0000  IMP     =        0.0000  CMAP       =      336.4086
 VDWAALS =    92233.1060  EEL     =  -549736.7561  HBOND      =        0.0000
 1-4 VDW =     1550.4300  1-4 EEL =    17638.8277  RESTRAINT  =      404.8104
 EAMBER  =  -360213.1536


   NSTEP       ENERGY          RMS            GMAX         NAME    NUMBER
   2000      -3.5985E+05     5.3575E-02     1.1311E+01     CG       1772

 BOND    =    74335.4062  ANGLE   =     1346.7531  DIHED      =     2117.1733
 UB      =        0.0000  IMP     =        0.0000  CMAP       =      336.3999
 VDWAALS =    92310.2063  EEL     =  -549888.4141  HBOND      =        0.0000
 1-4 VDW =     1550.4304  1-4 EEL =    17638.8432  RESTRAINT  =      404.8555
 EAMBER  =  -360253.2017


   NSTEP       ENERGY          RMS            GMAX         NAME    NUMBER
   2500      -3.5988E+05     1.9022E-02     1.7253E+00     H41        80

 BOND    =    74365.0456  ANGLE   =     1346.8087  DIHED      =     2117.4192
 UB      =        0.0000  IMP     =        0.0000  CMAP       =      336.3910
 VDWAALS =    92379.9254  EEL     =  -550024.0388  HBOND      =        0.0000
 1-4 VDW =     1550.4136  1-4 EEL =    17638.9698  RESTRAINT  =      405.0409
 EAMBER  =  -360289.0655


   NSTEP       ENERGY          RMS            GMAX         NAME    NUMBER
   3000      -3.5988E+05     1.9014E-02     1.7243E+00     H41        80

 BOND    =    74365.2901  ANGLE   =     1346.8086  DIHED      =     2117.4151
 UB      =        0.0000  IMP     =        0.0000  CMAP       =      336.3908
 VDWAALS =    92380.4604  EEL     =  -550025.0940  HBOND      =        0.0000
 1-4 VDW =     1550.4137  1-4 EEL =    17638.9710  RESTRAINT  =      405.0437
 EAMBER  =  -360289.3443


   NSTEP       ENERGY          RMS            GMAX         NAME    NUMBER
   3500      -3.5988E+05     1.9012E-02     1.7243E+00     H41        80

 BOND    =    74365.3094  ANGLE   =     1346.8086  DIHED      =     2117.4149
 UB      =        0.0000  IMP     =        0.0000  CMAP       =      336.3908
 VDWAALS =    92380.5042  EEL     =  -550025.1798  HBOND      =        0.0000
 1-4 VDW =     1550.4137  1-4 EEL =    17638.9711  RESTRAINT  =      405.0440
 EAMBER  =  -360289.3671


   NSTEP       ENERGY          RMS            GMAX         NAME    NUMBER
   4000      -3.5988E+05     1.9012E-02     1.7242E+00     H41        80

 BOND    =    74365.3309  ANGLE   =     1346.8085  DIHED      =     2117.4144
 UB      =        0.0000  IMP     =        0.0000  CMAP       =      336.3908
 VDWAALS =    92380.5512  EEL     =  -550025.3147  HBOND      =        0.0000
 1-4 VDW =     1550.4137  1-4 EEL =    17638.9712  RESTRAINT  =      405.0442
 EAMBER  =  -360289.4339


   NSTEP       ENERGY          RMS            GMAX         NAME    NUMBER
   4500      -3.5988E+05     1.9011E-02     1.7241E+00     H41        80

 BOND    =    74365.3525  ANGLE   =     1346.8085  DIHED      =     2117.4139
 UB      =        0.0000  IMP     =        0.0000  CMAP       =      336.3907
 VDWAALS =    92380.5964  EEL     =  -550025.4019  HBOND      =        0.0000
 1-4 VDW =     1550.4137  1-4 EEL =    17638.9713  RESTRAINT  =      405.0445
 EAMBER  =  -360289.4548


   NSTEP       ENERGY          RMS            GMAX         NAME    NUMBER
   5000      -3.5988E+05     1.9010E-02     1.7240E+00     H41        80

 BOND    =    74365.3709  ANGLE   =     1346.8085  DIHED      =     2117.4136
 UB      =        0.0000  IMP     =        0.0000  CMAP       =      336.3908
 VDWAALS =    92380.6403  EEL     =  -550025.4472  HBOND      =        0.0000
 1-4 VDW =     1550.4137  1-4 EEL =    17638.9714  RESTRAINT  =      405.0447
 EAMBER  =  -360289.4380


   NSTEP       ENERGY          RMS            GMAX         NAME    NUMBER
   5500      -3.5988E+05     1.9010E-02     1.7239E+00     H41        80

 BOND    =    74365.3899  ANGLE   =     1346.8085  DIHED      =     2117.4134
 UB      =        0.0000  IMP     =        0.0000  CMAP       =      336.3909
 VDWAALS =    92380.6815  EEL     =  -550025.5548  HBOND      =        0.0000
 1-4 VDW =     1550.4137  1-4 EEL =    17638.9715  RESTRAINT  =      405.0449
 EAMBER  =  -360289.4855


   NSTEP       ENERGY          RMS            GMAX         NAME    NUMBER
   6000      -3.5988E+05     1.9008E-02     1.7238E+00     H41        80

 BOND    =    74365.4105  ANGLE   =     1346.8085  DIHED      =     2117.4130
 UB      =        0.0000  IMP     =        0.0000  CMAP       =      336.3909
 VDWAALS =    92380.7261  EEL     =  -550025.6932  HBOND      =        0.0000
 1-4 VDW =     1550.4137  1-4 EEL =    17638.9716  RESTRAINT  =      405.0452
 EAMBER  =  -360289.5589


   NSTEP       ENERGY          RMS            GMAX         NAME    NUMBER
   6500      -3.5988E+05     1.9007E-02     1.7237E+00     H41        80

 BOND    =    74365.4338  ANGLE   =     1346.8085  DIHED      =     2117.4127
 UB      =        0.0000  IMP     =        0.0000  CMAP       =      336.3909
 VDWAALS =    92380.7789  EEL     =  -550025.7952  HBOND      =        0.0000
 1-4 VDW =     1550.4137  1-4 EEL =    17638.9717  RESTRAINT  =      405.0454
 EAMBER  =  -360289.5851


   NSTEP       ENERGY          RMS            GMAX         NAME    NUMBER
   7000      -3.5988E+05     1.9006E-02     1.7236E+00     H41        80

 BOND    =    74365.4538  ANGLE   =     1346.8085  DIHED      =     2117.4121
 UB      =        0.0000  IMP     =        0.0000  CMAP       =      336.3909
 VDWAALS =    92380.8232  EEL     =  -550025.8298  HBOND      =        0.0000
 1-4 VDW =     1550.4137  1-4 EEL =    17638.9718  RESTRAINT  =      405.0457
 EAMBER  =  -360289.5558


   NSTEP       ENERGY          RMS            GMAX         NAME    NUMBER
   7500      -3.5988E+05     1.9005E-02     1.7235E+00     H41        80

 BOND    =    74365.4733  ANGLE   =     1346.8085  DIHED      =     2117.4119
 UB      =        0.0000  IMP     =        0.0000  CMAP       =      336.3908
 VDWAALS =    92380.8652  EEL     =  -550025.9653  HBOND      =        0.0000
 1-4 VDW =     1550.4137  1-4 EEL =    17638.9719  RESTRAINT  =      405.0459
 EAMBER  =  -360289.6300


   NSTEP       ENERGY          RMS            GMAX         NAME    NUMBER
   8000      -3.5988E+05     1.9004E-02     1.7234E+00     H41        80

 BOND    =    74365.4968  ANGLE   =     1346.8084  DIHED      =     2117.4116
 UB      =        0.0000  IMP     =        0.0000  CMAP       =      336.3907
 VDWAALS =    92380.9152  EEL     =  -550026.0916  HBOND      =        0.0000
 1-4 VDW =     1550.4137  1-4 EEL =    17638.9721  RESTRAINT  =      405.0462
 EAMBER  =  -360289.6830


   NSTEP       ENERGY          RMS            GMAX         NAME    NUMBER
   8500      -3.5988E+05     1.9003E-02     1.7233E+00     H41        80

 BOND    =    74365.5184  ANGLE   =     1346.8084  DIHED      =     2117.4112
 UB      =        0.0000  IMP     =        0.0000  CMAP       =      336.3908
 VDWAALS =    92380.9607  EEL     =  -550026.2069  HBOND      =        0.0000
 1-4 VDW =     1550.4137  1-4 EEL =    17638.9722  RESTRAINT  =      405.0464
 EAMBER  =  -360289.7313


   NSTEP       ENERGY          RMS            GMAX         NAME    NUMBER
   9000      -3.5988E+05     1.9003E-02     1.7232E+00     H41        80

 BOND    =    74365.5401  ANGLE   =     1346.8084  DIHED      =     2117.4108
 UB      =        0.0000  IMP     =        0.0000  CMAP       =      336.3908
 VDWAALS =    92381.0088  EEL     =  -550026.2817  HBOND      =        0.0000
 1-4 VDW =     1550.4137  1-4 EEL =    17638.9723  RESTRAINT  =      405.0467
 EAMBER  =  -360289.7368


   NSTEP       ENERGY          RMS            GMAX         NAME    NUMBER
   9500      -3.5988E+05     1.9003E-02     1.7231E+00     H41        80

 BOND    =    74365.5626  ANGLE   =     1346.8084  DIHED      =     2117.4104
 UB      =        0.0000  IMP     =        0.0000  CMAP       =      336.3909
 VDWAALS =    92381.0555  EEL     =  -550026.3528  HBOND      =        0.0000
 1-4 VDW =     1550.4137  1-4 EEL =    17638.9725  RESTRAINT  =      405.0469
 EAMBER  =  -360289.7388


   NSTEP       ENERGY          RMS            GMAX         NAME    NUMBER
  10000      -3.5988E+05     1.9001E-02     1.7229E+00     H41        80

 BOND    =    74365.5870  ANGLE   =     1346.8084  DIHED      =     2117.4101
 UB      =        0.0000  IMP     =        0.0000  CMAP       =      336.3907
 VDWAALS =    92381.1101  EEL     =  -550026.5076  HBOND      =        0.0000
 1-4 VDW =     1550.4137  1-4 EEL =    17638.9726  RESTRAINT  =      405.0472
 EAMBER  =  -360289.8150

     .... RESTARTED DUE TO LINMIN FAILURE ...


   NSTEP       ENERGY          RMS            GMAX         NAME    NUMBER
  10500      -3.6010E+05     1.1383E-01     1.2895E+01     CG       5041

 BOND    =    74559.4510  ANGLE   =     1347.7982  DIHED      =     2117.4659
 UB      =        0.0000  IMP     =        0.0000  CMAP       =      336.3480
 VDWAALS =    92822.7037  EEL     =  -550877.9762  HBOND      =        0.0000
 1-4 VDW =     1550.0985  1-4 EEL =    17635.6317  RESTRAINT  =      407.0551
 EAMBER  =  -360508.4791

     .... RESTARTED DUE TO LINMIN FAILURE ...

     .... RESTARTED DUE TO LINMIN FAILURE ...

     .... RESTARTED DUE TO LINMIN FAILURE ...

     .... RESTARTED DUE TO LINMIN FAILURE ...


                    FINAL RESULTS



   NSTEP       ENERGY          RMS            GMAX         NAME    NUMBER
  10941      -3.6026E+05     5.0012E-02     4.5164E+00     O2         94

 BOND    =    74720.1686  ANGLE   =     1346.8945  DIHED      =     2117.8657
 UB      =        0.0000  IMP     =        0.0000  CMAP       =      336.3306
 VDWAALS =    93172.1012  EEL     =  -551543.2527  HBOND      =        0.0000
 1-4 VDW =     1549.9995  1-4 EEL =    17635.4005  RESTRAINT  =      405.9367
 EAMBER  =  -360664.4921

     ***** REPEATED LINMIN FAILURE *****
--------------------------------------------------------------------------------
   5.  TIMINGS
--------------------------------------------------------------------------------

|  NonSetup CPU Time in Major Routines:
|
|     Routine           Sec        %
|     ------------------------------
|     Nonbond          60.47   63.17
|     Bond              0.00    0.00
|     Angle             0.00    0.00
|     Dihedral          0.00    0.00
|     Shake             0.00    0.00
|     Other            35.26   36.83
|     ------------------------------
|     Total            95.73

|  PME Nonbond Pairlist CPU Time:
|
|     Routine              Sec        %
|     ---------------------------------
|     Set Up Cit           0.00    0.00
|     Build List           0.00    0.00
|     ---------------------------------
|     Total                0.00    0.00

|  PME Direct Force CPU Time:
|
|     Routine              Sec        %
|     ---------------------------------
|     NonBonded Calc       0.00    0.00
|     Exclude Masked       0.00    0.00
|     Other                0.03    0.03
|     ---------------------------------
|     Total                0.03    0.03

|  PME Reciprocal Force CPU Time:
|
|     Routine              Sec        %
|     ---------------------------------
|     1D bspline           0.00    0.00
|     Grid Charges         0.00    0.00
|     Scalar Sum           0.00    0.00
|     Gradient Sum         0.00    0.00
|     FFT                  0.00    0.00
|     ---------------------------------
|     Total                0.00    0.00

|  Setup CPU time:            1.22 seconds
|  NonSetup CPU time:        95.73 seconds
|  Total CPU time:           96.95 seconds     0.03 hours

|  Setup wall time:           1    seconds
|  NonSetup wall time:       96    seconds
|  Total wall time:          97    seconds     0.03 hours
