
          -------------------------------------------------------
          Amber 20 PMEMD                              2020
          -------------------------------------------------------

| PMEMD implementation of SANDER, Release 18

|  Compiled date/time: Wed Sep 22 23:21:21 2021
| Run on 12/11/2023 at 15:30:35

|   Executable path: /mnt/research/MerzGroup/Amber20Tools21/amber20/bin/pmemd.cuda
| Working directory: /mnt/gs21/scratch/lizhen6/13oxocoa
|          Hostname: lac-081

  [-O]verwriting output

File Assignments:
|   MDIN: ti2_min1.in                                                           
|  MDOUT: ti2_min1.out                                                          
| INPCRD: complex_solv.inpcrd                                                   
|   PARM: complex_solv.prmtop                                                   
| RESTRT: ti2_min1.rst                                                          
|   REFC: complex_solv.inpcrd                                                   
|  MDVEL: mdvel                                                                 
|   MDEN: mden                                                                  
|  MDCRD: ti2_min1.netcdf                                                       
| MDINFO: ti2_min1.mdinfo                                                       
|  MDFRC: mdfrc                                                                 


 Here is the input file:

min for deltaG calculation                                                     
 &cntrl                                                                        
  imin=1,                                                                      
  irest=0, ! default, no velocity from rst                                     
  ntmin=1, ! default, steep then conjugate                                     
  maxcyc=20000,                                                                
  ncyc=10000,                                                                  
  cut=10.0,                                                                    
  ntb=1,                                                                       
  ntpr=500, ! write to mdinfo file                                             
  ntwr=500, ! write to rst file                                                
  ntwx=10000, ! write to mdcrd file                                            
  ntave=500, ! calc ave every 500 steps                                        
  ioutfm=1,                                                                    
  iwrap=1,                                                                     
  ntr=1,                                                                       
  restraintmask=':1-433',                                                      
  restraint_wt=200,                                                            
/                                                                              
&ewald                                                                         
nfft1=48, nfft2=48, nfft3=48,                                                  
/                                                                              


Note: ig = -1. Setting random seed to   706091 based on wallclock time in 
      microseconds.
| irandom = 1, using AMBER's internal random number generator (default).
 
|--------------------- INFORMATION ----------------------
| GPU (CUDA) Version of PMEMD in use: NVIDIA GPU IN USE.
|                    Version 18.0.0
| 
|                      03/25/2018
| 
| Implementation by:
|                    Ross C. Walker     (SDSC)
|                    Scott Le Grand     (nVIDIA)
| 
| Version 18 performance extensions by:
|                    David Cerutti     (Rutgers)
| 
| Precision model in use:
|      [SPFP] - Single Precision Forces, 64-bit Fixed Point
|               Accumulation. (Default)
| 
|--------------------------------------------------------
 
|----------------- CITATION INFORMATION -----------------
|
|    When publishing work that utilized the CUDA version
|    of AMBER, please cite the following in addition to
|    the regular AMBER citations:
|
|  - Romelia Salomon-Ferrer; Andreas W. Goetz; Duncan
|    Poole; Scott Le Grand; Ross C. Walker "Routine
|    microsecond molecular dynamics simulations with
|    AMBER - Part II: Particle Mesh Ewald", J. Chem.
|    Theory Comput., 2013, 9 (9), pp3878-3888,
|    DOI: 10.1021/ct400314y.
|
|  - Andreas W. Goetz; Mark J. Williamson; Dong Xu;
|    Duncan Poole; Scott Le Grand; Ross C. Walker
|    "Routine microsecond molecular dynamics simulations
|    with AMBER - Part I: Generalized Born", J. Chem.
|    Theory Comput., 2012, 8 (5), pp1542-1555.
|
|  - Scott Le Grand; Andreas W. Goetz; Ross C. Walker
|    "SPFP: Speed without compromise - a mixed precision
|    model for GPU accelerated molecular dynamics
|    simulations.", Comp. Phys. Comm., 2013, 184
|    pp374-380, DOI: 10.1016/j.cpc.2012.09.022
|
|--------------------------------------------------------
 
|------------------- GPU DEVICE INFO --------------------
|
|            CUDA_VISIBLE_DEVICES: 0
|   CUDA Capable Devices Detected:      1
|           CUDA Device ID in use:      0
|                CUDA Device Name: Tesla K80
|     CUDA Device Global Mem Size:  12206 MB
| CUDA Device Num Multiprocessors:     13
|           CUDA Device Core Freq:   0.82 GHz
|
|--------------------------------------------------------
 
 
| Conditional Compilation Defines Used:
| PUBFFT
| BINTRAJ
| CUDA
| EMIL

| Largest sphere to fit in unit cell has radius =    42.843

| New format PARM file being parsed.
| Version =    1.000 Date = 12/11/23 Time = 10:24:55

| Note: 1-4 EEL scale factors are being read from the topology file.

| Note: 1-4 VDW scale factors are being read from the topology file.
| Duplicated    0 dihedrals

| Duplicated    0 dihedrals

--------------------------------------------------------------------------------
   1.  RESOURCE   USE: 
--------------------------------------------------------------------------------

 getting new box info from bottom of inpcrd
 NATOM  =   87944 NTYPES =      34 NBONH =   64151 MBONA  =   23876
 NTHETH =    8169 MTHETA =    5000 NPHIH =   16298 MPHIA  =   15780
 NHPARM =       0 NPARM  =       0 NNB   =  181051 NRES   =   20630
 NBONA  =   23876 NTHETA =    5000 NPHIA =   15780 NUMBND =     111
 NUMANG =     255 NPTRA  =     251 NATYP =      63 NPHB   =       0
 IFBOX  =       1 NMXRS  =      80 IFCAP =       0 NEXTRA =   20188
 NCOPY  =       0


| Coordinate Index Table dimensions:    18   17   15
| Direct force subcell size =     5.6448    5.5330    5.7124

     BOX TYPE: RECTILINEAR

--------------------------------------------------------------------------------
   2.  CONTROL  DATA  FOR  THE  RUN
--------------------------------------------------------------------------------

default_name                                                                    

General flags:
     imin    =       1, nmropt  =       0

Nature and format of input:
     ntx     =       1, irest   =       0, ntrx    =       1

Nature and format of output:
     ntxo    =       2, ntpr    =     500, ntrx    =       1, ntwr    =     500
     iwrap   =       1, ntwx    =   10000, ntwv    =       0, ntwe    =       0
     ioutfm  =       1, ntwprt  =       0, idecomp =       0, rbornstat=      0

Potential function:
     ntf     =       1, ntb     =       1, igb     =       0, nsnb    =      25
     ipol    =       0, gbsa    =       0, iesp    =       0
     dielc   =   1.00000, cut     =  10.00000, intdiel =   1.00000

Frozen or restrained atoms:
     ibelly  =       0, ntr     =       1
     restraint_wt = 200.00000

Energy minimization:
     maxcyc  =   20000, ncyc    =   10000, ntmin   =       1
     dx0     =   0.01000, drms    =   0.00010

| Intermolecular bonds treatment:
|     no_intermolecular_bonds =       1

| Energy averages sample interval:
|     ene_avg_sampling =       1

Extra-points options:
     frameon =       1, chngmask=       1

Ewald parameters:
     verbose =       0, ew_type =       0, nbflag  =       1, use_pme =       1
     vdwmeth =       1, eedmeth =       1, netfrc  =       0
     Box X =  101.606   Box Y =   94.061   Box Z =   85.686
     Alpha =   90.000   Beta  =   90.000   Gamma =   90.000
     NFFT1 =   48       NFFT2 =   48       NFFT3 =   48
     Cutoff=   10.000   Tol   =0.100E-04
     Ewald Coefficient =  0.27511
     Interpolation order =    4

    LOADING THE CONSTRAINED ATOMS AS GROUPS


   5.  REFERENCE ATOM COORDINATES

  default_name                                                                    
     Mask :1-433; matches  7047 atoms
|      EXTRA_PTS, trim_bonds: num bonds BEFORE trim = 64151     0
|      EXTRA_PTS, trim_bonds: num bonds AFTER  trim = 64151     0
|      EXTRA_PTS, trim_bonds: num bonds BEFORE trim = 23876     0
|      EXTRA_PTS, trim_bonds: num bonds AFTER  trim =  3688     0
|      EXTRA_PTS, trim_theta: num angle BEFORE trim =  8169     0
|      EXTRA_PTS, trim_theta: num angle AFTER  trim =  8169     0
|      EXTRA_PTS, trim_theta: num angle BEFORE trim =  5000     0
|      EXTRA_PTS, trim_theta: num angle AFTER  trim =  5000     0
|      EXTRA_PTS, trim_phi:  num diheds BEFORE trim = 16298     0
|      EXTRA_PTS, trim_phi:  num diheds AFTER  trim = 16298     0
|      EXTRA_PTS, trim_phi:  num diheds BEFORE trim = 15780     0
|      EXTRA_PTS, trim_phi:  num diheds AFTER  trim = 15780     0

--------------------------------------------------------------------------------
   3.  ATOMIC COORDINATES AND VELOCITIES
--------------------------------------------------------------------------------

default_name                                                                    
 begin time read from input coords =     0.000 ps

 
 Number of triangulated 3-point waters found:    20188

     Sum of charges from parm topology file =  -5.99988839
     Assuming uniform neutralizing plasma

| Dynamic Memory, Types Used:
| Reals             2588245
| Integers          5997165

| Nonbonded Pairs Initial Allocation:    26600861

| GPU memory information (estimate):
| KB of GPU memory in use:    291960
| KB of CPU memory in use:    101448

--------------------------------------------------------------------------------
   4.  RESULTS
--------------------------------------------------------------------------------



   NSTEP       ENERGY          RMS            GMAX         NAME    NUMBER
      1       1.8118E+07     2.6438E+02     3.3635E+04     OD1      5883

 BOND    =     1339.6555  ANGLE   =     3568.1168  DIHED      =     2584.9020
 UB      =        0.0000  IMP     =        0.0000  CMAP       =      346.7029
 VDWAALS = 18380603.6662  EEL     =  -290041.8514  HBOND      =        0.0000
 1-4 VDW =     1661.5449  1-4 EEL =    17654.0044  RESTRAINT  =        0.0000


   NSTEP       ENERGY          RMS            GMAX         NAME    NUMBER
    500      -3.1947E+05     1.3287E+00     3.5524E+02     C7P        63

 BOND    =    51612.9238  ANGLE   =     2294.1299  DIHED      =     2370.6363
 UB      =        0.0000  IMP     =        0.0000  CMAP       =      338.0788
 VDWAALS =    47397.5684  EEL     =  -446743.5593  HBOND      =        0.0000
 1-4 VDW =     1625.8125  1-4 EEL =    17635.0885  RESTRAINT  =     3996.1811
 EAMBER  =  -323469.3211


   NSTEP       ENERGY          RMS            GMAX         NAME    NUMBER
   1000      -3.2775E+05     8.7992E-01     3.2520E+02     ND2      5884

 BOND    =    56466.0445  ANGLE   =     2265.7879  DIHED      =     2369.7368
 UB      =        0.0000  IMP     =        0.0000  CMAP       =      338.3875
 VDWAALS =    57563.3492  EEL     =  -469903.4158  HBOND      =        0.0000
 1-4 VDW =     1624.0833  1-4 EEL =    17634.0327  RESTRAINT  =     3895.0794
 EAMBER  =  -331641.9939


   NSTEP       ENERGY          RMS            GMAX         NAME    NUMBER
   1500      -3.3186E+05     2.7650E-01     5.3283E+01     ND2      5884

 BOND    =    59325.5740  ANGLE   =     2271.7276  DIHED      =     2371.6281
 UB      =        0.0000  IMP     =        0.0000  CMAP       =      338.7165
 VDWAALS =    63198.8754  EEL     =  -482555.9485  HBOND      =        0.0000
 1-4 VDW =     1624.4070  1-4 EEL =    17633.3932  RESTRAINT  =     3927.5485
 EAMBER  =  -335791.6266


   NSTEP       ENERGY          RMS            GMAX         NAME    NUMBER
   2000      -3.3460E+05     3.8676E-01     1.3331E+02     ND2      5884

 BOND    =    61184.3241  ANGLE   =     2273.6783  DIHED      =     2372.7263
 UB      =        0.0000  IMP     =        0.0000  CMAP       =      339.1013
 VDWAALS =    66752.7818  EEL     =  -490714.2002  HBOND      =        0.0000
 1-4 VDW =     1624.3697  1-4 EEL =    17632.7804  RESTRAINT  =     3934.8150
 EAMBER  =  -338534.4382


   NSTEP       ENERGY          RMS            GMAX         NAME    NUMBER
   2500      -3.3658E+05     4.6631E-01     1.7522E+02     ND2      5884

 BOND    =    62552.5383  ANGLE   =     2275.1891  DIHED      =     2373.8586
 UB      =        0.0000  IMP     =        0.0000  CMAP       =      339.3241
 VDWAALS =    69407.1655  EEL     =  -496723.1071  HBOND      =        0.0000
 1-4 VDW =     1624.3705  1-4 EEL =    17632.3361  RESTRAINT  =     3939.2610
 EAMBER  =  -340518.3248


   NSTEP       ENERGY          RMS            GMAX         NAME    NUMBER
   3000      -3.3826E+05     5.4621E-01     2.0906E+02     ND2      5884

 BOND    =    63587.5473  ANGLE   =     2268.6878  DIHED      =     2372.6572
 UB      =        0.0000  IMP     =        0.0000  CMAP       =      339.4202
 VDWAALS =    71386.5614  EEL     =  -501372.4973  HBOND      =        0.0000
 1-4 VDW =     1624.1146  1-4 EEL =    17631.9278  RESTRAINT  =     3903.3194
 EAMBER  =  -342161.5810


   NSTEP       ENERGY          RMS            GMAX         NAME    NUMBER
   3500      -3.3977E+05     1.7661E-01     2.9106E+01     HA       4596

 BOND    =    64510.4671  ANGLE   =     2273.4250  DIHED      =     2373.9416
 UB      =        0.0000  IMP     =        0.0000  CMAP       =      339.4679
 VDWAALS =    73009.4584  EEL     =  -505456.6586  HBOND      =        0.0000
 1-4 VDW =     1624.0197  1-4 EEL =    17631.5779  RESTRAINT  =     3923.6334
 EAMBER  =  -343694.3009


   NSTEP       ENERGY          RMS            GMAX         NAME    NUMBER
   4000      -3.4092E+05     2.6093E-01     6.3306E+01     HA       4596

 BOND    =    65250.7876  ANGLE   =     2274.7729  DIHED      =     2374.0782
 UB      =        0.0000  IMP     =        0.0000  CMAP       =      339.4694
 VDWAALS =    74330.0988  EEL     =  -508674.2959  HBOND      =        0.0000
 1-4 VDW =     1624.3502  1-4 EEL =    17632.1513  RESTRAINT  =     3927.4314
 EAMBER  =  -344848.5876


   NSTEP       ENERGY          RMS            GMAX         NAME    NUMBER
   4500      -3.4189E+05     3.0935E-01     8.0027E+01     HA       4596

 BOND    =    65884.6065  ANGLE   =     2275.4295  DIHED      =     2374.2505
 UB      =        0.0000  IMP     =        0.0000  CMAP       =      339.4876
 VDWAALS =    75481.7041  EEL     =  -511430.3272  HBOND      =        0.0000
 1-4 VDW =     1624.6531  1-4 EEL =    17632.5198  RESTRAINT  =     3928.8334
 EAMBER  =  -345817.6761


   NSTEP       ENERGY          RMS            GMAX         NAME    NUMBER
   5000      -3.4271E+05     3.5928E-01     9.6179E+01     HA       4596

 BOND    =    66440.2043  ANGLE   =     2276.1643  DIHED      =     2374.4052
 UB      =        0.0000  IMP     =        0.0000  CMAP       =      339.5527
 VDWAALS =    76543.6246  EEL     =  -513872.1520  HBOND      =        0.0000
 1-4 VDW =     1624.7279  1-4 EEL =    17632.4239  RESTRAINT  =     3930.8850
 EAMBER  =  -346641.0491


   NSTEP       ENERGY          RMS            GMAX         NAME    NUMBER
   5500      -3.4343E+05     3.7425E-01     1.0038E+02     HA       4596

 BOND    =    66927.5709  ANGLE   =     2277.2874  DIHED      =     2374.5914
 UB      =        0.0000  IMP     =        0.0000  CMAP       =      339.6415
 VDWAALS =    77484.8049  EEL     =  -516018.4122  HBOND      =        0.0000
 1-4 VDW =     1624.6527  1-4 EEL =    17632.2969  RESTRAINT  =     3931.1736
 EAMBER  =  -347357.5664


   NSTEP       ENERGY          RMS            GMAX         NAME    NUMBER
   6000      -3.4403E+05     1.5664E-01     3.5301E+01     HA       4596

 BOND    =    67338.0855  ANGLE   =     2273.6626  DIHED      =     2374.9294
 UB      =        0.0000  IMP     =        0.0000  CMAP       =      339.6808
 VDWAALS =    78345.4954  EEL     =  -517873.9579  HBOND      =        0.0000
 1-4 VDW =     1624.1916  1-4 EEL =    17632.2222  RESTRAINT  =     3914.8433
 EAMBER  =  -347945.6903


   NSTEP       ENERGY          RMS            GMAX         NAME    NUMBER
   6500      -3.4454E+05     1.6045E-01     3.8868E+01     HA       4596

 BOND    =    67707.1982  ANGLE   =     2274.1806  DIHED      =     2375.0930
 UB      =        0.0000  IMP     =        0.0000  CMAP       =      339.7120
 VDWAALS =    79126.3168  EEL     =  -519529.9738  HBOND      =        0.0000
 1-4 VDW =     1624.0874  1-4 EEL =    17632.0852  RESTRAINT  =     3914.2455
 EAMBER  =  -348451.3005


   NSTEP       ENERGY          RMS            GMAX         NAME    NUMBER
   7000      -3.4496E+05     2.3643E-01     6.3230E+01     HA       4596

 BOND    =    68032.5832  ANGLE   =     2274.0607  DIHED      =     2375.1753
 UB      =        0.0000  IMP     =        0.0000  CMAP       =      339.7585
 VDWAALS =    79833.0858  EEL     =  -520986.1942  HBOND      =        0.0000
 1-4 VDW =     1624.0238  1-4 EEL =    17631.9768  RESTRAINT  =     3912.2277
 EAMBER  =  -348875.5300


   NSTEP       ENERGY          RMS            GMAX         NAME    NUMBER
   7500      -3.4535E+05     2.6110E-01     7.0957E+01     HA       4596

 BOND    =    68326.3148  ANGLE   =     2274.2908  DIHED      =     2375.1683
 UB      =        0.0000  IMP     =        0.0000  CMAP       =      339.7720
 VDWAALS =    80468.5533  EEL     =  -522297.0043  HBOND      =        0.0000
 1-4 VDW =     1624.0069  1-4 EEL =    17631.8923  RESTRAINT  =     3911.4742
 EAMBER  =  -349257.0060


   NSTEP       ENERGY          RMS            GMAX         NAME    NUMBER
   8000      -3.4569E+05     3.0730E-01     8.5067E+01     HA       4596

 BOND    =    68592.9397  ANGLE   =     2274.5289  DIHED      =     2375.1050
 UB      =        0.0000  IMP     =        0.0000  CMAP       =      339.7621
 VDWAALS =    81046.3675  EEL     =  -523486.1234  HBOND      =        0.0000
 1-4 VDW =     1623.9719  1-4 EEL =    17631.8345  RESTRAINT  =     3910.2685
 EAMBER  =  -349601.6139


   NSTEP       ENERGY          RMS            GMAX         NAME    NUMBER
   8500      -3.4602E+05     8.0552E-02     9.5643E+00     HA       4596

 BOND    =    68842.3800  ANGLE   =     2277.3452  DIHED      =     2375.0832
 UB      =        0.0000  IMP     =        0.0000  CMAP       =      339.7260
 VDWAALS =    81551.8346  EEL     =  -524583.0636  HBOND      =        0.0000
 1-4 VDW =     1624.0857  1-4 EEL =    17631.7976  RESTRAINT  =     3919.0558
 EAMBER  =  -349940.8114


   NSTEP       ENERGY          RMS            GMAX         NAME    NUMBER
   9000      -3.4633E+05     7.8002E-02     9.9962E+00     HA       4596

 BOND    =    69067.8943  ANGLE   =     2278.0010  DIHED      =     2375.2582
 UB      =        0.0000  IMP     =        0.0000  CMAP       =      339.6736
 VDWAALS =    82018.2653  EEL     =  -525585.2269  HBOND      =        0.0000
 1-4 VDW =     1624.0743  1-4 EEL =    17631.4835  RESTRAINT  =     3919.0087
 EAMBER  =  -350250.5767


   NSTEP       ENERGY          RMS            GMAX         NAME    NUMBER
   9500      -3.4662E+05     7.9694E-02     1.0417E+01     C7P        63

 BOND    =    69278.0389  ANGLE   =     2278.3752  DIHED      =     2375.4895
 UB      =        0.0000  IMP     =        0.0000  CMAP       =      339.6278
 VDWAALS =    82448.8569  EEL     =  -526516.0495  HBOND      =        0.0000
 1-4 VDW =     1624.1920  1-4 EEL =    17631.4609  RESTRAINT  =     3918.5016
 EAMBER  =  -350540.0083


   NSTEP       ENERGY          RMS            GMAX         NAME    NUMBER
  10000      -3.4689E+05     1.9612E-01     5.2323E+01     HA       4596

 BOND    =    69470.9008  ANGLE   =     2279.7462  DIHED      =     2375.5872
 UB      =        0.0000  IMP     =        0.0000  CMAP       =      339.6240
 VDWAALS =    82832.3991  EEL     =  -527366.9167  HBOND      =        0.0000
 1-4 VDW =     1624.4091  1-4 EEL =    17631.4195  RESTRAINT  =     3923.2641
 EAMBER  =  -350812.8307


   NSTEP       ENERGY          RMS            GMAX         NAME    NUMBER
  10500      -3.4821E+05     3.5303E-01     6.7320E+01     ND2      5884

 BOND    =    70443.1756  ANGLE   =     2278.5685  DIHED      =     2376.2486
 UB      =        0.0000  IMP     =        0.0000  CMAP       =      339.8216
 VDWAALS =    84860.0996  EEL     =  -531685.3354  HBOND      =        0.0000
 1-4 VDW =     1624.5554  1-4 EEL =    17631.2019  RESTRAINT  =     3919.2771
 EAMBER  =  -352131.6642


   NSTEP       ENERGY          RMS            GMAX         NAME    NUMBER
  11000      -3.4916E+05     1.6911E-01     1.5630E+01     OD2      5043

 BOND    =    71158.4390  ANGLE   =     2278.6617  DIHED      =     2375.3697
 UB      =        0.0000  IMP     =        0.0000  CMAP       =      339.9440
 VDWAALS =    86319.0833  EEL     =  -534804.2180  HBOND      =        0.0000
 1-4 VDW =     1624.7826  1-4 EEL =    17630.6542  RESTRAINT  =     3919.7633
 EAMBER  =  -353077.2836


   NSTEP       ENERGY          RMS            GMAX         NAME    NUMBER
  11500      -3.4969E+05     1.0330E-01     8.0255E+00     C9P        59

 BOND    =    71580.2058  ANGLE   =     2278.4600  DIHED      =     2375.0304
 UB      =        0.0000  IMP     =        0.0000  CMAP       =      340.1093
 VDWAALS =    87227.9644  EEL     =  -536665.5037  HBOND      =        0.0000
 1-4 VDW =     1624.9501  1-4 EEL =    17630.5001  RESTRAINT  =     3915.4307
 EAMBER  =  -353608.2835


   NSTEP       ENERGY          RMS            GMAX         NAME    NUMBER
  12000      -3.5030E+05     2.2576E-01     3.9457E+01     N7A        11

 BOND    =    72126.4149  ANGLE   =     2279.2616  DIHED      =     2374.9048
 UB      =        0.0000  IMP     =        0.0000  CMAP       =      340.3291
 VDWAALS =    88427.8963  EEL     =  -539026.2373  HBOND      =        0.0000
 1-4 VDW =     1624.8580  1-4 EEL =    17630.3530  RESTRAINT  =     3920.9373
 EAMBER  =  -354222.2195


   NSTEP       ENERGY          RMS            GMAX         NAME    NUMBER
  12500      -3.5066E+05     9.8666E-02     1.1183E+01     C5P        69

 BOND    =    72449.5449  ANGLE   =     2278.8514  DIHED      =     2374.5353
 UB      =        0.0000  IMP     =        0.0000  CMAP       =      340.5017
 VDWAALS =    89093.3191  EEL     =  -540370.8198  HBOND      =        0.0000
 1-4 VDW =     1624.6779  1-4 EEL =    17630.7536  RESTRAINT  =     3915.4786
 EAMBER  =  -354578.6358


   NSTEP       ENERGY          RMS            GMAX         NAME    NUMBER
  13000      -3.5096E+05     1.4210E-01     2.0590E+01     N7A        11

 BOND    =    72707.7330  ANGLE   =     2279.9217  DIHED      =     2374.7304
 UB      =        0.0000  IMP     =        0.0000  CMAP       =      340.5238
 VDWAALS =    89623.0826  EEL     =  -541463.7362  HBOND      =        0.0000
 1-4 VDW =     1624.4666  1-4 EEL =    17631.4579  RESTRAINT  =     3921.4535
 EAMBER  =  -354881.8203


   NSTEP       ENERGY          RMS            GMAX         NAME    NUMBER
  13500      -3.5124E+05     2.3870E-01     2.3053E+01     H4B        88

 BOND    =    72919.8048  ANGLE   =     2279.6474  DIHED      =     2374.7215
 UB      =        0.0000  IMP     =        0.0000  CMAP       =      340.7141
 VDWAALS =    90155.4189  EEL     =  -542490.8350  HBOND      =        0.0000
 1-4 VDW =     1624.5596  1-4 EEL =    17634.2773  RESTRAINT  =     3922.6222
 EAMBER  =  -355161.6912


   NSTEP       ENERGY          RMS            GMAX         NAME    NUMBER
  14000      -3.5164E+05     2.6332E-01     5.5284E+01     ND2      5884

 BOND    =    73280.8738  ANGLE   =     2277.4140  DIHED      =     2374.0559
 UB      =        0.0000  IMP     =        0.0000  CMAP       =      340.9879
 VDWAALS =    90910.3694  EEL     =  -543994.2869  HBOND      =        0.0000
 1-4 VDW =     1624.3937  1-4 EEL =    17634.2153  RESTRAINT  =     3912.3039
 EAMBER  =  -355551.9768

     .... RESTARTED DUE TO LINMIN FAILURE ...


   NSTEP       ENERGY          RMS            GMAX         NAME    NUMBER
  14500      -3.5198E+05     2.1601E-01     3.8019E+01     HA       4596

 BOND    =    73559.0689  ANGLE   =     2278.6470  DIHED      =     2374.0698
 UB      =        0.0000  IMP     =        0.0000  CMAP       =      341.0128
 VDWAALS =    91482.6794  EEL     =  -545189.4727  HBOND      =        0.0000
 1-4 VDW =     1624.2012  1-4 EEL =    17634.0720  RESTRAINT  =     3914.1623
 EAMBER  =  -355895.7217


   NSTEP       ENERGY          RMS            GMAX         NAME    NUMBER
  15000      -3.5225E+05     1.5110E-01     2.0210E+01     ND2      5884

 BOND    =    73781.7450  ANGLE   =     2279.4482  DIHED      =     2373.8366
 UB      =        0.0000  IMP     =        0.0000  CMAP       =      340.9572
 VDWAALS =    91935.2212  EEL     =  -546137.0471  HBOND      =        0.0000
 1-4 VDW =     1624.3045  1-4 EEL =    17633.9825  RESTRAINT  =     3918.2305
 EAMBER  =  -356167.5519


   NSTEP       ENERGY          RMS            GMAX         NAME    NUMBER
  15500      -3.5248E+05     6.1809E-02     4.8985E+00     ND2      5884

 BOND    =    73965.6098  ANGLE   =     2278.9380  DIHED      =     2373.7039
 UB      =        0.0000  IMP     =        0.0000  CMAP       =      341.0026
 VDWAALS =    92334.1181  EEL     =  -546945.9934  HBOND      =        0.0000
 1-4 VDW =     1624.3764  1-4 EEL =    17633.9017  RESTRAINT  =     3917.4402
 EAMBER  =  -356394.3428

     .... RESTARTED DUE TO LINMIN FAILURE ...


   NSTEP       ENERGY          RMS            GMAX         NAME    NUMBER
  16000      -3.5268E+05     1.8312E-01     1.3902E+01     H20       106

 BOND    =    74123.8097  ANGLE   =     2278.9113  DIHED      =     2374.2566
 UB      =        0.0000  IMP     =        0.0000  CMAP       =      340.9547
 VDWAALS =    92657.7127  EEL     =  -547628.3605  HBOND      =        0.0000
 1-4 VDW =     1624.2617  1-4 EEL =    17634.0446  RESTRAINT  =     3918.4535
 EAMBER  =  -356594.4092

     .... RESTARTED DUE TO LINMIN FAILURE ...

     .... RESTARTED DUE TO LINMIN FAILURE ...


   NSTEP       ENERGY          RMS            GMAX         NAME    NUMBER
  16500      -3.5289E+05     6.1562E-02     6.1739E+00     ND2      5884

 BOND    =    74289.1193  ANGLE   =     2279.9075  DIHED      =     2373.5515
 UB      =        0.0000  IMP     =        0.0000  CMAP       =      341.1071
 VDWAALS =    93015.4678  EEL     =  -548364.4326  HBOND      =        0.0000
 1-4 VDW =     1624.2152  1-4 EEL =    17633.9003  RESTRAINT  =     3916.2515
 EAMBER  =  -356807.1638


   NSTEP       ENERGY          RMS            GMAX         NAME    NUMBER
  17000      -3.5305E+05     1.1388E-01     1.7978E+01     ND2      5884

 BOND    =    74422.3856  ANGLE   =     2279.2443  DIHED      =     2373.3183
 UB      =        0.0000  IMP     =        0.0000  CMAP       =      341.1058
 VDWAALS =    93311.4394  EEL     =  -548947.0166  HBOND      =        0.0000
 1-4 VDW =     1624.0719  1-4 EEL =    17633.9149  RESTRAINT  =     3911.8405
 EAMBER  =  -356961.5364

     .... RESTARTED DUE TO LINMIN FAILURE ...


                    FINAL RESULTS



   NSTEP       ENERGY          RMS            GMAX         NAME    NUMBER
  17171      -3.5309E+05     4.9717E-02     5.4576E+00     C7P        63

 BOND    =    74455.0228  ANGLE   =     2279.7085  DIHED      =     2373.4009
 UB      =        0.0000  IMP     =        0.0000  CMAP       =      341.1235
 VDWAALS =    93371.6796  EEL     =  -549081.0459  HBOND      =        0.0000
 1-4 VDW =     1624.0776  1-4 EEL =    17633.6903  RESTRAINT  =     3915.7463
 EAMBER  =  -357002.3426

     ***** REPEATED LINMIN FAILURE *****
--------------------------------------------------------------------------------
   5.  TIMINGS
--------------------------------------------------------------------------------

|  NonSetup CPU Time in Major Routines:
|
|     Routine           Sec        %
|     ------------------------------
|     Nonbond          92.31   58.71
|     Bond              0.00    0.00
|     Angle             0.00    0.00
|     Dihedral          0.00    0.00
|     Shake             0.00    0.00
|     Other            64.92   41.29
|     ------------------------------
|     Total           157.23

|  PME Nonbond Pairlist CPU Time:
|
|     Routine              Sec        %
|     ---------------------------------
|     Set Up Cit           0.00    0.00
|     Build List           0.00    0.00
|     ---------------------------------
|     Total                0.00    0.00

|  PME Direct Force CPU Time:
|
|     Routine              Sec        %
|     ---------------------------------
|     NonBonded Calc       0.00    0.00
|     Exclude Masked       0.00    0.00
|     Other                0.05    0.03
|     ---------------------------------
|     Total                0.05    0.03

|  PME Reciprocal Force CPU Time:
|
|     Routine              Sec        %
|     ---------------------------------
|     1D bspline           0.00    0.00
|     Grid Charges         0.00    0.00
|     Scalar Sum           0.00    0.00
|     Gradient Sum         0.00    0.00
|     FFT                  0.00    0.00
|     ---------------------------------
|     Total                0.00    0.00

|  Setup CPU time:            1.46 seconds
|  NonSetup CPU time:       157.23 seconds
|  Total CPU time:          158.69 seconds     0.04 hours

|  Setup wall time:           1    seconds
|  NonSetup wall time:      158    seconds
|  Total wall time:         159    seconds     0.04 hours
