
          -------------------------------------------------------
          Amber 20 PMEMD                              2020
          -------------------------------------------------------

| PMEMD implementation of SANDER, Release 18

|  Compiled date/time: Wed Sep 22 23:21:21 2021
| Run on 08/16/2023 at 23:48:07

|   Executable path: /mnt/research/MerzGroup/Amber20Tools21/amber20/bin/pmemd.cuda
| Working directory: /mnt/ufs18/home-179/sharmag3/Aimen3
|          Hostname: nif-003

  [-O]verwriting output

File Assignments:
|   MDIN: ti2_min2.in                                                           
|  MDOUT: ti2_min2.out                                                          
| INPCRD: ti2_min1.rst                                                          
|   PARM: complex_solv.prmtop                                                   
| RESTRT: ti2_min2.rst                                                          
|   REFC: ti2_min1.rst                                                          
|  MDVEL: mdvel                                                                 
|   MDEN: mden                                                                  
|  MDCRD: ti2_min2.netcdf                                                       
| MDINFO: ti2_min2.mdinfo                                                       
|  MDFRC: mdfrc                                                                 


 Here is the input file:

min for deltaG calculation                                                     
 &cntrl                                                                        
  imin=1,                                                                      
  irest=0, ! default, no velocity from rst                                     
  ntmin=1, ! default, steep then conjugate                                     
  maxcyc=20000,                                                                
  ncyc=10000,                                                                  
  cut=10.0,                                                                    
  ntb=1,                                                                       
  ntpr=500, ! write to mdinfo file                                             
  ntwr=500, ! write to rst file                                                
  ntwx=10000, ! write to mdcrd file                                            
  ntave=500, ! calc ave every 500 steps                                        
  ioutfm=1,                                                                    
  iwrap=1,                                                                     
  ntr=1,                                                                       
  restraintmask=':1-433 & !@H= ',                                              
  restraint_wt=200,                                                            
/                                                                              
&ewald                                                                         
nfft1=48, nfft2=48, nfft3=48,                                                  
/                                                                              


Note: ig = -1. Setting random seed to   416345 based on wallclock time in 
      microseconds.
| irandom = 1, using AMBER's internal random number generator (default).
 
|--------------------- INFORMATION ----------------------
| GPU (CUDA) Version of PMEMD in use: NVIDIA GPU IN USE.
|                    Version 18.0.0
| 
|                      03/25/2018
| 
| Implementation by:
|                    Ross C. Walker     (SDSC)
|                    Scott Le Grand     (nVIDIA)
| 
| Version 18 performance extensions by:
|                    David Cerutti     (Rutgers)
| 
| Precision model in use:
|      [SPFP] - Single Precision Forces, 64-bit Fixed Point
|               Accumulation. (Default)
| 
|--------------------------------------------------------
 
|----------------- CITATION INFORMATION -----------------
|
|    When publishing work that utilized the CUDA version
|    of AMBER, please cite the following in addition to
|    the regular AMBER citations:
|
|  - Romelia Salomon-Ferrer; Andreas W. Goetz; Duncan
|    Poole; Scott Le Grand; Ross C. Walker "Routine
|    microsecond molecular dynamics simulations with
|    AMBER - Part II: Particle Mesh Ewald", J. Chem.
|    Theory Comput., 2013, 9 (9), pp3878-3888,
|    DOI: 10.1021/ct400314y.
|
|  - Andreas W. Goetz; Mark J. Williamson; Dong Xu;
|    Duncan Poole; Scott Le Grand; Ross C. Walker
|    "Routine microsecond molecular dynamics simulations
|    with AMBER - Part I: Generalized Born", J. Chem.
|    Theory Comput., 2012, 8 (5), pp1542-1555.
|
|  - Scott Le Grand; Andreas W. Goetz; Ross C. Walker
|    "SPFP: Speed without compromise - a mixed precision
|    model for GPU accelerated molecular dynamics
|    simulations.", Comp. Phys. Comm., 2013, 184
|    pp374-380, DOI: 10.1016/j.cpc.2012.09.022
|
|--------------------------------------------------------
 
|------------------- GPU DEVICE INFO --------------------
|
|            CUDA_VISIBLE_DEVICES: 0
|   CUDA Capable Devices Detected:      1
|           CUDA Device ID in use:      0
|                CUDA Device Name: NVIDIA A100-PCIE-40GB
|     CUDA Device Global Mem Size:  40370 MB
| CUDA Device Num Multiprocessors:    108
|           CUDA Device Core Freq:   1.41 GHz
|
|--------------------------------------------------------
 
 
| Conditional Compilation Defines Used:
| PUBFFT
| BINTRAJ
| CUDA
| EMIL

| Largest sphere to fit in unit cell has radius =    40.197

| New format PARM file being parsed.
| Version =    1.000 Date = 08/16/23 Time = 23:46:44

| Note: 1-4 EEL scale factors are being read from the topology file.

| Note: 1-4 VDW scale factors are being read from the topology file.
| Duplicated    0 dihedrals

| Duplicated    0 dihedrals

--------------------------------------------------------------------------------
   1.  RESOURCE   USE: 
--------------------------------------------------------------------------------

 getting box info from netcdf restart file
 NATOM  =   70018 NTYPES =      35 NBONH =   50764 MBONA  =   19358
 NTHETH =    7727 MTHETA =    4881 NPHIH =   15658 MPHIA  =   15276
 NHPARM =       0 NPARM  =       0 NNB   =  148551 NRES   =   16223
 NBONA  =   19358 NTHETA =    4881 NPHIA =   15276 NUMBND =     117
 NUMANG =     269 NPTRA  =     252 NATYP =      64 NPHB   =       0
 IFBOX  =       1 NMXRS  =      96 IFCAP =       0 NEXTRA =   15790
 NCOPY  =       0


| Coordinate Index Table dimensions:    15   17   14
| Direct force subcell size =     5.8629    5.5424    5.7424

     BOX TYPE: RECTILINEAR

--------------------------------------------------------------------------------
   2.  CONTROL  DATA  FOR  THE  RUN
--------------------------------------------------------------------------------

default_name                                                                    

General flags:
     imin    =       1, nmropt  =       0

Nature and format of input:
     ntx     =       1, irest   =       0, ntrx    =       1

Nature and format of output:
     ntxo    =       2, ntpr    =     500, ntrx    =       1, ntwr    =     500
     iwrap   =       1, ntwx    =   10000, ntwv    =       0, ntwe    =       0
     ioutfm  =       1, ntwprt  =       0, idecomp =       0, rbornstat=      0

Potential function:
     ntf     =       1, ntb     =       1, igb     =       0, nsnb    =      25
     ipol    =       0, gbsa    =       0, iesp    =       0
     dielc   =   1.00000, cut     =  10.00000, intdiel =   1.00000

Frozen or restrained atoms:
     ibelly  =       0, ntr     =       1
     restraint_wt = 200.00000

Energy minimization:
     maxcyc  =   20000, ncyc    =   10000, ntmin   =       1
     dx0     =   0.01000, drms    =   0.00010

| Intermolecular bonds treatment:
|     no_intermolecular_bonds =       1

| Energy averages sample interval:
|     ene_avg_sampling =       1

Extra-points options:
     frameon =       1, chngmask=       1

Ewald parameters:
     verbose =       0, ew_type =       0, nbflag  =       1, use_pme =       1
     vdwmeth =       1, eedmeth =       1, netfrc  =       0
     Box X =   87.944   Box Y =   94.221   Box Z =   80.394
     Alpha =   90.000   Beta  =   90.000   Gamma =   90.000
     NFFT1 =   48       NFFT2 =   48       NFFT3 =   48
     Cutoff=   10.000   Tol   =0.100E-04
     Ewald Coefficient =  0.27511
     Interpolation order =    4

    LOADING THE CONSTRAINED ATOMS AS GROUPS


   5.  REFERENCE ATOM COORDINATES

  default_name                                                                    
     Mask :1-433 & !@H=; matches  3464 atoms
|      EXTRA_PTS, trim_bonds: num bonds BEFORE trim = 50764     0
|      EXTRA_PTS, trim_bonds: num bonds AFTER  trim = 50764     0
|      EXTRA_PTS, trim_bonds: num bonds BEFORE trim = 19358     0
|      EXTRA_PTS, trim_bonds: num bonds AFTER  trim =  3568     0
|      EXTRA_PTS, trim_theta: num angle BEFORE trim =  7727     0
|      EXTRA_PTS, trim_theta: num angle AFTER  trim =  7727     0
|      EXTRA_PTS, trim_theta: num angle BEFORE trim =  4881     0
|      EXTRA_PTS, trim_theta: num angle AFTER  trim =  4881     0
|      EXTRA_PTS, trim_phi:  num diheds BEFORE trim = 15658     0
|      EXTRA_PTS, trim_phi:  num diheds AFTER  trim = 15658     0
|      EXTRA_PTS, trim_phi:  num diheds BEFORE trim = 15276     0
|      EXTRA_PTS, trim_phi:  num diheds AFTER  trim = 15276     0

--------------------------------------------------------------------------------
   3.  ATOMIC COORDINATES AND VELOCITIES
--------------------------------------------------------------------------------

default_name                                                                    
 begin time read from input coords =     0.000 ps

 
 Number of triangulated 3-point waters found:    15790

     Sum of charges from parm topology file =  -7.99991453
     Assuming uniform neutralizing plasma

| Dynamic Memory, Types Used:
| Reals             2095958
| Integers          5051378

| Nonbonded Pairs Initial Allocation:    21178694

| GPU memory information (estimate):
| KB of GPU memory in use:    243576
| KB of CPU memory in use:     95400

--------------------------------------------------------------------------------
   4.  RESULTS
--------------------------------------------------------------------------------



   NSTEP       ENERGY          RMS            GMAX         NAME    NUMBER
      1      -2.8087E+05     2.0552E+00     1.9946E+02     F1       6857

 BOND    =    57621.0799  ANGLE   =     2242.8421  DIHED      =     2274.3452
 UB      =        0.0000  IMP     =        0.0000  CMAP       =      315.3792
 VDWAALS =    69979.7242  EEL     =  -431141.7329  HBOND      =        0.0000
 1-4 VDW =     1407.6478  1-4 EEL =    16428.0458  RESTRAINT  =        0.0000


   NSTEP       ENERGY          RMS            GMAX         NAME    NUMBER
    500      -2.8247E+05     2.9927E-02     2.4667E+00     HG       1940

 BOND    =    57477.6068  ANGLE   =     1392.2438  DIHED      =     2018.3223
 UB      =        0.0000  IMP     =        0.0000  CMAP       =      311.1270
 VDWAALS =    69852.5735  EEL     =  -431479.0842  HBOND      =        0.0000
 1-4 VDW =     1345.6116  1-4 EEL =    16401.4008  RESTRAINT  =      205.2215
 EAMBER  =  -282680.1985


   NSTEP       ENERGY          RMS            GMAX         NAME    NUMBER
   1000      -2.8252E+05     2.5786E-02     2.7517E+00     CD        938

 BOND    =    57503.7292  ANGLE   =     1391.7072  DIHED      =     2015.7221
 UB      =        0.0000  IMP     =        0.0000  CMAP       =      311.0754
 VDWAALS =    69909.5366  EEL     =  -431605.4503  HBOND      =        0.0000
 1-4 VDW =     1345.1700  1-4 EEL =    16399.3694  RESTRAINT  =      205.4020
 EAMBER  =  -282729.1404


   NSTEP       ENERGY          RMS            GMAX         NAME    NUMBER
   1500      -2.8256E+05     2.9876E-02     1.7445E+00     CZ        711

 BOND    =    57528.3788  ANGLE   =     1391.5951  DIHED      =     2015.2879
 UB      =        0.0000  IMP     =        0.0000  CMAP       =      311.0643
 VDWAALS =    69965.1463  EEL     =  -431719.0150  HBOND      =        0.0000
 1-4 VDW =     1345.1645  1-4 EEL =    16398.8532  RESTRAINT  =      205.4816
 EAMBER  =  -282763.5249


   NSTEP       ENERGY          RMS            GMAX         NAME    NUMBER
   2000      -2.8259E+05     6.1791E-02     1.0821E+01     CG        125

 BOND    =    57552.5813  ANGLE   =     1391.6670  DIHED      =     2015.7106
 UB      =        0.0000  IMP     =        0.0000  CMAP       =      311.0635
 VDWAALS =    70019.4108  EEL     =  -431831.5488  HBOND      =        0.0000
 1-4 VDW =     1345.1963  1-4 EEL =    16398.1383  RESTRAINT  =      205.6043
 EAMBER  =  -282797.7810


   NSTEP       ENERGY          RMS            GMAX         NAME    NUMBER
   2500      -2.8263E+05     6.9673E-02     2.2049E+01     CG       1910

 BOND    =    57576.6021  ANGLE   =     1391.6908  DIHED      =     2015.3369
 UB      =        0.0000  IMP     =        0.0000  CMAP       =      311.0754
 VDWAALS =    70072.4121  EEL     =  -431943.7848  HBOND      =        0.0000
 1-4 VDW =     1345.2711  1-4 EEL =    16397.4396  RESTRAINT  =      205.7043
 EAMBER  =  -282833.9568


   NSTEP       ENERGY          RMS            GMAX         NAME    NUMBER
   3000      -2.8267E+05     7.0973E-02     1.2493E+01     CG        125

 BOND    =    57599.0061  ANGLE   =     1391.8058  DIHED      =     2015.6095
 UB      =        0.0000  IMP     =        0.0000  CMAP       =      311.0750
 VDWAALS =    70117.9182  EEL     =  -432054.7951  HBOND      =        0.0000
 1-4 VDW =     1345.2821  1-4 EEL =    16397.6832  RESTRAINT  =      205.7724
 EAMBER  =  -282876.4150


   NSTEP       ENERGY          RMS            GMAX         NAME    NUMBER
   3500      -2.8272E+05     8.8131E-02     2.7745E+01     CG       1910

 BOND    =    57623.1684  ANGLE   =     1391.9018  DIHED      =     2015.7618
 UB      =        0.0000  IMP     =        0.0000  CMAP       =      311.0748
 VDWAALS =    70167.3305  EEL     =  -432179.8983  HBOND      =        0.0000
 1-4 VDW =     1345.3015  1-4 EEL =    16397.3947  RESTRAINT  =      205.8218
 EAMBER  =  -282927.9649


   NSTEP       ENERGY          RMS            GMAX         NAME    NUMBER
   4000      -2.8276E+05     2.5543E-02     1.8256E+00     CD        938

 BOND    =    57651.7932  ANGLE   =     1391.8914  DIHED      =     2015.8485
 UB      =        0.0000  IMP     =        0.0000  CMAP       =      311.0776
 VDWAALS =    70225.9514  EEL     =  -432309.5359  HBOND      =        0.0000
 1-4 VDW =     1345.3355  1-4 EEL =    16397.3004  RESTRAINT  =      205.8083
 EAMBER  =  -282970.3378


   NSTEP       ENERGY          RMS            GMAX         NAME    NUMBER
   4500      -2.8280E+05     3.1674E-02     2.6373E+00     CG       6335

 BOND    =    57678.1088  ANGLE   =     1391.9815  DIHED      =     2015.8037
 UB      =        0.0000  IMP     =        0.0000  CMAP       =      311.0775
 VDWAALS =    70279.1294  EEL     =  -432427.3849  HBOND      =        0.0000
 1-4 VDW =     1345.3444  1-4 EEL =    16397.2718  RESTRAINT  =      205.8098
 EAMBER  =  -283008.6677


   NSTEP       ENERGY          RMS            GMAX         NAME    NUMBER
   5000      -2.8285E+05     2.4831E-02     2.3036E+00     H2      45257

 BOND    =    57704.5548  ANGLE   =     1392.1546  DIHED      =     2015.5043
 UB      =        0.0000  IMP     =        0.0000  CMAP       =      311.0766
 VDWAALS =    70333.3586  EEL     =  -432552.3445  HBOND      =        0.0000
 1-4 VDW =     1345.3268  1-4 EEL =    16397.2154  RESTRAINT  =      205.8693
 EAMBER  =  -283053.1534


   NSTEP       ENERGY          RMS            GMAX         NAME    NUMBER
   5500      -2.8289E+05     1.1386E-01     7.5533E+00     H2      56065

 BOND    =    57730.5533  ANGLE   =     1392.2231  DIHED      =     2015.3060
 UB      =        0.0000  IMP     =        0.0000  CMAP       =      311.0736
 VDWAALS =    70384.5998  EEL     =  -432671.4000  HBOND      =        0.0000
 1-4 VDW =     1345.3133  1-4 EEL =    16397.1929  RESTRAINT  =      205.9201
 EAMBER  =  -283095.1381


   NSTEP       ENERGY          RMS            GMAX         NAME    NUMBER
   6000      -2.8293E+05     6.6681E-02     1.7164E+01     CG        125

 BOND    =    57755.8800  ANGLE   =     1392.2049  DIHED      =     2015.3408
 UB      =        0.0000  IMP     =        0.0000  CMAP       =      311.0707
 VDWAALS =    70437.6385  EEL     =  -432788.7772  HBOND      =        0.0000
 1-4 VDW =     1345.3421  1-4 EEL =    16397.2168  RESTRAINT  =      205.9613
 EAMBER  =  -283134.0834


   NSTEP       ENERGY          RMS            GMAX         NAME    NUMBER
   6500      -2.8297E+05     7.1035E-02     9.4376E+00     CD       3794

 BOND    =    57783.8805  ANGLE   =     1392.2047  DIHED      =     2015.5323
 UB      =        0.0000  IMP     =        0.0000  CMAP       =      311.0694
 VDWAALS =    70501.5810  EEL     =  -432919.9689  HBOND      =        0.0000
 1-4 VDW =     1345.3683  1-4 EEL =    16397.2290  RESTRAINT  =      205.9774
 EAMBER  =  -283173.1038


   NSTEP       ENERGY          RMS            GMAX         NAME    NUMBER
   7000      -2.8300E+05     6.9177E-02     1.3946E+01     CG       1910

 BOND    =    57811.3712  ANGLE   =     1392.1049  DIHED      =     2015.8589
 UB      =        0.0000  IMP     =        0.0000  CMAP       =      311.0705
 VDWAALS =    70563.3137  EEL     =  -433045.0396  HBOND      =        0.0000
 1-4 VDW =     1345.4179  1-4 EEL =    16397.2926  RESTRAINT  =      205.9616
 EAMBER  =  -283208.6100


   NSTEP       ENERGY          RMS            GMAX         NAME    NUMBER
   7500      -2.8304E+05     7.9822E-02     2.0263E+01     CG       1910

 BOND    =    57841.2830  ANGLE   =     1392.1723  DIHED      =     2014.2286
 UB      =        0.0000  IMP     =        0.0000  CMAP       =      311.0716
 VDWAALS =    70634.0767  EEL     =  -433185.9464  HBOND      =        0.0000
 1-4 VDW =     1345.4552  1-4 EEL =    16397.2238  RESTRAINT  =      206.0056
 EAMBER  =  -283250.4352


   NSTEP       ENERGY          RMS            GMAX         NAME    NUMBER
   8000      -2.8308E+05     2.1690E-02     1.3795E+00     C        2931

 BOND    =    57866.3199  ANGLE   =     1392.1898  DIHED      =     2013.3594
 UB      =        0.0000  IMP     =        0.0000  CMAP       =      311.0746
 VDWAALS =    70689.8710  EEL     =  -433300.1948  HBOND      =        0.0000
 1-4 VDW =     1345.4900  1-4 EEL =    16397.1033  RESTRAINT  =      206.0677
 EAMBER  =  -283284.7867


   NSTEP       ENERGY          RMS            GMAX         NAME    NUMBER
   8500      -2.8310E+05     1.8985E-02     5.2153E-01     H2      37717

 BOND    =    57882.8010  ANGLE   =     1392.2150  DIHED      =     2013.3947
 UB      =        0.0000  IMP     =        0.0000  CMAP       =      311.0739
 VDWAALS =    70723.3946  EEL     =  -433370.2401  HBOND      =        0.0000
 1-4 VDW =     1345.5099  1-4 EEL =    16397.0934  RESTRAINT  =      206.1097
 EAMBER  =  -283304.7576


   NSTEP       ENERGY          RMS            GMAX         NAME    NUMBER
   9000      -2.8310E+05     1.8983E-02     5.2200E-01     H2      37717

 BOND    =    57882.8172  ANGLE   =     1392.2150  DIHED      =     2013.3948
 UB      =        0.0000  IMP     =        0.0000  CMAP       =      311.0739
 VDWAALS =    70723.4249  EEL     =  -433370.2896  HBOND      =        0.0000
 1-4 VDW =     1345.5099  1-4 EEL =    16397.0934  RESTRAINT  =      206.1098
 EAMBER  =  -283304.7605


   NSTEP       ENERGY          RMS            GMAX         NAME    NUMBER
   9500      -2.8310E+05     1.8983E-02     5.2244E-01     H2      37717

 BOND    =    57882.8345  ANGLE   =     1392.2150  DIHED      =     2013.3948
 UB      =        0.0000  IMP     =        0.0000  CMAP       =      311.0739
 VDWAALS =    70723.4596  EEL     =  -433370.3489  HBOND      =        0.0000
 1-4 VDW =     1345.5100  1-4 EEL =    16397.0934  RESTRAINT  =      206.1098
 EAMBER  =  -283304.7676


   NSTEP       ENERGY          RMS            GMAX         NAME    NUMBER
  10000      -2.8310E+05     1.8981E-02     5.2296E-01     H2      37717

 BOND    =    57882.8550  ANGLE   =     1392.2150  DIHED      =     2013.3948
 UB      =        0.0000  IMP     =        0.0000  CMAP       =      311.0739
 VDWAALS =    70723.4987  EEL     =  -433370.4448  HBOND      =        0.0000
 1-4 VDW =     1345.5100  1-4 EEL =    16397.0934  RESTRAINT  =      206.1098
 EAMBER  =  -283304.8040

     .... RESTARTED DUE TO LINMIN FAILURE ...

     .... RESTARTED DUE TO LINMIN FAILURE ...


   NSTEP       ENERGY          RMS            GMAX         NAME    NUMBER
  10500      -2.8332E+05     1.1237E-01     1.1195E+01     CG       1369

 BOND    =    58094.7262  ANGLE   =     1392.5010  DIHED      =     2013.6384
 UB      =        0.0000  IMP     =        0.0000  CMAP       =      311.1032
 VDWAALS =    71149.5975  EEL     =  -434230.2824  HBOND      =        0.0000
 1-4 VDW =     1345.8488  1-4 EEL =    16397.3913  RESTRAINT  =      206.5836
 EAMBER  =  -283525.4759

     .... RESTARTED DUE TO LINMIN FAILURE ...

     .... RESTARTED DUE TO LINMIN FAILURE ...


   NSTEP       ENERGY          RMS            GMAX         NAME    NUMBER
  11000      -2.8351E+05     7.9457E-02     1.2594E+01     O       60599

 BOND    =    58227.0129  ANGLE   =     1392.6682  DIHED      =     2014.6788
 UB      =        0.0000  IMP     =        0.0000  CMAP       =      311.0566
 VDWAALS =    71450.0312  EEL     =  -434852.4561  HBOND      =        0.0000
 1-4 VDW =     1345.9363  1-4 EEL =    16397.7268  RESTRAINT  =      206.5914
 EAMBER  =  -283713.3453


   NSTEP       ENERGY          RMS            GMAX         NAME    NUMBER
  11500      -2.8366E+05     1.0958E-01     9.5111E+00     H2      18293

 BOND    =    58331.2679  ANGLE   =     1393.1484  DIHED      =     2015.5792
 UB      =        0.0000  IMP     =        0.0000  CMAP       =      311.0686
 VDWAALS =    71665.9853  EEL     =  -435327.7209  HBOND      =        0.0000
 1-4 VDW =     1346.1084  1-4 EEL =    16397.2053  RESTRAINT  =      206.8506
 EAMBER  =  -283867.3578

     .... RESTARTED DUE TO LINMIN FAILURE ...


                    FINAL RESULTS



   NSTEP       ENERGY          RMS            GMAX         NAME    NUMBER
  11544      -2.8367E+05     8.3447E-02     1.3547E+01     CG       1910

 BOND    =    58340.1984  ANGLE   =     1393.4802  DIHED      =     2015.4828
 UB      =        0.0000  IMP     =        0.0000  CMAP       =      311.0510
 VDWAALS =    71673.4135  EEL     =  -435356.2571  HBOND      =        0.0000
 1-4 VDW =     1345.9916  1-4 EEL =    16397.1334  RESTRAINT  =      206.9051
 EAMBER  =  -283879.5061

     ***** REPEATED LINMIN FAILURE *****
--------------------------------------------------------------------------------
   5.  TIMINGS
--------------------------------------------------------------------------------

|  NonSetup CPU Time in Major Routines:
|
|     Routine           Sec        %
|     ------------------------------
|     Nonbond          16.94   38.10
|     Bond              0.00    0.00
|     Angle             0.00    0.00
|     Dihedral          0.00    0.00
|     Shake             0.00    0.00
|     Other            27.53   61.90
|     ------------------------------
|     Total            44.48

|  PME Nonbond Pairlist CPU Time:
|
|     Routine              Sec        %
|     ---------------------------------
|     Set Up Cit           0.00    0.00
|     Build List           0.00    0.00
|     ---------------------------------
|     Total                0.00    0.00

|  PME Direct Force CPU Time:
|
|     Routine              Sec        %
|     ---------------------------------
|     NonBonded Calc       0.00    0.00
|     Exclude Masked       0.00    0.00
|     Other                0.02    0.04
|     ---------------------------------
|     Total                0.02    0.04

|  PME Reciprocal Force CPU Time:
|
|     Routine              Sec        %
|     ---------------------------------
|     1D bspline           0.00    0.00
|     Grid Charges         0.00    0.00
|     Scalar Sum           0.00    0.00
|     Gradient Sum         0.00    0.00
|     FFT                  0.00    0.00
|     ---------------------------------
|     Total                0.00    0.00

|  Setup CPU time:            0.93 seconds
|  NonSetup CPU time:        44.48 seconds
|  Total CPU time:           45.41 seconds     0.01 hours

|  Setup wall time:           1    seconds
|  NonSetup wall time:       45    seconds
|  Total wall time:          46    seconds     0.01 hours
