
          -------------------------------------------------------
          Amber 20 PMEMD                              2020
          -------------------------------------------------------

| PMEMD implementation of SANDER, Release 18

|  Compiled date/time: Wed Sep 22 23:21:21 2021
| Run on 08/16/2023 at 23:46:57

|   Executable path: /mnt/research/MerzGroup/Amber20Tools21/amber20/bin/pmemd.cuda
| Working directory: /mnt/ufs18/home-179/sharmag3/Aimen3
|          Hostname: nif-003

  [-O]verwriting output

File Assignments:
|   MDIN: ti2_min1.in                                                           
|  MDOUT: ti2_min1.out                                                          
| INPCRD: complex_solv.inpcrd                                                   
|   PARM: complex_solv.prmtop                                                   
| RESTRT: ti2_min1.rst                                                          
|   REFC: complex_solv.inpcrd                                                   
|  MDVEL: mdvel                                                                 
|   MDEN: mden                                                                  
|  MDCRD: ti2_min1.netcdf                                                       
| MDINFO: ti2_min1.mdinfo                                                       
|  MDFRC: mdfrc                                                                 


 Here is the input file:

min for deltaG calculation                                                     
 &cntrl                                                                        
  imin=1,                                                                      
  irest=0, ! default, no velocity from rst                                     
  ntmin=1, ! default, steep then conjugate                                     
  maxcyc=20000,                                                                
  ncyc=10000,                                                                  
  cut=10.0,                                                                    
  ntb=1,                                                                       
  ntpr=500, ! write to mdinfo file                                             
  ntwr=500, ! write to rst file                                                
  ntwx=10000, ! write to mdcrd file                                            
  ntave=500, ! calc ave every 500 steps                                        
  ioutfm=1,                                                                    
  iwrap=1,                                                                     
  ntr=1,                                                                       
  restraintmask=':1-433',                                                      
  restraint_wt=200,                                                            
/                                                                              
&ewald                                                                         
nfft1=48, nfft2=48, nfft3=48,                                                  
/                                                                              


Note: ig = -1. Setting random seed to   898931 based on wallclock time in 
      microseconds.
| irandom = 1, using AMBER's internal random number generator (default).
 
|--------------------- INFORMATION ----------------------
| GPU (CUDA) Version of PMEMD in use: NVIDIA GPU IN USE.
|                    Version 18.0.0
| 
|                      03/25/2018
| 
| Implementation by:
|                    Ross C. Walker     (SDSC)
|                    Scott Le Grand     (nVIDIA)
| 
| Version 18 performance extensions by:
|                    David Cerutti     (Rutgers)
| 
| Precision model in use:
|      [SPFP] - Single Precision Forces, 64-bit Fixed Point
|               Accumulation. (Default)
| 
|--------------------------------------------------------
 
|----------------- CITATION INFORMATION -----------------
|
|    When publishing work that utilized the CUDA version
|    of AMBER, please cite the following in addition to
|    the regular AMBER citations:
|
|  - Romelia Salomon-Ferrer; Andreas W. Goetz; Duncan
|    Poole; Scott Le Grand; Ross C. Walker "Routine
|    microsecond molecular dynamics simulations with
|    AMBER - Part II: Particle Mesh Ewald", J. Chem.
|    Theory Comput., 2013, 9 (9), pp3878-3888,
|    DOI: 10.1021/ct400314y.
|
|  - Andreas W. Goetz; Mark J. Williamson; Dong Xu;
|    Duncan Poole; Scott Le Grand; Ross C. Walker
|    "Routine microsecond molecular dynamics simulations
|    with AMBER - Part I: Generalized Born", J. Chem.
|    Theory Comput., 2012, 8 (5), pp1542-1555.
|
|  - Scott Le Grand; Andreas W. Goetz; Ross C. Walker
|    "SPFP: Speed without compromise - a mixed precision
|    model for GPU accelerated molecular dynamics
|    simulations.", Comp. Phys. Comm., 2013, 184
|    pp374-380, DOI: 10.1016/j.cpc.2012.09.022
|
|--------------------------------------------------------
 
|------------------- GPU DEVICE INFO --------------------
|
|            CUDA_VISIBLE_DEVICES: 0
|   CUDA Capable Devices Detected:      1
|           CUDA Device ID in use:      0
|                CUDA Device Name: NVIDIA A100-PCIE-40GB
|     CUDA Device Global Mem Size:  40370 MB
| CUDA Device Num Multiprocessors:    108
|           CUDA Device Core Freq:   1.41 GHz
|
|--------------------------------------------------------
 
 
| Conditional Compilation Defines Used:
| PUBFFT
| BINTRAJ
| CUDA
| EMIL

| Largest sphere to fit in unit cell has radius =    40.197

| New format PARM file being parsed.
| Version =    1.000 Date = 08/16/23 Time = 23:46:44

| Note: 1-4 EEL scale factors are being read from the topology file.

| Note: 1-4 VDW scale factors are being read from the topology file.
| Duplicated    0 dihedrals

| Duplicated    0 dihedrals

--------------------------------------------------------------------------------
   1.  RESOURCE   USE: 
--------------------------------------------------------------------------------

 getting new box info from bottom of inpcrd
 NATOM  =   70018 NTYPES =      35 NBONH =   50764 MBONA  =   19358
 NTHETH =    7727 MTHETA =    4881 NPHIH =   15658 MPHIA  =   15276
 NHPARM =       0 NPARM  =       0 NNB   =  148551 NRES   =   16223
 NBONA  =   19358 NTHETA =    4881 NPHIA =   15276 NUMBND =     117
 NUMANG =     269 NPTRA  =     252 NATYP =      64 NPHB   =       0
 IFBOX  =       1 NMXRS  =      96 IFCAP =       0 NEXTRA =   15790
 NCOPY  =       0


| Coordinate Index Table dimensions:    15   17   14
| Direct force subcell size =     5.8629    5.5424    5.7424

     BOX TYPE: RECTILINEAR

--------------------------------------------------------------------------------
   2.  CONTROL  DATA  FOR  THE  RUN
--------------------------------------------------------------------------------

default_name                                                                    

General flags:
     imin    =       1, nmropt  =       0

Nature and format of input:
     ntx     =       1, irest   =       0, ntrx    =       1

Nature and format of output:
     ntxo    =       2, ntpr    =     500, ntrx    =       1, ntwr    =     500
     iwrap   =       1, ntwx    =   10000, ntwv    =       0, ntwe    =       0
     ioutfm  =       1, ntwprt  =       0, idecomp =       0, rbornstat=      0

Potential function:
     ntf     =       1, ntb     =       1, igb     =       0, nsnb    =      25
     ipol    =       0, gbsa    =       0, iesp    =       0
     dielc   =   1.00000, cut     =  10.00000, intdiel =   1.00000

Frozen or restrained atoms:
     ibelly  =       0, ntr     =       1
     restraint_wt = 200.00000

Energy minimization:
     maxcyc  =   20000, ncyc    =   10000, ntmin   =       1
     dx0     =   0.01000, drms    =   0.00010

| Intermolecular bonds treatment:
|     no_intermolecular_bonds =       1

| Energy averages sample interval:
|     ene_avg_sampling =       1

Extra-points options:
     frameon =       1, chngmask=       1

Ewald parameters:
     verbose =       0, ew_type =       0, nbflag  =       1, use_pme =       1
     vdwmeth =       1, eedmeth =       1, netfrc  =       0
     Box X =   87.944   Box Y =   94.221   Box Z =   80.394
     Alpha =   90.000   Beta  =   90.000   Gamma =   90.000
     NFFT1 =   48       NFFT2 =   48       NFFT3 =   48
     Cutoff=   10.000   Tol   =0.100E-04
     Ewald Coefficient =  0.27511
     Interpolation order =    4

    LOADING THE CONSTRAINED ATOMS AS GROUPS


   5.  REFERENCE ATOM COORDINATES

  default_name                                                                    
     Mask :1-433; matches  6858 atoms
|      EXTRA_PTS, trim_bonds: num bonds BEFORE trim = 50764     0
|      EXTRA_PTS, trim_bonds: num bonds AFTER  trim = 50764     0
|      EXTRA_PTS, trim_bonds: num bonds BEFORE trim = 19358     0
|      EXTRA_PTS, trim_bonds: num bonds AFTER  trim =  3568     0
|      EXTRA_PTS, trim_theta: num angle BEFORE trim =  7727     0
|      EXTRA_PTS, trim_theta: num angle AFTER  trim =  7727     0
|      EXTRA_PTS, trim_theta: num angle BEFORE trim =  4881     0
|      EXTRA_PTS, trim_theta: num angle AFTER  trim =  4881     0
|      EXTRA_PTS, trim_phi:  num diheds BEFORE trim = 15658     0
|      EXTRA_PTS, trim_phi:  num diheds AFTER  trim = 15658     0
|      EXTRA_PTS, trim_phi:  num diheds BEFORE trim = 15276     0
|      EXTRA_PTS, trim_phi:  num diheds AFTER  trim = 15276     0

--------------------------------------------------------------------------------
   3.  ATOMIC COORDINATES AND VELOCITIES
--------------------------------------------------------------------------------

default_name                                                                    
 begin time read from input coords =     0.000 ps

 
 Number of triangulated 3-point waters found:    15790

     Sum of charges from parm topology file =  -7.99991453
     Assuming uniform neutralizing plasma

| Dynamic Memory, Types Used:
| Reals             2095958
| Integers          5051378

| Nonbonded Pairs Initial Allocation:    21178694

| GPU memory information (estimate):
| KB of GPU memory in use:    243990
| KB of CPU memory in use:     95814

--------------------------------------------------------------------------------
   4.  RESULTS
--------------------------------------------------------------------------------



   NSTEP       ENERGY          RMS            GMAX         NAME    NUMBER
      1       4.6507E+05     4.9066E+01     8.8081E+03     O13      6757

 BOND    =     1832.2671  ANGLE   =     3670.3032  DIHED      =     2551.2367
 UB      =        0.0000  IMP     =        0.0000  CMAP       =      314.2912
 VDWAALS =   669303.8858  EEL     =  -230541.7020  HBOND      =        0.0000
 1-4 VDW =     1454.1829  1-4 EEL =    16480.8011  RESTRAINT  =        0.0000


   NSTEP       ENERGY          RMS            GMAX         NAME    NUMBER
    500      -2.5368E+05     5.8696E-01     1.0172E+02     F1       6857

 BOND    =    40366.6007  ANGLE   =     2232.4973  DIHED      =     2276.1438
 UB      =        0.0000  IMP     =        0.0000  CMAP       =      315.4604
 VDWAALS =    35741.0716  EEL     =  -353578.1218  HBOND      =        0.0000
 1-4 VDW =     1407.7837  1-4 EEL =    16429.2264  RESTRAINT  =     1128.7499
 EAMBER  =  -254809.3379


   NSTEP       ENERGY          RMS            GMAX         NAME    NUMBER
   1000      -2.6018E+05     6.5433E-01     1.5607E+02     F1       6857

 BOND    =    44235.9616  ANGLE   =     2235.5919  DIHED      =     2275.8099
 UB      =        0.0000  IMP     =        0.0000  CMAP       =      315.4311
 VDWAALS =    43338.0609  EEL     =  -371553.8298  HBOND      =        0.0000
 1-4 VDW =     1409.4227  1-4 EEL =    16429.7097  RESTRAINT  =     1132.7099
 EAMBER  =  -261313.8420


   NSTEP       ENERGY          RMS            GMAX         NAME    NUMBER
   1500      -2.6357E+05     2.7927E-01     4.2027E+01     O13      6757

 BOND    =    46581.0396  ANGLE   =     2232.7660  DIHED      =     2275.2909
 UB      =        0.0000  IMP     =        0.0000  CMAP       =      315.4386
 VDWAALS =    47922.4421  EEL     =  -381844.7610  HBOND      =        0.0000
 1-4 VDW =     1407.2245  1-4 EEL =    16429.6947  RESTRAINT  =     1114.6193
 EAMBER  =  -264680.8645


   NSTEP       ENERGY          RMS            GMAX         NAME    NUMBER
   2000      -2.6565E+05     2.5817E-01     4.3254E+01     F1       6857

 BOND    =    47990.9229  ANGLE   =     2233.6139  DIHED      =     2275.4925
 UB      =        0.0000  IMP     =        0.0000  CMAP       =      315.4620
 VDWAALS =    50707.3168  EEL     =  -388119.9876  HBOND      =        0.0000
 1-4 VDW =     1407.2476  1-4 EEL =    16429.4208  RESTRAINT  =     1114.3432
 EAMBER  =  -266760.5111


   NSTEP       ENERGY          RMS            GMAX         NAME    NUMBER
   2500      -2.6724E+05     5.1047E-01     1.4509E+02     O13      6757

 BOND    =    49049.2212  ANGLE   =     2235.7266  DIHED      =     2275.6317
 UB      =        0.0000  IMP     =        0.0000  CMAP       =      315.4709
 VDWAALS =    52762.8087  EEL     =  -392837.0391  HBOND      =        0.0000
 1-4 VDW =     1408.8654  1-4 EEL =    16429.5257  RESTRAINT  =     1122.4958
 EAMBER  =  -268359.7889


   NSTEP       ENERGY          RMS            GMAX         NAME    NUMBER
   3000      -2.6848E+05     5.5405E-01     1.6292E+02     O13      6757

 BOND    =    49879.4374  ANGLE   =     2236.3090  DIHED      =     2275.6994
 UB      =        0.0000  IMP     =        0.0000  CMAP       =      315.4743
 VDWAALS =    54401.4126  EEL     =  -396550.3781  HBOND      =        0.0000
 1-4 VDW =     1409.1324  1-4 EEL =    16429.5477  RESTRAINT  =     1123.6313
 EAMBER  =  -269603.3653


   NSTEP       ENERGY          RMS            GMAX         NAME    NUMBER
   3500      -2.6946E+05     2.3788E-01     5.6411E+01     O13      6757

 BOND    =    50543.5923  ANGLE   =     2233.2971  DIHED      =     2275.1406
 UB      =        0.0000  IMP     =        0.0000  CMAP       =      315.4710
 VDWAALS =    55762.2125  EEL     =  -399525.9066  HBOND      =        0.0000
 1-4 VDW =     1406.2097  1-4 EEL =    16429.4054  RESTRAINT  =     1102.5718
 EAMBER  =  -270560.5779


   NSTEP       ENERGY          RMS            GMAX         NAME    NUMBER
   4000      -2.7028E+05     2.7377E-01     7.1497E+01     O13      6757

 BOND    =    51097.0508  ANGLE   =     2233.4456  DIHED      =     2275.1785
 UB      =        0.0000  IMP     =        0.0000  CMAP       =      315.4651
 VDWAALS =    56851.2249  EEL     =  -401992.3705  HBOND      =        0.0000
 1-4 VDW =     1406.0683  1-4 EEL =    16429.3362  RESTRAINT  =     1101.4172
 EAMBER  =  -271384.6011


   NSTEP       ENERGY          RMS            GMAX         NAME    NUMBER
   4500      -2.7099E+05     3.6314E-01     1.0447E+02     O13      6757

 BOND    =    51559.7533  ANGLE   =     2233.7397  DIHED      =     2275.1575
 UB      =        0.0000  IMP     =        0.0000  CMAP       =      315.4608
 VDWAALS =    57762.3006  EEL     =  -404072.6685  HBOND      =        0.0000
 1-4 VDW =     1405.7678  1-4 EEL =    16429.3272  RESTRAINT  =     1099.7896
 EAMBER  =  -272091.1617


   NSTEP       ENERGY          RMS            GMAX         NAME    NUMBER
   5000      -2.7162E+05     1.2575E-01     1.5677E+01     O13      6757

 BOND    =    51952.2857  ANGLE   =     2235.2622  DIHED      =     2275.4186
 UB      =        0.0000  IMP     =        0.0000  CMAP       =      315.4560
 VDWAALS =    58501.7455  EEL     =  -405840.7755  HBOND      =        0.0000
 1-4 VDW =     1407.0069  1-4 EEL =    16429.5035  RESTRAINT  =     1108.7010
 EAMBER  =  -272724.0970


   NSTEP       ENERGY          RMS            GMAX         NAME    NUMBER
   5500      -2.7217E+05     4.7718E-01     1.4203E+02     O13      6757

 BOND    =    52287.6678  ANGLE   =     2234.1639  DIHED      =     2275.0555
 UB      =        0.0000  IMP     =        0.0000  CMAP       =      315.4539
 VDWAALS =    59169.7719  EEL     =  -407384.4137  HBOND      =        0.0000
 1-4 VDW =     1405.5802  1-4 EEL =    16429.5362  RESTRAINT  =     1097.3343
 EAMBER  =  -273267.1844


   NSTEP       ENERGY          RMS            GMAX         NAME    NUMBER
   6000      -2.7267E+05     1.8790E-01     4.8416E+01     O13      6757

 BOND    =    52586.7305  ANGLE   =     2236.3238  DIHED      =     2275.2889
 UB      =        0.0000  IMP     =        0.0000  CMAP       =      315.4520
 VDWAALS =    59718.4872  EEL     =  -408748.1982  HBOND      =        0.0000
 1-4 VDW =     1407.5105  1-4 EEL =    16429.5912  RESTRAINT  =     1110.6367
 EAMBER  =  -273778.8142


   NSTEP       ENERGY          RMS            GMAX         NAME    NUMBER
   6500      -2.7310E+05     1.0264E-01     1.3874E+01     O13      6757

 BOND    =    52848.7521  ANGLE   =     2235.8639  DIHED      =     2275.0932
 UB      =        0.0000  IMP     =        0.0000  CMAP       =      315.4512
 VDWAALS =    60237.4268  EEL     =  -409956.5840  HBOND      =        0.0000
 1-4 VDW =     1407.0487  1-4 EEL =    16429.5248  RESTRAINT  =     1107.2363
 EAMBER  =  -274207.4234


   NSTEP       ENERGY          RMS            GMAX         NAME    NUMBER
   7000      -2.7349E+05     2.4540E-01     6.9937E+01     O13      6757

 BOND    =    53088.0010  ANGLE   =     2236.9048  DIHED      =     2275.1676
 UB      =        0.0000  IMP     =        0.0000  CMAP       =      315.4497
 VDWAALS =    60683.7946  EEL     =  -411036.4817  HBOND      =        0.0000
 1-4 VDW =     1407.7790  1-4 EEL =    16429.4313  RESTRAINT  =     1112.5332
 EAMBER  =  -274599.9539


   NSTEP       ENERGY          RMS            GMAX         NAME    NUMBER
   7500      -2.7383E+05     2.7778E-01     8.1273E+01     O13      6757

 BOND    =    53309.6299  ANGLE   =     2237.1949  DIHED      =     2275.1529
 UB      =        0.0000  IMP     =        0.0000  CMAP       =      315.4514
 VDWAALS =    61120.1872  EEL     =  -412041.8570  HBOND      =        0.0000
 1-4 VDW =     1407.9619  1-4 EEL =    16429.3189  RESTRAINT  =     1113.5030
 EAMBER  =  -274946.9600


   NSTEP       ENERGY          RMS            GMAX         NAME    NUMBER
   8000      -2.7413E+05     1.0464E-01     2.1221E+01     O13      6757

 BOND    =    53508.8610  ANGLE   =     2235.9896  DIHED      =     2274.8361
 UB      =        0.0000  IMP     =        0.0000  CMAP       =      315.4549
 VDWAALS =    61545.6216  EEL     =  -412950.7653  HBOND      =        0.0000
 1-4 VDW =     1406.7559  1-4 EEL =    16429.3044  RESTRAINT  =     1104.4298
 EAMBER  =  -275233.9419


   NSTEP       ENERGY          RMS            GMAX         NAME    NUMBER
   8500      -2.7440E+05     3.3909E-01     1.0134E+02     O13      6757

 BOND    =    53696.3957  ANGLE   =     2237.6159  DIHED      =     2275.0509
 UB      =        0.0000  IMP     =        0.0000  CMAP       =      315.4569
 VDWAALS =    61905.6069  EEL     =  -413781.1509  HBOND      =        0.0000
 1-4 VDW =     1408.2870  1-4 EEL =    16429.5997  RESTRAINT  =     1115.4725
 EAMBER  =  -275513.1380


   NSTEP       ENERGY          RMS            GMAX         NAME    NUMBER
   9000      -2.7466E+05     1.2560E-01     3.0868E+01     O13      6757

 BOND    =    53867.8656  ANGLE   =     2235.8899  DIHED      =     2274.6264
 UB      =        0.0000  IMP     =        0.0000  CMAP       =      315.4539
 VDWAALS =    62267.3722  EEL     =  -414556.5036  HBOND      =        0.0000
 1-4 VDW =     1406.6899  1-4 EEL =    16429.6802  RESTRAINT  =     1103.8732
 EAMBER  =  -275758.9255


   NSTEP       ENERGY          RMS            GMAX         NAME    NUMBER
   9500      -2.7489E+05     1.5293E-01     4.2872E+01     O13      6757

 BOND    =    54033.9880  ANGLE   =     2235.9301  DIHED      =     2274.5583
 UB      =        0.0000  IMP     =        0.0000  CMAP       =      315.4542
 VDWAALS =    62608.7598  EEL     =  -415293.5472  HBOND      =        0.0000
 1-4 VDW =     1406.6610  1-4 EEL =    16429.6610  RESTRAINT  =     1103.4206
 EAMBER  =  -275988.5348


   NSTEP       ENERGY          RMS            GMAX         NAME    NUMBER
  10000      -2.7509E+05     2.0882E-01     6.0774E+01     O13      6757

 BOND    =    54185.8485  ANGLE   =     2235.7416  DIHED      =     2274.4850
 UB      =        0.0000  IMP     =        0.0000  CMAP       =      315.4551
 VDWAALS =    62931.8684  EEL     =  -415968.1823  HBOND      =        0.0000
 1-4 VDW =     1406.4661  1-4 EEL =    16429.5766  RESTRAINT  =     1102.0694
 EAMBER  =  -276188.7410


   NSTEP       ENERGY          RMS            GMAX         NAME    NUMBER
  10500      -2.7634E+05     1.9200E-01     1.8212E+01     O13      6757

 BOND    =    55095.7007  ANGLE   =     2237.7662  DIHED      =     2274.6309
 UB      =        0.0000  IMP     =        0.0000  CMAP       =      315.4487
 VDWAALS =    64829.2033  EEL     =  -420032.3854  HBOND      =        0.0000
 1-4 VDW =     1407.0978  1-4 EEL =    16428.6032  RESTRAINT  =     1106.5958
 EAMBER  =  -277443.9346


   NSTEP       ENERGY          RMS            GMAX         NAME    NUMBER
  11000      -2.7689E+05     8.1443E-02     7.7106E+00     CG        125

 BOND    =    55506.5789  ANGLE   =     2237.8731  DIHED      =     2274.5483
 UB      =        0.0000  IMP     =        0.0000  CMAP       =      315.4538
 VDWAALS =    65643.4031  EEL     =  -421805.2162  HBOND      =        0.0000
 1-4 VDW =     1407.2666  1-4 EEL =    16428.8227  RESTRAINT  =     1106.2126
 EAMBER  =  -277991.2698


   NSTEP       ENERGY          RMS            GMAX         NAME    NUMBER
  11500      -2.7741E+05     9.2912E-02     6.3196E+00     H19      6709

 BOND    =    55921.1735  ANGLE   =     2238.2649  DIHED      =     2274.6983
 UB      =        0.0000  IMP     =        0.0000  CMAP       =      315.4385
 VDWAALS =    66474.0372  EEL     =  -423580.0628  HBOND      =        0.0000
 1-4 VDW =     1407.0923  1-4 EEL =    16428.6208  RESTRAINT  =     1106.5393
 EAMBER  =  -278520.7374


   NSTEP       ENERGY          RMS            GMAX         NAME    NUMBER
  12000      -2.7785E+05     1.6732E-01     1.6600E+01     O13      6757

 BOND    =    56253.8245  ANGLE   =     2239.3391  DIHED      =     2274.4698
 UB      =        0.0000  IMP     =        0.0000  CMAP       =      315.4302
 VDWAALS =    67146.7165  EEL     =  -425017.6847  HBOND      =        0.0000
 1-4 VDW =     1406.9211  1-4 EEL =    16428.1460  RESTRAINT  =     1107.0905
 EAMBER  =  -278952.8377


   NSTEP       ENERGY          RMS            GMAX         NAME    NUMBER
  12500      -2.7825E+05     8.6554E-02     6.0869E+00     O13      6757

 BOND    =    56555.4892  ANGLE   =     2240.3402  DIHED      =     2274.5878
 UB      =        0.0000  IMP     =        0.0000  CMAP       =      315.4449
 VDWAALS =    67788.0835  EEL     =  -426367.3895  HBOND      =        0.0000
 1-4 VDW =     1407.3536  1-4 EEL =    16428.1419  RESTRAINT  =     1106.3853
 EAMBER  =  -279357.9485


   NSTEP       ENERGY          RMS            GMAX         NAME    NUMBER
  13000      -2.7857E+05     1.2424E-01     1.9566E+01     O13      6757

 BOND    =    56816.1251  ANGLE   =     2239.8807  DIHED      =     2274.4503
 UB      =        0.0000  IMP     =        0.0000  CMAP       =      315.4332
 VDWAALS =    68340.2712  EEL     =  -427500.1642  HBOND      =        0.0000
 1-4 VDW =     1407.0202  1-4 EEL =    16427.9989  RESTRAINT  =     1105.1015
 EAMBER  =  -279678.9846


   NSTEP       ENERGY          RMS            GMAX         NAME    NUMBER
  13500      -2.7880E+05     6.6903E-02     4.9238E+00     H6B      6852

 BOND    =    56954.2638  ANGLE   =     2241.5521  DIHED      =     2274.3283
 UB      =        0.0000  IMP     =        0.0000  CMAP       =      315.4010
 VDWAALS =    68648.8410  EEL     =  -428173.9790  HBOND      =        0.0000
 1-4 VDW =     1407.3877  1-4 EEL =    16428.0397  RESTRAINT  =     1107.1660
 EAMBER  =  -279904.1652


   NSTEP       ENERGY          RMS            GMAX         NAME    NUMBER
  14000      -2.7900E+05     1.1110E-01     1.3955E+01     O13      6757

 BOND    =    57083.9055  ANGLE   =     2241.4407  DIHED      =     2274.5339
 UB      =        0.0000  IMP     =        0.0000  CMAP       =      315.4342
 VDWAALS =    68914.8697  EEL     =  -428771.5693  HBOND      =        0.0000
 1-4 VDW =     1407.3645  1-4 EEL =    16427.7032  RESTRAINT  =     1106.0574
 EAMBER  =  -280106.3176

     .... RESTARTED DUE TO LINMIN FAILURE ...


   NSTEP       ENERGY          RMS            GMAX         NAME    NUMBER
  14500      -2.7924E+05     4.0084E-01     5.0579E+01     CG        125

 BOND    =    57247.7152  ANGLE   =     2242.0250  DIHED      =     2274.9580
 UB      =        0.0000  IMP     =        0.0000  CMAP       =      315.3665
 VDWAALS =    69272.1100  EEL     =  -429539.4215  HBOND      =        0.0000
 1-4 VDW =     1407.1310  1-4 EEL =    16427.8525  RESTRAINT  =     1108.2755
 EAMBER  =  -280352.2635


   NSTEP       ENERGY          RMS            GMAX         NAME    NUMBER
  15000      -2.7946E+05     6.9278E-02     4.3357E+00     H33      6761

 BOND    =    57393.0536  ANGLE   =     2241.9697  DIHED      =     2274.5338
 UB      =        0.0000  IMP     =        0.0000  CMAP       =      315.3988
 VDWAALS =    69532.8439  EEL     =  -430156.5523  HBOND      =        0.0000
 1-4 VDW =     1407.5320  1-4 EEL =    16427.9953  RESTRAINT  =     1105.5268
 EAMBER  =  -280563.2252

     .... RESTARTED DUE TO LINMIN FAILURE ...

     .... RESTARTED DUE TO LINMIN FAILURE ...

     .... RESTARTED DUE TO LINMIN FAILURE ...


   NSTEP       ENERGY          RMS            GMAX         NAME    NUMBER
  15500      -2.7966E+05     2.6526E-01     4.4633E+01     O13      6757

 BOND    =    57547.5532  ANGLE   =     2243.1152  DIHED      =     2274.1619
 UB      =        0.0000  IMP     =        0.0000  CMAP       =      315.4051
 VDWAALS =    69833.4196  EEL     =  -430813.5665  HBOND      =        0.0000
 1-4 VDW =     1407.4534  1-4 EEL =    16427.9173  RESTRAINT  =     1102.6625
 EAMBER  =  -280764.5409

     .... RESTARTED DUE TO LINMIN FAILURE ...


                    FINAL RESULTS



   NSTEP       ENERGY          RMS            GMAX         NAME    NUMBER
  15848      -2.7977E+05     3.9545E-02     3.7579E+00     O13      6757

 BOND    =    57621.0799  ANGLE   =     2242.8421  DIHED      =     2274.3452
 UB      =        0.0000  IMP     =        0.0000  CMAP       =      315.3792
 VDWAALS =    69981.9083  EEL     =  -431142.7330  HBOND      =        0.0000
 1-4 VDW =     1407.6478  1-4 EEL =    16428.0458  RESTRAINT  =     1105.2300
 EAMBER  =  -280871.4848

     ***** REPEATED LINMIN FAILURE *****
--------------------------------------------------------------------------------
   5.  TIMINGS
--------------------------------------------------------------------------------

|  NonSetup CPU Time in Major Routines:
|
|     Routine           Sec        %
|     ------------------------------
|     Nonbond          23.17   33.99
|     Bond              0.00    0.00
|     Angle             0.00    0.00
|     Dihedral          0.00    0.00
|     Shake             0.00    0.00
|     Other            45.00   66.01
|     ------------------------------
|     Total            68.17

|  PME Nonbond Pairlist CPU Time:
|
|     Routine              Sec        %
|     ---------------------------------
|     Set Up Cit           0.00    0.00
|     Build List           0.00    0.00
|     ---------------------------------
|     Total                0.00    0.00

|  PME Direct Force CPU Time:
|
|     Routine              Sec        %
|     ---------------------------------
|     NonBonded Calc       0.00    0.00
|     Exclude Masked       0.00    0.00
|     Other                0.03    0.04
|     ---------------------------------
|     Total                0.03    0.04

|  PME Reciprocal Force CPU Time:
|
|     Routine              Sec        %
|     ---------------------------------
|     1D bspline           0.00    0.00
|     Grid Charges         0.00    0.00
|     Scalar Sum           0.00    0.00
|     Gradient Sum         0.00    0.00
|     FFT                  0.00    0.00
|     ---------------------------------
|     Total                0.00    0.00

|  Setup CPU time:            0.94 seconds
|  NonSetup CPU time:        68.17 seconds
|  Total CPU time:           69.11 seconds     0.02 hours

|  Setup wall time:           1    seconds
|  NonSetup wall time:       68    seconds
|  Total wall time:          69    seconds     0.02 hours
