
          -------------------------------------------------------
          Amber 20 PMEMD                              2020
          -------------------------------------------------------

| PMEMD implementation of SANDER, Release 18

|  Compiled date/time: Wed Sep 22 23:21:21 2021
| Run on 08/16/2023 at 23:49:35

|   Executable path: /mnt/research/MerzGroup/Amber20Tools21/amber20/bin/pmemd.cuda
| Working directory: /mnt/ufs18/home-179/sharmag3/Aimen3
|          Hostname: nif-003

  [-O]verwriting output

File Assignments:
|   MDIN: ti2_min4.in                                                           
|  MDOUT: ti2_min4.out                                                          
| INPCRD: ti2_min3.rst                                                          
|   PARM: complex_solv.prmtop                                                   
| RESTRT: ti2_min4.rst                                                          
|   REFC: ti2_min3.rst                                                          
|  MDVEL: mdvel                                                                 
|   MDEN: mden                                                                  
|  MDCRD: ti2_min4.netcdf                                                       
| MDINFO: ti2_min4.mdinfo                                                       
|  MDFRC: mdfrc                                                                 


 Here is the input file:

min for deltaG calculation                                                     
 &cntrl                                                                        
  imin=1,                                                                      
  irest=0, ! default, no velocity from rst                                     
  ntmin=1, ! default, steep then conjugate                                     
  maxcyc=20000,                                                                
  ncyc=10000,                                                                  
  cut=10.0,                                                                    
  ntb=1,                                                                       
  ntpr=500, ! write to mdinfo file                                             
  ntwr=500, ! write to rst file                                                
  ntwx=10000, ! write to mdcrd file                                            
  ntave=500, ! calc ave every 500 steps                                        
  ioutfm=1,                                                                    
  iwrap=1,                                                                     
  ntr=1,                                                                       
  restraintmask=':1-433@C,O',                                                  
  restraint_wt=200,                                                            
/                                                                              
&ewald                                                                         
nfft1=48, nfft2=48, nfft3=48,                                                  
/                                                                              


Note: ig = -1. Setting random seed to   473602 based on wallclock time in 
      microseconds.
| irandom = 1, using AMBER's internal random number generator (default).
 
|--------------------- INFORMATION ----------------------
| GPU (CUDA) Version of PMEMD in use: NVIDIA GPU IN USE.
|                    Version 18.0.0
| 
|                      03/25/2018
| 
| Implementation by:
|                    Ross C. Walker     (SDSC)
|                    Scott Le Grand     (nVIDIA)
| 
| Version 18 performance extensions by:
|                    David Cerutti     (Rutgers)
| 
| Precision model in use:
|      [SPFP] - Single Precision Forces, 64-bit Fixed Point
|               Accumulation. (Default)
| 
|--------------------------------------------------------
 
|----------------- CITATION INFORMATION -----------------
|
|    When publishing work that utilized the CUDA version
|    of AMBER, please cite the following in addition to
|    the regular AMBER citations:
|
|  - Romelia Salomon-Ferrer; Andreas W. Goetz; Duncan
|    Poole; Scott Le Grand; Ross C. Walker "Routine
|    microsecond molecular dynamics simulations with
|    AMBER - Part II: Particle Mesh Ewald", J. Chem.
|    Theory Comput., 2013, 9 (9), pp3878-3888,
|    DOI: 10.1021/ct400314y.
|
|  - Andreas W. Goetz; Mark J. Williamson; Dong Xu;
|    Duncan Poole; Scott Le Grand; Ross C. Walker
|    "Routine microsecond molecular dynamics simulations
|    with AMBER - Part I: Generalized Born", J. Chem.
|    Theory Comput., 2012, 8 (5), pp1542-1555.
|
|  - Scott Le Grand; Andreas W. Goetz; Ross C. Walker
|    "SPFP: Speed without compromise - a mixed precision
|    model for GPU accelerated molecular dynamics
|    simulations.", Comp. Phys. Comm., 2013, 184
|    pp374-380, DOI: 10.1016/j.cpc.2012.09.022
|
|--------------------------------------------------------
 
|------------------- GPU DEVICE INFO --------------------
|
|            CUDA_VISIBLE_DEVICES: 0
|   CUDA Capable Devices Detected:      1
|           CUDA Device ID in use:      0
|                CUDA Device Name: NVIDIA A100-PCIE-40GB
|     CUDA Device Global Mem Size:  40370 MB
| CUDA Device Num Multiprocessors:    108
|           CUDA Device Core Freq:   1.41 GHz
|
|--------------------------------------------------------
 
 
| Conditional Compilation Defines Used:
| PUBFFT
| BINTRAJ
| CUDA
| EMIL

| Largest sphere to fit in unit cell has radius =    40.197

| New format PARM file being parsed.
| Version =    1.000 Date = 08/16/23 Time = 23:46:44

| Note: 1-4 EEL scale factors are being read from the topology file.

| Note: 1-4 VDW scale factors are being read from the topology file.
| Duplicated    0 dihedrals

| Duplicated    0 dihedrals

--------------------------------------------------------------------------------
   1.  RESOURCE   USE: 
--------------------------------------------------------------------------------

 getting box info from netcdf restart file
 NATOM  =   70018 NTYPES =      35 NBONH =   50764 MBONA  =   19358
 NTHETH =    7727 MTHETA =    4881 NPHIH =   15658 MPHIA  =   15276
 NHPARM =       0 NPARM  =       0 NNB   =  148551 NRES   =   16223
 NBONA  =   19358 NTHETA =    4881 NPHIA =   15276 NUMBND =     117
 NUMANG =     269 NPTRA  =     252 NATYP =      64 NPHB   =       0
 IFBOX  =       1 NMXRS  =      96 IFCAP =       0 NEXTRA =   15790
 NCOPY  =       0


| Coordinate Index Table dimensions:    15   17   14
| Direct force subcell size =     5.8629    5.5424    5.7424

     BOX TYPE: RECTILINEAR

--------------------------------------------------------------------------------
   2.  CONTROL  DATA  FOR  THE  RUN
--------------------------------------------------------------------------------

default_name                                                                    

General flags:
     imin    =       1, nmropt  =       0

Nature and format of input:
     ntx     =       1, irest   =       0, ntrx    =       1

Nature and format of output:
     ntxo    =       2, ntpr    =     500, ntrx    =       1, ntwr    =     500
     iwrap   =       1, ntwx    =   10000, ntwv    =       0, ntwe    =       0
     ioutfm  =       1, ntwprt  =       0, idecomp =       0, rbornstat=      0

Potential function:
     ntf     =       1, ntb     =       1, igb     =       0, nsnb    =      25
     ipol    =       0, gbsa    =       0, iesp    =       0
     dielc   =   1.00000, cut     =  10.00000, intdiel =   1.00000

Frozen or restrained atoms:
     ibelly  =       0, ntr     =       1
     restraint_wt = 200.00000

Energy minimization:
     maxcyc  =   20000, ncyc    =   10000, ntmin   =       1
     dx0     =   0.01000, drms    =   0.00010

| Intermolecular bonds treatment:
|     no_intermolecular_bonds =       1

| Energy averages sample interval:
|     ene_avg_sampling =       1

Extra-points options:
     frameon =       1, chngmask=       1

Ewald parameters:
     verbose =       0, ew_type =       0, nbflag  =       1, use_pme =       1
     vdwmeth =       1, eedmeth =       1, netfrc  =       0
     Box X =   87.944   Box Y =   94.221   Box Z =   80.394
     Alpha =   90.000   Beta  =   90.000   Gamma =   90.000
     NFFT1 =   48       NFFT2 =   48       NFFT3 =   48
     Cutoff=   10.000   Tol   =0.100E-04
     Ewald Coefficient =  0.27511
     Interpolation order =    4

    LOADING THE CONSTRAINED ATOMS AS GROUPS


   5.  REFERENCE ATOM COORDINATES

  default_name                                                                    
     Mask :1-433@C,O; matches   862 atoms
|      EXTRA_PTS, trim_bonds: num bonds BEFORE trim = 50764     0
|      EXTRA_PTS, trim_bonds: num bonds AFTER  trim = 50764     0
|      EXTRA_PTS, trim_bonds: num bonds BEFORE trim = 19358     0
|      EXTRA_PTS, trim_bonds: num bonds AFTER  trim =  3568     0
|      EXTRA_PTS, trim_theta: num angle BEFORE trim =  7727     0
|      EXTRA_PTS, trim_theta: num angle AFTER  trim =  7727     0
|      EXTRA_PTS, trim_theta: num angle BEFORE trim =  4881     0
|      EXTRA_PTS, trim_theta: num angle AFTER  trim =  4881     0
|      EXTRA_PTS, trim_phi:  num diheds BEFORE trim = 15658     0
|      EXTRA_PTS, trim_phi:  num diheds AFTER  trim = 15658     0
|      EXTRA_PTS, trim_phi:  num diheds BEFORE trim = 15276     0
|      EXTRA_PTS, trim_phi:  num diheds AFTER  trim = 15276     0

--------------------------------------------------------------------------------
   3.  ATOMIC COORDINATES AND VELOCITIES
--------------------------------------------------------------------------------

default_name                                                                    
 begin time read from input coords =     0.000 ps

 
 Number of triangulated 3-point waters found:    15790

     Sum of charges from parm topology file =  -7.99991453
     Assuming uniform neutralizing plasma

| Dynamic Memory, Types Used:
| Reals             2095958
| Integers          5051378

| Nonbonded Pairs Initial Allocation:    21178694

| GPU memory information (estimate):
| KB of GPU memory in use:    243291
| KB of CPU memory in use:     95115

--------------------------------------------------------------------------------
   4.  RESULTS
--------------------------------------------------------------------------------



   NSTEP       ENERGY          RMS            GMAX         NAME    NUMBER
      1      -2.8522E+05     4.4847E-01     1.6319E+01     CA       3211

 BOND    =    58549.0309  ANGLE   =     1209.2366  DIHED      =     1889.1829
 UB      =        0.0000  IMP     =        0.0000  CMAP       =      306.2167
 VDWAALS =    72184.0744  EEL     =  -437103.2715  HBOND      =        0.0000
 1-4 VDW =     1336.8388  1-4 EEL =    16408.8138  RESTRAINT  =        0.0000


   NSTEP       ENERGY          RMS            GMAX         NAME    NUMBER
    500      -2.8534E+05     2.5380E-02     3.4279E+00     C        3066

 BOND    =    58536.6626  ANGLE   =     1159.9926  DIHED      =     1872.4119
 UB      =        0.0000  IMP     =        0.0000  CMAP       =      296.4068
 VDWAALS =    72200.7268  EEL     =  -437226.8360  HBOND      =        0.0000
 1-4 VDW =     1356.8750  1-4 EEL =    16439.4119  RESTRAINT  =       26.2168
 EAMBER  =  -285364.3483


   NSTEP       ENERGY          RMS            GMAX         NAME    NUMBER
   1000      -2.8537E+05     3.3953E-02     2.4843E+00     H2      11061

 BOND    =    58551.1646  ANGLE   =     1161.5113  DIHED      =     1873.0468
 UB      =        0.0000  IMP     =        0.0000  CMAP       =      296.1917
 VDWAALS =    72229.6728  EEL     =  -437304.7921  HBOND      =        0.0000
 1-4 VDW =     1357.5877  1-4 EEL =    16440.7124  RESTRAINT  =       27.9161
 EAMBER  =  -285394.9049


   NSTEP       ENERGY          RMS            GMAX         NAME    NUMBER
   1500      -2.8537E+05     2.0927E-02     2.3680E+00     H2      11061

 BOND    =    58551.5602  ANGLE   =     1161.5741  DIHED      =     1873.0779
 UB      =        0.0000  IMP     =        0.0000  CMAP       =      296.1906
 VDWAALS =    72230.9259  EEL     =  -437307.7939  HBOND      =        0.0000
 1-4 VDW =     1357.5976  1-4 EEL =    16440.7413  RESTRAINT  =       27.9537
 EAMBER  =  -285396.1262


   NSTEP       ENERGY          RMS            GMAX         NAME    NUMBER
   2000      -2.8537E+05     2.0925E-02     2.3669E+00     H2      11061

 BOND    =    58551.5717  ANGLE   =     1161.5753  DIHED      =     1873.0784
 UB      =        0.0000  IMP     =        0.0000  CMAP       =      296.1906
 VDWAALS =    72230.9486  EEL     =  -437307.8973  HBOND      =        0.0000
 1-4 VDW =     1357.5978  1-4 EEL =    16440.7418  RESTRAINT  =       27.9544
 EAMBER  =  -285396.1931


   NSTEP       ENERGY          RMS            GMAX         NAME    NUMBER
   2500      -2.8537E+05     2.0923E-02     2.3657E+00     H2      11061

 BOND    =    58551.5845  ANGLE   =     1161.5766  DIHED      =     1873.0792
 UB      =        0.0000  IMP     =        0.0000  CMAP       =      296.1907
 VDWAALS =    72230.9751  EEL     =  -437307.9267  HBOND      =        0.0000
 1-4 VDW =     1357.5980  1-4 EEL =    16440.7423  RESTRAINT  =       27.9552
 EAMBER  =  -285396.1804


   NSTEP       ENERGY          RMS            GMAX         NAME    NUMBER
   3000      -2.8537E+05     2.0921E-02     2.3642E+00     H2      11061

 BOND    =    58551.5974  ANGLE   =     1161.5780  DIHED      =     1873.0798
 UB      =        0.0000  IMP     =        0.0000  CMAP       =      296.1906
 VDWAALS =    72231.0019  EEL     =  -437307.9847  HBOND      =        0.0000
 1-4 VDW =     1357.5982  1-4 EEL =    16440.7427  RESTRAINT  =       27.9560
 EAMBER  =  -285396.1962


   NSTEP       ENERGY          RMS            GMAX         NAME    NUMBER
   3500      -2.8537E+05     2.0919E-02     2.3629E+00     H2      11061

 BOND    =    58551.6098  ANGLE   =     1161.5793  DIHED      =     1873.0804
 UB      =        0.0000  IMP     =        0.0000  CMAP       =      296.1905
 VDWAALS =    72231.0280  EEL     =  -437308.0514  HBOND      =        0.0000
 1-4 VDW =     1357.5984  1-4 EEL =    16440.7432  RESTRAINT  =       27.9567
 EAMBER  =  -285396.2219


   NSTEP       ENERGY          RMS            GMAX         NAME    NUMBER
   4000      -2.8537E+05     2.0917E-02     2.3613E+00     H2      11061

 BOND    =    58551.6233  ANGLE   =     1161.5807  DIHED      =     1873.0811
 UB      =        0.0000  IMP     =        0.0000  CMAP       =      296.1905
 VDWAALS =    72231.0546  EEL     =  -437308.1212  HBOND      =        0.0000
 1-4 VDW =     1357.5986  1-4 EEL =    16440.7439  RESTRAINT  =       27.9575
 EAMBER  =  -285396.2486


   NSTEP       ENERGY          RMS            GMAX         NAME    NUMBER
   4500      -2.8537E+05     2.0914E-02     2.3601E+00     H2      11061

 BOND    =    58551.6349  ANGLE   =     1161.5819  DIHED      =     1873.0818
 UB      =        0.0000  IMP     =        0.0000  CMAP       =      296.1904
 VDWAALS =    72231.0789  EEL     =  -437308.1824  HBOND      =        0.0000
 1-4 VDW =     1357.5988  1-4 EEL =    16440.7443  RESTRAINT  =       27.9582
 EAMBER  =  -285396.2715


   NSTEP       ENERGY          RMS            GMAX         NAME    NUMBER
   5000      -2.8537E+05     2.0912E-02     2.3588E+00     H2      11061

 BOND    =    58551.6460  ANGLE   =     1161.5830  DIHED      =     1873.0823
 UB      =        0.0000  IMP     =        0.0000  CMAP       =      296.1905
 VDWAALS =    72231.1000  EEL     =  -437308.2599  HBOND      =        0.0000
 1-4 VDW =     1357.5990  1-4 EEL =    16440.7448  RESTRAINT  =       27.9589
 EAMBER  =  -285396.3143


   NSTEP       ENERGY          RMS            GMAX         NAME    NUMBER
   5500      -2.8537E+05     2.0911E-02     2.3576E+00     H2      11061

 BOND    =    58551.6576  ANGLE   =     1161.5842  DIHED      =     1873.0829
 UB      =        0.0000  IMP     =        0.0000  CMAP       =      296.1906
 VDWAALS =    72231.1236  EEL     =  -437308.3428  HBOND      =        0.0000
 1-4 VDW =     1357.5991  1-4 EEL =    16440.7452  RESTRAINT  =       27.9596
 EAMBER  =  -285396.3596


   NSTEP       ENERGY          RMS            GMAX         NAME    NUMBER
   6000      -2.8537E+05     2.0908E-02     2.3561E+00     H2      11061

 BOND    =    58551.6701  ANGLE   =     1161.5856  DIHED      =     1873.0836
 UB      =        0.0000  IMP     =        0.0000  CMAP       =      296.1905
 VDWAALS =    72231.1488  EEL     =  -437308.3850  HBOND      =        0.0000
 1-4 VDW =     1357.5994  1-4 EEL =    16440.7457  RESTRAINT  =       27.9604
 EAMBER  =  -285396.3614


   NSTEP       ENERGY          RMS            GMAX         NAME    NUMBER
   6500      -2.8537E+05     2.0907E-02     2.3547E+00     H2      11061

 BOND    =    58551.6811  ANGLE   =     1161.5868  DIHED      =     1873.0840
 UB      =        0.0000  IMP     =        0.0000  CMAP       =      296.1905
 VDWAALS =    72231.1704  EEL     =  -437308.4457  HBOND      =        0.0000
 1-4 VDW =     1357.5995  1-4 EEL =    16440.7462  RESTRAINT  =       27.9610
 EAMBER  =  -285396.3872


   NSTEP       ENERGY          RMS            GMAX         NAME    NUMBER
   7000      -2.8537E+05     2.0904E-02     2.3533E+00     H2      11061

 BOND    =    58551.6934  ANGLE   =     1161.5881  DIHED      =     1873.0845
 UB      =        0.0000  IMP     =        0.0000  CMAP       =      296.1904
 VDWAALS =    72231.1971  EEL     =  -437308.4693  HBOND      =        0.0000
 1-4 VDW =     1357.5997  1-4 EEL =    16440.7467  RESTRAINT  =       27.9618
 EAMBER  =  -285396.3695


   NSTEP       ENERGY          RMS            GMAX         NAME    NUMBER
   7500      -2.8537E+05     2.0902E-02     2.3519E+00     H2      11061

 BOND    =    58551.7053  ANGLE   =     1161.5894  DIHED      =     1873.0854
 UB      =        0.0000  IMP     =        0.0000  CMAP       =      296.1904
 VDWAALS =    72231.2218  EEL     =  -437308.5916  HBOND      =        0.0000
 1-4 VDW =     1357.5999  1-4 EEL =    16440.7472  RESTRAINT  =       27.9625
 EAMBER  =  -285396.4524


   NSTEP       ENERGY          RMS            GMAX         NAME    NUMBER
   8000      -2.8537E+05     2.0898E-02     2.3503E+00     H2      11061

 BOND    =    58551.7179  ANGLE   =     1161.5907  DIHED      =     1873.0862
 UB      =        0.0000  IMP     =        0.0000  CMAP       =      296.1903
 VDWAALS =    72231.2481  EEL     =  -437308.6376  HBOND      =        0.0000
 1-4 VDW =     1357.6001  1-4 EEL =    16440.7477  RESTRAINT  =       27.9633
 EAMBER  =  -285396.4566


   NSTEP       ENERGY          RMS            GMAX         NAME    NUMBER
   8500      -2.8537E+05     2.0896E-02     2.3489E+00     H2      11061

 BOND    =    58551.7302  ANGLE   =     1161.5919  DIHED      =     1873.0865
 UB      =        0.0000  IMP     =        0.0000  CMAP       =      296.1904
 VDWAALS =    72231.2743  EEL     =  -437308.7160  HBOND      =        0.0000
 1-4 VDW =     1357.6003  1-4 EEL =    16440.7482  RESTRAINT  =       27.9640
 EAMBER  =  -285396.4942


   NSTEP       ENERGY          RMS            GMAX         NAME    NUMBER
   9000      -2.8537E+05     2.0893E-02     2.3473E+00     H2      11061

 BOND    =    58551.7431  ANGLE   =     1161.5933  DIHED      =     1873.0872
 UB      =        0.0000  IMP     =        0.0000  CMAP       =      296.1904
 VDWAALS =    72231.3015  EEL     =  -437308.7699  HBOND      =        0.0000
 1-4 VDW =     1357.6005  1-4 EEL =    16440.7487  RESTRAINT  =       27.9648
 EAMBER  =  -285396.5053


   NSTEP       ENERGY          RMS            GMAX         NAME    NUMBER
   9500      -2.8537E+05     2.0891E-02     2.3459E+00     H2      11061

 BOND    =    58551.7536  ANGLE   =     1161.5944  DIHED      =     1873.0880
 UB      =        0.0000  IMP     =        0.0000  CMAP       =      296.1904
 VDWAALS =    72231.3234  EEL     =  -437308.8387  HBOND      =        0.0000
 1-4 VDW =     1357.6007  1-4 EEL =    16440.7491  RESTRAINT  =       27.9655
 EAMBER  =  -285396.5391


   NSTEP       ENERGY          RMS            GMAX         NAME    NUMBER
  10000      -2.8537E+05     2.0890E-02     2.3444E+00     H2      11061

 BOND    =    58551.7658  ANGLE   =     1161.5957  DIHED      =     1873.0885
 UB      =        0.0000  IMP     =        0.0000  CMAP       =      296.1904
 VDWAALS =    72231.3479  EEL     =  -437308.8786  HBOND      =        0.0000
 1-4 VDW =     1357.6009  1-4 EEL =    16440.7496  RESTRAINT  =       27.9662
 EAMBER  =  -285396.5397

     .... RESTARTED DUE TO LINMIN FAILURE ...

     .... RESTARTED DUE TO LINMIN FAILURE ...

     .... RESTARTED DUE TO LINMIN FAILURE ...

     .... RESTARTED DUE TO LINMIN FAILURE ...


   NSTEP       ENERGY          RMS            GMAX         NAME    NUMBER
  10500      -2.8553E+05     4.4699E-02     3.7984E+00     C        6694

 BOND    =    58655.9731  ANGLE   =     1165.7856  DIHED      =     1875.0079
 UB      =        0.0000  IMP     =        0.0000  CMAP       =      296.6226
 VDWAALS =    72431.0121  EEL     =  -437780.6874  HBOND      =        0.0000
 1-4 VDW =     1359.6992  1-4 EEL =    16438.9392  RESTRAINT  =       30.3560
 EAMBER  =  -285557.6478


   NSTEP       ENERGY          RMS            GMAX         NAME    NUMBER
  11000      -2.8566E+05     8.1948E-02     5.8774E+00     O       66383

 BOND    =    58755.1792  ANGLE   =     1167.9663  DIHED      =     1877.4853
 UB      =        0.0000  IMP     =        0.0000  CMAP       =      296.8075
 VDWAALS =    72613.3258  EEL     =  -438194.6064  HBOND      =        0.0000
 1-4 VDW =     1360.7592  1-4 EEL =    16437.0959  RESTRAINT  =       30.8420
 EAMBER  =  -285685.9872

     .... RESTARTED DUE TO LINMIN FAILURE ...


                    FINAL RESULTS



   NSTEP       ENERGY          RMS            GMAX         NAME    NUMBER
  11043      -2.8566E+05     5.2558E-02     6.2654E+00     C        5172

 BOND    =    58753.3507  ANGLE   =     1167.9428  DIHED      =     1877.5066
 UB      =        0.0000  IMP     =        0.0000  CMAP       =      296.8184
 VDWAALS =    72614.4382  EEL     =  -438195.1973  HBOND      =        0.0000
 1-4 VDW =     1360.6623  1-4 EEL =    16437.1733  RESTRAINT  =       30.8387
 EAMBER  =  -285687.3051

     ***** REPEATED LINMIN FAILURE *****
--------------------------------------------------------------------------------
   5.  TIMINGS
--------------------------------------------------------------------------------

|  NonSetup CPU Time in Major Routines:
|
|     Routine           Sec        %
|     ------------------------------
|     Nonbond          16.24   36.63
|     Bond              0.00    0.00
|     Angle             0.00    0.00
|     Dihedral          0.00    0.00
|     Shake             0.00    0.00
|     Other            28.09   63.37
|     ------------------------------
|     Total            44.33

|  PME Nonbond Pairlist CPU Time:
|
|     Routine              Sec        %
|     ---------------------------------
|     Set Up Cit           0.00    0.00
|     Build List           0.00    0.00
|     ---------------------------------
|     Total                0.00    0.00

|  PME Direct Force CPU Time:
|
|     Routine              Sec        %
|     ---------------------------------
|     NonBonded Calc       0.00    0.00
|     Exclude Masked       0.00    0.00
|     Other                0.02    0.04
|     ---------------------------------
|     Total                0.02    0.04

|  PME Reciprocal Force CPU Time:
|
|     Routine              Sec        %
|     ---------------------------------
|     1D bspline           0.00    0.00
|     Grid Charges         0.00    0.00
|     Scalar Sum           0.00    0.00
|     Gradient Sum         0.00    0.00
|     FFT                  0.00    0.00
|     ---------------------------------
|     Total                0.00    0.00

|  Setup CPU time:            0.93 seconds
|  NonSetup CPU time:        44.33 seconds
|  Total CPU time:           45.26 seconds     0.01 hours

|  Setup wall time:           1    seconds
|  NonSetup wall time:       45    seconds
|  Total wall time:          46    seconds     0.01 hours
