
          -------------------------------------------------------
          Amber 20 PMEMD                              2020
          -------------------------------------------------------

| PMEMD implementation of SANDER, Release 18

|  Compiled date/time: Wed Sep 22 23:21:21 2021
| Run on 08/11/2023 at 11:56:30

|   Executable path: /mnt/research/MerzGroup/Amber20Tools21/amber20/bin/pmemd.cuda
| Working directory: /mnt/ufs18/home-179/sharmag3/Aimen2
|          Hostname: nif-000

  [-O]verwriting output

File Assignments:
|   MDIN: ti2_ppt.in                                                            
|  MDOUT: ti2_ppt.out                                                           
| INPCRD: ti2_min5.rst                                                          
|   PARM: complex_solv.prmtop                                                   
| RESTRT: ti2_ppt.rst                                                           
|   REFC: ti2_min5.rst                                                          
|  MDVEL: mdvel                                                                 
|   MDEN: mden                                                                  
|  MDCRD: ti2_ppt.netcdf                                                        
| MDINFO: ti2_ppt.mdinfo                                                        
|  MDFRC: mdfrc                                                                 


 Here is the input file:

npt for deltaG calculation                                                     
 &cntrl                                                                        
  imin=0,                                                                      
  irest=0,                                                                     
  ntx=1,                                                                       
  ig=-1,                                                                       
  nstlim=9000,                                                                 
  dt=0.001,                                                                    
  cut=10.0,                                                                    
  ntp=1,                                                                       
  pres0=1.01325,                                                               
  tempi=0.0,                                                                   
  temp0=0.0,                                                                   
  ntt=3,                                                                       
  gamma_ln=2.0,                                                                
  ntpr=500,                                                                    
  ntwr=500,                                                                    
  ntwx=10000,                                                                  
  ntave=500,                                                                   
  ioutfm=1,                                                                    
  ntwv=-1,                                                                     
  iwrap=1,                                                                     
  ntc=2,                                                                       
  ntf=2,                                                                       
/                                                                              
&ewald                                                                         
nfft1=48, nfft2=48, nfft3=48,                                                  
/                                                                              


Note: ig = -1. Setting random seed to   293145 based on wallclock time in 
      microseconds.
| irandom = 1, using AMBER's internal random number generator (default).
 
|--------------------- INFORMATION ----------------------
| GPU (CUDA) Version of PMEMD in use: NVIDIA GPU IN USE.
|                    Version 18.0.0
| 
|                      03/25/2018
| 
| Implementation by:
|                    Ross C. Walker     (SDSC)
|                    Scott Le Grand     (nVIDIA)
| 
| Version 18 performance extensions by:
|                    David Cerutti     (Rutgers)
| 
| Precision model in use:
|      [SPFP] - Single Precision Forces, 64-bit Fixed Point
|               Accumulation. (Default)
| 
|--------------------------------------------------------
 
|----------------- CITATION INFORMATION -----------------
|
|    When publishing work that utilized the CUDA version
|    of AMBER, please cite the following in addition to
|    the regular AMBER citations:
|
|  - Romelia Salomon-Ferrer; Andreas W. Goetz; Duncan
|    Poole; Scott Le Grand; Ross C. Walker "Routine
|    microsecond molecular dynamics simulations with
|    AMBER - Part II: Particle Mesh Ewald", J. Chem.
|    Theory Comput., 2013, 9 (9), pp3878-3888,
|    DOI: 10.1021/ct400314y.
|
|  - Andreas W. Goetz; Mark J. Williamson; Dong Xu;
|    Duncan Poole; Scott Le Grand; Ross C. Walker
|    "Routine microsecond molecular dynamics simulations
|    with AMBER - Part I: Generalized Born", J. Chem.
|    Theory Comput., 2012, 8 (5), pp1542-1555.
|
|  - Scott Le Grand; Andreas W. Goetz; Ross C. Walker
|    "SPFP: Speed without compromise - a mixed precision
|    model for GPU accelerated molecular dynamics
|    simulations.", Comp. Phys. Comm., 2013, 184
|    pp374-380, DOI: 10.1016/j.cpc.2012.09.022
|
|--------------------------------------------------------
 
|------------------- GPU DEVICE INFO --------------------
|
|            CUDA_VISIBLE_DEVICES: 0
|   CUDA Capable Devices Detected:      1
|           CUDA Device ID in use:      0
|                CUDA Device Name: NVIDIA A100-PCIE-40GB
|     CUDA Device Global Mem Size:  40370 MB
| CUDA Device Num Multiprocessors:    108
|           CUDA Device Core Freq:   1.41 GHz
|
|--------------------------------------------------------
 
 
| Conditional Compilation Defines Used:
| PUBFFT
| BINTRAJ
| CUDA
| EMIL

| Largest sphere to fit in unit cell has radius =    42.130

| New format PARM file being parsed.
| Version =    1.000 Date = 08/11/23 Time = 11:49:35

| Note: 1-4 EEL scale factors are being read from the topology file.

| Note: 1-4 VDW scale factors are being read from the topology file.
| Duplicated    0 dihedrals

| Duplicated    0 dihedrals

--------------------------------------------------------------------------------
   1.  RESOURCE   USE: 
--------------------------------------------------------------------------------

 getting box info from netcdf restart file
 NATOM  =   74234 NTYPES =      21 NBONH =   53929 MBONA  =   20409
 NTHETH =    7726 MTHETA =    4875 NPHIH =   15666 MPHIA  =   15256
 NHPARM =       0 NPARM  =       0 NNB   =  155920 NRES   =   17278
 NBONA  =   20409 NTHETA =    4875 NPHIA =   15256 NUMBND =     100
 NUMANG =     241 NPTRA  =     229 NATYP =      47 NPHB   =       0
 IFBOX  =       1 NMXRS  =      92 IFCAP =       0 NEXTRA =   16845
 NCOPY  =       0


| Coordinate Index Table dimensions:    16   16   15
| Direct force subcell size =     5.6627    5.7565    5.6173

     BOX TYPE: RECTILINEAR

--------------------------------------------------------------------------------
   2.  CONTROL  DATA  FOR  THE  RUN
--------------------------------------------------------------------------------

default_name                                                                    

General flags:
     imin    =       0, nmropt  =       0

Nature and format of input:
     ntx     =       1, irest   =       0, ntrx    =       1

Nature and format of output:
     ntxo    =       2, ntpr    =     500, ntrx    =       1, ntwr    =     500
     iwrap   =       1, ntwx    =   10000, ntwv    =      -1, ntwe    =       0
     ioutfm  =       1, ntwprt  =       0, idecomp =       0, rbornstat=      0

Potential function:
     ntf     =       2, ntb     =       2, igb     =       0, nsnb    =      25
     ipol    =       0, gbsa    =       0, iesp    =       0
     dielc   =   1.00000, cut     =  10.00000, intdiel =   1.00000

Frozen or restrained atoms:
     ibelly  =       0, ntr     =       0

Molecular dynamics:
     nstlim  =      9000, nscm    =      1000, nrespa  =         1
     t       =   0.00000, dt      =   0.00100, vlimit  =  -1.00000

Langevin dynamics temperature regulation:
     ig      =  293145
     temp0   =   0.00000, tempi   =   0.00000, gamma_ln=   2.00000

Pressure regulation:
     ntp     =       1
     pres0   =   1.01325, comp    =  44.60000, taup    =   1.00000

SHAKE:
     ntc     =       2, jfastw  =       0
     tol     =   0.00001

| Intermolecular bonds treatment:
|     no_intermolecular_bonds =       1

| Energy averages sample interval:
|     ene_avg_sampling =       1

Extra-points options:
     frameon =       1, chngmask=       1

Ewald parameters:
     verbose =       0, ew_type =       0, nbflag  =       1, use_pme =       1
     vdwmeth =       1, eedmeth =       1, netfrc  =       1
     Box X =   90.604   Box Y =   92.104   Box Z =   84.259
     Alpha =   90.000   Beta  =   90.000   Gamma =   90.000
     NFFT1 =   48       NFFT2 =   48       NFFT3 =   48
     Cutoff=   10.000   Tol   =0.100E-04
     Ewald Coefficient =  0.27511
     Interpolation order =    4
|      EXTRA_PTS, trim_bonds: num bonds BEFORE trim = 53929     0
|      EXTRA_PTS, trim_bonds: num bonds AFTER  trim = 53929     0
|      EXTRA_PTS, trim_bonds: num bonds BEFORE trim = 20409     0
|      EXTRA_PTS, trim_bonds: num bonds AFTER  trim =  3564     0
|      EXTRA_PTS, trim_theta: num angle BEFORE trim =  7726     0
|      EXTRA_PTS, trim_theta: num angle AFTER  trim =  7726     0
|      EXTRA_PTS, trim_theta: num angle BEFORE trim =  4875     0
|      EXTRA_PTS, trim_theta: num angle AFTER  trim =  4875     0
|      EXTRA_PTS, trim_phi:  num diheds BEFORE trim = 15666     0
|      EXTRA_PTS, trim_phi:  num diheds AFTER  trim = 15666     0
|      EXTRA_PTS, trim_phi:  num diheds BEFORE trim = 15256     0
|      EXTRA_PTS, trim_phi:  num diheds AFTER  trim = 15256     0

--------------------------------------------------------------------------------
   3.  ATOMIC COORDINATES AND VELOCITIES
--------------------------------------------------------------------------------

default_name                                                                    
 begin time read from input coords =     0.000 ps

 
 Number of triangulated 3-point waters found:    16845

     Sum of charges from parm topology file =  -7.99991075
     Assuming uniform neutralizing plasma

| Dynamic Memory, Types Used:
| Reals             3060351
| Integers          5190158

| Nonbonded Pairs Initial Allocation:    22453929

| GPU memory information (estimate):
| KB of GPU memory in use:    489908
| KB of CPU memory in use:     97844

--------------------------------------------------------------------------------
   4.  RESULTS
--------------------------------------------------------------------------------


 NSTEP =        0   TIME(PS) =       0.000  TEMP(K) =     0.00  PRESS = -1196.4
 Etot   =   -368348.4457  EKtot   =         0.0000  EPtot      =   -368348.4457
 BOND   =       232.1421  ANGLE   =      1149.6879  DIHED      =      1783.4201
 UB     =         0.0000  IMP     =         0.0000  CMAP       =       313.6084
 1-4 NB =      1257.4526  1-4 EEL =     16636.7317  VDWAALS    =     79772.7489
 EELEC  =   -469494.2373  EHBOND  =         0.0000  RESTRAINT  =         0.0000
 EKCMT  =         0.0000  VIRIAL  =     18163.9335  VOLUME     =    703139.0429
                                                    Density    =         0.8326
 ------------------------------------------------------------------------------


 NSTEP =      500   TIME(PS) =       0.500  TEMP(K) =    15.38  PRESS =  -549.1
 Etot   =   -251050.3381  EKtot   =      1807.0204  EPtot      =   -252857.3585
 BOND   =       226.2223  ANGLE   =      1138.5778  DIHED      =      1808.3068
 UB     =         0.0000  IMP     =         0.0000  CMAP       =       312.6723
 1-4 NB =      1279.2242  1-4 EEL =     16662.8514  VDWAALS    =     42512.7422
 EELEC  =   -316797.9556  EHBOND  =         0.0000  RESTRAINT  =         0.0000
 EKCMT  =      1537.1255  VIRIAL  =     10031.1475  VOLUME     =    716429.7379
                                                    Density    =         0.8172
 ------------------------------------------------------------------------------

|===============================================================================

      A V E R A G E S   O V E R     500 S T E P S


 NSTEP =      500   TIME(PS) =       0.500  TEMP(K) =    25.44  PRESS =   839.8
 Etot   =   -248406.1120  EKtot   =      2988.6179  EPtot      =   -251394.7299
 BOND   =       227.4220  ANGLE   =      1142.6284  DIHED      =      1790.8942
 UB     =         0.0000  IMP     =         0.0000  CMAP       =       313.1914
 1-4 NB =      1272.2316  1-4 EEL =     16651.3119  VDWAALS    =     45502.7337
 EELEC  =   -318295.1431  EHBOND  =         0.0000  RESTRAINT  =         0.0000
 EKCMT  =      2233.3666  VIRIAL  =    -10633.6187  VOLUME     =    718548.4824
                                                    Density    =         0.8148
 ------------------------------------------------------------------------------


      R M S  F L U C T U A T I O N S


 NSTEP =      500   TIME(PS) =       0.500  TEMP(K) =    51.02  PRESS =  3006.3
 Etot   =      4533.4955  EKtot   =      5994.1502  EPtot      =      5485.6352
 BOND   =         2.5801  ANGLE   =         3.5713  DIHED      =        11.7751
 UB     =         0.0000  IMP     =         0.0000  CMAP       =         2.0336
 1-4 NB =         7.5508  1-4 EEL =        10.2167  VDWAALS    =      8765.0787
 EELEC  =      9873.7809  EHBOND  =         0.0000  RESTRAINT  =         0.0000
 EKCMT  =       685.5198  VIRIAL  =     46265.5631  VOLUME     =      3353.4091
                                                    Density    =         0.0038
 ------------------------------------------------------------------------------

|===============================================================================

 NSTEP =     1000   TIME(PS) =       1.000  TEMP(K) =     7.55  PRESS =  -393.2
 Etot   =   -253651.2565  EKtot   =       886.5413  EPtot      =   -254537.7978
 BOND   =       224.2580  ANGLE   =      1141.5683  DIHED      =      1807.0899
 UB     =         0.0000  IMP     =         0.0000  CMAP       =       312.2347
 1-4 NB =      1272.0987  1-4 EEL =     16651.4195  VDWAALS    =     43489.7538
 EELEC  =   -319436.2208  EHBOND  =         0.0000  RESTRAINT  =         0.0000
 EKCMT  =       759.0501  VIRIAL  =      6774.9905  VOLUME     =    708643.1082
                                                    Density    =         0.8261
 ------------------------------------------------------------------------------

|===============================================================================

      A V E R A G E S   O V E R     500 S T E P S


 NSTEP =     1000   TIME(PS) =       1.000  TEMP(K) =    10.81  PRESS =  -488.7
 Etot   =   -252505.5868  EKtot   =      1269.9077  EPtot      =   -253775.4946
 BOND   =       225.4681  ANGLE   =      1143.1971  DIHED      =      1810.0422
 UB     =         0.0000  IMP     =         0.0000  CMAP       =       312.3368
 1-4 NB =      1275.3336  1-4 EEL =     16657.6705  VDWAALS    =     42959.4296
 EELEC  =   -318158.9725  EHBOND  =         0.0000  RESTRAINT  =         0.0000
 EKCMT  =      1081.2863  VIRIAL  =      8599.8986  VOLUME     =    712289.7756
                                                    Density    =         0.8219
 ------------------------------------------------------------------------------


      R M S  F L U C T U A T I O N S


 NSTEP =     1000   TIME(PS) =       1.000  TEMP(K) =     2.19  PRESS =    55.7
 Etot   =       746.2976  EKtot   =       257.1133  EPtot      =       489.3611
 BOND   =         1.6025  ANGLE   =         1.8061  DIHED      =         1.8113
 UB     =         0.0000  IMP     =         0.0000  CMAP       =         0.8961
 1-4 NB =         2.7782  1-4 EEL =         4.8464  VDWAALS    =       313.4858
 EELEC  =       790.4391  EHBOND  =         0.0000  RESTRAINT  =         0.0000
 EKCMT  =       216.2772  VIRIAL  =      1076.1623  VOLUME     =      2255.9594
                                                    Density    =         0.0026
 ------------------------------------------------------------------------------

|===============================================================================

 NSTEP =     1500   TIME(PS) =       1.500  TEMP(K) =     3.79  PRESS =  -305.2
 Etot   =   -254949.4503  EKtot   =       445.1942  EPtot      =   -255394.6445
 BOND   =       226.9950  ANGLE   =      1143.6634  DIHED      =      1801.5638
 UB     =         0.0000  IMP     =         0.0000  CMAP       =       313.8911
 1-4 NB =      1267.9149  1-4 EEL =     16646.3486  VDWAALS    =     43868.0569
 EELEC  =   -320663.0782  EHBOND  =         0.0000  RESTRAINT  =         0.0000
 EKCMT  =       381.8447  VIRIAL  =      5016.3732  VOLUME     =    703231.7817
                                                    Density    =         0.8325
 ------------------------------------------------------------------------------

|===============================================================================

      A V E R A G E S   O V E R     500 S T E P S


 NSTEP =     1500   TIME(PS) =       1.500  TEMP(K) =     5.40  PRESS =  -342.6
 Etot   =   -254374.8042  EKtot   =       633.9348  EPtot      =   -255008.7390
 BOND   =       225.4157  ANGLE   =      1141.2613  DIHED      =      1804.0689
 UB     =         0.0000  IMP     =         0.0000  CMAP       =       315.4864
 1-4 NB =      1269.3382  1-4 EEL =     16647.9463  VDWAALS    =     43729.7810
 EELEC  =   -320142.0367  EHBOND  =         0.0000  RESTRAINT  =         0.0000
 EKCMT  =       544.7203  VIRIAL  =      5765.8572  VOLUME     =    705824.7312
                                                    Density    =         0.8295
 ------------------------------------------------------------------------------


      R M S  F L U C T U A T I O N S


 NSTEP =     1500   TIME(PS) =       1.500  TEMP(K) =     1.07  PRESS =    25.2
 Etot   =       371.7500  EKtot   =       125.4103  EPtot      =       246.6662
 BOND   =         0.7976  ANGLE   =         2.0848  DIHED      =         2.4500
 UB     =         0.0000  IMP     =         0.0000  CMAP       =         1.8480
 1-4 NB =         1.8612  1-4 EEL =         3.9674  VDWAALS    =        90.8613
 EELEC  =       332.5395  EHBOND  =         0.0000  RESTRAINT  =         0.0000
 EKCMT  =       107.7248  VIRIAL  =       491.2778  VOLUME     =      1569.5532
                                                    Density    =         0.0018
 ------------------------------------------------------------------------------

|===============================================================================

 NSTEP =     2000   TIME(PS) =       2.000  TEMP(K) =     1.98  PRESS =  -309.3
 Etot   =   -255625.8477  EKtot   =       232.2581  EPtot      =   -255858.1058
 BOND   =       222.9617  ANGLE   =      1135.7649  DIHED      =      1807.2212
 UB     =         0.0000  IMP     =         0.0000  CMAP       =       314.9761
 1-4 NB =      1273.3009  1-4 EEL =     16658.3220  VDWAALS    =     43979.1404
 EELEC  =   -321249.7929  EHBOND  =         0.0000  RESTRAINT  =         0.0000
 EKCMT  =       202.3257  VIRIAL  =      4866.5807  VOLUME     =    698384.3840
                                                    Density    =         0.8383
 ------------------------------------------------------------------------------

|===============================================================================

      A V E R A G E S   O V E R     500 S T E P S


 NSTEP =     2000   TIME(PS) =       2.000  TEMP(K) =     2.79  PRESS =  -309.2
 Etot   =   -255324.5152  EKtot   =       328.0921  EPtot      =   -255652.6073
 BOND   =       224.5560  ANGLE   =      1139.5692  DIHED      =      1804.2916
 UB     =         0.0000  IMP     =         0.0000  CMAP       =       314.0871
 1-4 NB =      1271.6551  1-4 EEL =     16650.5836  VDWAALS    =     43929.0970
 EELEC  =   -320986.4468  EHBOND  =         0.0000  RESTRAINT  =         0.0000
 EKCMT  =       283.6048  VIRIAL  =      4961.6679  VOLUME     =    700809.9757
                                                    Density    =         0.8354
 ------------------------------------------------------------------------------


      R M S  F L U C T U A T I O N S


 NSTEP =     2000   TIME(PS) =       2.000  TEMP(K) =     0.52  PRESS =     8.5
 Etot   =       195.1841  EKtot   =        61.6194  EPtot      =       133.5963
 BOND   =         0.8362  ANGLE   =         2.2711  DIHED      =         1.9048
 UB     =         0.0000  IMP     =         0.0000  CMAP       =         0.8421
 1-4 NB =         1.2541  1-4 EEL =         2.6739  VDWAALS    =        24.3831
 EELEC  =       151.9205  EHBOND  =         0.0000  RESTRAINT  =         0.0000
 EKCMT  =        52.2993  VIRIAL  =       128.0124  VOLUME     =      1403.8251
                                                    Density    =         0.0017
 ------------------------------------------------------------------------------

|===============================================================================

 NSTEP =     2500   TIME(PS) =       2.500  TEMP(K) =     1.17  PRESS =  -326.1
 Etot   =   -256006.9442  EKtot   =       137.7467  EPtot      =   -256144.6910
 BOND   =       222.3229  ANGLE   =      1134.0820  DIHED      =      1812.0611
 UB     =         0.0000  IMP     =         0.0000  CMAP       =       316.1263
 1-4 NB =      1276.1355  1-4 EEL =     16659.4540  VDWAALS    =     43907.9214
 EELEC  =   -321472.7940  EHBOND  =         0.0000  RESTRAINT  =         0.0000
 EKCMT  =       122.9609  VIRIAL  =      5005.3066  VOLUME     =    693377.6779
                                                    Density    =         0.8443
 ------------------------------------------------------------------------------

|===============================================================================

      A V E R A G E S   O V E R     500 S T E P S


 NSTEP =     2500   TIME(PS) =       2.500  TEMP(K) =     1.54  PRESS =  -321.7
 Etot   =   -255832.9707  EKtot   =       180.8418  EPtot      =   -256013.8125
 BOND   =       222.3352  ANGLE   =      1133.4923  DIHED      =      1811.3881
 UB     =         0.0000  IMP     =         0.0000  CMAP       =       314.2879
 1-4 NB =      1276.0143  1-4 EEL =     16657.7161  VDWAALS    =     43923.9407
 EELEC  =   -321352.9871  EHBOND  =         0.0000  RESTRAINT  =         0.0000
 EKCMT  =       158.8916  VIRIAL  =      4991.6845  VOLUME     =    695879.9155
                                                    Density    =         0.8413
 ------------------------------------------------------------------------------


      R M S  F L U C T U A T I O N S


 NSTEP =     2500   TIME(PS) =       2.500  TEMP(K) =     0.24  PRESS =     9.8
 Etot   =       109.9251  EKtot   =        27.9103  EPtot      =        82.0624
 BOND   =         0.4817  ANGLE   =         1.1836  DIHED      =         1.3561
 UB     =         0.0000  IMP     =         0.0000  CMAP       =         0.9726
 1-4 NB =         1.2783  1-4 EEL =         2.2911  VDWAALS    =        28.7338
 EELEC  =        77.6392  EHBOND  =         0.0000  RESTRAINT  =         0.0000
 EKCMT  =        23.2940  VIRIAL  =       145.9844  VOLUME     =      1457.9253
                                                    Density    =         0.0018
 ------------------------------------------------------------------------------

|===============================================================================

 NSTEP =     3000   TIME(PS) =       3.000  TEMP(K) =     0.81  PRESS =  -314.2
 Etot   =   -256253.5624  EKtot   =        95.3191  EPtot      =   -256348.8815
 BOND   =       221.4010  ANGLE   =      1132.0052  DIHED      =      1810.9768
 UB     =         0.0000  IMP     =         0.0000  CMAP       =       314.8676
 1-4 NB =      1278.0076  1-4 EEL =     16657.3890  VDWAALS    =     43958.7053
 EELEC  =   -321722.2340  EHBOND  =         0.0000  RESTRAINT  =         0.0000
 EKCMT  =        86.3920  VIRIAL  =      4757.1640  VOLUME     =    688462.4546
                                                    Density    =         0.8504
 ------------------------------------------------------------------------------

|===============================================================================

      A V E R A G E S   O V E R     500 S T E P S


 NSTEP =     3000   TIME(PS) =       3.000  TEMP(K) =     0.96  PRESS =  -318.0
 Etot   =   -256136.4273  EKtot   =       113.0149  EPtot      =   -256249.4422
 BOND   =       221.3871  ANGLE   =      1132.4864  DIHED      =      1811.5537
 UB     =         0.0000  IMP     =         0.0000  CMAP       =       315.1794
 1-4 NB =      1277.7814  1-4 EEL =     16659.9236  VDWAALS    =     43934.8537
 EELEC  =   -321602.6076  EHBOND  =         0.0000  RESTRAINT  =         0.0000
 EKCMT  =       102.2009  VIRIAL  =      4845.6682  VOLUME     =    690897.9246
                                                    Density    =         0.8474
 ------------------------------------------------------------------------------


      R M S  F L U C T U A T I O N S


 NSTEP =     3000   TIME(PS) =       3.000  TEMP(K) =     0.09  PRESS =     5.5
 Etot   =        70.4119  EKtot   =        10.5063  EPtot      =        60.2204
 BOND   =         0.3201  ANGLE   =         0.7592  DIHED      =         0.6656
 UB     =         0.0000  IMP     =         0.0000  CMAP       =         0.3129
 1-4 NB =         0.5616  1-4 EEL =         1.9171  VDWAALS    =        14.3155
 EELEC  =        68.9509  EHBOND  =         0.0000  RESTRAINT  =         0.0000
 EKCMT  =         8.9994  VIRIAL  =        95.4400  VOLUME     =      1416.4942
                                                    Density    =         0.0017
 ------------------------------------------------------------------------------

|===============================================================================

 NSTEP =     3500   TIME(PS) =       3.500  TEMP(K) =     0.67  PRESS =  -327.1
 Etot   =   -256437.8985  EKtot   =        78.9200  EPtot      =   -256516.8185
 BOND   =       221.8630  ANGLE   =      1132.9607  DIHED      =      1818.9614
 UB     =         0.0000  IMP     =         0.0000  CMAP       =       313.5978
 1-4 NB =      1278.1108  1-4 EEL =     16654.8067  VDWAALS    =     43934.9874
 EELEC  =   -321872.1065  EHBOND  =         0.0000  RESTRAINT  =         0.0000
 EKCMT  =        72.4479  VIRIAL  =      4900.4773  VOLUME     =    683559.1972
                                                    Density    =         0.8565
 ------------------------------------------------------------------------------

|===============================================================================

      A V E R A G E S   O V E R     500 S T E P S


 NSTEP =     3500   TIME(PS) =       3.500  TEMP(K) =     0.71  PRESS =  -319.5
 Etot   =   -256347.6017  EKtot   =        83.8412  EPtot      =   -256431.4429
 BOND   =       221.6365  ANGLE   =      1132.5385  DIHED      =      1815.0549
 UB     =         0.0000  IMP     =         0.0000  CMAP       =       314.6752
 1-4 NB =      1277.4428  1-4 EEL =     16656.8465  VDWAALS    =     43945.6987
 EELEC  =   -321795.3359  EHBOND  =         0.0000  RESTRAINT  =         0.0000
 EKCMT  =        76.4975  VIRIAL  =      4809.2236  VOLUME     =    686021.5918
                                                    Density    =         0.8534
 ------------------------------------------------------------------------------


      R M S  F L U C T U A T I O N S


 NSTEP =     3500   TIME(PS) =       3.500  TEMP(K) =     0.04  PRESS =     6.2
 Etot   =        52.5965  EKtot   =         4.1876  EPtot      =        49.4139
 BOND   =         0.2287  ANGLE   =         0.6281  DIHED      =         3.2146
 UB     =         0.0000  IMP     =         0.0000  CMAP       =         0.4175
 1-4 NB =         0.4891  1-4 EEL =         1.2284  VDWAALS    =         7.3276
 EELEC  =        50.4165  EHBOND  =         0.0000  RESTRAINT  =         0.0000
 EKCMT  =         3.5325  VIRIAL  =        83.7121  VOLUME     =      1419.5198
                                                    Density    =         0.0018
 ------------------------------------------------------------------------------

|===============================================================================

 NSTEP =     4000   TIME(PS) =       4.000  TEMP(K) =     0.51  PRESS =  -332.9
 Etot   =   -256598.1584  EKtot   =        60.2957  EPtot      =   -256658.4540
 BOND   =       222.0428  ANGLE   =      1133.0869  DIHED      =      1815.2789
 UB     =         0.0000  IMP     =         0.0000  CMAP       =       314.1792
 1-4 NB =      1277.6568  1-4 EEL =     16657.6833  VDWAALS    =     43931.2258
 EELEC  =   -322009.6077  EHBOND  =         0.0000  RESTRAINT  =         0.0000
 EKCMT  =        55.6677  VIRIAL  =      4932.0924  VOLUME     =    678465.1734
                                                    Density    =         0.8629
 ------------------------------------------------------------------------------

|===============================================================================

      A V E R A G E S   O V E R     500 S T E P S


 NSTEP =     4000   TIME(PS) =       4.000  TEMP(K) =     0.59  PRESS =  -334.4
 Etot   =   -256521.3978  EKtot   =        69.7855  EPtot      =   -256591.1832
 BOND   =       221.7745  ANGLE   =      1133.0532  DIHED      =      1816.8083
 UB     =         0.0000  IMP     =         0.0000  CMAP       =       314.1353
 1-4 NB =      1277.7395  1-4 EEL =     16655.7445  VDWAALS    =     43918.4869
 EELEC  =   -321928.9255  EHBOND  =         0.0000  RESTRAINT  =         0.0000
 EKCMT  =        64.0975  VIRIAL  =      4981.4188  VOLUME     =    681010.8674
                                                    Density    =         0.8597
 ------------------------------------------------------------------------------


      R M S  F L U C T U A T I O N S


 NSTEP =     4000   TIME(PS) =       4.000  TEMP(K) =     0.05  PRESS =     4.0
 Etot   =        46.3427  EKtot   =         5.8418  EPtot      =        40.5764
 BOND   =         0.2196  ANGLE   =         0.7332  DIHED      =         0.9090
 UB     =         0.0000  IMP     =         0.0000  CMAP       =         0.3869
 1-4 NB =         0.5959  1-4 EEL =         0.8240  VDWAALS    =         8.1331
 EELEC  =        38.5371  EHBOND  =         0.0000  RESTRAINT  =         0.0000
 EKCMT  =         5.2357  VIRIAL  =        53.8559  VOLUME     =      1470.5837
                                                    Density    =         0.0019
 ------------------------------------------------------------------------------

|===============================================================================

 NSTEP =     4500   TIME(PS) =       4.500  TEMP(K) =     0.48  PRESS =  -355.8
 Etot   =   -256738.6580  EKtot   =        56.8916  EPtot      =   -256795.5496
 BOND   =       221.5119  ANGLE   =      1133.4224  DIHED      =      1812.8620
 UB     =         0.0000  IMP     =         0.0000  CMAP       =       314.2083
 1-4 NB =      1277.5910  1-4 EEL =     16662.5500  VDWAALS    =     43882.3936
 EELEC  =   -322100.0887  EHBOND  =         0.0000  RESTRAINT  =         0.0000
 EKCMT  =        53.9173  VIRIAL  =      5226.8998  VOLUME     =    673286.7851
                                                    Density    =         0.8695
 ------------------------------------------------------------------------------

|===============================================================================

      A V E R A G E S   O V E R     500 S T E P S


 NSTEP =     4500   TIME(PS) =       4.500  TEMP(K) =     0.50  PRESS =  -342.6
 Etot   =   -256669.8037  EKtot   =        58.7709  EPtot      =   -256728.5746
 BOND   =       221.4380  ANGLE   =      1133.4250  DIHED      =      1812.7769
 UB     =         0.0000  IMP     =         0.0000  CMAP       =       314.2697
 1-4 NB =      1278.2424  1-4 EEL =     16662.0943  VDWAALS    =     43917.8848
 EELEC  =   -322068.7057  EHBOND  =         0.0000  RESTRAINT  =         0.0000
 EKCMT  =        54.8549  VIRIAL  =      5054.4677  VOLUME     =    675896.1786
                                                    Density    =         0.8662
 ------------------------------------------------------------------------------


      R M S  F L U C T U A T I O N S


 NSTEP =     4500   TIME(PS) =       4.500  TEMP(K) =     0.01  PRESS =     7.8
 Etot   =        40.8572  EKtot   =         1.5233  EPtot      =        39.5216
 BOND   =         0.2130  ANGLE   =         0.5568  DIHED      =         0.9244
 UB     =         0.0000  IMP     =         0.0000  CMAP       =         0.1408
 1-4 NB =         0.4052  1-4 EEL =         1.5737  VDWAALS    =        13.0569
 EELEC  =        29.2326  EHBOND  =         0.0000  RESTRAINT  =         0.0000
 EKCMT  =         1.1629  VIRIAL  =       104.4930  VOLUME     =      1491.0218
                                                    Density    =         0.0019
 ------------------------------------------------------------------------------

|===============================================================================

 NSTEP =     5000   TIME(PS) =       5.000  TEMP(K) =     0.53  PRESS =  -402.5
 Etot   =   -256883.0160  EKtot   =        62.6909  EPtot      =   -256945.7069
 BOND   =       221.5095  ANGLE   =      1136.5581  DIHED      =      1814.1168
 UB     =         0.0000  IMP     =         0.0000  CMAP       =       313.7496
 1-4 NB =      1277.0797  1-4 EEL =     16662.3072  VDWAALS    =     43796.9035
 EELEC  =   -322167.9314  EHBOND  =         0.0000  RESTRAINT  =         0.0000
 EKCMT  =        59.1750  VIRIAL  =      5861.3824  VOLUME     =    667586.0856
                                                    Density    =         0.8770
 ------------------------------------------------------------------------------

|===============================================================================

      A V E R A G E S   O V E R     500 S T E P S


 NSTEP =     5000   TIME(PS) =       5.000  TEMP(K) =     0.51  PRESS =  -380.4
 Etot   =   -256808.9282  EKtot   =        60.2292  EPtot      =   -256869.1574
 BOND   =       221.6606  ANGLE   =      1134.6053  DIHED      =      1814.7280
 UB     =         0.0000  IMP     =         0.0000  CMAP       =       314.1940
 1-4 NB =      1277.1420  1-4 EEL =     16660.9877  VDWAALS    =     43834.8019
 EELEC  =   -322127.2769  EHBOND  =         0.0000  RESTRAINT  =         0.0000
 EKCMT  =        57.3240  VIRIAL  =      5563.4312  VOLUME     =    670488.9222
                                                    Density    =         0.8732
 ------------------------------------------------------------------------------


      R M S  F L U C T U A T I O N S


 NSTEP =     5000   TIME(PS) =       5.000  TEMP(K) =     0.01  PRESS =    14.5
 Etot   =        41.9947  EKtot   =         1.7172  EPtot      =        43.6311
 BOND   =         0.1926  ANGLE   =         1.2930  DIHED      =         0.4529
 UB     =         0.0000  IMP     =         0.0000  CMAP       =         0.3014
 1-4 NB =         0.4082  1-4 EEL =         0.9616  VDWAALS    =        26.3705
 EELEC  =        18.7929  EHBOND  =         0.0000  RESTRAINT  =         0.0000
 EKCMT  =         1.7095  VIRIAL  =       198.8076  VOLUME     =      1645.6115
                                                    Density    =         0.0021
 ------------------------------------------------------------------------------

|===============================================================================

 NSTEP =     5500   TIME(PS) =       5.500  TEMP(K) =     0.60  PRESS =  -444.8
 Etot   =   -257050.8343  EKtot   =        70.9222  EPtot      =   -257121.7565
 BOND   =       222.2286  ANGLE   =      1139.3505  DIHED      =      1815.4859
 UB     =         0.0000  IMP     =         0.0000  CMAP       =       312.9684
 1-4 NB =      1275.4702  1-4 EEL =     16656.5748  VDWAALS    =     43702.7521
 EELEC  =   -322246.5869  EHBOND  =         0.0000  RESTRAINT  =         0.0000
 EKCMT  =        66.0644  VIRIAL  =      6416.8954  VOLUME     =    661296.7721
                                                    Density    =         0.8853
 ------------------------------------------------------------------------------

|===============================================================================

      A V E R A G E S   O V E R     500 S T E P S


 NSTEP =     5500   TIME(PS) =       5.500  TEMP(K) =     0.58  PRESS =  -423.5
 Etot   =   -256964.8296  EKtot   =        68.0173  EPtot      =   -257032.8470
 BOND   =       222.3131  ANGLE   =      1138.5899  DIHED      =      1814.6170
 UB     =         0.0000  IMP     =         0.0000  CMAP       =       313.4336
 1-4 NB =      1275.8405  1-4 EEL =     16658.3960  VDWAALS    =     43746.5385
 EELEC  =   -322202.5756  EHBOND  =         0.0000  RESTRAINT  =         0.0000
 EKCMT  =        63.6999  VIRIAL  =      6139.6838  VOLUME     =    664486.8790
                                                    Density    =         0.8811
 ------------------------------------------------------------------------------


      R M S  F L U C T U A T I O N S


 NSTEP =     5500   TIME(PS) =       5.500  TEMP(K) =     0.03  PRESS =    13.3
 Etot   =        48.5462  EKtot   =         2.9914  EPtot      =        51.3831
 BOND   =         0.3751  ANGLE   =         0.9358  DIHED      =         0.6976
 UB     =         0.0000  IMP     =         0.0000  CMAP       =         0.1435
 1-4 NB =         0.5093  1-4 EEL =         2.2113  VDWAALS    =        25.9615
 EELEC  =        25.6205  EHBOND  =         0.0000  RESTRAINT  =         0.0000
 EKCMT  =         2.7414  VIRIAL  =       177.3511  VOLUME     =      1816.9603
                                                    Density    =         0.0024
 ------------------------------------------------------------------------------

|===============================================================================

 NSTEP =     6000   TIME(PS) =       6.000  TEMP(K) =     0.66  PRESS =  -468.1
 Etot   =   -257236.9173  EKtot   =        77.7621  EPtot      =   -257314.6794
 BOND   =       222.9573  ANGLE   =      1139.7127  DIHED      =      1815.3565
 UB     =         0.0000  IMP     =         0.0000  CMAP       =       311.7407
 1-4 NB =      1275.7269  1-4 EEL =     16658.1818  VDWAALS    =     43662.6823
 EELEC  =   -322401.0375  EHBOND  =         0.0000  RESTRAINT  =         0.0000
 EKCMT  =        74.1728  VIRIAL  =      6690.1711  VOLUME     =    654571.7964
                                                    Density    =         0.8944
 ------------------------------------------------------------------------------

|===============================================================================

      A V E R A G E S   O V E R     500 S T E P S


 NSTEP =     6000   TIME(PS) =       6.000  TEMP(K) =     0.63  PRESS =  -457.4
 Etot   =   -257142.8989  EKtot   =        73.9725  EPtot      =   -257216.8713
 BOND   =       222.5023  ANGLE   =      1139.2183  DIHED      =      1816.5100
 UB     =         0.0000  IMP     =         0.0000  CMAP       =       311.7110
 1-4 NB =      1275.9548  1-4 EEL =     16656.4569  VDWAALS    =     43679.3972
 EELEC  =   -322318.6218  EHBOND  =         0.0000  RESTRAINT  =         0.0000
 EKCMT  =        69.7924  VIRIAL  =      6567.1681  VOLUME     =    657948.7755
                                                    Density    =         0.8898
 ------------------------------------------------------------------------------


      R M S  F L U C T U A T I O N S


 NSTEP =     6000   TIME(PS) =       6.000  TEMP(K) =     0.02  PRESS =     6.7
 Etot   =        54.1035  EKtot   =         1.9722  EPtot      =        55.8601
 BOND   =         0.2007  ANGLE   =         0.3874  DIHED      =         0.7401
 UB     =         0.0000  IMP     =         0.0000  CMAP       =         0.6169
 1-4 NB =         0.3079  1-4 EEL =         1.1558  VDWAALS    =         8.1580
 EELEC  =        50.8900  EHBOND  =         0.0000  RESTRAINT  =         0.0000
 EKCMT  =         2.1203  VIRIAL  =        78.4320  VOLUME     =      1942.2871
                                                    Density    =         0.0026
 ------------------------------------------------------------------------------

|===============================================================================

 NSTEP =     6500   TIME(PS) =       6.500  TEMP(K) =     0.76  PRESS =  -498.6
 Etot   =   -257443.0690  EKtot   =        88.9110  EPtot      =   -257531.9800
 BOND   =       222.3783  ANGLE   =      1139.7942  DIHED      =      1815.0184
 UB     =         0.0000  IMP     =         0.0000  CMAP       =       311.8980
 1-4 NB =      1275.1900  1-4 EEL =     16658.5457  VDWAALS    =     43585.5129
 EELEC  =   -322540.3174  EHBOND  =         0.0000  RESTRAINT  =         0.0000
 EKCMT  =        86.1402  VIRIAL  =      7055.5540  VOLUME     =    647450.3163
                                                    Density    =         0.9042
 ------------------------------------------------------------------------------

|===============================================================================

      A V E R A G E S   O V E R     500 S T E P S


 NSTEP =     6500   TIME(PS) =       6.500  TEMP(K) =     0.69  PRESS =  -489.6
 Etot   =   -257337.2170  EKtot   =        80.8325  EPtot      =   -257418.0495
 BOND   =       222.4402  ANGLE   =      1139.2920  DIHED      =      1815.3026
 UB     =         0.0000  IMP     =         0.0000  CMAP       =       312.3140
 1-4 NB =      1275.9420  1-4 EEL =     16658.8477  VDWAALS    =     43611.2660
 EELEC  =   -322453.4541  EHBOND  =         0.0000  RESTRAINT  =         0.0000
 EKCMT  =        77.7008  VIRIAL  =      6959.3067  VOLUME     =    651036.9217
                                                    Density    =         0.8993
 ------------------------------------------------------------------------------


      R M S  F L U C T U A T I O N S


 NSTEP =     6500   TIME(PS) =       6.500  TEMP(K) =     0.04  PRESS =    10.2
 Etot   =        59.1980  EKtot   =         5.0707  EPtot      =        63.7796
 BOND   =         0.1992  ANGLE   =         0.3536  DIHED      =         0.2532
 UB     =         0.0000  IMP     =         0.0000  CMAP       =         0.3296
 1-4 NB =         0.3555  1-4 EEL =         0.3281  VDWAALS    =        29.3661
 EELEC  =        36.6278  EHBOND  =         0.0000  RESTRAINT  =         0.0000
 EKCMT  =         5.2380  VIRIAL  =       127.1911  VOLUME     =      2063.0102
                                                    Density    =         0.0028
 ------------------------------------------------------------------------------

|===============================================================================

 NSTEP =     7000   TIME(PS) =       7.000  TEMP(K) =     0.82  PRESS =  -558.6
 Etot   =   -257681.3288  EKtot   =        96.8909  EPtot      =   -257778.2197
 BOND   =       222.5364  ANGLE   =      1139.0106  DIHED      =      1817.7499
 UB     =         0.0000  IMP     =         0.0000  CMAP       =       311.7709
 1-4 NB =      1274.8751  1-4 EEL =     16655.8826  VDWAALS    =     43433.4075
 EELEC  =   -322633.4528  EHBOND  =         0.0000  RESTRAINT  =         0.0000
 EKCMT  =        93.5829  VIRIAL  =      7810.5539  VOLUME     =    639853.2603
                                                    Density    =         0.9150
 ------------------------------------------------------------------------------

|===============================================================================

      A V E R A G E S   O V E R     500 S T E P S


 NSTEP =     7000   TIME(PS) =       7.000  TEMP(K) =     0.80  PRESS =  -528.4
 Etot   =   -257559.6751  EKtot   =        94.1852  EPtot      =   -257653.8604
 BOND   =       222.4612  ANGLE   =      1138.8448  DIHED      =      1817.1173
 UB     =         0.0000  IMP     =         0.0000  CMAP       =       311.4540
 1-4 NB =      1274.8164  1-4 EEL =     16657.1435  VDWAALS    =     43508.5049
 EELEC  =   -322584.2024  EHBOND  =         0.0000  RESTRAINT  =         0.0000
 EKCMT  =        90.9559  VIRIAL  =      7433.9716  VOLUME     =    643699.9777
                                                    Density    =         0.9095
 ------------------------------------------------------------------------------


      R M S  F L U C T U A T I O N S


 NSTEP =     7000   TIME(PS) =       7.000  TEMP(K) =     0.02  PRESS =    15.6
 Etot   =        68.7424  EKtot   =         2.5937  EPtot      =        70.7762
 BOND   =         0.1808  ANGLE   =         0.6616  DIHED      =         0.9660
 UB     =         0.0000  IMP     =         0.0000  CMAP       =         0.3067
 1-4 NB =         0.2902  1-4 EEL =         0.7224  VDWAALS    =        38.4664
 EELEC  =        34.5994  EHBOND  =         0.0000  RESTRAINT  =         0.0000
 EKCMT  =         2.4779  VIRIAL  =       194.7484  VOLUME     =      2196.1380
                                                    Density    =         0.0031
 ------------------------------------------------------------------------------

|===============================================================================

 NSTEP =     7500   TIME(PS) =       7.500  TEMP(K) =     0.99  PRESS =  -594.3
 Etot   =   -257955.6770  EKtot   =       115.9445  EPtot      =   -258071.6215
 BOND   =       222.4210  ANGLE   =      1139.0698  DIHED      =      1819.0070
 UB     =         0.0000  IMP     =         0.0000  CMAP       =       311.0167
 1-4 NB =      1275.9073  1-4 EEL =     16658.3943  VDWAALS    =     43346.5459
 EELEC  =   -322843.9836  EHBOND  =         0.0000  RESTRAINT  =         0.0000
 EKCMT  =       111.9335  VIRIAL  =      8216.7289  VOLUME     =    631626.5518
                                                    Density    =         0.9269
 ------------------------------------------------------------------------------

|===============================================================================

      A V E R A G E S   O V E R     500 S T E P S


 NSTEP =     7500   TIME(PS) =       7.500  TEMP(K) =     0.91  PRESS =  -579.3
 Etot   =   -257813.8826  EKtot   =       106.3742  EPtot      =   -257920.2568
 BOND   =       222.5314  ANGLE   =      1139.4646  DIHED      =      1817.7352
 UB     =         0.0000  IMP     =         0.0000  CMAP       =       311.5020
 1-4 NB =      1275.4840  1-4 EEL =     16657.3178  VDWAALS    =     43382.3035
 EELEC  =   -322726.5953  EHBOND  =         0.0000  RESTRAINT  =         0.0000
 EKCMT  =       102.7654  VIRIAL  =      8054.8759  VOLUME     =    635760.2604
                                                    Density    =         0.9209
 ------------------------------------------------------------------------------


      R M S  F L U C T U A T I O N S


 NSTEP =     7500   TIME(PS) =       7.500  TEMP(K) =     0.06  PRESS =     9.5
 Etot   =        79.0379  EKtot   =         7.2717  EPtot      =        86.1354
 BOND   =         0.0705  ANGLE   =         0.4254  DIHED      =         0.4680
 UB     =         0.0000  IMP     =         0.0000  CMAP       =         0.2549
 1-4 NB =         0.3304  1-4 EEL =         1.0830  VDWAALS    =        21.8022
 EELEC  =        68.2104  EHBOND  =         0.0000  RESTRAINT  =         0.0000
 EKCMT  =         6.9850  VIRIAL  =       108.2752  VOLUME     =      2376.9161
                                                    Density    =         0.0034
 ------------------------------------------------------------------------------

|===============================================================================

 NSTEP =     8000   TIME(PS) =       8.000  TEMP(K) =     1.09  PRESS =  -612.5
 Etot   =   -258272.6914  EKtot   =       128.0910  EPtot      =   -258400.7824
 BOND   =       222.1828  ANGLE   =      1138.3944  DIHED      =      1818.7082
 UB     =         0.0000  IMP     =         0.0000  CMAP       =       309.3826
 1-4 NB =      1276.0360  1-4 EEL =     16659.1077  VDWAALS    =     43314.9733
 EELEC  =   -323139.5675  EHBOND  =         0.0000  RESTRAINT  =         0.0000
 EKCMT  =       125.3313  VIRIAL  =      8366.1993  VOLUME     =    623112.7127
                                                    Density    =         0.9395
 ------------------------------------------------------------------------------

|===============================================================================

      A V E R A G E S   O V E R     500 S T E P S


 NSTEP =     8000   TIME(PS) =       8.000  TEMP(K) =     1.06  PRESS =  -607.6
 Etot   =   -258112.2514  EKtot   =       124.8932  EPtot      =   -258237.1446
 BOND   =       222.4583  ANGLE   =      1138.5442  DIHED      =      1818.7108
 UB     =         0.0000  IMP     =         0.0000  CMAP       =       309.8970
 1-4 NB =      1276.0506  1-4 EEL =     16658.2182  VDWAALS    =     43321.3789
 EELEC  =   -322982.4027  EHBOND  =         0.0000  RESTRAINT  =         0.0000
 EKCMT  =       120.8788  VIRIAL  =      8350.6742  VOLUME     =    627374.2291
                                                    Density    =         0.9332
 ------------------------------------------------------------------------------


      R M S  F L U C T U A T I O N S


 NSTEP =     8000   TIME(PS) =       8.000  TEMP(K) =     0.03  PRESS =     6.8
 Etot   =        92.5830  EKtot   =         3.6061  EPtot      =        95.5979
 BOND   =         0.1393  ANGLE   =         0.4201  DIHED      =         0.1852
 UB     =         0.0000  IMP     =         0.0000  CMAP       =         0.5232
 1-4 NB =         0.1712  1-4 EEL =         0.7260  VDWAALS    =        13.2551
 EELEC  =        86.0040  EHBOND  =         0.0000  RESTRAINT  =         0.0000
 EKCMT  =         3.8094  VIRIAL  =        71.6357  VOLUME     =      2462.6794
                                                    Density    =         0.0037
 ------------------------------------------------------------------------------

|===============================================================================

 NSTEP =     8500   TIME(PS) =       8.500  TEMP(K) =     1.38  PRESS =  -623.4
 Etot   =   -258630.3106  EKtot   =       162.6172  EPtot      =   -258792.9278
 BOND   =       222.1227  ANGLE   =      1137.9470  DIHED      =      1818.8011
 UB     =         0.0000  IMP     =         0.0000  CMAP       =       310.4229
 1-4 NB =      1275.7179  1-4 EEL =     16658.1655  VDWAALS    =     43268.9340
 EELEC  =   -323485.0388  EHBOND  =         0.0000  RESTRAINT  =         0.0000
 EKCMT  =       159.3380  VIRIAL  =      8430.6080  VOLUME     =    614512.5049
                                                    Density    =         0.9527
 ------------------------------------------------------------------------------

|===============================================================================

      A V E R A G E S   O V E R     500 S T E P S


 NSTEP =     8500   TIME(PS) =       8.500  TEMP(K) =     1.22  PRESS =  -622.2
 Etot   =   -258446.4966  EKtot   =       143.1952  EPtot      =   -258589.6918
 BOND   =       222.2053  ANGLE   =      1137.9140  DIHED      =      1819.4328
 UB     =         0.0000  IMP     =         0.0000  CMAP       =       310.0723
 1-4 NB =      1275.7026  1-4 EEL =     16657.2618  VDWAALS    =     43279.9711
 EELEC  =   -323292.2517  EHBOND  =         0.0000  RESTRAINT  =         0.0000
 EKCMT  =       140.2457  VIRIAL  =      8453.6410  VOLUME     =    618795.0151
                                                    Density    =         0.9461
 ------------------------------------------------------------------------------


      R M S  F L U C T U A T I O N S


 NSTEP =     8500   TIME(PS) =       8.500  TEMP(K) =     0.08  PRESS =     4.8
 Etot   =       103.2325  EKtot   =         9.5130  EPtot      =       112.6521
 BOND   =         0.0540  ANGLE   =         0.1626  DIHED      =         0.4720
 UB     =         0.0000  IMP     =         0.0000  CMAP       =         0.4319
 1-4 NB =         0.2005  1-4 EEL =         0.5951  VDWAALS    =        14.6932
 EELEC  =       113.7389  EHBOND  =         0.0000  RESTRAINT  =         0.0000
 EKCMT  =         9.3810  VIRIAL  =        67.7183  VOLUME     =      2484.2375
                                                    Density    =         0.0038
 ------------------------------------------------------------------------------

|===============================================================================

 NSTEP =     9000   TIME(PS) =       9.000  TEMP(K) =     1.66  PRESS =  -593.3
 Etot   =   -259052.1530  EKtot   =       194.9652  EPtot      =   -259247.1182
 BOND   =       221.8569  ANGLE   =      1137.3751  DIHED      =      1817.9912
 UB     =         0.0000  IMP     =         0.0000  CMAP       =       310.2981
 1-4 NB =      1275.8002  1-4 EEL =     16659.0365  VDWAALS    =     43361.9949
 EELEC  =   -324031.4711  EHBOND  =         0.0000  RESTRAINT  =         0.0000
 EKCMT  =       190.6475  VIRIAL  =      7957.1690  VOLUME     =    606293.2579
                                                    Density    =         0.9656
 ------------------------------------------------------------------------------

|===============================================================================

      A V E R A G E S   O V E R     500 S T E P S


 NSTEP =     9000   TIME(PS) =       9.000  TEMP(K) =     1.52  PRESS =  -602.8
 Etot   =   -258838.6678  EKtot   =       178.3253  EPtot      =   -259016.9930
 BOND   =       221.9931  ANGLE   =      1137.7427  DIHED      =      1818.7404
 UB     =         0.0000  IMP     =         0.0000  CMAP       =       310.4178
 1-4 NB =      1275.6680  1-4 EEL =     16658.0945  VDWAALS    =     43333.4956
 EELEC  =   -323773.1451  EHBOND  =         0.0000  RESTRAINT  =         0.0000
 EKCMT  =       174.8694  VIRIAL  =      8118.5266  VOLUME     =    610336.4998
                                                    Density    =         0.9592
 ------------------------------------------------------------------------------


      R M S  F L U C T U A T I O N S


 NSTEP =     9000   TIME(PS) =       9.000  TEMP(K) =     0.06  PRESS =    13.2
 Etot   =       121.5344  EKtot   =         6.9544  EPtot      =       128.1619
 BOND   =         0.0854  ANGLE   =         0.3009  DIHED      =         0.3208
 UB     =         0.0000  IMP     =         0.0000  CMAP       =         0.1662
 1-4 NB =         0.2396  1-4 EEL =         0.7923  VDWAALS    =        36.4344
 EELEC  =       162.4569  EHBOND  =         0.0000  RESTRAINT  =         0.0000
 EKCMT  =         6.7859  VIRIAL  =       196.9111  VOLUME     =      2369.6094
                                                    Density    =         0.0037
 ------------------------------------------------------------------------------

|===============================================================================

      A V E R A G E S   O V E R    9000 S T E P S


 NSTEP =     9000   TIME(PS) =       9.000  TEMP(K) =     3.15  PRESS =  -368.2
 Etot   =   -256174.6704  EKtot   =       369.8240  EPtot      =   -256544.4943
 BOND   =       222.8888  ANGLE   =      1137.5482  DIHED      =      1812.7652
 UB     =         0.0000  IMP     =         0.0000  CMAP       =       312.9247
 1-4 NB =      1275.4656  1-4 EEL =     16656.8090  VDWAALS    =     43747.7535
 EELEC  =   -321710.6493  EHBOND  =         0.0000  RESTRAINT  =         0.0000
 EKCMT  =       305.4307  VIRIAL  =      5500.9748  VOLUME     =    669283.7180
                                                    Density    =         0.8768
 ------------------------------------------------------------------------------


      R M S  F L U C T U A T I O N S


 NSTEP =     9000   TIME(PS) =       9.000  TEMP(K) =    13.43  PRESS =   774.7
 Etot   =      2620.2906  EKtot   =      1577.2340  EPtot      =      2186.9740
 BOND   =         1.8130  ANGLE   =         3.6097  DIHED      =         7.5045
 UB     =         0.0000  IMP     =         0.0000  CMAP       =         1.8974
 1-4 NB =         3.0067  1-4 EEL =         4.6615  VDWAALS    =      2129.5913
 EELEC  =      2763.0078  EHBOND  =         0.0000  RESTRAINT  =         0.0000
 EKCMT  =       554.6594  VIRIAL  =     11670.7417  VOLUME     =     31937.2810
                                                    Density    =         0.0425
 ------------------------------------------------------------------------------

--------------------------------------------------------------------------------
   5.  TIMINGS
--------------------------------------------------------------------------------

|  NonSetup CPU Time in Major Routines:
|
|     Routine           Sec        %
|     ------------------------------
|     Nonbond           5.73   84.00
|     Bond              0.00    0.00
|     Angle             0.00    0.00
|     Dihedral          0.00    0.00
|     Shake             0.02    0.29
|     RunMD             1.06   15.53
|     Other             0.01    0.18
|     ------------------------------
|     Total             6.82

|  PME Nonbond Pairlist CPU Time:
|
|     Routine              Sec        %
|     ---------------------------------
|     Set Up Cit           0.00    0.00
|     Build List           0.00    0.00
|     ---------------------------------
|     Total                0.00    0.00

|  PME Direct Force CPU Time:
|
|     Routine              Sec        %
|     ---------------------------------
|     NonBonded Calc       0.00    0.00
|     Exclude Masked       0.00    0.00
|     Other                0.01    0.10
|     ---------------------------------
|     Total                0.01    0.10

|  PME Reciprocal Force CPU Time:
|
|     Routine              Sec        %
|     ---------------------------------
|     1D bspline           0.00    0.00
|     Grid Charges         0.00    0.00
|     Scalar Sum           0.00    0.00
|     Gradient Sum         0.00    0.00
|     FFT                  0.00    0.00
|     ---------------------------------
|     Total                0.00    0.00

|  Final Performance Info:
|     -----------------------------------------------------
|     Average timings for last    9000 steps:
|     Elapsed(s) =       6.96 Per Step(ms) =       0.77
|         ns/day =     111.74   seconds/ns =     773.20
|
|     Average timings for all steps:
|     Elapsed(s) =       6.96 Per Step(ms) =       0.77
|         ns/day =     111.74   seconds/ns =     773.20
|     -----------------------------------------------------

|  Setup CPU time:            0.93 seconds
|  NonSetup CPU time:         6.82 seconds
|  Total CPU time:            7.75 seconds     0.00 hours

|  Setup wall time:           1    seconds
|  NonSetup wall time:        7    seconds
|  Total wall time:           8    seconds     0.00 hours
