
          -------------------------------------------------------
          Amber 20 PMEMD                              2020
          -------------------------------------------------------

| PMEMD implementation of SANDER, Release 18

|  Compiled date/time: Wed Sep 22 23:21:21 2021
| Run on 08/11/2023 at 11:54:12

|   Executable path: /mnt/research/MerzGroup/Amber20Tools21/amber20/bin/pmemd.cuda
| Working directory: /mnt/ufs18/home-179/sharmag3/Aimen2
|          Hostname: nif-000

  [-O]verwriting output

File Assignments:
|   MDIN: ti2_min3.in                                                           
|  MDOUT: ti2_min3.out                                                          
| INPCRD: ti2_min2.rst                                                          
|   PARM: complex_solv.prmtop                                                   
| RESTRT: ti2_min3.rst                                                          
|   REFC: ti2_min2.rst                                                          
|  MDVEL: mdvel                                                                 
|   MDEN: mden                                                                  
|  MDCRD: ti2_min3.netcdf                                                       
| MDINFO: ti2_min3.mdinfo                                                       
|  MDFRC: mdfrc                                                                 


 Here is the input file:

min for deltaG calculation                                                     
 &cntrl                                                                        
  imin=1,                                                                      
  irest=0, ! default, no velocity from rst                                     
  ntmin=1, ! default, steep then conjugate                                     
  maxcyc=20000,                                                                
  ncyc=10000,                                                                  
  cut=10.0,                                                                    
  ntb=1,                                                                       
  ntpr=500, ! write to mdinfo file                                             
  ntwr=500, ! write to rst file                                                
  ntwx=10000, ! write to mdcrd file                                            
  ntave=500, ! calc ave every 500 steps                                        
  ioutfm=1,                                                                    
  iwrap=1,                                                                     
  ntr=1,                                                                       
  restraintmask=':1-433@C,O,CA,N',                                             
  restraint_wt=200,                                                            
/                                                                              
&ewald                                                                         
nfft1=48, nfft2=48, nfft3=48,                                                  
/                                                                              


Note: ig = -1. Setting random seed to   221614 based on wallclock time in 
      microseconds.
| irandom = 1, using AMBER's internal random number generator (default).
 
|--------------------- INFORMATION ----------------------
| GPU (CUDA) Version of PMEMD in use: NVIDIA GPU IN USE.
|                    Version 18.0.0
| 
|                      03/25/2018
| 
| Implementation by:
|                    Ross C. Walker     (SDSC)
|                    Scott Le Grand     (nVIDIA)
| 
| Version 18 performance extensions by:
|                    David Cerutti     (Rutgers)
| 
| Precision model in use:
|      [SPFP] - Single Precision Forces, 64-bit Fixed Point
|               Accumulation. (Default)
| 
|--------------------------------------------------------
 
|----------------- CITATION INFORMATION -----------------
|
|    When publishing work that utilized the CUDA version
|    of AMBER, please cite the following in addition to
|    the regular AMBER citations:
|
|  - Romelia Salomon-Ferrer; Andreas W. Goetz; Duncan
|    Poole; Scott Le Grand; Ross C. Walker "Routine
|    microsecond molecular dynamics simulations with
|    AMBER - Part II: Particle Mesh Ewald", J. Chem.
|    Theory Comput., 2013, 9 (9), pp3878-3888,
|    DOI: 10.1021/ct400314y.
|
|  - Andreas W. Goetz; Mark J. Williamson; Dong Xu;
|    Duncan Poole; Scott Le Grand; Ross C. Walker
|    "Routine microsecond molecular dynamics simulations
|    with AMBER - Part I: Generalized Born", J. Chem.
|    Theory Comput., 2012, 8 (5), pp1542-1555.
|
|  - Scott Le Grand; Andreas W. Goetz; Ross C. Walker
|    "SPFP: Speed without compromise - a mixed precision
|    model for GPU accelerated molecular dynamics
|    simulations.", Comp. Phys. Comm., 2013, 184
|    pp374-380, DOI: 10.1016/j.cpc.2012.09.022
|
|--------------------------------------------------------
 
|------------------- GPU DEVICE INFO --------------------
|
|            CUDA_VISIBLE_DEVICES: 0
|   CUDA Capable Devices Detected:      1
|           CUDA Device ID in use:      0
|                CUDA Device Name: NVIDIA A100-PCIE-40GB
|     CUDA Device Global Mem Size:  40370 MB
| CUDA Device Num Multiprocessors:    108
|           CUDA Device Core Freq:   1.41 GHz
|
|--------------------------------------------------------
 
 
| Conditional Compilation Defines Used:
| PUBFFT
| BINTRAJ
| CUDA
| EMIL

| Largest sphere to fit in unit cell has radius =    42.130

| New format PARM file being parsed.
| Version =    1.000 Date = 08/11/23 Time = 11:49:35

| Note: 1-4 EEL scale factors are being read from the topology file.

| Note: 1-4 VDW scale factors are being read from the topology file.
| Duplicated    0 dihedrals

| Duplicated    0 dihedrals

--------------------------------------------------------------------------------
   1.  RESOURCE   USE: 
--------------------------------------------------------------------------------

 getting box info from netcdf restart file
 NATOM  =   74234 NTYPES =      21 NBONH =   53929 MBONA  =   20409
 NTHETH =    7726 MTHETA =    4875 NPHIH =   15666 MPHIA  =   15256
 NHPARM =       0 NPARM  =       0 NNB   =  155920 NRES   =   17278
 NBONA  =   20409 NTHETA =    4875 NPHIA =   15256 NUMBND =     100
 NUMANG =     241 NPTRA  =     229 NATYP =      47 NPHB   =       0
 IFBOX  =       1 NMXRS  =      92 IFCAP =       0 NEXTRA =   16845
 NCOPY  =       0


| Coordinate Index Table dimensions:    16   16   15
| Direct force subcell size =     5.6627    5.7565    5.6173

     BOX TYPE: RECTILINEAR

--------------------------------------------------------------------------------
   2.  CONTROL  DATA  FOR  THE  RUN
--------------------------------------------------------------------------------

default_name                                                                    

General flags:
     imin    =       1, nmropt  =       0

Nature and format of input:
     ntx     =       1, irest   =       0, ntrx    =       1

Nature and format of output:
     ntxo    =       2, ntpr    =     500, ntrx    =       1, ntwr    =     500
     iwrap   =       1, ntwx    =   10000, ntwv    =       0, ntwe    =       0
     ioutfm  =       1, ntwprt  =       0, idecomp =       0, rbornstat=      0

Potential function:
     ntf     =       1, ntb     =       1, igb     =       0, nsnb    =      25
     ipol    =       0, gbsa    =       0, iesp    =       0
     dielc   =   1.00000, cut     =  10.00000, intdiel =   1.00000

Frozen or restrained atoms:
     ibelly  =       0, ntr     =       1
     restraint_wt = 200.00000

Energy minimization:
     maxcyc  =   20000, ncyc    =   10000, ntmin   =       1
     dx0     =   0.01000, drms    =   0.00010

| Intermolecular bonds treatment:
|     no_intermolecular_bonds =       1

| Energy averages sample interval:
|     ene_avg_sampling =       1

Extra-points options:
     frameon =       1, chngmask=       1

Ewald parameters:
     verbose =       0, ew_type =       0, nbflag  =       1, use_pme =       1
     vdwmeth =       1, eedmeth =       1, netfrc  =       0
     Box X =   90.604   Box Y =   92.104   Box Z =   84.259
     Alpha =   90.000   Beta  =   90.000   Gamma =   90.000
     NFFT1 =   48       NFFT2 =   48       NFFT3 =   48
     Cutoff=   10.000   Tol   =0.100E-04
     Ewald Coefficient =  0.27511
     Interpolation order =    4

    LOADING THE CONSTRAINED ATOMS AS GROUPS


   5.  REFERENCE ATOM COORDINATES

  default_name                                                                    
     Mask :1-433@C,O,CA,N; matches  1724 atoms
|      EXTRA_PTS, trim_bonds: num bonds BEFORE trim = 53929     0
|      EXTRA_PTS, trim_bonds: num bonds AFTER  trim = 53929     0
|      EXTRA_PTS, trim_bonds: num bonds BEFORE trim = 20409     0
|      EXTRA_PTS, trim_bonds: num bonds AFTER  trim =  3564     0
|      EXTRA_PTS, trim_theta: num angle BEFORE trim =  7726     0
|      EXTRA_PTS, trim_theta: num angle AFTER  trim =  7726     0
|      EXTRA_PTS, trim_theta: num angle BEFORE trim =  4875     0
|      EXTRA_PTS, trim_theta: num angle AFTER  trim =  4875     0
|      EXTRA_PTS, trim_phi:  num diheds BEFORE trim = 15666     0
|      EXTRA_PTS, trim_phi:  num diheds AFTER  trim = 15666     0
|      EXTRA_PTS, trim_phi:  num diheds BEFORE trim = 15256     0
|      EXTRA_PTS, trim_phi:  num diheds AFTER  trim = 15256     0

--------------------------------------------------------------------------------
   3.  ATOMIC COORDINATES AND VELOCITIES
--------------------------------------------------------------------------------

default_name                                                                    
 begin time read from input coords =     0.000 ps

 
 Number of triangulated 3-point waters found:    16845

     Sum of charges from parm topology file =  -7.99991075
     Assuming uniform neutralizing plasma

| Dynamic Memory, Types Used:
| Reals             2210365
| Integers          5257604

| Nonbonded Pairs Initial Allocation:    22453929

| GPU memory information (estimate):
| KB of GPU memory in use:    268629
| KB of CPU memory in use:     99285

--------------------------------------------------------------------------------
   4.  RESULTS
--------------------------------------------------------------------------------



   NSTEP       ENERGY          RMS            GMAX         NAME    NUMBER
      1      -2.9972E+05     1.6116E+00     1.0699E+02     CG2       585

 BOND    =    62755.4909  ANGLE   =     2058.0788  DIHED      =     2012.6447
 UB      =        0.0000  IMP     =        0.0000  CMAP       =      330.1827
 VDWAALS =    78828.4480  EEL     =  -463908.3589  HBOND      =        0.0000
 1-4 VDW =     1491.7417  1-4 EEL =    16713.0094  RESTRAINT  =        0.0000


   NSTEP       ENERGY          RMS            GMAX         NAME    NUMBER
    500      -3.0234E+05     2.1233E-01     1.0632E+01     C        6694

 BOND    =    62515.3185  ANGLE   =     1373.4015  DIHED      =     1892.6621
 UB      =        0.0000  IMP     =        0.0000  CMAP       =      326.1902
 VDWAALS =    77777.7172  EEL     =  -464345.3140  HBOND      =        0.0000
 1-4 VDW =     1333.3967  1-4 EEL =    16691.0004  RESTRAINT  =       94.4873
 EAMBER  =  -302435.6274


   NSTEP       ENERGY          RMS            GMAX         NAME    NUMBER
   1000      -3.0259E+05     8.3497E-02     4.5695E+00     C        6694

 BOND    =    62533.0676  ANGLE   =     1335.5750  DIHED      =     1887.2779
 UB      =        0.0000  IMP     =        0.0000  CMAP       =      326.6213
 VDWAALS =    77778.0647  EEL     =  -464545.0742  HBOND      =        0.0000
 1-4 VDW =     1321.0128  1-4 EEL =    16678.8974  RESTRAINT  =       92.3033
 EAMBER  =  -302684.5575


   NSTEP       ENERGY          RMS            GMAX         NAME    NUMBER
   1500      -3.0272E+05     3.8576E-02     4.3498E+00     C        6694

 BOND    =    62554.9230  ANGLE   =     1321.8265  DIHED      =     1881.0572
 UB      =        0.0000  IMP     =        0.0000  CMAP       =      326.8743
 VDWAALS =    77809.1499  EEL     =  -464692.5540  HBOND      =        0.0000
 1-4 VDW =     1315.2754  1-4 EEL =    16670.4916  RESTRAINT  =       90.3901
 EAMBER  =  -302812.9562


   NSTEP       ENERGY          RMS            GMAX         NAME    NUMBER
   2000      -3.0280E+05     3.2336E-02     3.6476E+00     C        6694

 BOND    =    62573.3371  ANGLE   =     1319.5759  DIHED      =     1877.2895
 UB      =        0.0000  IMP     =        0.0000  CMAP       =      327.0509
 VDWAALS =    77837.1467  EEL     =  -464805.0152  HBOND      =        0.0000
 1-4 VDW =     1312.5670  1-4 EEL =    16668.9107  RESTRAINT  =       89.3757
 EAMBER  =  -302889.1374


   NSTEP       ENERGY          RMS            GMAX         NAME    NUMBER
   2500      -3.0287E+05     3.2845E-02     1.8517E+00     H1      40184

 BOND    =    62596.8109  ANGLE   =     1321.4927  DIHED      =     1872.9099
 UB      =        0.0000  IMP     =        0.0000  CMAP       =      327.1060
 VDWAALS =    77871.1942  EEL     =  -464928.3690  HBOND      =        0.0000
 1-4 VDW =     1311.3060  1-4 EEL =    16669.0656  RESTRAINT  =       88.8661
 EAMBER  =  -302958.4837


   NSTEP       ENERGY          RMS            GMAX         NAME    NUMBER
   3000      -3.0292E+05     4.5991E-02     4.9459E+00     C        6674

 BOND    =    62615.9084  ANGLE   =     1323.0026  DIHED      =     1869.9551
 UB      =        0.0000  IMP     =        0.0000  CMAP       =      327.1249
 VDWAALS =    77907.8346  EEL     =  -465036.7017  HBOND      =        0.0000
 1-4 VDW =     1311.0035  1-4 EEL =    16671.4690  RESTRAINT  =       88.2260
 EAMBER  =  -303010.4035


   NSTEP       ENERGY          RMS            GMAX         NAME    NUMBER
   3500      -3.0297E+05     6.9047E-02     4.2270E+00     C        6694

 BOND    =    62640.4491  ANGLE   =     1325.9839  DIHED      =     1868.1324
 UB      =        0.0000  IMP     =        0.0000  CMAP       =      327.1632
 VDWAALS =    77948.4764  EEL     =  -465151.3367  HBOND      =        0.0000
 1-4 VDW =     1311.0266  1-4 EEL =    16670.9843  RESTRAINT  =       88.0215
 EAMBER  =  -303059.1208


   NSTEP       ENERGY          RMS            GMAX         NAME    NUMBER
   4000      -3.0301E+05     8.3459E-02     1.8302E+01     C        6694

 BOND    =    62661.1345  ANGLE   =     1327.5746  DIHED      =     1865.6007
 UB      =        0.0000  IMP     =        0.0000  CMAP       =      327.1383
 VDWAALS =    77984.1958  EEL     =  -465247.7162  HBOND      =        0.0000
 1-4 VDW =     1311.5039  1-4 EEL =    16669.9216  RESTRAINT  =       88.1515
 EAMBER  =  -303100.6467


   NSTEP       ENERGY          RMS            GMAX         NAME    NUMBER
   4500      -3.0306E+05     2.7453E-02     1.9979E+00     C        6694

 BOND    =    62679.2827  ANGLE   =     1323.5782  DIHED      =     1864.5798
 UB      =        0.0000  IMP     =        0.0000  CMAP       =      327.1302
 VDWAALS =    78020.3223  EEL     =  -465346.3538  HBOND      =        0.0000
 1-4 VDW =     1310.8594  1-4 EEL =    16668.8554  RESTRAINT  =       88.0209
 EAMBER  =  -303151.7457


   NSTEP       ENERGY          RMS            GMAX         NAME    NUMBER
   5000      -3.0311E+05     4.2776E-02     1.0475E+01     C        6694

 BOND    =    62702.3430  ANGLE   =     1320.8450  DIHED      =     1865.5083
 UB      =        0.0000  IMP     =        0.0000  CMAP       =      327.2191
 VDWAALS =    78059.5248  EEL     =  -465454.9394  HBOND      =        0.0000
 1-4 VDW =     1309.3821  1-4 EEL =    16668.7488  RESTRAINT  =       87.6549
 EAMBER  =  -303201.3684


   NSTEP       ENERGY          RMS            GMAX         NAME    NUMBER
   5500      -3.0315E+05     2.4265E-02     1.4666E+00     H1      29272

 BOND    =    62725.0954  ANGLE   =     1319.2386  DIHED      =     1866.4764
 UB      =        0.0000  IMP     =        0.0000  CMAP       =      327.3210
 VDWAALS =    78104.8925  EEL     =  -465557.5482  HBOND      =        0.0000
 1-4 VDW =     1308.2984  1-4 EEL =    16668.8068  RESTRAINT  =       87.4341
 EAMBER  =  -303237.4190


   NSTEP       ENERGY          RMS            GMAX         NAME    NUMBER
   6000      -3.0318E+05     5.0454E-02     2.3540E+00     H2      49317

 BOND    =    62747.8572  ANGLE   =     1317.7522  DIHED      =     1866.7172
 UB      =        0.0000  IMP     =        0.0000  CMAP       =      327.4182
 VDWAALS =    78148.1109  EEL     =  -465654.6747  HBOND      =        0.0000
 1-4 VDW =     1307.6756  1-4 EEL =    16668.7106  RESTRAINT  =       87.4445
 EAMBER  =  -303270.4327


   NSTEP       ENERGY          RMS            GMAX         NAME    NUMBER
   6500      -3.0321E+05     2.0675E-02     1.4510E+00     H5B      6784

 BOND    =    62765.5804  ANGLE   =     1316.5558  DIHED      =     1865.9778
 UB      =        0.0000  IMP     =        0.0000  CMAP       =      327.5125
 VDWAALS =    78182.3849  EEL     =  -465734.4850  HBOND      =        0.0000
 1-4 VDW =     1307.1679  1-4 EEL =    16668.1720  RESTRAINT  =       87.5851
 EAMBER  =  -303301.1336


   NSTEP       ENERGY          RMS            GMAX         NAME    NUMBER
   7000      -3.0324E+05     6.7556E-02     5.1198E+00     C        6694

 BOND    =    62780.1251  ANGLE   =     1315.9199  DIHED      =     1865.1327
 UB      =        0.0000  IMP     =        0.0000  CMAP       =      327.6019
 VDWAALS =    78209.2996  EEL     =  -465802.5464  HBOND      =        0.0000
 1-4 VDW =     1306.4419  1-4 EEL =    16667.2634  RESTRAINT  =       87.6957
 EAMBER  =  -303330.7620


   NSTEP       ENERGY          RMS            GMAX         NAME    NUMBER
   7500      -3.0325E+05     1.8168E-02     1.0159E+00     S1P      6775

 BOND    =    62785.7797  ANGLE   =     1315.1455  DIHED      =     1865.5043
 UB      =        0.0000  IMP     =        0.0000  CMAP       =      327.6308
 VDWAALS =    78222.4551  EEL     =  -465831.6020  HBOND      =        0.0000
 1-4 VDW =     1306.2257  1-4 EEL =    16666.9777  RESTRAINT  =       87.7092
 EAMBER  =  -303341.8834


   NSTEP       ENERGY          RMS            GMAX         NAME    NUMBER
   8000      -3.0325E+05     1.8166E-02     1.0156E+00     S1P      6775

 BOND    =    62785.7922  ANGLE   =     1315.1434  DIHED      =     1865.5058
 UB      =        0.0000  IMP     =        0.0000  CMAP       =      327.6308
 VDWAALS =    78222.4835  EEL     =  -465831.6322  HBOND      =        0.0000
 1-4 VDW =     1306.2252  1-4 EEL =    16666.9773  RESTRAINT  =       87.7092
 EAMBER  =  -303341.8739


   NSTEP       ENERGY          RMS            GMAX         NAME    NUMBER
   8500      -3.0325E+05     1.8165E-02     1.0154E+00     S1P      6775

 BOND    =    62785.8052  ANGLE   =     1315.1413  DIHED      =     1865.5070
 UB      =        0.0000  IMP     =        0.0000  CMAP       =      327.6309
 VDWAALS =    78222.5105  EEL     =  -465831.6748  HBOND      =        0.0000
 1-4 VDW =     1306.2248  1-4 EEL =    16666.9768  RESTRAINT  =       87.7092
 EAMBER  =  -303341.8783


   NSTEP       ENERGY          RMS            GMAX         NAME    NUMBER
   9000      -3.0325E+05     1.8162E-02     1.0151E+00     S1P      6775

 BOND    =    62785.8187  ANGLE   =     1315.1391  DIHED      =     1865.5085
 UB      =        0.0000  IMP     =        0.0000  CMAP       =      327.6309
 VDWAALS =    78222.5381  EEL     =  -465831.7499  HBOND      =        0.0000
 1-4 VDW =     1306.2244  1-4 EEL =    16666.9765  RESTRAINT  =       87.7092
 EAMBER  =  -303341.9138


   NSTEP       ENERGY          RMS            GMAX         NAME    NUMBER
   9500      -3.0325E+05     1.8161E-02     1.0148E+00     S1P      6775

 BOND    =    62785.8307  ANGLE   =     1315.1371  DIHED      =     1865.5099
 UB      =        0.0000  IMP     =        0.0000  CMAP       =      327.6310
 VDWAALS =    78222.5648  EEL     =  -465831.8434  HBOND      =        0.0000
 1-4 VDW =     1306.2240  1-4 EEL =    16666.9760  RESTRAINT  =       87.7092
 EAMBER  =  -303341.9700


   NSTEP       ENERGY          RMS            GMAX         NAME    NUMBER
  10000      -3.0325E+05     1.8159E-02     1.0146E+00     S1P      6775

 BOND    =    62785.8423  ANGLE   =     1315.1351  DIHED      =     1865.5112
 UB      =        0.0000  IMP     =        0.0000  CMAP       =      327.6310
 VDWAALS =    78222.5903  EEL     =  -465831.8835  HBOND      =        0.0000
 1-4 VDW =     1306.2236  1-4 EEL =    16666.9757  RESTRAINT  =       87.7092
 EAMBER  =  -303341.9742

     .... RESTARTED DUE TO LINMIN FAILURE ...


   NSTEP       ENERGY          RMS            GMAX         NAME    NUMBER
  10500      -3.0339E+05     5.6574E-02     7.0215E+00     C        5670

 BOND    =    62879.6205  ANGLE   =     1304.6339  DIHED      =     1868.5185
 UB      =        0.0000  IMP     =        0.0000  CMAP       =      327.6774
 VDWAALS =    78430.3146  EEL     =  -466255.3970  HBOND      =        0.0000
 1-4 VDW =     1303.6567  1-4 EEL =    16666.4887  RESTRAINT  =       87.5929
 EAMBER  =  -303474.4868

     .... RESTARTED DUE TO LINMIN FAILURE ...

     .... RESTARTED DUE TO LINMIN FAILURE ...

     .... RESTARTED DUE TO LINMIN FAILURE ...


   NSTEP       ENERGY          RMS            GMAX         NAME    NUMBER
  11000      -3.0355E+05     7.1568E-02     4.6092E+00     HN4P     6768

 BOND    =    62977.6194  ANGLE   =     1290.3468  DIHED      =     1869.9926
 UB      =        0.0000  IMP     =        0.0000  CMAP       =      327.8150
 VDWAALS =    78622.0481  EEL     =  -466682.3865  HBOND      =        0.0000
 1-4 VDW =     1301.2539  1-4 EEL =    16659.0710  RESTRAINT  =       83.5573
 EAMBER  =  -303634.2398

     .... RESTARTED DUE TO LINMIN FAILURE ...


                    FINAL RESULTS



   NSTEP       ENERGY          RMS            GMAX         NAME    NUMBER
  11096      -3.0356E+05     5.4653E-02     8.0701E+00     C        6694

 BOND    =    62985.3674  ANGLE   =     1289.4888  DIHED      =     1869.7358
 UB      =        0.0000  IMP     =        0.0000  CMAP       =      327.7668
 VDWAALS =    78636.9465  EEL     =  -466713.8886  HBOND      =        0.0000
 1-4 VDW =     1301.4216  1-4 EEL =    16658.5866  RESTRAINT  =       83.3390
 EAMBER  =  -303644.5751

     ***** REPEATED LINMIN FAILURE *****
--------------------------------------------------------------------------------
   5.  TIMINGS
--------------------------------------------------------------------------------

|  NonSetup CPU Time in Major Routines:
|
|     Routine           Sec        %
|     ------------------------------
|     Nonbond          16.79   34.98
|     Bond              0.00    0.00
|     Angle             0.00    0.00
|     Dihedral          0.00    0.00
|     Shake             0.00    0.00
|     Other            31.21   65.02
|     ------------------------------
|     Total            48.00

|  PME Nonbond Pairlist CPU Time:
|
|     Routine              Sec        %
|     ---------------------------------
|     Set Up Cit           0.00    0.00
|     Build List           0.00    0.00
|     ---------------------------------
|     Total                0.00    0.00

|  PME Direct Force CPU Time:
|
|     Routine              Sec        %
|     ---------------------------------
|     NonBonded Calc       0.00    0.00
|     Exclude Masked       0.00    0.00
|     Other                0.02    0.04
|     ---------------------------------
|     Total                0.02    0.04

|  PME Reciprocal Force CPU Time:
|
|     Routine              Sec        %
|     ---------------------------------
|     1D bspline           0.00    0.00
|     Grid Charges         0.00    0.00
|     Scalar Sum           0.00    0.00
|     Gradient Sum         0.00    0.00
|     FFT                  0.00    0.00
|     ---------------------------------
|     Total                0.00    0.00

|  Setup CPU time:            0.95 seconds
|  NonSetup CPU time:        48.00 seconds
|  Total CPU time:           48.95 seconds     0.01 hours

|  Setup wall time:           1    seconds
|  NonSetup wall time:       48    seconds
|  Total wall time:          49    seconds     0.01 hours
