
          -------------------------------------------------------
          Amber 20 PMEMD                              2020
          -------------------------------------------------------

| PMEMD implementation of SANDER, Release 18

|  Compiled date/time: Wed Sep 22 23:21:21 2021
| Run on 08/11/2023 at 11:55:41

|   Executable path: /mnt/research/MerzGroup/Amber20Tools21/amber20/bin/pmemd.cuda
| Working directory: /mnt/ufs18/home-179/sharmag3/Aimen2
|          Hostname: nif-000

  [-O]verwriting output

File Assignments:
|   MDIN: ti2_min5.in                                                           
|  MDOUT: ti2_min5.out                                                          
| INPCRD: ti2_min4.rst                                                          
|   PARM: complex_solv.prmtop                                                   
| RESTRT: ti2_min5.rst                                                          
|   REFC: ti2_min4.rst                                                          
|  MDVEL: mdvel                                                                 
|   MDEN: mden                                                                  
|  MDCRD: ti2_min5.netcdf                                                       
| MDINFO: ti2_min5.mdinfo                                                       
|  MDFRC: mdfrc                                                                 


 Here is the input file:

min for deltaG calculation                                                     
 &cntrl                                                                        
  imin=1,                                                                      
  irest=0, ! default, no velocity from rst                                     
  ntmin=1, ! default, steep then conjugate                                     
  maxcyc=20000,                                                                
  ncyc=10000,                                                                  
  cut=10.0,                                                                    
  ntb=1,                                                                       
  ntpr=500, ! write to mdinfo file                                             
  ntwr=500, ! write to rst file                                                
  ntwx=10000, ! write to mdcrd file                                            
  ntave=500, ! calc ave every 500 steps                                        
  ioutfm=1,                                                                    
  iwrap=1,                                                                     
/                                                                              
&ewald                                                                         
nfft1=48, nfft2=48, nfft3=48,                                                  
/                                                                              


Note: ig = -1. Setting random seed to   459251 based on wallclock time in 
      microseconds.
| irandom = 1, using AMBER's internal random number generator (default).
 
|--------------------- INFORMATION ----------------------
| GPU (CUDA) Version of PMEMD in use: NVIDIA GPU IN USE.
|                    Version 18.0.0
| 
|                      03/25/2018
| 
| Implementation by:
|                    Ross C. Walker     (SDSC)
|                    Scott Le Grand     (nVIDIA)
| 
| Version 18 performance extensions by:
|                    David Cerutti     (Rutgers)
| 
| Precision model in use:
|      [SPFP] - Single Precision Forces, 64-bit Fixed Point
|               Accumulation. (Default)
| 
|--------------------------------------------------------
 
|----------------- CITATION INFORMATION -----------------
|
|    When publishing work that utilized the CUDA version
|    of AMBER, please cite the following in addition to
|    the regular AMBER citations:
|
|  - Romelia Salomon-Ferrer; Andreas W. Goetz; Duncan
|    Poole; Scott Le Grand; Ross C. Walker "Routine
|    microsecond molecular dynamics simulations with
|    AMBER - Part II: Particle Mesh Ewald", J. Chem.
|    Theory Comput., 2013, 9 (9), pp3878-3888,
|    DOI: 10.1021/ct400314y.
|
|  - Andreas W. Goetz; Mark J. Williamson; Dong Xu;
|    Duncan Poole; Scott Le Grand; Ross C. Walker
|    "Routine microsecond molecular dynamics simulations
|    with AMBER - Part I: Generalized Born", J. Chem.
|    Theory Comput., 2012, 8 (5), pp1542-1555.
|
|  - Scott Le Grand; Andreas W. Goetz; Ross C. Walker
|    "SPFP: Speed without compromise - a mixed precision
|    model for GPU accelerated molecular dynamics
|    simulations.", Comp. Phys. Comm., 2013, 184
|    pp374-380, DOI: 10.1016/j.cpc.2012.09.022
|
|--------------------------------------------------------
 
|------------------- GPU DEVICE INFO --------------------
|
|            CUDA_VISIBLE_DEVICES: 0
|   CUDA Capable Devices Detected:      1
|           CUDA Device ID in use:      0
|                CUDA Device Name: NVIDIA A100-PCIE-40GB
|     CUDA Device Global Mem Size:  40370 MB
| CUDA Device Num Multiprocessors:    108
|           CUDA Device Core Freq:   1.41 GHz
|
|--------------------------------------------------------
 
 
| Conditional Compilation Defines Used:
| PUBFFT
| BINTRAJ
| CUDA
| EMIL

| Largest sphere to fit in unit cell has radius =    42.130

| New format PARM file being parsed.
| Version =    1.000 Date = 08/11/23 Time = 11:49:35

| Note: 1-4 EEL scale factors are being read from the topology file.

| Note: 1-4 VDW scale factors are being read from the topology file.
| Duplicated    0 dihedrals

| Duplicated    0 dihedrals

--------------------------------------------------------------------------------
   1.  RESOURCE   USE: 
--------------------------------------------------------------------------------

 getting box info from netcdf restart file
 NATOM  =   74234 NTYPES =      21 NBONH =   53929 MBONA  =   20409
 NTHETH =    7726 MTHETA =    4875 NPHIH =   15666 MPHIA  =   15256
 NHPARM =       0 NPARM  =       0 NNB   =  155920 NRES   =   17278
 NBONA  =   20409 NTHETA =    4875 NPHIA =   15256 NUMBND =     100
 NUMANG =     241 NPTRA  =     229 NATYP =      47 NPHB   =       0
 IFBOX  =       1 NMXRS  =      92 IFCAP =       0 NEXTRA =   16845
 NCOPY  =       0


| Coordinate Index Table dimensions:    16   16   15
| Direct force subcell size =     5.6627    5.7565    5.6173

     BOX TYPE: RECTILINEAR

--------------------------------------------------------------------------------
   2.  CONTROL  DATA  FOR  THE  RUN
--------------------------------------------------------------------------------

default_name                                                                    

General flags:
     imin    =       1, nmropt  =       0

Nature and format of input:
     ntx     =       1, irest   =       0, ntrx    =       1

Nature and format of output:
     ntxo    =       2, ntpr    =     500, ntrx    =       1, ntwr    =     500
     iwrap   =       1, ntwx    =   10000, ntwv    =       0, ntwe    =       0
     ioutfm  =       1, ntwprt  =       0, idecomp =       0, rbornstat=      0

Potential function:
     ntf     =       1, ntb     =       1, igb     =       0, nsnb    =      25
     ipol    =       0, gbsa    =       0, iesp    =       0
     dielc   =   1.00000, cut     =  10.00000, intdiel =   1.00000

Frozen or restrained atoms:
     ibelly  =       0, ntr     =       0

Energy minimization:
     maxcyc  =   20000, ncyc    =   10000, ntmin   =       1
     dx0     =   0.01000, drms    =   0.00010

| Intermolecular bonds treatment:
|     no_intermolecular_bonds =       1

| Energy averages sample interval:
|     ene_avg_sampling =       1

Extra-points options:
     frameon =       1, chngmask=       1

Ewald parameters:
     verbose =       0, ew_type =       0, nbflag  =       1, use_pme =       1
     vdwmeth =       1, eedmeth =       1, netfrc  =       0
     Box X =   90.604   Box Y =   92.104   Box Z =   84.259
     Alpha =   90.000   Beta  =   90.000   Gamma =   90.000
     NFFT1 =   48       NFFT2 =   48       NFFT3 =   48
     Cutoff=   10.000   Tol   =0.100E-04
     Ewald Coefficient =  0.27511
     Interpolation order =    4
|      EXTRA_PTS, trim_bonds: num bonds BEFORE trim = 53929     0
|      EXTRA_PTS, trim_bonds: num bonds AFTER  trim = 53929     0
|      EXTRA_PTS, trim_bonds: num bonds BEFORE trim = 20409     0
|      EXTRA_PTS, trim_bonds: num bonds AFTER  trim =  3564     0
|      EXTRA_PTS, trim_theta: num angle BEFORE trim =  7726     0
|      EXTRA_PTS, trim_theta: num angle AFTER  trim =  7726     0
|      EXTRA_PTS, trim_theta: num angle BEFORE trim =  4875     0
|      EXTRA_PTS, trim_theta: num angle AFTER  trim =  4875     0
|      EXTRA_PTS, trim_phi:  num diheds BEFORE trim = 15666     0
|      EXTRA_PTS, trim_phi:  num diheds AFTER  trim = 15666     0
|      EXTRA_PTS, trim_phi:  num diheds BEFORE trim = 15256     0
|      EXTRA_PTS, trim_phi:  num diheds AFTER  trim = 15256     0

--------------------------------------------------------------------------------
   3.  ATOMIC COORDINATES AND VELOCITIES
--------------------------------------------------------------------------------

default_name                                                                    
 begin time read from input coords =     0.000 ps

 
 Number of triangulated 3-point waters found:    16845

     Sum of charges from parm topology file =  -7.99991075
     Assuming uniform neutralizing plasma

| Dynamic Memory, Types Used:
| Reals             1913429
| Integers          5183370

| Nonbonded Pairs Initial Allocation:    22453929

| GPU memory information (estimate):
| KB of GPU memory in use:    268359
| KB of CPU memory in use:     99015

--------------------------------------------------------------------------------
   4.  RESULTS
--------------------------------------------------------------------------------



   NSTEP       ENERGY          RMS            GMAX         NAME    NUMBER
      1      -3.0396E+05     3.8275E-01     2.8306E+01     C        6131

 BOND    =    63100.8868  ANGLE   =     1222.9822  DIHED      =     1842.4855
 UB      =        0.0000  IMP     =        0.0000  CMAP       =      323.4661
 VDWAALS =    78915.8533  EEL     =  -467297.8406  HBOND      =        0.0000
 1-4 VDW =     1281.6905  1-4 EEL =    16651.4285  RESTRAINT  =        0.0000


   NSTEP       ENERGY          RMS            GMAX         NAME    NUMBER
    500      -3.0434E+05     6.9372E-02     9.2664E+00     CZ       4077

 BOND    =    63125.0202  ANGLE   =     1158.2204  DIHED      =     1809.3605
 UB      =        0.0000  IMP     =        0.0000  CMAP       =      322.6932
 VDWAALS =    78937.1451  EEL     =  -467588.3351  HBOND      =        0.0000
 1-4 VDW =     1258.6543  1-4 EEL =    16635.1692  RESTRAINT  =        0.0000


   NSTEP       ENERGY          RMS            GMAX         NAME    NUMBER
   1000      -3.0444E+05     9.4143E-02     1.0207E+01     CG       5886

 BOND    =    63148.7571  ANGLE   =     1151.6529  DIHED      =     1802.9796
 UB      =        0.0000  IMP     =        0.0000  CMAP       =      323.2377
 VDWAALS =    78970.9798  EEL     =  -467725.8469  HBOND      =        0.0000
 1-4 VDW =     1255.2913  1-4 EEL =    16631.9954  RESTRAINT  =        0.0000


   NSTEP       ENERGY          RMS            GMAX         NAME    NUMBER
   1500      -3.0451E+05     2.6162E-02     8.7794E-01     H2      29397

 BOND    =    63162.4542  ANGLE   =     1149.6552  DIHED      =     1799.6976
 UB      =        0.0000  IMP     =        0.0000  CMAP       =      323.4481
 VDWAALS =    79001.4835  EEL     =  -467827.3105  HBOND      =        0.0000
 1-4 VDW =     1253.7739  1-4 EEL =    16629.0977  RESTRAINT  =        0.0000


   NSTEP       ENERGY          RMS            GMAX         NAME    NUMBER
   2000      -3.0456E+05     5.3559E-02     9.6173E+00     CD       4269

 BOND    =    63176.6275  ANGLE   =     1148.9516  DIHED      =     1797.1143
 UB      =        0.0000  IMP     =        0.0000  CMAP       =      322.5913
 VDWAALS =    79028.2721  EEL     =  -467910.1797  HBOND      =        0.0000
 1-4 VDW =     1252.6823  1-4 EEL =    16627.1255  RESTRAINT  =        0.0000


   NSTEP       ENERGY          RMS            GMAX         NAME    NUMBER
   2500      -3.0460E+05     5.6173E-02     3.2796E+00     H2       9789

 BOND    =    63190.7032  ANGLE   =     1147.2829  DIHED      =     1795.3788
 UB      =        0.0000  IMP     =        0.0000  CMAP       =      321.0803
 VDWAALS =    79059.1769  EEL     =  -467991.2382  HBOND      =        0.0000
 1-4 VDW =     1253.0260  1-4 EEL =    16627.0997  RESTRAINT  =        0.0000


   NSTEP       ENERGY          RMS            GMAX         NAME    NUMBER
   3000      -3.0464E+05     7.1568E-02     1.4917E+01     CD       4269

 BOND    =    63209.0310  ANGLE   =     1146.3855  DIHED      =     1793.7224
 UB      =        0.0000  IMP     =        0.0000  CMAP       =      320.5051
 VDWAALS =    79098.7569  EEL     =  -468085.3993  HBOND      =        0.0000
 1-4 VDW =     1253.0484  1-4 EEL =    16626.7084  RESTRAINT  =        0.0000


   NSTEP       ENERGY          RMS            GMAX         NAME    NUMBER
   3500      -3.0467E+05     2.2579E-02     4.2118E+00     CD       1882

 BOND    =    63227.1141  ANGLE   =     1145.7327  DIHED      =     1791.9313
 UB      =        0.0000  IMP     =        0.0000  CMAP       =      320.4073
 VDWAALS =    79140.0269  EEL     =  -468172.2082  HBOND      =        0.0000
 1-4 VDW =     1253.2085  1-4 EEL =    16627.2406  RESTRAINT  =        0.0000


   NSTEP       ENERGY          RMS            GMAX         NAME    NUMBER
   4000      -3.0469E+05     1.8003E-02     1.0966E+00     H2      63505

 BOND    =    63242.8321  ANGLE   =     1145.6345  DIHED      =     1790.0798
 UB      =        0.0000  IMP     =        0.0000  CMAP       =      320.3737
 VDWAALS =    79174.8336  EEL     =  -468246.2845  HBOND      =        0.0000
 1-4 VDW =     1253.2266  1-4 EEL =    16627.9937  RESTRAINT  =        0.0000


   NSTEP       ENERGY          RMS            GMAX         NAME    NUMBER
   4500      -3.0471E+05     1.7017E-02     9.8640E-01     H30      6829

 BOND    =    63255.3751  ANGLE   =     1145.8313  DIHED      =     1788.8622
 UB      =        0.0000  IMP     =        0.0000  CMAP       =      320.3319
 VDWAALS =    79199.2784  EEL     =  -468302.8938  HBOND      =        0.0000
 1-4 VDW =     1253.1504  1-4 EEL =    16628.4413  RESTRAINT  =        0.0000


   NSTEP       ENERGY          RMS            GMAX         NAME    NUMBER
   5000      -3.0471E+05     1.7015E-02     9.8621E-01     H30      6829

 BOND    =    63255.3855  ANGLE   =     1145.8317  DIHED      =     1788.8612
 UB      =        0.0000  IMP     =        0.0000  CMAP       =      320.3319
 VDWAALS =    79199.3029  EEL     =  -468302.9294  HBOND      =        0.0000
 1-4 VDW =     1253.1503  1-4 EEL =    16628.4418  RESTRAINT  =        0.0000


   NSTEP       ENERGY          RMS            GMAX         NAME    NUMBER
   5500      -3.0471E+05     1.7013E-02     9.8603E-01     H30      6829

 BOND    =    63255.3964  ANGLE   =     1145.8321  DIHED      =     1788.8597
 UB      =        0.0000  IMP     =        0.0000  CMAP       =      320.3317
 VDWAALS =    79199.3272  EEL     =  -468303.0221  HBOND      =        0.0000
 1-4 VDW =     1253.1502  1-4 EEL =    16628.4422  RESTRAINT  =        0.0000


   NSTEP       ENERGY          RMS            GMAX         NAME    NUMBER
   6000      -3.0471E+05     1.7011E-02     9.8582E-01     H30      6829

 BOND    =    63255.4079  ANGLE   =     1145.8324  DIHED      =     1788.8584
 UB      =        0.0000  IMP     =        0.0000  CMAP       =      320.3317
 VDWAALS =    79199.3570  EEL     =  -468303.0546  HBOND      =        0.0000
 1-4 VDW =     1253.1500  1-4 EEL =    16628.4428  RESTRAINT  =        0.0000


   NSTEP       ENERGY          RMS            GMAX         NAME    NUMBER
   6500      -3.0471E+05     1.7010E-02     9.8564E-01     H30      6829

 BOND    =    63255.4191  ANGLE   =     1145.8328  DIHED      =     1788.8572
 UB      =        0.0000  IMP     =        0.0000  CMAP       =      320.3316
 VDWAALS =    79199.3833  EEL     =  -468303.1289  HBOND      =        0.0000
 1-4 VDW =     1253.1499  1-4 EEL =    16628.4433  RESTRAINT  =        0.0000


   NSTEP       ENERGY          RMS            GMAX         NAME    NUMBER
   7000      -3.0471E+05     1.7008E-02     9.8544E-01     H30      6829

 BOND    =    63255.4301  ANGLE   =     1145.8332  DIHED      =     1788.8556
 UB      =        0.0000  IMP     =        0.0000  CMAP       =      320.3315
 VDWAALS =    79199.4101  EEL     =  -468303.1844  HBOND      =        0.0000
 1-4 VDW =     1253.1498  1-4 EEL =    16628.4438  RESTRAINT  =        0.0000


   NSTEP       ENERGY          RMS            GMAX         NAME    NUMBER
   7500      -3.0471E+05     1.7006E-02     9.8525E-01     H30      6829

 BOND    =    63255.4415  ANGLE   =     1145.8335  DIHED      =     1788.8542
 UB      =        0.0000  IMP     =        0.0000  CMAP       =      320.3314
 VDWAALS =    79199.4331  EEL     =  -468303.2358  HBOND      =        0.0000
 1-4 VDW =     1253.1497  1-4 EEL =    16628.4443  RESTRAINT  =        0.0000


   NSTEP       ENERGY          RMS            GMAX         NAME    NUMBER
   8000      -3.0471E+05     1.7004E-02     9.8505E-01     H30      6829

 BOND    =    63255.4528  ANGLE   =     1145.8339  DIHED      =     1788.8528
 UB      =        0.0000  IMP     =        0.0000  CMAP       =      320.3313
 VDWAALS =    79199.4611  EEL     =  -468303.3454  HBOND      =        0.0000
 1-4 VDW =     1253.1496  1-4 EEL =    16628.4448  RESTRAINT  =        0.0000


   NSTEP       ENERGY          RMS            GMAX         NAME    NUMBER
   8500      -3.0471E+05     1.7003E-02     9.8487E-01     H30      6829

 BOND    =    63255.4630  ANGLE   =     1145.8342  DIHED      =     1788.8516
 UB      =        0.0000  IMP     =        0.0000  CMAP       =      320.3313
 VDWAALS =    79199.4854  EEL     =  -468303.3165  HBOND      =        0.0000
 1-4 VDW =     1253.1495  1-4 EEL =    16628.4453  RESTRAINT  =        0.0000


   NSTEP       ENERGY          RMS            GMAX         NAME    NUMBER
   9000      -3.0471E+05     1.7002E-02     9.8467E-01     H30      6829

 BOND    =    63255.4757  ANGLE   =     1145.8346  DIHED      =     1788.8503
 UB      =        0.0000  IMP     =        0.0000  CMAP       =      320.3312
 VDWAALS =    79199.5140  EEL     =  -468303.4630  HBOND      =        0.0000
 1-4 VDW =     1253.1494  1-4 EEL =    16628.4459  RESTRAINT  =        0.0000


   NSTEP       ENERGY          RMS            GMAX         NAME    NUMBER
   9500      -3.0471E+05     1.7000E-02     9.8447E-01     H30      6829

 BOND    =    63255.4866  ANGLE   =     1145.8350  DIHED      =     1788.8490
 UB      =        0.0000  IMP     =        0.0000  CMAP       =      320.3312
 VDWAALS =    79199.5418  EEL     =  -468303.4272  HBOND      =        0.0000
 1-4 VDW =     1253.1492  1-4 EEL =    16628.4462  RESTRAINT  =        0.0000


   NSTEP       ENERGY          RMS            GMAX         NAME    NUMBER
  10000      -3.0471E+05     1.6997E-02     9.8425E-01     H30      6829

 BOND    =    63255.4989  ANGLE   =     1145.8354  DIHED      =     1788.8474
 UB      =        0.0000  IMP     =        0.0000  CMAP       =      320.3310
 VDWAALS =    79199.5690  EEL     =  -468303.5311  HBOND      =        0.0000
 1-4 VDW =     1253.1491  1-4 EEL =    16628.4467  RESTRAINT  =        0.0000


   NSTEP       ENERGY          RMS            GMAX         NAME    NUMBER
  10500      -3.0487E+05     6.2120E-02     6.1935E+00     CD       1338

 BOND    =    63370.9466  ANGLE   =     1148.0357  DIHED      =     1782.2057
 UB      =        0.0000  IMP     =        0.0000  CMAP       =      317.0425
 VDWAALS =    79454.0634  EEL     =  -468824.5439  HBOND      =        0.0000
 1-4 VDW =     1253.8097  1-4 EEL =    16631.5373  RESTRAINT  =        0.0000

     .... RESTARTED DUE TO LINMIN FAILURE ...

     .... RESTARTED DUE TO LINMIN FAILURE ...

     .... RESTARTED DUE TO LINMIN FAILURE ...


   NSTEP       ENERGY          RMS            GMAX         NAME    NUMBER
  11000      -3.0499E+05     5.5036E-02     3.4898E+00     N9A      6710

 BOND    =    63462.4679  ANGLE   =     1151.8873  DIHED      =     1781.4036
 UB      =        0.0000  IMP     =        0.0000  CMAP       =      314.4924
 VDWAALS =    79652.8902  EEL     =  -469247.0122  HBOND      =        0.0000
 1-4 VDW =     1255.9062  1-4 EEL =    16634.7751  RESTRAINT  =        0.0000

     .... RESTARTED DUE TO LINMIN FAILURE ...

     .... RESTARTED DUE TO LINMIN FAILURE ...


                    FINAL RESULTS



   NSTEP       ENERGY          RMS            GMAX         NAME    NUMBER
  11343      -3.0506E+05     1.9433E-02     1.1234E+00     H2      24293

 BOND    =    63516.2226  ANGLE   =     1149.6879  DIHED      =     1783.4201
 UB      =        0.0000  IMP     =        0.0000  CMAP       =      313.6084
 VDWAALS =    79772.8080  EEL     =  -469494.2538  HBOND      =        0.0000
 1-4 VDW =     1257.4526  1-4 EEL =    16636.7317  RESTRAINT  =        0.0000

     ***** REPEATED LINMIN FAILURE *****
--------------------------------------------------------------------------------
   5.  TIMINGS
--------------------------------------------------------------------------------

|  NonSetup CPU Time in Major Routines:
|
|     Routine           Sec        %
|     ------------------------------
|     Nonbond          17.31   36.41
|     Bond              0.00    0.00
|     Angle             0.00    0.00
|     Dihedral          0.00    0.00
|     Shake             0.00    0.00
|     Other            30.23   63.59
|     ------------------------------
|     Total            47.54

|  PME Nonbond Pairlist CPU Time:
|
|     Routine              Sec        %
|     ---------------------------------
|     Set Up Cit           0.00    0.00
|     Build List           0.00    0.00
|     ---------------------------------
|     Total                0.00    0.00

|  PME Direct Force CPU Time:
|
|     Routine              Sec        %
|     ---------------------------------
|     NonBonded Calc       0.00    0.00
|     Exclude Masked       0.00    0.00
|     Other                0.02    0.04
|     ---------------------------------
|     Total                0.02    0.04

|  PME Reciprocal Force CPU Time:
|
|     Routine              Sec        %
|     ---------------------------------
|     1D bspline           0.00    0.00
|     Grid Charges         0.00    0.00
|     Scalar Sum           0.00    0.00
|     Gradient Sum         0.00    0.00
|     FFT                  0.00    0.00
|     ---------------------------------
|     Total                0.00    0.00

|  Setup CPU time:            0.95 seconds
|  NonSetup CPU time:        47.54 seconds
|  Total CPU time:           48.50 seconds     0.01 hours

|  Setup wall time:           1    seconds
|  NonSetup wall time:       48    seconds
|  Total wall time:          49    seconds     0.01 hours
