            --------------------------------------------------------
                             AMBER SQM VERSION 19
 
                                     By
              Ross C. Walker, Michael F. Crowley, Scott Brozell,
                         Tim Giese, Andreas W. Goetz,
                        Tai-Sung Lee and David A. Case
 
            --------------------------------------------------------
 

--------------------------------------------------------------------------------
  QM CALCULATION INFO
--------------------------------------------------------------------------------

| QMMM: Citation for AMBER QMMM Run:
| QMMM: R.C. Walker, M.F. Crowley and D.A. Case, J. COMP. CHEM. 29:1019, 2008

QMMM: SINGLET STATE CALCULATION
QMMM: RHF CALCULATION, NO. OF DOUBLY OCCUPIED LEVELS =158

| QMMM: *** Selected Hamiltonian *** 
| QMMM: AM1         

| QMMM: *** Parameter sets in use ***
| QMMM: N : M.J.S.DEWAR et al. JACS, 107, 3902, (1985)
| QMMM: H : M.J.S.DEWAR et al. JACS, 107, 3902, (1985)
| QMMM: C : M.J.S.DEWAR et al. JACS, 107, 3902, (1985)
| QMMM: O : M.J.S.DEWAR et al. JACS, 107, 3902, (1985)
| QMMM: P : M.J.S.DEWAR et al. THEOCHEM, 187,1, (1989)
| QMMM: S : M.J.S.DEWAR et al. INORG. CHEM., 29, 3881, (1990)
| QMMM: F : M.J.S.DEWAR et al. THEOCHEM, 180, 1, (1988)

| QMMM: *** SCF convergence criteria ***
| QMMM: Energy change                :  0.1D-09 kcal/mol
| QMMM: Error matrix |FP-PF|         :  0.1D+00 au
| QMMM: Density matrix change        :  0.5D-06
| QMMM: Maximum number of SCF cycles :     1000

| QMMM: *** Diagonalization Routine Information ***
| QMMM: Pseudo diagonalizations are allowed.
| QMMM: Auto diagonalization routine selection is in use.
| QMMM:
| QMMM: Timing diagonalization routines:
| QMMM:                              norbs =      263
| QMMM:    diag iterations used for timing =        3
| QMMM:
| QMMM:              Internal diag routine = 0.096090 seconds
| QMMM:                 Dspev diag routine = 0.103640 seconds
| QMMM:                Dspevd diag routine = 0.076819 seconds
| QMMM:                Dspevx diag routine = 0.262216 seconds
| QMMM:                 Dsyev diag routine = 0.110063 seconds
| QMMM:                Dsyevd diag routine = 0.079472 seconds
| QMMM:                Dsyevr diag routine = 0.073888 seconds
| QMMM:
| QMMM:                Pseudo diag routine = 0.042770 seconds
| QMMM:
| QMMM: Using dsyevr routine (diag_routine=7).

  QMMM: QM Region Cartesian Coordinates (*=link atom) 
  QMMM: QM_NO.   MM_NO.  ATOM         X         Y         Z
  QMMM:     1        1      N       40.1450   60.8850   52.7640
  QMMM:     2        2      H       39.7980   61.7570   52.3880
  QMMM:     3        3      H       39.4190   60.3730   53.2500
  QMMM:     4        4      C       41.1270   60.2070   52.1930
  QMMM:     5        5      N       41.8150   60.9550   51.3420
  QMMM:     6        6      C       42.7820   60.1590   50.7400
  QMMM:     7        7      H       43.3110   60.6120   49.9120
  QMMM:     8        8      N       43.1990   58.8060   50.9520
  QMMM:     9        9      C       42.5910   58.2860   52.0210
  QMMM:    10       10      C       41.5530   58.9490   52.6390
  QMMM:    11       11      N       41.0190   58.2710   53.7170
  QMMM:    12       12      C       41.7570   57.1220   53.6440
  QMMM:    13       13      H       41.6620   56.2580   54.2880
  QMMM:    14       14      N       42.6820   57.0730   52.6260
  QMMM:    15       15      C       43.5360   55.9030   52.3470
  QMMM:    16       16      O       44.7100   55.9890   51.5050
  QMMM:    17       17      H       43.8580   55.4920   53.3100
  QMMM:    18       18      C       42.7540   54.9590   51.4890
  QMMM:    19       19      O       41.7000   54.2470   52.2150
  QMMM:    20       20      H       42.2330   53.7190   52.8340
  QMMM:    21       21      H       42.2960   55.5010   50.6530
  QMMM:    22       22      C       43.6510   53.9710   50.7420
  QMMM:    23       23      O       43.8900   52.7800   51.5180
  QMMM:    24       24      P       44.3920   52.5580   52.9980
  QMMM:    25       25      O       45.6930   53.0900   53.4380
  QMMM:    26       26      O       43.3600   53.1040   53.9210
  QMMM:    27       27      O       44.2420   51.1300   53.4190
  QMMM:    28       28      H       43.2970   53.6790   49.7460
  QMMM:    29       29      C       44.9830   54.7630   50.7120
  QMMM:    30       30      H       45.7980   54.2120   51.1970
  QMMM:    31       31      C       45.4290   55.0530   49.3250
  QMMM:    32       32      H       44.6500   55.5950   48.7750
  QMMM:    33       33      H       45.6720   54.0630   48.9190
  QMMM:    34       34      O       46.6320   55.8280   49.2800
  QMMM:    35       35      P       47.9890   55.1790   49.8930
  QMMM:    36       36      O       48.0440   53.7530   49.6280
  QMMM:    37       37      O       48.1630   55.5790   51.3230
  QMMM:    38       38      O       48.9630   56.0320   49.1610
  QMMM:    39       39      P       49.8570   55.2280   48.2190
  QMMM:    40       40      O       49.3800   54.7140   46.9420
  QMMM:    41       41      O       50.8880   56.2360   47.8600
  QMMM:    42       42      O       50.5610   54.2150   49.2430
  QMMM:    43       43      C       51.6240   53.3590   48.7380
  QMMM:    44       44      H       51.3160   52.8280   47.8290
  QMMM:    45       45      H       52.4340   54.0360   48.4410
  QMMM:    46       46      C       52.2990   52.4350   49.7760
  QMMM:    47       47      C       53.4140   51.5370   49.2320
  QMMM:    48       48      H       53.0390   50.7670   48.5470
  QMMM:    49       49      H       53.9970   50.9550   49.9550
  QMMM:    50       50      H       54.1570   52.1000   48.6540
  QMMM:    51       51      C       52.9200   53.3230   50.8090
  QMMM:    52       52      H       53.3260   52.8040   51.6850
  QMMM:    53       53      H       53.7720   53.9010   50.4300
  QMMM:    54       54      H       52.2000   54.0530   51.2000
  QMMM:    55       55      C       51.2100   51.5400   50.5290
  QMMM:    56       56      O       50.2710   52.3120   51.3430
  QMMM:    57       57      H       50.2450   53.0940   50.7650
  QMMM:    58       58      H       51.7130   50.9590   51.3120
  QMMM:    59       59      C       50.3440   50.4910   49.7360
  QMMM:    60       60      O       50.6730   49.3450   49.5010
  QMMM:    61       61      N       49.1980   51.0440   49.1520
  QMMM:    62       62      H       48.8820   51.9290   49.5320
  QMMM:    63       63      C       48.3720   50.3360   48.1580
  QMMM:    64       64      H       47.3130   50.3720   48.4410
  QMMM:    65       65      H       48.7160   49.2960   48.0970
  QMMM:    66       66      C       48.3910   51.0380   46.7790
  QMMM:    67       67      H       49.3590   51.4870   46.5250
  QMMM:    68       68      H       47.7030   51.8910   46.8210
  QMMM:    69       69      C       48.0170   50.1040   45.6640
  QMMM:    70       70      O       47.8380   48.8930   45.7820
  QMMM:    71       71      N       47.7550   50.7420   44.4510
  QMMM:    72       72      H       47.9510   51.7350   44.4240
  QMMM:    73       73      C       47.1800   49.8820   43.3460
  QMMM:    74       74      H       46.2190   49.4670   43.6720
  QMMM:    75       75      H       47.9100   49.0800   43.1840
  QMMM:    76       76      C       46.8820   50.8010   42.1350
  QMMM:    77       77      H       47.8200   51.1880   41.7180
  QMMM:    78       78      H       46.3170   51.6750   42.4820
  QMMM:    79       79      S       45.8780   49.9240   40.8120
  QMMM:    80       80      C       47.2630   49.1360   39.9240
  QMMM:    81       81      O       48.4570   49.2200   40.2110
  QMMM:    82       82      C       46.8590   47.9440   39.0450
  QMMM:    83       83      C       45.7130   47.1050   39.3810
  QMMM:    84       84      H       45.0990   47.3430   40.2450
  QMMM:    85       85      C       45.5130   45.8720   38.6330
  QMMM:    86       86      H       44.6500   45.2840   38.9300
  QMMM:    87       87      C       46.3200   45.6210   37.4810
  QMMM:    88       88      H       46.0950   44.7770   36.8340
  QMMM:    89       89      C       47.3670   46.5400   37.1560
  QMMM:    90       90      H       48.0350   46.4800   36.3020
  QMMM:    91       91      C       47.6170   47.6870   37.9170
  QMMM:    92       92      F       48.6180   48.3230   37.6090

--------------------------------------------------------------------------------
  RESULTS
--------------------------------------------------------------------------------

      iter         sqm energy              rms gradient
      ----    -------------------    -----------------------
xmin    10     -728.1315 kcal/mol        2.3213 kcal/(mol*A)
xmin    20     -742.8913 kcal/mol        2.5209 kcal/(mol*A)
xmin    30     -750.7929 kcal/mol        0.7216 kcal/(mol*A)
xmin    40     -755.8262 kcal/mol        0.6700 kcal/(mol*A)
xmin    50     -757.9330 kcal/mol        0.5558 kcal/(mol*A)
xmin    60     -759.6965 kcal/mol        0.6806 kcal/(mol*A)
xmin    70     -762.2170 kcal/mol        0.3733 kcal/(mol*A)
xmin    80     -762.8395 kcal/mol        0.2275 kcal/(mol*A)
xmin    90     -763.1004 kcal/mol        0.0725 kcal/(mol*A)
xmin   100     -763.1873 kcal/mol        0.0670 kcal/(mol*A)
xmin   110     -763.2847 kcal/mol        0.2127 kcal/(mol*A)
xmin   120     -763.4412 kcal/mol        0.0899 kcal/(mol*A)
xmin   130     -763.5167 kcal/mol        0.0447 kcal/(mol*A)
xmin   140     -763.5355 kcal/mol        0.0229 kcal/(mol*A)
xmin   150     -763.5607 kcal/mol        0.0459 kcal/(mol*A)
xmin   160     -763.5840 kcal/mol        0.0819 kcal/(mol*A)
xmin   170     -763.5936 kcal/mol        0.0173 kcal/(mol*A)
xmin   180     -763.6031 kcal/mol        0.0141 kcal/(mol*A)
xmin   190     -763.6090 kcal/mol        0.0277 kcal/(mol*A)
xmin   200     -763.6127 kcal/mol        0.0202 kcal/(mol*A)
xmin   210     -763.6160 kcal/mol        0.0401 kcal/(mol*A)
xmin   220     -763.6256 kcal/mol        0.0180 kcal/(mol*A)
xmin   230     -763.6351 kcal/mol        0.0121 kcal/(mol*A)
xmin   240     -763.6395 kcal/mol        0.0165 kcal/(mol*A)
xmin   250     -763.6422 kcal/mol        0.0104 kcal/(mol*A)
xmin   260     -763.6440 kcal/mol        0.0091 kcal/(mol*A)
xmin   270     -763.6492 kcal/mol        0.0198 kcal/(mol*A)
xmin   280     -763.6563 kcal/mol        0.0168 kcal/(mol*A)
xmin   290     -763.6595 kcal/mol        0.0062 kcal/(mol*A)
xmin   300     -763.6606 kcal/mol        0.0117 kcal/(mol*A)
xmin   310     -763.6613 kcal/mol        0.0056 kcal/(mol*A)
xmin   320     -763.6616 kcal/mol        0.0082 kcal/(mol*A)
xmin   330     -763.6620 kcal/mol        0.0078 kcal/(mol*A)
xmin   340     -763.6622 kcal/mol        0.0033 kcal/(mol*A)
xmin   350     -763.6626 kcal/mol        0.0127 kcal/(mol*A)
xmin   360     -763.6629 kcal/mol        0.0089 kcal/(mol*A)
xmin   370     -763.6634 kcal/mol        0.0093 kcal/(mol*A)
xmin   380     -763.6642 kcal/mol        0.0111 kcal/(mol*A)
xmin   390     -763.6645 kcal/mol        0.0018 kcal/(mol*A)
xmin   400     -763.6645 kcal/mol        0.0014 kcal/(mol*A)
xmin   410     -763.6646 kcal/mol        0.0023 kcal/(mol*A)
xmin   420     -763.6647 kcal/mol        0.0076 kcal/(mol*A)
xmin   430     -763.6650 kcal/mol        0.0097 kcal/(mol*A)
xmin   440     -763.6655 kcal/mol        0.0050 kcal/(mol*A)
xmin   450     -763.6658 kcal/mol        0.0070 kcal/(mol*A)
xmin   460     -763.6667 kcal/mol        0.0184 kcal/(mol*A)
xmin   470     -763.6674 kcal/mol        0.0070 kcal/(mol*A)
xmin   480     -763.6684 kcal/mol        0.0076 kcal/(mol*A)
xmin   490     -763.6711 kcal/mol        0.0521 kcal/(mol*A)
xmin   500     -763.6716 kcal/mol        0.0255 kcal/(mol*A)
xmin   510     -763.6724 kcal/mol        0.0277 kcal/(mol*A)
xmin   520     -763.6727 kcal/mol        0.0963 kcal/(mol*A)
xmin   530     -763.6960 kcal/mol        0.0268 kcal/(mol*A)
xmin   540     -763.7971 kcal/mol        0.2489 kcal/(mol*A)
xmin   550     -764.0095 kcal/mol        0.1198 kcal/(mol*A)
xmin   560     -764.1170 kcal/mol        0.0232 kcal/(mol*A)
xmin   570     -764.1228 kcal/mol        0.0089 kcal/(mol*A)
xmin   580     -764.1238 kcal/mol        0.0028 kcal/(mol*A)
xmin   590     -764.1241 kcal/mol        0.0022 kcal/(mol*A)
xmin   600     -764.1241 kcal/mol        0.0011 kcal/(mol*A)
  ... geometry converged !
 
 Final MO eigenvalues (eV):
 -44.0025  -33.8954  -33.8585  -32.3668  -32.0701  -31.5869  -31.3129  -30.6173
 -29.9234  -28.8937  -28.3804  -28.1750  -27.7330  -27.5263  -27.4247  -26.9266
 -26.6964  -26.3176  -25.8382  -25.3581  -25.2573  -24.8775  -24.0411  -23.7328
 -23.6061  -23.5850  -23.1715  -22.5110  -21.9894  -21.7536  -21.1868  -21.1367
 -20.8738  -20.2636  -20.1959  -19.8172  -19.4816  -18.0802  -17.9521  -17.1758
 -17.0536  -16.7754  -16.3637  -15.5215  -15.4126  -13.8527  -13.3467  -13.2214
 -12.8222  -12.7448  -12.1473  -12.1322  -12.0758  -11.5111  -11.4291  -10.9907
 -10.9160  -10.6105  -10.5509  -10.3211   -9.8065   -9.7071   -9.6843   -9.5860
  -9.5285   -9.2911   -9.1575   -8.9419   -8.8520   -8.8230   -8.6574   -8.6463
  -8.4835   -8.1872   -8.1266   -7.9983   -7.7608   -7.7236   -7.6242   -7.4402
  -7.3896   -7.3368   -7.2118   -7.0547   -6.9893   -6.7014   -6.5876   -6.5411
  -6.4685   -6.3545   -6.3154   -6.1838   -6.1705   -6.0525   -5.8774   -5.7784
  -5.7248   -5.6233   -5.4151   -5.3897   -5.3181   -5.2872   -5.1548   -5.0919
  -5.0606   -5.0313   -4.9722   -4.7487   -4.6818   -4.6118   -4.5051   -4.3415
  -4.3068   -4.2486   -4.1760   -4.1027   -4.0084   -3.9837   -3.9334   -3.8960
  -3.7144   -3.6926   -3.6649   -3.4843   -3.1538   -2.9613   -2.8963   -2.7759
  -2.6225   -2.5807   -2.5694   -2.4150   -2.3897   -2.1277   -2.0459   -1.8667
  -1.8029   -1.6682   -1.5532   -1.5430   -1.5171   -1.4254   -1.3676   -1.3265
  -1.1857   -1.0770   -1.0062   -0.9188   -0.8556   -0.8096   -0.4840    0.2157
   0.5603    0.7123    0.8688    1.1030    1.1377    1.1674    5.5504    5.8463
   7.1216    7.2179    7.3152    7.7556    8.3243    8.5251    8.8018    9.1746
   9.3354    9.3554    9.4498    9.6075    9.6328    9.6411    9.6722    9.7950
   9.9285   10.2062   10.4226   10.4918   10.5717   10.6436   10.7035   10.7666
  10.8456   10.9611   11.1257   11.1687   11.2801   11.3048   11.3873   11.4382
  11.5275   11.5313   11.6779   11.7640   11.8088   11.8497   11.8919   12.0019
  12.0275   12.0762   12.1142   12.1599   12.1836   12.2474   12.2630   12.3023
  12.4039   12.4441   12.4650   12.5386   12.5669   12.5849   12.6295   12.6884
  12.7027   12.7474   12.8131   12.8530   12.9203   12.9855   13.0796   13.0931
  13.1608   13.1649   13.3656   13.4144   13.4263   13.5139   13.5477   13.7543
  13.8042   13.8469   13.8709   13.9037   13.9825   14.0139   14.1650   14.1721
  14.3072   14.4927   14.5657   14.6204   14.8234   14.9241   15.0538   15.1768
  15.2741   15.3862   15.4498   15.5353   15.6508   16.2339   16.4978   16.6993
  16.7739   17.3705   17.9718   18.1805   18.5439   19.6386   20.0321

 Heat of formation   =       -764.12414601 kcal/mol  (      -33.13490941 eV)

 Total SCF energy    =    -277447.63204404 kcal/mol  (   -12031.03213408 eV)
 Electronic energy   =   -2980815.59333383 kcal/mol  (  -129257.86363704 eV)
 Core-core repulsion =    2703367.96128979 kcal/mol  (   117226.83150296 eV)
 
    Atomic Charges for Step       1 :
  Atom    Element       Mulliken Charge
     1      N                 -0.309
     2      H                  0.155
     3      H                  0.184
     4      C                  0.121
     5      N                 -0.290
     6      C                 -0.051
     7      H                  0.169
     8      N                 -0.112
     9      C                  0.048
    10      C                 -0.213
    11      N                 -0.219
    12      C                  0.009
    13      H                  0.285
    14      N                 -0.105
    15      C                  0.055
    16      O                 -0.292
    17      H                  0.218
    18      C                 -0.037
    19      O                 -0.381
    20      H                  0.274
    21      H                  0.088
    22      C                  0.159
    23      O                 -0.779
    24      P                  2.570
    25      O                 -1.224
    26      O                 -1.262
    27      O                 -1.225
    28      H                  0.054
    29      C                 -0.033
    30      H                  0.141
    31      C                  0.028
    32      H                  0.075
    33      H                  0.059
    34      O                 -0.737
    35      P                  2.635
    36      O                 -1.225
    37      O                 -1.165
    38      O                 -1.168
    39      P                  2.648
    40      O                 -1.200
    41      O                 -1.205
    42      O                 -0.755
    43      C                  0.044
    44      H                  0.036
    45      H                  0.086
    46      C                 -0.091
    47      C                 -0.204
    48      H                  0.083
    49      H                  0.040
    50      H                  0.056
    51      C                 -0.204
    52      H                  0.037
    53      H                  0.053
    54      H                  0.151
    55      C                  0.063
    56      O                 -0.362
    57      H                  0.292
    58      H                  0.077
    59      C                  0.271
    60      O                 -0.496
    61      N                 -0.337
    62      H                  0.315
    63      C                  0.003
    64      H                  0.062
    65      H                  0.067
    66      C                 -0.196
    67      H                  0.180
    68      H                  0.079
    69      C                  0.301
    70      O                 -0.487
    71      N                 -0.333
    72      H                  0.332
    73      C                 -0.001
    74      H                  0.095
    75      H                  0.085
    76      C                 -0.339
    77      H                  0.103
    78      H                  0.247
    79      S                  0.214
    80      C                  0.089
    81      O                 -0.320
    82      C                 -0.155
    83      C                 -0.060
    84      H                  0.186
    85      C                 -0.148
    86      H                  0.169
    87      C                 -0.112
    88      H                  0.116
    89      C                 -0.204
    90      H                  0.121
    91      C                  0.118
    92      F                 -0.108
 Total Mulliken Charge =      -4.000
 
                  X        Y        Z     TOTAL  
  QM DIPOLE  -890.980-1026.572 -967.246 1668.311
 
 Final Structure

  QMMM: QM Region Cartesian Coordinates (*=link atom) 
  QMMM: QM_NO.   MM_NO.  ATOM         X         Y         Z
  QMMM:     1        1      N       39.5132   56.0930   45.7622
  QMMM:     2        2      H       39.3247   55.7559   44.8420
  QMMM:     3        3      H       38.8053   55.8181   46.4110
  QMMM:     4        4      C       40.8035   55.7514   46.2331
  QMMM:     5        5      N       41.8496   55.6363   45.3629
  QMMM:     6        6      C       43.0803   55.3865   45.9066
  QMMM:     7        7      H       43.9047   55.3120   45.1669
  QMMM:     8        8      N       43.4477   55.2071   47.1895
  QMMM:     9        9      C       42.4047   55.2945   48.0704
  QMMM:    10       10      C       41.0217   55.5769   47.6281
  QMMM:    11       11      N       40.1635   55.5884   48.7338
  QMMM:    12       12      C       40.9613   55.3339   49.7919
  QMMM:    13       13      H       40.6782   55.2204   50.8686
  QMMM:    14       14      N       42.3254   55.1662   49.4535
  QMMM:    15       15      C       43.2374   54.7860   50.5104
  QMMM:    16       16      O       44.5988   55.2165   50.3512
  QMMM:    17       17      H       42.8258   55.2944   51.4642
  QMMM:    18       18      C       43.3500   53.2535   50.8000
  QMMM:    19       19      O       42.1378   52.6472   51.1267
  QMMM:    20       20      H       41.8474   53.0420   51.9837
  QMMM:    21       21      H       43.7462   52.6992   49.9093
  QMMM:    22       22      C       44.4360   53.3395   51.9239
  QMMM:    23       23      O       43.9780   53.6457   53.1654
  QMMM:    24       24      P       42.7250   54.5902   53.9984
  QMMM:    25       25      O       43.3697   55.8956   54.3205
  QMMM:    26       26      O       41.6893   54.6706   52.8871
  QMMM:    27       27      O       42.3527   53.6845   55.1262
  QMMM:    28       28      H       44.9862   52.3577   51.9829
  QMMM:    29       29      C       45.3920   54.4167   51.2870
  QMMM:    30       30      H       45.7680   55.1249   52.0679
  QMMM:    31       31      C       46.5497   53.8210   50.4733
  QMMM:    32       32      H       46.6168   54.3275   49.4704
  QMMM:    33       33      H       46.4088   52.7173   50.3110
  QMMM:    34       34      O       47.7598   54.0169   51.1513
  QMMM:    35       35      P       49.1159   53.5131   50.4010
  QMMM:    36       36      O       48.8987   52.2673   49.6089
  QMMM:    37       37      O       50.1928   53.6500   51.4089
  QMMM:    38       38      O       49.2433   54.4895   49.1355
  QMMM:    39       39      P       49.9649   53.9432   47.8345
  QMMM:    40       40      O       49.1955   53.0880   46.8956
  QMMM:    41       41      O       50.8170   54.9932   47.2261
  QMMM:    42       42      O       51.0106   53.0202   48.7684
  QMMM:    43       43      C       52.2390   52.7582   48.1801
  QMMM:    44       44      H       52.1611   51.8391   47.5282
  QMMM:    45       45      H       52.5449   53.6355   47.5385
  QMMM:    46       46      C       53.3393   52.5074   49.2290
  QMMM:    47       47      C       54.6144   52.1435   48.4761
  QMMM:    48       48      H       54.5068   51.1311   48.0149
  QMMM:    49       49      H       55.4871   52.1281   49.1727
  QMMM:    50       50      H       54.8164   52.8916   47.6728
  QMMM:    51       51      C       53.5631   53.7773   50.0333
  QMMM:    52       52      H       54.3086   53.5970   50.8441
  QMMM:    53       53      H       53.9360   54.5910   49.3671
  QMMM:    54       54      H       52.5940   54.1033   50.4957
  QMMM:    55       55      C       53.0079   51.3482   50.1918
  QMMM:    56       56      O       52.3004   51.7349   51.3381
  QMMM:    57       57      H       51.5647   52.3419   51.0856
  QMMM:    58       58      H       53.9793   50.9291   50.5957
  QMMM:    59       59      C       52.3244   50.1747   49.4576
  QMMM:    60       60      O       53.0390   49.2307   49.0189
  QMMM:    61       61      N       50.9652   50.1671   49.3756
  QMMM:    62       62      H       50.4517   51.0224   49.5832
  QMMM:    63       63      C       50.2495   49.1594   48.6417
  QMMM:    64       64      H       50.6830   48.1508   48.9010
  QMMM:    65       65      H       50.4148   49.3095   47.5345
  QMMM:    66       66      C       48.7480   49.1632   48.9449
  QMMM:    67       67      H       48.4743   50.0090   49.6442
  QMMM:    68       68      H       48.4634   48.1960   49.4305
  QMMM:    69       69      C       47.9389   49.2939   47.6653
  QMMM:    70       70      O       47.4934   48.2646   47.0877
  QMMM:    71       71      N       47.6841   50.5575   47.2177
  QMMM:    72       72      H       48.1448   51.3542   47.6528
  QMMM:    73       73      C       46.8797   50.8208   46.0613
  QMMM:    74       74      H       46.0866   51.5668   46.3670
  QMMM:    75       75      H       46.3718   49.8697   45.7309
  QMMM:    76       76      C       47.6514   51.4135   44.8837
  QMMM:    77       77      H       48.1408   50.6191   44.2793
  QMMM:    78       78      H       48.4416   52.1338   45.2751
  QMMM:    79       79      S       46.6236   52.4531   43.8984
  QMMM:    80       80      C       45.8553   51.5272   42.7020
  QMMM:    81       81      O       46.0423   50.3474   42.3656
  QMMM:    82       82      C       44.8466   52.3742   42.0093
  QMMM:    83       83      C       44.0422   53.2387   42.7623
  QMMM:    84       84      H       44.1758   53.2832   43.8611
  QMMM:    85       85      C       43.0883   54.0487   42.1474
  QMMM:    86       86      H       42.4740   54.7242   42.7659
  QMMM:    87       87      C       42.9234   54.0019   40.7644
  QMMM:    88       88      H       42.1717   54.6405   40.2788
  QMMM:    89       89      C       43.7070   53.1520   39.9901
  QMMM:    90       90      H       43.5864   53.1102   38.8999
  QMMM:    91       91      C       44.6712   52.3324   40.6090
  QMMM:    92       92      F       45.4270   51.5202   39.8315

           --------- Calculation Completed ----------

