
          -------------------------------------------------------
          Amber 20 PMEMD                              2020
          -------------------------------------------------------

| PMEMD implementation of SANDER, Release 18

|  Compiled date/time: Wed Sep 22 23:21:21 2021
| Run on 08/16/2023 at 23:39:49

|   Executable path: /mnt/research/MerzGroup/Amber20Tools21/amber20/bin/pmemd.cuda
| Working directory: /mnt/ufs18/home-179/sharmag3/Aimen5
|          Hostname: nif-002

  [-O]verwriting output

File Assignments:
|   MDIN: ti2_min5.in                                                           
|  MDOUT: ti2_min5.out                                                          
| INPCRD: ti2_min4.rst                                                          
|   PARM: complex_solv.prmtop                                                   
| RESTRT: ti2_min5.rst                                                          
|   REFC: ti2_min4.rst                                                          
|  MDVEL: mdvel                                                                 
|   MDEN: mden                                                                  
|  MDCRD: ti2_min5.netcdf                                                       
| MDINFO: ti2_min5.mdinfo                                                       
|  MDFRC: mdfrc                                                                 


 Here is the input file:

min for deltaG calculation                                                     
 &cntrl                                                                        
  imin=1,                                                                      
  irest=0, ! default, no velocity from rst                                     
  ntmin=1, ! default, steep then conjugate                                     
  maxcyc=20000,                                                                
  ncyc=10000,                                                                  
  cut=10.0,                                                                    
  ntb=1,                                                                       
  ntpr=500, ! write to mdinfo file                                             
  ntwr=500, ! write to rst file                                                
  ntwx=10000, ! write to mdcrd file                                            
  ntave=500, ! calc ave every 500 steps                                        
  ioutfm=1,                                                                    
  iwrap=1,                                                                     
/                                                                              
&ewald                                                                         
nfft1=48, nfft2=48, nfft3=48,                                                  
/                                                                              


Note: ig = -1. Setting random seed to   493419 based on wallclock time in 
      microseconds.
| irandom = 1, using AMBER's internal random number generator (default).
 
|--------------------- INFORMATION ----------------------
| GPU (CUDA) Version of PMEMD in use: NVIDIA GPU IN USE.
|                    Version 18.0.0
| 
|                      03/25/2018
| 
| Implementation by:
|                    Ross C. Walker     (SDSC)
|                    Scott Le Grand     (nVIDIA)
| 
| Version 18 performance extensions by:
|                    David Cerutti     (Rutgers)
| 
| Precision model in use:
|      [SPFP] - Single Precision Forces, 64-bit Fixed Point
|               Accumulation. (Default)
| 
|--------------------------------------------------------
 
|----------------- CITATION INFORMATION -----------------
|
|    When publishing work that utilized the CUDA version
|    of AMBER, please cite the following in addition to
|    the regular AMBER citations:
|
|  - Romelia Salomon-Ferrer; Andreas W. Goetz; Duncan
|    Poole; Scott Le Grand; Ross C. Walker "Routine
|    microsecond molecular dynamics simulations with
|    AMBER - Part II: Particle Mesh Ewald", J. Chem.
|    Theory Comput., 2013, 9 (9), pp3878-3888,
|    DOI: 10.1021/ct400314y.
|
|  - Andreas W. Goetz; Mark J. Williamson; Dong Xu;
|    Duncan Poole; Scott Le Grand; Ross C. Walker
|    "Routine microsecond molecular dynamics simulations
|    with AMBER - Part I: Generalized Born", J. Chem.
|    Theory Comput., 2012, 8 (5), pp1542-1555.
|
|  - Scott Le Grand; Andreas W. Goetz; Ross C. Walker
|    "SPFP: Speed without compromise - a mixed precision
|    model for GPU accelerated molecular dynamics
|    simulations.", Comp. Phys. Comm., 2013, 184
|    pp374-380, DOI: 10.1016/j.cpc.2012.09.022
|
|--------------------------------------------------------
 
|------------------- GPU DEVICE INFO --------------------
|
|            CUDA_VISIBLE_DEVICES: 0
|   CUDA Capable Devices Detected:      1
|           CUDA Device ID in use:      0
|                CUDA Device Name: NVIDIA A100-PCIE-40GB
|     CUDA Device Global Mem Size:  40370 MB
| CUDA Device Num Multiprocessors:    108
|           CUDA Device Core Freq:   1.41 GHz
|
|--------------------------------------------------------
 
 
| Conditional Compilation Defines Used:
| PUBFFT
| BINTRAJ
| CUDA
| EMIL

| Largest sphere to fit in unit cell has radius =    40.197

| New format PARM file being parsed.
| Version =    1.000 Date = 08/16/23 Time = 23:32:05

| Note: 1-4 EEL scale factors are being read from the topology file.

| Note: 1-4 VDW scale factors are being read from the topology file.
| Duplicated    0 dihedrals

| Duplicated    0 dihedrals

--------------------------------------------------------------------------------
   1.  RESOURCE   USE: 
--------------------------------------------------------------------------------

 getting box info from netcdf restart file
 NATOM  =   70014 NTYPES =      34 NBONH =   50763 MBONA  =   19355
 NTHETH =    7724 MTHETA =    4877 NPHIH =   15657 MPHIA  =   15272
 NHPARM =       0 NPARM  =       0 NNB   =  148535 NRES   =   16223
 NBONA  =   19355 NTHETA =    4877 NPHIA =   15272 NUMBND =     115
 NUMANG =     264 NPTRA  =     251 NATYP =      63 NPHB   =       0
 IFBOX  =       1 NMXRS  =      92 IFCAP =       0 NEXTRA =   15790
 NCOPY  =       0


| Coordinate Index Table dimensions:    15   17   14
| Direct force subcell size =     5.8629    5.5424    5.7424

     BOX TYPE: RECTILINEAR

--------------------------------------------------------------------------------
   2.  CONTROL  DATA  FOR  THE  RUN
--------------------------------------------------------------------------------

default_name                                                                    

General flags:
     imin    =       1, nmropt  =       0

Nature and format of input:
     ntx     =       1, irest   =       0, ntrx    =       1

Nature and format of output:
     ntxo    =       2, ntpr    =     500, ntrx    =       1, ntwr    =     500
     iwrap   =       1, ntwx    =   10000, ntwv    =       0, ntwe    =       0
     ioutfm  =       1, ntwprt  =       0, idecomp =       0, rbornstat=      0

Potential function:
     ntf     =       1, ntb     =       1, igb     =       0, nsnb    =      25
     ipol    =       0, gbsa    =       0, iesp    =       0
     dielc   =   1.00000, cut     =  10.00000, intdiel =   1.00000

Frozen or restrained atoms:
     ibelly  =       0, ntr     =       0

Energy minimization:
     maxcyc  =   20000, ncyc    =   10000, ntmin   =       1
     dx0     =   0.01000, drms    =   0.00010

| Intermolecular bonds treatment:
|     no_intermolecular_bonds =       1

| Energy averages sample interval:
|     ene_avg_sampling =       1

Extra-points options:
     frameon =       1, chngmask=       1

Ewald parameters:
     verbose =       0, ew_type =       0, nbflag  =       1, use_pme =       1
     vdwmeth =       1, eedmeth =       1, netfrc  =       0
     Box X =   87.944   Box Y =   94.221   Box Z =   80.394
     Alpha =   90.000   Beta  =   90.000   Gamma =   90.000
     NFFT1 =   48       NFFT2 =   48       NFFT3 =   48
     Cutoff=   10.000   Tol   =0.100E-04
     Ewald Coefficient =  0.27511
     Interpolation order =    4
|      EXTRA_PTS, trim_bonds: num bonds BEFORE trim = 50763     0
|      EXTRA_PTS, trim_bonds: num bonds AFTER  trim = 50763     0
|      EXTRA_PTS, trim_bonds: num bonds BEFORE trim = 19355     0
|      EXTRA_PTS, trim_bonds: num bonds AFTER  trim =  3565     0
|      EXTRA_PTS, trim_theta: num angle BEFORE trim =  7724     0
|      EXTRA_PTS, trim_theta: num angle AFTER  trim =  7724     0
|      EXTRA_PTS, trim_theta: num angle BEFORE trim =  4877     0
|      EXTRA_PTS, trim_theta: num angle AFTER  trim =  4877     0
|      EXTRA_PTS, trim_phi:  num diheds BEFORE trim = 15657     0
|      EXTRA_PTS, trim_phi:  num diheds AFTER  trim = 15657     0
|      EXTRA_PTS, trim_phi:  num diheds BEFORE trim = 15272     0
|      EXTRA_PTS, trim_phi:  num diheds AFTER  trim = 15272     0

--------------------------------------------------------------------------------
   3.  ATOMIC COORDINATES AND VELOCITIES
--------------------------------------------------------------------------------

default_name                                                                    
 begin time read from input coords =     0.000 ps

 
 Number of triangulated 3-point waters found:    15790

     Sum of charges from parm topology file =  -7.99891551
     Assuming uniform neutralizing plasma

| Dynamic Memory, Types Used:
| Reals             1815663
| Integers          4980732

| Nonbonded Pairs Initial Allocation:    21177484

| GPU memory information (estimate):
| KB of GPU memory in use:    243083
| KB of CPU memory in use:     94907

--------------------------------------------------------------------------------
   4.  RESULTS
--------------------------------------------------------------------------------



   NSTEP       ENERGY          RMS            GMAX         NAME    NUMBER
      1      -2.8608E+05     3.5075E-01     1.1755E+01     C        1264

 BOND    =    58960.1563  ANGLE   =     1164.3428  DIHED      =     1877.7140
 UB      =        0.0000  IMP     =        0.0000  CMAP       =      293.4833
 VDWAALS =    73058.2859  EEL     =  -439220.8671  HBOND      =        0.0000
 1-4 VDW =     1362.6541  1-4 EEL =    16423.8909  RESTRAINT  =        0.0000


   NSTEP       ENERGY          RMS            GMAX         NAME    NUMBER
    500      -2.8641E+05     7.5128E-02     1.7693E+00     CD        938

 BOND    =    58971.0678  ANGLE   =     1102.2486  DIHED      =     1846.9510
 UB      =        0.0000  IMP     =        0.0000  CMAP       =      288.7350
 VDWAALS =    73099.9911  EEL     =  -439563.3622  HBOND      =        0.0000
 1-4 VDW =     1370.2287  1-4 EEL =    16475.6358  RESTRAINT  =        0.0000


   NSTEP       ENERGY          RMS            GMAX         NAME    NUMBER
   1000      -2.8648E+05     2.7757E-02     1.3771E+00     CD        938

 BOND    =    58978.7204  ANGLE   =     1098.3986  DIHED      =     1843.0560
 UB      =        0.0000  IMP     =        0.0000  CMAP       =      292.0924
 VDWAALS =    73126.6872  EEL     =  -439671.8337  HBOND      =        0.0000
 1-4 VDW =     1370.6669  1-4 EEL =    16478.8287  RESTRAINT  =        0.0000


   NSTEP       ENERGY          RMS            GMAX         NAME    NUMBER
   1500      -2.8653E+05     2.7280E-02     1.6170E+00     CD        938

 BOND    =    58991.4507  ANGLE   =     1097.2172  DIHED      =     1841.4970
 UB      =        0.0000  IMP     =        0.0000  CMAP       =      294.6644
 VDWAALS =    73152.8222  EEL     =  -439760.1972  HBOND      =        0.0000
 1-4 VDW =     1370.8501  1-4 EEL =    16480.0544  RESTRAINT  =        0.0000


   NSTEP       ENERGY          RMS            GMAX         NAME    NUMBER
   2000      -2.8657E+05     4.6972E-02     5.0467E+00     CD        938

 BOND    =    59002.8607  ANGLE   =     1096.7014  DIHED      =     1840.9481
 UB      =        0.0000  IMP     =        0.0000  CMAP       =      296.7640
 VDWAALS =    73183.6017  EEL     =  -439843.9781  HBOND      =        0.0000
 1-4 VDW =     1371.1039  1-4 EEL =    16481.2738  RESTRAINT  =        0.0000


   NSTEP       ENERGY          RMS            GMAX         NAME    NUMBER
   2500      -2.8660E+05     6.3174E-02     2.0663E+01     CG       1910

 BOND    =    59015.0518  ANGLE   =     1097.0602  DIHED      =     1841.1632
 UB      =        0.0000  IMP     =        0.0000  CMAP       =      298.3329
 VDWAALS =    73212.3198  EEL     =  -439921.9290  HBOND      =        0.0000
 1-4 VDW =     1371.1917  1-4 EEL =    16482.4892  RESTRAINT  =        0.0000


   NSTEP       ENERGY          RMS            GMAX         NAME    NUMBER
   3000      -2.8664E+05     6.6346E-02     1.9676E+01     CG       1910

 BOND    =    59027.6226  ANGLE   =     1097.5708  DIHED      =     1842.0500
 UB      =        0.0000  IMP     =        0.0000  CMAP       =      299.0100
 VDWAALS =    73241.6935  EEL     =  -439999.0056  HBOND      =        0.0000
 1-4 VDW =     1371.1886  1-4 EEL =    16483.5324  RESTRAINT  =        0.0000


   NSTEP       ENERGY          RMS            GMAX         NAME    NUMBER
   3500      -2.8665E+05     1.7766E-02     1.0953E+00     O        5472

 BOND    =    59034.4160  ANGLE   =     1097.7780  DIHED      =     1842.7990
 UB      =        0.0000  IMP     =        0.0000  CMAP       =      299.2840
 VDWAALS =    73254.7433  EEL     =  -440034.6656  HBOND      =        0.0000
 1-4 VDW =     1371.3398  1-4 EEL =    16483.6370  RESTRAINT  =        0.0000


   NSTEP       ENERGY          RMS            GMAX         NAME    NUMBER
   4000      -2.8665E+05     1.7766E-02     1.0958E+00     O        5472

 BOND    =    59034.4262  ANGLE   =     1097.7782  DIHED      =     1842.8004
 UB      =        0.0000  IMP     =        0.0000  CMAP       =      299.2844
 VDWAALS =    73254.7641  EEL     =  -440034.6945  HBOND      =        0.0000
 1-4 VDW =     1371.3400  1-4 EEL =    16483.6370  RESTRAINT  =        0.0000


   NSTEP       ENERGY          RMS            GMAX         NAME    NUMBER
   4500      -2.8665E+05     1.7766E-02     1.0964E+00     O        5472

 BOND    =    59034.4360  ANGLE   =     1097.7784  DIHED      =     1842.8012
 UB      =        0.0000  IMP     =        0.0000  CMAP       =      299.2848
 VDWAALS =    73254.7808  EEL     =  -440034.7533  HBOND      =        0.0000
 1-4 VDW =     1371.3402  1-4 EEL =    16483.6369  RESTRAINT  =        0.0000


   NSTEP       ENERGY          RMS            GMAX         NAME    NUMBER
   5000      -2.8665E+05     1.7766E-02     1.0969E+00     O        5472

 BOND    =    59034.4468  ANGLE   =     1097.7787  DIHED      =     1842.8027
 UB      =        0.0000  IMP     =        0.0000  CMAP       =      299.2852
 VDWAALS =    73254.8013  EEL     =  -440034.8136  HBOND      =        0.0000
 1-4 VDW =     1371.3405  1-4 EEL =    16483.6368  RESTRAINT  =        0.0000


   NSTEP       ENERGY          RMS            GMAX         NAME    NUMBER
   5500      -2.8665E+05     1.7766E-02     1.0974E+00     O        5472

 BOND    =    59034.4558  ANGLE   =     1097.7789  DIHED      =     1842.8037
 UB      =        0.0000  IMP     =        0.0000  CMAP       =      299.2855
 VDWAALS =    73254.8173  EEL     =  -440034.8269  HBOND      =        0.0000
 1-4 VDW =     1371.3407  1-4 EEL =    16483.6367  RESTRAINT  =        0.0000


   NSTEP       ENERGY          RMS            GMAX         NAME    NUMBER
   6000      -2.8665E+05     1.7768E-02     1.0980E+00     O        5472

 BOND    =    59034.4660  ANGLE   =     1097.7792  DIHED      =     1842.8051
 UB      =        0.0000  IMP     =        0.0000  CMAP       =      299.2860
 VDWAALS =    73254.8353  EEL     =  -440034.8962  HBOND      =        0.0000
 1-4 VDW =     1371.3409  1-4 EEL =    16483.6366  RESTRAINT  =        0.0000


   NSTEP       ENERGY          RMS            GMAX         NAME    NUMBER
   6500      -2.8665E+05     1.7767E-02     1.0985E+00     O        5472

 BOND    =    59034.4765  ANGLE   =     1097.7794  DIHED      =     1842.8062
 UB      =        0.0000  IMP     =        0.0000  CMAP       =      299.2865
 VDWAALS =    73254.8537  EEL     =  -440034.9329  HBOND      =        0.0000
 1-4 VDW =     1371.3412  1-4 EEL =    16483.6367  RESTRAINT  =        0.0000


   NSTEP       ENERGY          RMS            GMAX         NAME    NUMBER
   7000      -2.8665E+05     1.7767E-02     1.0991E+00     O        5472

 BOND    =    59034.4869  ANGLE   =     1097.7797  DIHED      =     1842.8076
 UB      =        0.0000  IMP     =        0.0000  CMAP       =      299.2867
 VDWAALS =    73254.8750  EEL     =  -440035.0157  HBOND      =        0.0000
 1-4 VDW =     1371.3414  1-4 EEL =    16483.6366  RESTRAINT  =        0.0000


   NSTEP       ENERGY          RMS            GMAX         NAME    NUMBER
   7500      -2.8665E+05     1.7767E-02     1.0997E+00     O        5472

 BOND    =    59034.4974  ANGLE   =     1097.7799  DIHED      =     1842.8087
 UB      =        0.0000  IMP     =        0.0000  CMAP       =      299.2874
 VDWAALS =    73254.8927  EEL     =  -440035.0542  HBOND      =        0.0000
 1-4 VDW =     1371.3416  1-4 EEL =    16483.6366  RESTRAINT  =        0.0000


   NSTEP       ENERGY          RMS            GMAX         NAME    NUMBER
   8000      -2.8665E+05     1.7768E-02     1.1003E+00     O        5472

 BOND    =    59034.5076  ANGLE   =     1097.7802  DIHED      =     1842.8101
 UB      =        0.0000  IMP     =        0.0000  CMAP       =      299.2877
 VDWAALS =    73254.9107  EEL     =  -440035.0713  HBOND      =        0.0000
 1-4 VDW =     1371.3419  1-4 EEL =    16483.6366  RESTRAINT  =        0.0000


   NSTEP       ENERGY          RMS            GMAX         NAME    NUMBER
   8500      -2.8665E+05     1.7768E-02     1.1007E+00     O        5472

 BOND    =    59034.5167  ANGLE   =     1097.7804  DIHED      =     1842.8109
 UB      =        0.0000  IMP     =        0.0000  CMAP       =      299.2881
 VDWAALS =    73254.9271  EEL     =  -440035.1170  HBOND      =        0.0000
 1-4 VDW =     1371.3421  1-4 EEL =    16483.6365  RESTRAINT  =        0.0000


   NSTEP       ENERGY          RMS            GMAX         NAME    NUMBER
   9000      -2.8665E+05     1.7768E-02     1.1013E+00     O        5472

 BOND    =    59034.5273  ANGLE   =     1097.7806  DIHED      =     1842.8123
 UB      =        0.0000  IMP     =        0.0000  CMAP       =      299.2884
 VDWAALS =    73254.9451  EEL     =  -440035.1663  HBOND      =        0.0000
 1-4 VDW =     1371.3423  1-4 EEL =    16483.6365  RESTRAINT  =        0.0000


   NSTEP       ENERGY          RMS            GMAX         NAME    NUMBER
   9500      -2.8665E+05     1.7769E-02     1.1019E+00     O        5472

 BOND    =    59034.5377  ANGLE   =     1097.7809  DIHED      =     1842.8136
 UB      =        0.0000  IMP     =        0.0000  CMAP       =      299.2889
 VDWAALS =    73254.9627  EEL     =  -440035.2040  HBOND      =        0.0000
 1-4 VDW =     1371.3426  1-4 EEL =    16483.6366  RESTRAINT  =        0.0000


   NSTEP       ENERGY          RMS            GMAX         NAME    NUMBER
  10000      -2.8665E+05     1.7770E-02     1.1021E+00     O        5472

 BOND    =    59034.5477  ANGLE   =     1097.7811  DIHED      =     1842.8147
 UB      =        0.0000  IMP     =        0.0000  CMAP       =      299.2895
 VDWAALS =    73254.9804  EEL     =  -440035.2075  HBOND      =        0.0000
 1-4 VDW =     1371.3428  1-4 EEL =    16483.6365  RESTRAINT  =        0.0000

     .... RESTARTED DUE TO LINMIN FAILURE ...


   NSTEP       ENERGY          RMS            GMAX         NAME    NUMBER
  10500      -2.8679E+05     3.0000E-02     2.8223E+00     O       43367

 BOND    =    59136.6172  ANGLE   =     1096.5867  DIHED      =     1851.2407
 UB      =        0.0000  IMP     =        0.0000  CMAP       =      300.2098
 VDWAALS =    73461.1066  EEL     =  -440499.1781  HBOND      =        0.0000
 1-4 VDW =     1374.2729  1-4 EEL =    16491.7317  RESTRAINT  =        0.0000

     .... RESTARTED DUE TO LINMIN FAILURE ...


   NSTEP       ENERGY          RMS            GMAX         NAME    NUMBER
  11000      -2.8688E+05     4.0174E-02     2.3914E+00     CA       5445

 BOND    =    59211.4604  ANGLE   =     1097.7473  DIHED      =     1854.2253
 UB      =        0.0000  IMP     =        0.0000  CMAP       =      301.4267
 VDWAALS =    73625.1151  EEL     =  -440841.0322  HBOND      =        0.0000
 1-4 VDW =     1375.9290  1-4 EEL =    16493.8617  RESTRAINT  =        0.0000

     .... RESTARTED DUE TO LINMIN FAILURE ...

     .... RESTARTED DUE TO LINMIN FAILURE ...


   NSTEP       ENERGY          RMS            GMAX         NAME    NUMBER
  11500      -2.8696E+05     5.3331E-02     1.0570E+01     O       28387

 BOND    =    59258.8891  ANGLE   =     1100.0138  DIHED      =     1856.2665
 UB      =        0.0000  IMP     =        0.0000  CMAP       =      302.7365
 VDWAALS =    73721.5086  EEL     =  -441075.4591  HBOND      =        0.0000
 1-4 VDW =     1376.5326  1-4 EEL =    16494.6109  RESTRAINT  =        0.0000

     .... RESTARTED DUE TO LINMIN FAILURE ...


                    FINAL RESULTS



   NSTEP       ENERGY          RMS            GMAX         NAME    NUMBER
  11512      -2.8697E+05     2.8431E-02     5.4366E+00     CG       1910

 BOND    =    59258.5567  ANGLE   =     1100.0583  DIHED      =     1856.2673
 UB      =        0.0000  IMP     =        0.0000  CMAP       =      302.7272
 VDWAALS =    73721.5125  EEL     =  -441075.5099  HBOND      =        0.0000
 1-4 VDW =     1376.5389  1-4 EEL =    16494.6178  RESTRAINT  =        0.0000

     ***** REPEATED LINMIN FAILURE *****
--------------------------------------------------------------------------------
   5.  TIMINGS
--------------------------------------------------------------------------------

|  NonSetup CPU Time in Major Routines:
|
|     Routine           Sec        %
|     ------------------------------
|     Nonbond          16.76   38.11
|     Bond              0.00    0.00
|     Angle             0.00    0.00
|     Dihedral          0.00    0.00
|     Shake             0.00    0.00
|     Other            27.21   61.89
|     ------------------------------
|     Total            43.97

|  PME Nonbond Pairlist CPU Time:
|
|     Routine              Sec        %
|     ---------------------------------
|     Set Up Cit           0.00    0.00
|     Build List           0.00    0.00
|     ---------------------------------
|     Total                0.00    0.00

|  PME Direct Force CPU Time:
|
|     Routine              Sec        %
|     ---------------------------------
|     NonBonded Calc       0.00    0.00
|     Exclude Masked       0.00    0.00
|     Other                0.02    0.04
|     ---------------------------------
|     Total                0.02    0.04

|  PME Reciprocal Force CPU Time:
|
|     Routine              Sec        %
|     ---------------------------------
|     1D bspline           0.00    0.00
|     Grid Charges         0.00    0.00
|     Scalar Sum           0.00    0.00
|     Gradient Sum         0.00    0.00
|     FFT                  0.00    0.00
|     ---------------------------------
|     Total                0.00    0.00

|  Setup CPU time:            0.90 seconds
|  NonSetup CPU time:        43.97 seconds
|  Total CPU time:           44.87 seconds     0.01 hours

|  Setup wall time:           1    seconds
|  NonSetup wall time:       44    seconds
|  Total wall time:          45    seconds     0.01 hours
