
          -------------------------------------------------------
          Amber 20 PMEMD                              2020
          -------------------------------------------------------

| PMEMD implementation of SANDER, Release 18

|  Compiled date/time: Wed Sep 22 23:21:21 2021
| Run on 08/16/2023 at 23:38:23

|   Executable path: /mnt/research/MerzGroup/Amber20Tools21/amber20/bin/pmemd.cuda
| Working directory: /mnt/ufs18/home-179/sharmag3/Aimen5
|          Hostname: nif-002

  [-O]verwriting output

File Assignments:
|   MDIN: ti2_min3.in                                                           
|  MDOUT: ti2_min3.out                                                          
| INPCRD: ti2_min2.rst                                                          
|   PARM: complex_solv.prmtop                                                   
| RESTRT: ti2_min3.rst                                                          
|   REFC: ti2_min2.rst                                                          
|  MDVEL: mdvel                                                                 
|   MDEN: mden                                                                  
|  MDCRD: ti2_min3.netcdf                                                       
| MDINFO: ti2_min3.mdinfo                                                       
|  MDFRC: mdfrc                                                                 


 Here is the input file:

min for deltaG calculation                                                     
 &cntrl                                                                        
  imin=1,                                                                      
  irest=0, ! default, no velocity from rst                                     
  ntmin=1, ! default, steep then conjugate                                     
  maxcyc=20000,                                                                
  ncyc=10000,                                                                  
  cut=10.0,                                                                    
  ntb=1,                                                                       
  ntpr=500, ! write to mdinfo file                                             
  ntwr=500, ! write to rst file                                                
  ntwx=10000, ! write to mdcrd file                                            
  ntave=500, ! calc ave every 500 steps                                        
  ioutfm=1,                                                                    
  iwrap=1,                                                                     
  ntr=1,                                                                       
  restraintmask=':1-433@C,O,CA,N',                                             
  restraint_wt=200,                                                            
/                                                                              
&ewald                                                                         
nfft1=48, nfft2=48, nfft3=48,                                                  
/                                                                              


Note: ig = -1. Setting random seed to   857943 based on wallclock time in 
      microseconds.
| irandom = 1, using AMBER's internal random number generator (default).
 
|--------------------- INFORMATION ----------------------
| GPU (CUDA) Version of PMEMD in use: NVIDIA GPU IN USE.
|                    Version 18.0.0
| 
|                      03/25/2018
| 
| Implementation by:
|                    Ross C. Walker     (SDSC)
|                    Scott Le Grand     (nVIDIA)
| 
| Version 18 performance extensions by:
|                    David Cerutti     (Rutgers)
| 
| Precision model in use:
|      [SPFP] - Single Precision Forces, 64-bit Fixed Point
|               Accumulation. (Default)
| 
|--------------------------------------------------------
 
|----------------- CITATION INFORMATION -----------------
|
|    When publishing work that utilized the CUDA version
|    of AMBER, please cite the following in addition to
|    the regular AMBER citations:
|
|  - Romelia Salomon-Ferrer; Andreas W. Goetz; Duncan
|    Poole; Scott Le Grand; Ross C. Walker "Routine
|    microsecond molecular dynamics simulations with
|    AMBER - Part II: Particle Mesh Ewald", J. Chem.
|    Theory Comput., 2013, 9 (9), pp3878-3888,
|    DOI: 10.1021/ct400314y.
|
|  - Andreas W. Goetz; Mark J. Williamson; Dong Xu;
|    Duncan Poole; Scott Le Grand; Ross C. Walker
|    "Routine microsecond molecular dynamics simulations
|    with AMBER - Part I: Generalized Born", J. Chem.
|    Theory Comput., 2012, 8 (5), pp1542-1555.
|
|  - Scott Le Grand; Andreas W. Goetz; Ross C. Walker
|    "SPFP: Speed without compromise - a mixed precision
|    model for GPU accelerated molecular dynamics
|    simulations.", Comp. Phys. Comm., 2013, 184
|    pp374-380, DOI: 10.1016/j.cpc.2012.09.022
|
|--------------------------------------------------------
 
|------------------- GPU DEVICE INFO --------------------
|
|            CUDA_VISIBLE_DEVICES: 0
|   CUDA Capable Devices Detected:      1
|           CUDA Device ID in use:      0
|                CUDA Device Name: NVIDIA A100-PCIE-40GB
|     CUDA Device Global Mem Size:  40370 MB
| CUDA Device Num Multiprocessors:    108
|           CUDA Device Core Freq:   1.41 GHz
|
|--------------------------------------------------------
 
 
| Conditional Compilation Defines Used:
| PUBFFT
| BINTRAJ
| CUDA
| EMIL

| Largest sphere to fit in unit cell has radius =    40.197

| New format PARM file being parsed.
| Version =    1.000 Date = 08/16/23 Time = 23:32:05

| Note: 1-4 EEL scale factors are being read from the topology file.

| Note: 1-4 VDW scale factors are being read from the topology file.
| Duplicated    0 dihedrals

| Duplicated    0 dihedrals

--------------------------------------------------------------------------------
   1.  RESOURCE   USE: 
--------------------------------------------------------------------------------

 getting box info from netcdf restart file
 NATOM  =   70014 NTYPES =      34 NBONH =   50763 MBONA  =   19355
 NTHETH =    7724 MTHETA =    4877 NPHIH =   15657 MPHIA  =   15272
 NHPARM =       0 NPARM  =       0 NNB   =  148535 NRES   =   16223
 NBONA  =   19355 NTHETA =    4877 NPHIA =   15272 NUMBND =     115
 NUMANG =     264 NPTRA  =     251 NATYP =      63 NPHB   =       0
 IFBOX  =       1 NMXRS  =      92 IFCAP =       0 NEXTRA =   15790
 NCOPY  =       0


| Coordinate Index Table dimensions:    15   17   14
| Direct force subcell size =     5.8629    5.5424    5.7424

     BOX TYPE: RECTILINEAR

--------------------------------------------------------------------------------
   2.  CONTROL  DATA  FOR  THE  RUN
--------------------------------------------------------------------------------

default_name                                                                    

General flags:
     imin    =       1, nmropt  =       0

Nature and format of input:
     ntx     =       1, irest   =       0, ntrx    =       1

Nature and format of output:
     ntxo    =       2, ntpr    =     500, ntrx    =       1, ntwr    =     500
     iwrap   =       1, ntwx    =   10000, ntwv    =       0, ntwe    =       0
     ioutfm  =       1, ntwprt  =       0, idecomp =       0, rbornstat=      0

Potential function:
     ntf     =       1, ntb     =       1, igb     =       0, nsnb    =      25
     ipol    =       0, gbsa    =       0, iesp    =       0
     dielc   =   1.00000, cut     =  10.00000, intdiel =   1.00000

Frozen or restrained atoms:
     ibelly  =       0, ntr     =       1
     restraint_wt = 200.00000

Energy minimization:
     maxcyc  =   20000, ncyc    =   10000, ntmin   =       1
     dx0     =   0.01000, drms    =   0.00010

| Intermolecular bonds treatment:
|     no_intermolecular_bonds =       1

| Energy averages sample interval:
|     ene_avg_sampling =       1

Extra-points options:
     frameon =       1, chngmask=       1

Ewald parameters:
     verbose =       0, ew_type =       0, nbflag  =       1, use_pme =       1
     vdwmeth =       1, eedmeth =       1, netfrc  =       0
     Box X =   87.944   Box Y =   94.221   Box Z =   80.394
     Alpha =   90.000   Beta  =   90.000   Gamma =   90.000
     NFFT1 =   48       NFFT2 =   48       NFFT3 =   48
     Cutoff=   10.000   Tol   =0.100E-04
     Ewald Coefficient =  0.27511
     Interpolation order =    4

    LOADING THE CONSTRAINED ATOMS AS GROUPS


   5.  REFERENCE ATOM COORDINATES

  default_name                                                                    
     Mask :1-433@C,O,CA,N; matches  1724 atoms
|      EXTRA_PTS, trim_bonds: num bonds BEFORE trim = 50763     0
|      EXTRA_PTS, trim_bonds: num bonds AFTER  trim = 50763     0
|      EXTRA_PTS, trim_bonds: num bonds BEFORE trim = 19355     0
|      EXTRA_PTS, trim_bonds: num bonds AFTER  trim =  3565     0
|      EXTRA_PTS, trim_theta: num angle BEFORE trim =  7724     0
|      EXTRA_PTS, trim_theta: num angle AFTER  trim =  7724     0
|      EXTRA_PTS, trim_theta: num angle BEFORE trim =  4877     0
|      EXTRA_PTS, trim_theta: num angle AFTER  trim =  4877     0
|      EXTRA_PTS, trim_phi:  num diheds BEFORE trim = 15657     0
|      EXTRA_PTS, trim_phi:  num diheds AFTER  trim = 15657     0
|      EXTRA_PTS, trim_phi:  num diheds BEFORE trim = 15272     0
|      EXTRA_PTS, trim_phi:  num diheds AFTER  trim = 15272     0

--------------------------------------------------------------------------------
   3.  ATOMIC COORDINATES AND VELOCITIES
--------------------------------------------------------------------------------

default_name                                                                    
 begin time read from input coords =     0.000 ps

 
 Number of triangulated 3-point waters found:    15790

     Sum of charges from parm topology file =  -7.99891551
     Assuming uniform neutralizing plasma

| Dynamic Memory, Types Used:
| Reals             2095719
| Integers          5050746

| Nonbonded Pairs Initial Allocation:    21177484

| GPU memory information (estimate):
| KB of GPU memory in use:    243353
| KB of CPU memory in use:     95177

--------------------------------------------------------------------------------
   4.  RESULTS
--------------------------------------------------------------------------------



   NSTEP       ENERGY          RMS            GMAX         NAME    NUMBER
      1      -2.8421E+05     8.4112E-01     1.7964E+01     NH2      4509

 BOND    =    58488.6330  ANGLE   =     1368.6299  DIHED      =     2006.1870
 UB      =        0.0000  IMP     =        0.0000  CMAP       =      310.9540
 VDWAALS =    71928.5218  EEL     =  -436038.7776  HBOND      =        0.0000
 1-4 VDW =     1331.5351  1-4 EEL =    16394.2600  RESTRAINT  =        0.0000


   NSTEP       ENERGY          RMS            GMAX         NAME    NUMBER
    500      -2.8486E+05     7.5407E-02     4.4948E+00     C        6694

 BOND    =    58429.9619  ANGLE   =     1193.0036  DIHED      =     1890.6268
 UB      =        0.0000  IMP     =        0.0000  CMAP       =      306.0204
 VDWAALS =    71921.2021  EEL     =  -436401.1254  HBOND      =        0.0000
 1-4 VDW =     1337.3917  1-4 EEL =    16414.8241  RESTRAINT  =       46.3436
 EAMBER  =  -284908.0948


   NSTEP       ENERGY          RMS            GMAX         NAME    NUMBER
   1000      -2.8497E+05     3.4269E-02     2.1699E+00     C        6694

 BOND    =    58445.3280  ANGLE   =     1194.5632  DIHED      =     1880.3967
 UB      =        0.0000  IMP     =        0.0000  CMAP       =      305.7694
 VDWAALS =    71946.3579  EEL     =  -436543.3293  HBOND      =        0.0000
 1-4 VDW =     1336.3155  1-4 EEL =    16414.1285  RESTRAINT  =       48.7832
 EAMBER  =  -285020.4701


   NSTEP       ENERGY          RMS            GMAX         NAME    NUMBER
   1500      -2.8503E+05     1.2984E-01     1.9464E+01     C        1628

 BOND    =    58458.8853  ANGLE   =     1196.1730  DIHED      =     1878.0984
 UB      =        0.0000  IMP     =        0.0000  CMAP       =      305.6088
 VDWAALS =    71969.3155  EEL     =  -436637.5084  HBOND      =        0.0000
 1-4 VDW =     1335.7367  1-4 EEL =    16413.1867  RESTRAINT  =       50.0432
 EAMBER  =  -285080.5040


   NSTEP       ENERGY          RMS            GMAX         NAME    NUMBER
   2000      -2.8508E+05     2.7147E-02     1.2922E+00     OE2      6612

 BOND    =    58475.9490  ANGLE   =     1197.6473  DIHED      =     1877.6362
 UB      =        0.0000  IMP     =        0.0000  CMAP       =      305.5300
 VDWAALS =    71998.9916  EEL     =  -436737.5395  HBOND      =        0.0000
 1-4 VDW =     1335.0045  1-4 EEL =    16411.1692  RESTRAINT  =       50.8643
 EAMBER  =  -285135.6116


   NSTEP       ENERGY          RMS            GMAX         NAME    NUMBER
   2500      -2.8513E+05     6.7460E-02     1.8899E+01     C        6694

 BOND    =    58491.5335  ANGLE   =     1199.8707  DIHED      =     1879.4933
 UB      =        0.0000  IMP     =        0.0000  CMAP       =      305.4890
 VDWAALS =    72030.5653  EEL     =  -436829.9797  HBOND      =        0.0000
 1-4 VDW =     1334.7922  1-4 EEL =    16407.7842  RESTRAINT  =       51.5430
 EAMBER  =  -285180.4516


   NSTEP       ENERGY          RMS            GMAX         NAME    NUMBER
   3000      -2.8517E+05     2.1386E-02     1.3654E+00     H1      48560

 BOND    =    58508.5900  ANGLE   =     1201.2236  DIHED      =     1880.3662
 UB      =        0.0000  IMP     =        0.0000  CMAP       =      305.4361
 VDWAALS =    72066.0302  EEL     =  -436923.1151  HBOND      =        0.0000
 1-4 VDW =     1334.6997  1-4 EEL =    16406.0931  RESTRAINT  =       52.0899
 EAMBER  =  -285220.6762


   NSTEP       ENERGY          RMS            GMAX         NAME    NUMBER
   3500      -2.8519E+05     1.8282E-02     9.8942E-01     H2      63909

 BOND    =    58522.1157  ANGLE   =     1202.5772  DIHED      =     1881.0146
 UB      =        0.0000  IMP     =        0.0000  CMAP       =      305.3905
 VDWAALS =    72093.3853  EEL     =  -436990.5307  HBOND      =        0.0000
 1-4 VDW =     1334.7593  1-4 EEL =    16404.5019  RESTRAINT  =       52.5158
 EAMBER  =  -285246.7862


   NSTEP       ENERGY          RMS            GMAX         NAME    NUMBER
   4000      -2.8520E+05     1.8044E-02     8.7200E-01     H2      63909

 BOND    =    58524.9757  ANGLE   =     1202.9556  DIHED      =     1881.1629
 UB      =        0.0000  IMP     =        0.0000  CMAP       =      305.3814
 VDWAALS =    72098.8673  EEL     =  -437004.4981  HBOND      =        0.0000
 1-4 VDW =     1334.7840  1-4 EEL =    16404.1515  RESTRAINT  =       52.6147
 EAMBER  =  -285252.2197


   NSTEP       ENERGY          RMS            GMAX         NAME    NUMBER
   4500      -2.8520E+05     1.8043E-02     8.7110E-01     H2      63909

 BOND    =    58524.9866  ANGLE   =     1202.9571  DIHED      =     1881.1635
 UB      =        0.0000  IMP     =        0.0000  CMAP       =      305.3815
 VDWAALS =    72098.8906  EEL     =  -437004.5488  HBOND      =        0.0000
 1-4 VDW =     1334.7840  1-4 EEL =    16404.1502  RESTRAINT  =       52.6151
 EAMBER  =  -285252.2352


   NSTEP       ENERGY          RMS            GMAX         NAME    NUMBER
   5000      -2.8520E+05     1.8042E-02     8.7008E-01     H2      63909

 BOND    =    58524.9981  ANGLE   =     1202.9586  DIHED      =     1881.1643
 UB      =        0.0000  IMP     =        0.0000  CMAP       =      305.3815
 VDWAALS =    72098.9130  EEL     =  -437004.5837  HBOND      =        0.0000
 1-4 VDW =     1334.7841  1-4 EEL =    16404.1490  RESTRAINT  =       52.6154
 EAMBER  =  -285252.2350


   NSTEP       ENERGY          RMS            GMAX         NAME    NUMBER
   5500      -2.8520E+05     1.8042E-02     8.6918E-01     H2      63909

 BOND    =    58525.0093  ANGLE   =     1202.9601  DIHED      =     1881.1649
 UB      =        0.0000  IMP     =        0.0000  CMAP       =      305.3815
 VDWAALS =    72098.9344  EEL     =  -437004.6704  HBOND      =        0.0000
 1-4 VDW =     1334.7842  1-4 EEL =    16404.1476  RESTRAINT  =       52.6158
 EAMBER  =  -285252.2884


   NSTEP       ENERGY          RMS            GMAX         NAME    NUMBER
   6000      -2.8520E+05     1.8041E-02     8.6824E-01     H2      63909

 BOND    =    58525.0202  ANGLE   =     1202.9616  DIHED      =     1881.1657
 UB      =        0.0000  IMP     =        0.0000  CMAP       =      305.3815
 VDWAALS =    72098.9550  EEL     =  -437004.7530  HBOND      =        0.0000
 1-4 VDW =     1334.7842  1-4 EEL =    16404.1464  RESTRAINT  =       52.6162
 EAMBER  =  -285252.3384


   NSTEP       ENERGY          RMS            GMAX         NAME    NUMBER
   6500      -2.8520E+05     1.8041E-02     8.6740E-01     H2      63909

 BOND    =    58525.0308  ANGLE   =     1202.9630  DIHED      =     1881.1660
 UB      =        0.0000  IMP     =        0.0000  CMAP       =      305.3814
 VDWAALS =    72098.9753  EEL     =  -437004.7489  HBOND      =        0.0000
 1-4 VDW =     1334.7843  1-4 EEL =    16404.1450  RESTRAINT  =       52.6165
 EAMBER  =  -285252.3031


   NSTEP       ENERGY          RMS            GMAX         NAME    NUMBER
   7000      -2.8520E+05     1.8041E-02     8.6634E-01     H2      63909

 BOND    =    58525.0440  ANGLE   =     1202.9648  DIHED      =     1881.1669
 UB      =        0.0000  IMP     =        0.0000  CMAP       =      305.3814
 VDWAALS =    72098.9995  EEL     =  -437004.8298  HBOND      =        0.0000
 1-4 VDW =     1334.7844  1-4 EEL =    16404.1436  RESTRAINT  =       52.6170
 EAMBER  =  -285252.3452


   NSTEP       ENERGY          RMS            GMAX         NAME    NUMBER
   7500      -2.8520E+05     1.8040E-02     8.6532E-01     H2      63909

 BOND    =    58525.0562  ANGLE   =     1202.9664  DIHED      =     1881.1675
 UB      =        0.0000  IMP     =        0.0000  CMAP       =      305.3813
 VDWAALS =    72099.0225  EEL     =  -437004.9385  HBOND      =        0.0000
 1-4 VDW =     1334.7844  1-4 EEL =    16404.1422  RESTRAINT  =       52.6174
 EAMBER  =  -285252.4179


   NSTEP       ENERGY          RMS            GMAX         NAME    NUMBER
   8000      -2.8520E+05     1.8040E-02     8.6434E-01     H2      63909

 BOND    =    58525.0678  ANGLE   =     1202.9679  DIHED      =     1881.1681
 UB      =        0.0000  IMP     =        0.0000  CMAP       =      305.3814
 VDWAALS =    72099.0431  EEL     =  -437004.9573  HBOND      =        0.0000
 1-4 VDW =     1334.7845  1-4 EEL =    16404.1408  RESTRAINT  =       52.6177
 EAMBER  =  -285252.4037


   NSTEP       ENERGY          RMS            GMAX         NAME    NUMBER
   8500      -2.8520E+05     1.8039E-02     8.6337E-01     H2      63909

 BOND    =    58525.0797  ANGLE   =     1202.9695  DIHED      =     1881.1690
 UB      =        0.0000  IMP     =        0.0000  CMAP       =      305.3812
 VDWAALS =    72099.0639  EEL     =  -437004.9976  HBOND      =        0.0000
 1-4 VDW =     1334.7845  1-4 EEL =    16404.1395  RESTRAINT  =       52.6181
 EAMBER  =  -285252.4103


   NSTEP       ENERGY          RMS            GMAX         NAME    NUMBER
   9000      -2.8520E+05     1.8039E-02     8.6243E-01     H2      63909

 BOND    =    58525.0909  ANGLE   =     1202.9710  DIHED      =     1881.1696
 UB      =        0.0000  IMP     =        0.0000  CMAP       =      305.3812
 VDWAALS =    72099.0861  EEL     =  -437005.0891  HBOND      =        0.0000
 1-4 VDW =     1334.7846  1-4 EEL =    16404.1382  RESTRAINT  =       52.6185
 EAMBER  =  -285252.4676


   NSTEP       ENERGY          RMS            GMAX         NAME    NUMBER
   9500      -2.8520E+05     1.8038E-02     8.6149E-01     H2      63909

 BOND    =    58525.1019  ANGLE   =     1202.9724  DIHED      =     1881.1701
 UB      =        0.0000  IMP     =        0.0000  CMAP       =      305.3812
 VDWAALS =    72099.1060  EEL     =  -437005.1299  HBOND      =        0.0000
 1-4 VDW =     1334.7846  1-4 EEL =    16404.1369  RESTRAINT  =       52.6189
 EAMBER  =  -285252.4767


   NSTEP       ENERGY          RMS            GMAX         NAME    NUMBER
  10000      -2.8520E+05     1.8037E-02     8.6049E-01     H2      63909

 BOND    =    58525.1136  ANGLE   =     1202.9740  DIHED      =     1881.1706
 UB      =        0.0000  IMP     =        0.0000  CMAP       =      305.3813
 VDWAALS =    72099.1250  EEL     =  -437005.1649  HBOND      =        0.0000
 1-4 VDW =     1334.7847  1-4 EEL =    16404.1355  RESTRAINT  =       52.6193
 EAMBER  =  -285252.4802

     .... RESTARTED DUE TO LINMIN FAILURE ...


   NSTEP       ENERGY          RMS            GMAX         NAME    NUMBER
  10500      -2.8539E+05     1.5935E-01     2.5068E+01     C        6694

 BOND    =    58651.0930  ANGLE   =     1208.7888  DIHED      =     1885.4396
 UB      =        0.0000  IMP     =        0.0000  CMAP       =      305.2094
 VDWAALS =    72372.0416  EEL     =  -437598.2596  HBOND      =        0.0000
 1-4 VDW =     1336.0155  1-4 EEL =    16394.6292  RESTRAINT  =       54.9028
 EAMBER  =  -285445.0426

     .... RESTARTED DUE TO LINMIN FAILURE ...

     .... RESTARTED DUE TO LINMIN FAILURE ...

     .... RESTARTED DUE TO LINMIN FAILURE ...


   NSTEP       ENERGY          RMS            GMAX         NAME    NUMBER
  11000      -2.8552E+05     4.6338E-02     2.7863E+00     O        4182

 BOND    =    58749.9002  ANGLE   =     1208.9471  DIHED      =     1889.8101
 UB      =        0.0000  IMP     =        0.0000  CMAP       =      305.0607
 VDWAALS =    72571.8834  EEL     =  -438026.0238  HBOND      =        0.0000
 1-4 VDW =     1337.2744  1-4 EEL =    16386.2133  RESTRAINT  =       55.0920
 EAMBER  =  -285576.9347

     .... RESTARTED DUE TO LINMIN FAILURE ...


                    FINAL RESULTS



   NSTEP       ENERGY          RMS            GMAX         NAME    NUMBER
  11120      -2.8554E+05     4.0089E-02     4.1171E+00     C        6694

 BOND    =    58765.5279  ANGLE   =     1209.0903  DIHED      =     1889.9542
 UB      =        0.0000  IMP     =        0.0000  CMAP       =      305.0505
 VDWAALS =    72603.7098  EEL     =  -438095.6374  HBOND      =        0.0000
 1-4 VDW =     1337.3563  1-4 EEL =    16385.2776  RESTRAINT  =       55.0579
 EAMBER  =  -285599.6707

     ***** REPEATED LINMIN FAILURE *****
--------------------------------------------------------------------------------
   5.  TIMINGS
--------------------------------------------------------------------------------

|  NonSetup CPU Time in Major Routines:
|
|     Routine           Sec        %
|     ------------------------------
|     Nonbond          15.84   41.15
|     Bond              0.00    0.00
|     Angle             0.00    0.00
|     Dihedral          0.00    0.00
|     Shake             0.00    0.00
|     Other            22.66   58.85
|     ------------------------------
|     Total            38.51

|  PME Nonbond Pairlist CPU Time:
|
|     Routine              Sec        %
|     ---------------------------------
|     Set Up Cit           0.00    0.00
|     Build List           0.00    0.00
|     ---------------------------------
|     Total                0.00    0.00

|  PME Direct Force CPU Time:
|
|     Routine              Sec        %
|     ---------------------------------
|     NonBonded Calc       0.00    0.00
|     Exclude Masked       0.00    0.00
|     Other                0.02    0.05
|     ---------------------------------
|     Total                0.02    0.05

|  PME Reciprocal Force CPU Time:
|
|     Routine              Sec        %
|     ---------------------------------
|     1D bspline           0.00    0.00
|     Grid Charges         0.00    0.00
|     Scalar Sum           0.00    0.00
|     Gradient Sum         0.00    0.00
|     FFT                  0.00    0.00
|     ---------------------------------
|     Total                0.00    0.00

|  Setup CPU time:            0.93 seconds
|  NonSetup CPU time:        38.51 seconds
|  Total CPU time:           39.44 seconds     0.01 hours

|  Setup wall time:           1    seconds
|  NonSetup wall time:       38    seconds
|  Total wall time:          39    seconds     0.01 hours
