
          -------------------------------------------------------
          Amber 20 PMEMD                              2020
          -------------------------------------------------------

| PMEMD implementation of SANDER, Release 18

|  Compiled date/time: Wed Sep 22 23:21:21 2021
| Run on 08/16/2023 at 23:40:34

|   Executable path: /mnt/research/MerzGroup/Amber20Tools21/amber20/bin/pmemd.cuda
| Working directory: /mnt/ufs18/home-179/sharmag3/Aimen5
|          Hostname: nif-002

  [-O]verwriting output

File Assignments:
|   MDIN: ti2_ppt.in                                                            
|  MDOUT: ti2_ppt.out                                                           
| INPCRD: ti2_min5.rst                                                          
|   PARM: complex_solv.prmtop                                                   
| RESTRT: ti2_ppt.rst                                                           
|   REFC: ti2_min5.rst                                                          
|  MDVEL: mdvel                                                                 
|   MDEN: mden                                                                  
|  MDCRD: ti2_ppt.netcdf                                                        
| MDINFO: ti2_ppt.mdinfo                                                        
|  MDFRC: mdfrc                                                                 


 Here is the input file:

npt for deltaG calculation                                                     
 &cntrl                                                                        
  imin=0,                                                                      
  irest=0,                                                                     
  ntx=1,                                                                       
  ig=-1,                                                                       
  nstlim=9000,                                                                 
  dt=0.001,                                                                    
  cut=10.0,                                                                    
  ntp=1,                                                                       
  pres0=1.01325,                                                               
  tempi=0.0,                                                                   
  temp0=0.0,                                                                   
  ntt=3,                                                                       
  gamma_ln=2.0,                                                                
  ntpr=500,                                                                    
  ntwr=500,                                                                    
  ntwx=10000,                                                                  
  ntave=500,                                                                   
  ioutfm=1,                                                                    
  ntwv=-1,                                                                     
  iwrap=1,                                                                     
  ntc=2,                                                                       
  ntf=2,                                                                       
/                                                                              
&ewald                                                                         
nfft1=48, nfft2=48, nfft3=48,                                                  
/                                                                              


Note: ig = -1. Setting random seed to   702662 based on wallclock time in 
      microseconds.
| irandom = 1, using AMBER's internal random number generator (default).
 
|--------------------- INFORMATION ----------------------
| GPU (CUDA) Version of PMEMD in use: NVIDIA GPU IN USE.
|                    Version 18.0.0
| 
|                      03/25/2018
| 
| Implementation by:
|                    Ross C. Walker     (SDSC)
|                    Scott Le Grand     (nVIDIA)
| 
| Version 18 performance extensions by:
|                    David Cerutti     (Rutgers)
| 
| Precision model in use:
|      [SPFP] - Single Precision Forces, 64-bit Fixed Point
|               Accumulation. (Default)
| 
|--------------------------------------------------------
 
|----------------- CITATION INFORMATION -----------------
|
|    When publishing work that utilized the CUDA version
|    of AMBER, please cite the following in addition to
|    the regular AMBER citations:
|
|  - Romelia Salomon-Ferrer; Andreas W. Goetz; Duncan
|    Poole; Scott Le Grand; Ross C. Walker "Routine
|    microsecond molecular dynamics simulations with
|    AMBER - Part II: Particle Mesh Ewald", J. Chem.
|    Theory Comput., 2013, 9 (9), pp3878-3888,
|    DOI: 10.1021/ct400314y.
|
|  - Andreas W. Goetz; Mark J. Williamson; Dong Xu;
|    Duncan Poole; Scott Le Grand; Ross C. Walker
|    "Routine microsecond molecular dynamics simulations
|    with AMBER - Part I: Generalized Born", J. Chem.
|    Theory Comput., 2012, 8 (5), pp1542-1555.
|
|  - Scott Le Grand; Andreas W. Goetz; Ross C. Walker
|    "SPFP: Speed without compromise - a mixed precision
|    model for GPU accelerated molecular dynamics
|    simulations.", Comp. Phys. Comm., 2013, 184
|    pp374-380, DOI: 10.1016/j.cpc.2012.09.022
|
|--------------------------------------------------------
 
|------------------- GPU DEVICE INFO --------------------
|
|            CUDA_VISIBLE_DEVICES: 0
|   CUDA Capable Devices Detected:      1
|           CUDA Device ID in use:      0
|                CUDA Device Name: NVIDIA A100-PCIE-40GB
|     CUDA Device Global Mem Size:  40370 MB
| CUDA Device Num Multiprocessors:    108
|           CUDA Device Core Freq:   1.41 GHz
|
|--------------------------------------------------------
 
 
| Conditional Compilation Defines Used:
| PUBFFT
| BINTRAJ
| CUDA
| EMIL

| Largest sphere to fit in unit cell has radius =    40.197

| New format PARM file being parsed.
| Version =    1.000 Date = 08/16/23 Time = 23:32:05

| Note: 1-4 EEL scale factors are being read from the topology file.

| Note: 1-4 VDW scale factors are being read from the topology file.
| Duplicated    0 dihedrals

| Duplicated    0 dihedrals

--------------------------------------------------------------------------------
   1.  RESOURCE   USE: 
--------------------------------------------------------------------------------

 getting box info from netcdf restart file
 NATOM  =   70014 NTYPES =      34 NBONH =   50763 MBONA  =   19355
 NTHETH =    7724 MTHETA =    4877 NPHIH =   15657 MPHIA  =   15272
 NHPARM =       0 NPARM  =       0 NNB   =  148535 NRES   =   16223
 NBONA  =   19355 NTHETA =    4877 NPHIA =   15272 NUMBND =     115
 NUMANG =     264 NPTRA  =     251 NATYP =      63 NPHB   =       0
 IFBOX  =       1 NMXRS  =      92 IFCAP =       0 NEXTRA =   15790
 NCOPY  =       0


| Coordinate Index Table dimensions:    15   17   14
| Direct force subcell size =     5.8629    5.5424    5.7424

     BOX TYPE: RECTILINEAR

--------------------------------------------------------------------------------
   2.  CONTROL  DATA  FOR  THE  RUN
--------------------------------------------------------------------------------

default_name                                                                    

General flags:
     imin    =       0, nmropt  =       0

Nature and format of input:
     ntx     =       1, irest   =       0, ntrx    =       1

Nature and format of output:
     ntxo    =       2, ntpr    =     500, ntrx    =       1, ntwr    =     500
     iwrap   =       1, ntwx    =   10000, ntwv    =      -1, ntwe    =       0
     ioutfm  =       1, ntwprt  =       0, idecomp =       0, rbornstat=      0

Potential function:
     ntf     =       2, ntb     =       2, igb     =       0, nsnb    =      25
     ipol    =       0, gbsa    =       0, iesp    =       0
     dielc   =   1.00000, cut     =  10.00000, intdiel =   1.00000

Frozen or restrained atoms:
     ibelly  =       0, ntr     =       0

Molecular dynamics:
     nstlim  =      9000, nscm    =      1000, nrespa  =         1
     t       =   0.00000, dt      =   0.00100, vlimit  =  -1.00000

Langevin dynamics temperature regulation:
     ig      =  702662
     temp0   =   0.00000, tempi   =   0.00000, gamma_ln=   2.00000

Pressure regulation:
     ntp     =       1
     pres0   =   1.01325, comp    =  44.60000, taup    =   1.00000

SHAKE:
     ntc     =       2, jfastw  =       0
     tol     =   0.00001

| Intermolecular bonds treatment:
|     no_intermolecular_bonds =       1

| Energy averages sample interval:
|     ene_avg_sampling =       1

Extra-points options:
     frameon =       1, chngmask=       1

Ewald parameters:
     verbose =       0, ew_type =       0, nbflag  =       1, use_pme =       1
     vdwmeth =       1, eedmeth =       1, netfrc  =       1
     Box X =   87.944   Box Y =   94.221   Box Z =   80.394
     Alpha =   90.000   Beta  =   90.000   Gamma =   90.000
     NFFT1 =   48       NFFT2 =   48       NFFT3 =   48
     Cutoff=   10.000   Tol   =0.100E-04
     Ewald Coefficient =  0.27511
     Interpolation order =    4
|      EXTRA_PTS, trim_bonds: num bonds BEFORE trim = 50763     0
|      EXTRA_PTS, trim_bonds: num bonds AFTER  trim = 50763     0
|      EXTRA_PTS, trim_bonds: num bonds BEFORE trim = 19355     0
|      EXTRA_PTS, trim_bonds: num bonds AFTER  trim =  3565     0
|      EXTRA_PTS, trim_theta: num angle BEFORE trim =  7724     0
|      EXTRA_PTS, trim_theta: num angle AFTER  trim =  7724     0
|      EXTRA_PTS, trim_theta: num angle BEFORE trim =  4877     0
|      EXTRA_PTS, trim_theta: num angle AFTER  trim =  4877     0
|      EXTRA_PTS, trim_phi:  num diheds BEFORE trim = 15657     0
|      EXTRA_PTS, trim_phi:  num diheds AFTER  trim = 15657     0
|      EXTRA_PTS, trim_phi:  num diheds BEFORE trim = 15272     0
|      EXTRA_PTS, trim_phi:  num diheds AFTER  trim = 15272     0

--------------------------------------------------------------------------------
   3.  ATOMIC COORDINATES AND VELOCITIES
--------------------------------------------------------------------------------

default_name                                                                    
 begin time read from input coords =     0.000 ps

 
 Number of triangulated 3-point waters found:    15790

     Sum of charges from parm topology file =  -7.99891551
     Assuming uniform neutralizing plasma

| Dynamic Memory, Types Used:
| Reals             2896119
| Integers          4987518

| Nonbonded Pairs Initial Allocation:    21177484

| GPU memory information (estimate):
| KB of GPU memory in use:    452050
| KB of CPU memory in use:     93826

--------------------------------------------------------------------------------
   4.  RESULTS
--------------------------------------------------------------------------------


 NSTEP =        0   TIME(PS) =       0.000  TEMP(K) =     0.00  PRESS = -1428.8
 Etot   =   -345979.1833  EKtot   =         0.0000  EPtot      =   -345979.1833
 BOND   =       244.6624  ANGLE   =      1100.0583  DIHED      =      1856.2673
 UB     =         0.0000  IMP     =         0.0000  CMAP       =       302.7272
 1-4 NB =      1376.5389  1-4 EEL =     16494.6178  VDWAALS    =     73721.4612
 EELEC  =   -441075.5164  EHBOND  =         0.0000  RESTRAINT  =         0.0000
 EKCMT  =         0.0000  VIRIAL  =     20550.9994  VOLUME     =    666157.1112
                                                    Density    =         0.8315
 ------------------------------------------------------------------------------


 NSTEP =      500   TIME(PS) =       0.500  TEMP(K) =    15.43  PRESS =  -606.0
 Etot   =   -236507.5590  EKtot   =      1715.8987  EPtot      =   -238223.4576
 BOND   =       237.0276  ANGLE   =      1092.3357  DIHED      =      1882.2514
 UB     =         0.0000  IMP     =         0.0000  CMAP       =       305.3994
 1-4 NB =      1400.9724  1-4 EEL =     16538.1901  VDWAALS    =     39407.2807
 EELEC  =   -299086.9149  EHBOND  =         0.0000  RESTRAINT  =         0.0000
 EKCMT  =      1475.6543  VIRIAL  =     10324.5504  VOLUME     =    676348.7913
                                                    Density    =         0.8190
 ------------------------------------------------------------------------------

|===============================================================================

      A V E R A G E S   O V E R     500 S T E P S


 NSTEP =      500   TIME(PS) =       0.500  TEMP(K) =    25.22  PRESS =   680.9
 Etot   =   -234017.1358  EKtot   =      2804.3223  EPtot      =   -236821.4581
 BOND   =       240.0103  ANGLE   =      1091.7595  DIHED      =      1866.6205
 UB     =         0.0000  IMP     =         0.0000  CMAP       =       303.8529
 1-4 NB =      1393.6582  1-4 EEL =     16519.2129  VDWAALS    =     41968.7213
 EELEC  =   -300205.2937  EHBOND  =         0.0000  RESTRAINT  =         0.0000
 EKCMT  =      2106.9168  VIRIAL  =     -7757.9770  VOLUME     =    679112.8685
                                                    Density    =         0.8157
 ------------------------------------------------------------------------------


      R M S  F L U C T U A T I O N S


 NSTEP =      500   TIME(PS) =       0.500  TEMP(K) =    50.30  PRESS =  2937.8
 Etot   =      4227.5821  EKtot   =      5592.4913  EPtot      =      5119.7346
 BOND   =         3.4115  ANGLE   =         3.9349  DIHED      =        10.6440
 UB     =         0.0000  IMP     =         0.0000  CMAP       =         1.1956
 1-4 NB =         8.2863  1-4 EEL =        16.0805  VDWAALS    =      8184.3123
 EELEC  =      9241.3384  EHBOND  =         0.0000  RESTRAINT  =         0.0000
 EKCMT  =       652.7748  VIRIAL  =     42828.9511  VOLUME     =      3070.5803
                                                    Density    =         0.0037
 ------------------------------------------------------------------------------

|===============================================================================

 NSTEP =     1000   TIME(PS) =       1.000  TEMP(K) =     7.57  PRESS =  -364.6
 Etot   =   -238992.5598  EKtot   =       841.8420  EPtot      =   -239834.4018
 BOND   =       235.6223  ANGLE   =      1096.0467  DIHED      =      1884.4401
 UB     =         0.0000  IMP     =         0.0000  CMAP       =       302.1400
 1-4 NB =      1404.9042  1-4 EEL =     16549.9848  VDWAALS    =     40536.4155
 EELEC  =   -301843.9554  EHBOND  =         0.0000  RESTRAINT  =         0.0000
 EKCMT  =       728.2217  VIRIAL  =      5988.7564  VOLUME     =    668191.5888
                                                    Density    =         0.8290
 ------------------------------------------------------------------------------

|===============================================================================

      A V E R A G E S   O V E R     500 S T E P S


 NSTEP =     1000   TIME(PS) =       1.000  TEMP(K) =    10.85  PRESS =  -542.6
 Etot   =   -237899.8165  EKtot   =      1206.0160  EPtot      =   -239105.8326
 BOND   =       236.5059  ANGLE   =      1093.8074  DIHED      =      1883.6379
 UB     =         0.0000  IMP     =         0.0000  CMAP       =       302.2708
 1-4 NB =      1403.7426  1-4 EEL =     16548.4122  VDWAALS    =     39869.9184
 EELEC  =   -300444.1276  EHBOND  =         0.0000  RESTRAINT  =         0.0000
 EKCMT  =      1035.5598  VIRIAL  =      8911.6310  VOLUME     =    671867.2451
                                                    Density    =         0.8244
 ------------------------------------------------------------------------------


      R M S  F L U C T U A T I O N S


 NSTEP =     1000   TIME(PS) =       1.000  TEMP(K) =     2.21  PRESS =    95.5
 Etot   =       713.8718  EKtot   =       245.6566  EPtot      =       468.4814
 BOND   =         0.9054  ANGLE   =         2.2496  DIHED      =         2.1738
 UB     =         0.0000  IMP     =         0.0000  CMAP       =         1.6974
 1-4 NB =         2.0524  1-4 EEL =         4.7584  VDWAALS    =       386.2742
 EELEC  =       851.6952  EHBOND  =         0.0000  RESTRAINT  =         0.0000
 EKCMT  =       209.6790  VIRIAL  =      1601.8715  VOLUME     =      2407.5208
                                                    Density    =         0.0030
 ------------------------------------------------------------------------------

|===============================================================================

 NSTEP =     1500   TIME(PS) =       1.500  TEMP(K) =     3.93  PRESS =  -332.6
 Etot   =   -240218.8621  EKtot   =       437.2148  EPtot      =   -240656.0769
 BOND   =       236.8795  ANGLE   =      1093.7506  DIHED      =      1890.7537
 UB     =         0.0000  IMP     =         0.0000  CMAP       =       300.6557
 1-4 NB =      1405.1369  1-4 EEL =     16546.1253  VDWAALS    =     40819.4610
 EELEC  =   -302948.8395  EHBOND  =         0.0000  RESTRAINT  =         0.0000
 EKCMT  =       378.7131  VIRIAL  =      5141.5249  VOLUME     =    663178.4440
                                                    Density    =         0.8352
 ------------------------------------------------------------------------------

|===============================================================================

      A V E R A G E S   O V E R     500 S T E P S


 NSTEP =     1500   TIME(PS) =       1.500  TEMP(K) =     5.41  PRESS =  -336.6
 Etot   =   -239672.8398  EKtot   =       601.1411  EPtot      =   -240273.9809
 BOND   =       237.2210  ANGLE   =      1093.3200  DIHED      =      1887.8271
 UB     =         0.0000  IMP     =         0.0000  CMAP       =       302.5443
 1-4 NB =      1404.5820  1-4 EEL =     16544.2558  VDWAALS    =     40701.8009
 EELEC  =   -302445.5320  EHBOND  =         0.0000  RESTRAINT  =         0.0000
 EKCMT  =       520.0958  VIRIAL  =      5358.3529  VOLUME     =    665630.0185
                                                    Density    =         0.8322
 ------------------------------------------------------------------------------


      R M S  F L U C T U A T I O N S


 NSTEP =     1500   TIME(PS) =       1.500  TEMP(K) =     1.03  PRESS =    14.9
 Etot   =       350.5981  EKtot   =       114.9988  EPtot      =       236.0067
 BOND   =         0.8515  ANGLE   =         2.2908  DIHED      =         2.1739
 UB     =         0.0000  IMP     =         0.0000  CMAP       =         1.2268
 1-4 NB =         1.1215  1-4 EEL =         2.8571  VDWAALS    =        75.2289
 EELEC  =       307.3249  EHBOND  =         0.0000  RESTRAINT  =         0.0000
 EKCMT  =        99.5819  VIRIAL  =       304.0195  VOLUME     =      1442.9277
                                                    Density    =         0.0018
 ------------------------------------------------------------------------------

|===============================================================================

 NSTEP =     2000   TIME(PS) =       2.000  TEMP(K) =     2.05  PRESS =  -275.4
 Etot   =   -240877.2935  EKtot   =       227.6305  EPtot      =   -241104.9240
 BOND   =       234.6071  ANGLE   =      1087.7702  DIHED      =      1894.6322
 UB     =         0.0000  IMP     =         0.0000  CMAP       =       300.1386
 1-4 NB =      1410.0029  1-4 EEL =     16552.1516  VDWAALS    =     40958.7541
 EELEC  =   -303542.9807  EHBOND  =         0.0000  RESTRAINT  =         0.0000
 EKCMT  =       196.3814  VIRIAL  =      4114.0008  VOLUME     =    658725.1968
                                                    Density    =         0.8409
 ------------------------------------------------------------------------------

|===============================================================================

      A V E R A G E S   O V E R     500 S T E P S


 NSTEP =     2000   TIME(PS) =       2.000  TEMP(K) =     2.87  PRESS =  -301.0
 Etot   =   -240583.9843  EKtot   =       319.4462  EPtot      =   -240903.4305
 BOND   =       235.5319  ANGLE   =      1088.9001  DIHED      =      1892.1272
 UB     =         0.0000  IMP     =         0.0000  CMAP       =       301.2694
 1-4 NB =      1408.7162  1-4 EEL =     16550.0317  VDWAALS    =     40884.5865
 EELEC  =   -303264.5935  EHBOND  =         0.0000  RESTRAINT  =         0.0000
 EKCMT  =       275.4510  VIRIAL  =      4571.0139  VOLUME     =    660906.7370
                                                    Density    =         0.8381
 ------------------------------------------------------------------------------


      R M S  F L U C T U A T I O N S


 NSTEP =     2000   TIME(PS) =       2.000  TEMP(K) =     0.55  PRESS =    10.9
 Etot   =       188.4216  EKtot   =        61.6611  EPtot      =       126.8604
 BOND   =         0.7577  ANGLE   =         1.4900  DIHED      =         1.7093
 UB     =         0.0000  IMP     =         0.0000  CMAP       =         0.8987
 1-4 NB =         1.2614  1-4 EEL =         3.0223  VDWAALS    =        33.8076
 EELEC  =       160.3619  EHBOND  =         0.0000  RESTRAINT  =         0.0000
 EKCMT  =        54.1068  VIRIAL  =       209.3984  VOLUME     =      1283.4695
                                                    Density    =         0.0016
 ------------------------------------------------------------------------------

|===============================================================================

 NSTEP =     2500   TIME(PS) =       2.500  TEMP(K) =     1.11  PRESS =  -262.5
 Etot   =   -241228.8431  EKtot   =       123.3817  EPtot      =   -241352.2248
 BOND   =       233.4532  ANGLE   =      1093.3974  DIHED      =      1890.8207
 UB     =         0.0000  IMP     =         0.0000  CMAP       =       301.6810
 1-4 NB =      1411.4197  1-4 EEL =     16554.7266  VDWAALS    =     41046.8980
 EELEC  =   -303884.6213  EHBOND  =         0.0000  RESTRAINT  =         0.0000
 EKCMT  =       106.5865  VIRIAL  =      3818.2981  VOLUME     =    654870.2259
                                                    Density    =         0.8458
 ------------------------------------------------------------------------------

|===============================================================================

      A V E R A G E S   O V E R     500 S T E P S


 NSTEP =     2500   TIME(PS) =       2.500  TEMP(K) =     1.53  PRESS =  -262.2
 Etot   =   -241071.3923  EKtot   =       170.2193  EPtot      =   -241241.6116
 BOND   =       233.9641  ANGLE   =      1090.0533  DIHED      =      1894.2877
 UB     =         0.0000  IMP     =         0.0000  CMAP       =       301.6133
 1-4 NB =      1411.1876  1-4 EEL =     16553.8772  VDWAALS    =     41028.7639
 EELEC  =   -303755.3586  EHBOND  =         0.0000  RESTRAINT  =         0.0000
 EKCMT  =       146.8997  VIRIAL  =      3864.5693  VOLUME     =    656800.6575
                                                    Density    =         0.8434
 ------------------------------------------------------------------------------


      R M S  F L U C T U A T I O N S


 NSTEP =     2500   TIME(PS) =       2.500  TEMP(K) =     0.27  PRESS =     6.2
 Etot   =       101.1579  EKtot   =        30.5420  EPtot      =        70.6359
 BOND   =         0.4762  ANGLE   =         1.6608  DIHED      =         1.1312
 UB     =         0.0000  IMP     =         0.0000  CMAP       =         0.8186
 1-4 NB =         0.5837  1-4 EEL =         2.1037  VDWAALS    =        25.7593
 EELEC  =        91.6317  EHBOND  =         0.0000  RESTRAINT  =         0.0000
 EKCMT  =        26.1615  VIRIAL  =        83.7188  VOLUME     =      1108.0201
                                                    Density    =         0.0014
 ------------------------------------------------------------------------------

|===============================================================================

 NSTEP =     3000   TIME(PS) =       3.000  TEMP(K) =     0.64  PRESS =  -249.5
 Etot   =   -241432.9077  EKtot   =        70.6957  EPtot      =   -241503.6034
 BOND   =       232.6907  ANGLE   =      1092.8748  DIHED      =      1890.6820
 UB     =         0.0000  IMP     =         0.0000  CMAP       =       298.8748
 1-4 NB =      1414.4205  1-4 EEL =     16554.9712  VDWAALS    =     41104.0826
 EELEC  =   -304092.1999  EHBOND  =         0.0000  RESTRAINT  =         0.0000
 EKCMT  =        61.3449  VIRIAL  =      3569.5576  VOLUME     =    651188.2319
                                                    Density    =         0.8506
 ------------------------------------------------------------------------------

|===============================================================================

      A V E R A G E S   O V E R     500 S T E P S


 NSTEP =     3000   TIME(PS) =       3.000  TEMP(K) =     0.87  PRESS =  -251.8
 Etot   =   -241339.2790  EKtot   =        96.4618  EPtot      =   -241435.7408
 BOND   =       233.4044  ANGLE   =      1093.0689  DIHED      =      1890.3782
 UB     =         0.0000  IMP     =         0.0000  CMAP       =       300.4422
 1-4 NB =      1412.7690  1-4 EEL =     16551.0350  VDWAALS    =     41086.0551
 EELEC  =   -304002.8936  EHBOND  =         0.0000  RESTRAINT  =         0.0000
 EKCMT  =        83.5997  VIRIAL  =      3633.8775  VOLUME     =    653026.1711
                                                    Density    =         0.8482
 ------------------------------------------------------------------------------


      R M S  F L U C T U A T I O N S


 NSTEP =     3000   TIME(PS) =       3.000  TEMP(K) =     0.14  PRESS =     5.5
 Etot   =        58.6720  EKtot   =        15.2884  EPtot      =        43.4328
 BOND   =         0.5595  ANGLE   =         1.0305  DIHED      =         0.7853
 UB     =         0.0000  IMP     =         0.0000  CMAP       =         0.6603
 1-4 NB =         0.9868  1-4 EEL =         2.3375  VDWAALS    =        13.3782
 EELEC  =        52.4162  EHBOND  =         0.0000  RESTRAINT  =         0.0000
 EKCMT  =        13.0449  VIRIAL  =        77.4930  VOLUME     =      1056.5052
                                                    Density    =         0.0014
 ------------------------------------------------------------------------------

|===============================================================================

 NSTEP =     3500   TIME(PS) =       3.500  TEMP(K) =     0.40  PRESS =  -251.4
 Etot   =   -241555.6682  EKtot   =        44.4291  EPtot      =   -241600.0973
 BOND   =       232.5681  ANGLE   =      1093.3172  DIHED      =      1893.9936
 UB     =         0.0000  IMP     =         0.0000  CMAP       =       299.9932
 1-4 NB =      1414.4340  1-4 EEL =     16556.6015  VDWAALS    =     41095.6505
 EELEC  =   -304186.6554  EHBOND  =         0.0000  RESTRAINT  =         0.0000
 EKCMT  =        39.8306  VIRIAL  =      3554.0801  VOLUME     =    647549.8744
                                                    Density    =         0.8554
 ------------------------------------------------------------------------------

|===============================================================================

      A V E R A G E S   O V E R     500 S T E P S


 NSTEP =     3500   TIME(PS) =       3.500  TEMP(K) =     0.51  PRESS =  -250.2
 Etot   =   -241498.5540  EKtot   =        56.3071  EPtot      =   -241554.8611
 BOND   =       232.3480  ANGLE   =      1092.5628  DIHED      =      1893.1734
 UB     =         0.0000  IMP     =         0.0000  CMAP       =       299.4618
 1-4 NB =      1414.2807  1-4 EEL =     16557.5895  VDWAALS    =     41110.7284
 EELEC  =   -304155.0058  EHBOND  =         0.0000  RESTRAINT  =         0.0000
 EKCMT  =        49.3890  VIRIAL  =      3557.9163  VOLUME     =    649362.0764
                                                    Density    =         0.8530
 ------------------------------------------------------------------------------


      R M S  F L U C T U A T I O N S


 NSTEP =     3500   TIME(PS) =       3.500  TEMP(K) =     0.07  PRESS =     2.3
 Etot   =        35.4822  EKtot   =         7.7155  EPtot      =        27.8092
 BOND   =         0.3244  ANGLE   =         0.3897  DIHED      =         1.1300
 UB     =         0.0000  IMP     =         0.0000  CMAP       =         0.2634
 1-4 NB =         0.4806  1-4 EEL =         0.9931  VDWAALS    =         6.6841
 EELEC  =        28.4988  EHBOND  =         0.0000  RESTRAINT  =         0.0000
 EKCMT  =         6.4299  VIRIAL  =        36.5056  VOLUME     =      1050.7859
                                                    Density    =         0.0014
 ------------------------------------------------------------------------------

|===============================================================================

 NSTEP =     4000   TIME(PS) =       4.000  TEMP(K) =     0.33  PRESS =  -261.6
 Etot   =   -241640.1007  EKtot   =        36.7582  EPtot      =   -241676.8589
 BOND   =       232.6366  ANGLE   =      1094.8975  DIHED      =      1895.4992
 UB     =         0.0000  IMP     =         0.0000  CMAP       =       300.5163
 1-4 NB =      1413.6133  1-4 EEL =     16553.7595  VDWAALS    =     41070.3444
 EELEC  =   -304238.1258  EHBOND  =         0.0000  RESTRAINT  =         0.0000
 EKCMT  =        33.0853  VIRIAL  =      3670.0559  VOLUME     =    643812.6614
                                                    Density    =         0.8604
 ------------------------------------------------------------------------------

|===============================================================================

      A V E R A G E S   O V E R     500 S T E P S


 NSTEP =     4000   TIME(PS) =       4.000  TEMP(K) =     0.34  PRESS =  -258.6
 Etot   =   -241599.1312  EKtot   =        37.7415  EPtot      =   -241636.8728
 BOND   =       232.6723  ANGLE   =      1094.0315  DIHED      =      1894.5317
 UB     =         0.0000  IMP     =         0.0000  CMAP       =       300.1730
 1-4 NB =      1414.1051  1-4 EEL =     16555.6292  VDWAALS    =     41078.8522
 EELEC  =   -304206.8678  EHBOND  =         0.0000  RESTRAINT  =         0.0000
 EKCMT  =        33.7559  VIRIAL  =      3638.3107  VOLUME     =    645681.8245
                                                    Density    =         0.8579
 ------------------------------------------------------------------------------


      R M S  F L U C T U A T I O N S


 NSTEP =     4000   TIME(PS) =       4.000  TEMP(K) =     0.02  PRESS =     2.7
 Etot   =        24.1790  EKtot   =         2.5870  EPtot      =        21.9005
 BOND   =         0.1449  ANGLE   =         0.4099  DIHED      =         0.4792
 UB     =         0.0000  IMP     =         0.0000  CMAP       =         0.1871
 1-4 NB =         0.3741  1-4 EEL =         2.0455  VDWAALS    =         5.5223
 EELEC  =        18.5481  EHBOND  =         0.0000  RESTRAINT  =         0.0000
 EKCMT  =         2.3273  VIRIAL  =        33.6781  VOLUME     =      1078.9801
                                                    Density    =         0.0014
 ------------------------------------------------------------------------------

|===============================================================================

 NSTEP =     4500   TIME(PS) =       4.500  TEMP(K) =     0.29  PRESS =  -295.5
 Etot   =   -241717.1149  EKtot   =        32.0325  EPtot      =   -241749.1474
 BOND   =       232.3342  ANGLE   =      1095.1067  DIHED      =      1895.6147
 UB     =         0.0000  IMP     =         0.0000  CMAP       =       298.6142
 1-4 NB =      1414.0473  1-4 EEL =     16553.5035  VDWAALS    =     40995.1752
 EELEC  =   -304233.5432  EHBOND  =         0.0000  RESTRAINT  =         0.0000
 EKCMT  =        29.7948  VIRIAL  =      4111.5384  VOLUME     =    639857.3135
                                                    Density    =         0.8657
 ------------------------------------------------------------------------------

|===============================================================================

      A V E R A G E S   O V E R     500 S T E P S


 NSTEP =     4500   TIME(PS) =       4.500  TEMP(K) =     0.29  PRESS =  -275.4
 Etot   =   -241678.5986  EKtot   =        32.2536  EPtot      =   -241710.8522
 BOND   =       232.2475  ANGLE   =      1094.6933  DIHED      =      1895.0845
 UB     =         0.0000  IMP     =         0.0000  CMAP       =       300.1283
 1-4 NB =      1413.9238  1-4 EEL =     16554.2547  VDWAALS    =     41036.4310
 EELEC  =   -304237.6152  EHBOND  =         0.0000  RESTRAINT  =         0.0000
 EKCMT  =        29.4561  VIRIAL  =      3845.9405  VOLUME     =    641872.7894
                                                    Density    =         0.8630
 ------------------------------------------------------------------------------


      R M S  F L U C T U A T I O N S


 NSTEP =     4500   TIME(PS) =       4.500  TEMP(K) =     0.02  PRESS =    10.9
 Etot   =        21.3883  EKtot   =         1.8054  EPtot      =        20.4332
 BOND   =         0.2251  ANGLE   =         0.3488  DIHED      =         0.2588
 UB     =         0.0000  IMP     =         0.0000  CMAP       =         0.9259
 1-4 NB =         0.3744  1-4 EEL =         0.9943  VDWAALS    =        24.8686
 EELEC  =         6.1674  EHBOND  =         0.0000  RESTRAINT  =         0.0000
 EKCMT  =         1.5795  VIRIAL  =       143.5152  VOLUME     =      1138.6155
                                                    Density    =         0.0015
 ------------------------------------------------------------------------------

|===============================================================================

 NSTEP =     5000   TIME(PS) =       5.000  TEMP(K) =     0.28  PRESS =  -310.0
 Etot   =   -241790.6757  EKtot   =        31.0680  EPtot      =   -241821.7438
 BOND   =       232.3803  ANGLE   =      1095.8676  DIHED      =      1892.7960
 UB     =         0.0000  IMP     =         0.0000  CMAP       =       299.4505
 1-4 NB =      1414.0904  1-4 EEL =     16553.0530  VDWAALS    =     40950.6632
 EELEC  =   -304260.0447  EHBOND  =         0.0000  RESTRAINT  =         0.0000
 EKCMT  =        29.4004  VIRIAL  =      4282.6615  VOLUME     =    635541.8124
                                                    Density    =         0.8716
 ------------------------------------------------------------------------------

|===============================================================================

      A V E R A G E S   O V E R     500 S T E P S


 NSTEP =     5000   TIME(PS) =       5.000  TEMP(K) =     0.27  PRESS =  -302.5
 Etot   =   -241754.1926  EKtot   =        29.9958  EPtot      =   -241784.1884
 BOND   =       232.4245  ANGLE   =      1095.3772  DIHED      =      1895.2414
 UB     =         0.0000  IMP     =         0.0000  CMAP       =       298.9120
 1-4 NB =      1414.3468  1-4 EEL =     16553.5007  VDWAALS    =     40970.5255
 EELEC  =   -304244.5165  EHBOND  =         0.0000  RESTRAINT  =         0.0000
 EKCMT  =        28.1498  VIRIAL  =      4192.8852  VOLUME     =    637714.3986
                                                    Density    =         0.8686
 ------------------------------------------------------------------------------


      R M S  F L U C T U A T I O N S


 NSTEP =     5000   TIME(PS) =       5.000  TEMP(K) =     0.01  PRESS =     5.4
 Etot   =        21.1116  EKtot   =         1.0772  EPtot      =        20.5948
 BOND   =         0.0979  ANGLE   =         0.4632  DIHED      =         1.1847
 UB     =         0.0000  IMP     =         0.0000  CMAP       =         0.3498
 1-4 NB =         0.1579  1-4 EEL =         0.7382  VDWAALS    =        14.4725
 EELEC  =         6.7438  EHBOND  =         0.0000  RESTRAINT  =         0.0000
 EKCMT  =         0.9348  VIRIAL  =        65.4601  VOLUME     =      1246.0976
                                                    Density    =         0.0017
 ------------------------------------------------------------------------------

|===============================================================================

 NSTEP =     5500   TIME(PS) =       5.500  TEMP(K) =     0.34  PRESS =  -336.7
 Etot   =   -241874.7513  EKtot   =        37.3947  EPtot      =   -241912.1461
 BOND   =       232.5403  ANGLE   =      1095.9432  DIHED      =      1891.3151
 UB     =         0.0000  IMP     =         0.0000  CMAP       =       298.9479
 1-4 NB =      1415.2609  1-4 EEL =     16553.3760  VDWAALS    =     40885.2025
 EELEC  =   -304284.7320  EHBOND  =         0.0000  RESTRAINT  =         0.0000
 EKCMT  =        36.2471  VIRIAL  =      4623.2848  VOLUME     =    630949.1526
                                                    Density    =         0.8779
 ------------------------------------------------------------------------------

|===============================================================================

      A V E R A G E S   O V E R     500 S T E P S


 NSTEP =     5500   TIME(PS) =       5.500  TEMP(K) =     0.30  PRESS =  -324.3
 Etot   =   -241831.4314  EKtot   =        33.1301  EPtot      =   -241864.5615
 BOND   =       232.5435  ANGLE   =      1096.0142  DIHED      =      1891.5078
 UB     =         0.0000  IMP     =         0.0000  CMAP       =       299.2278
 1-4 NB =      1414.6288  1-4 EEL =     16553.1280  VDWAALS    =     40914.3971
 EELEC  =   -304266.0087  EHBOND  =         0.0000  RESTRAINT  =         0.0000
 EKCMT  =        31.6177  VIRIAL  =      4465.1249  VOLUME     =    633264.0224
                                                    Density    =         0.8747
 ------------------------------------------------------------------------------


      R M S  F L U C T U A T I O N S


 NSTEP =     5500   TIME(PS) =       5.500  TEMP(K) =     0.02  PRESS =     6.5
 Etot   =        24.1291  EKtot   =         2.4124  EPtot      =        26.3622
 BOND   =         0.1243  ANGLE   =         0.4188  DIHED      =         0.4261
 UB     =         0.0000  IMP     =         0.0000  CMAP       =         0.3106
 1-4 NB =         0.3741  1-4 EEL =         0.6656  VDWAALS    =        15.2651
 EELEC  =        12.2203  EHBOND  =         0.0000  RESTRAINT  =         0.0000
 EKCMT  =         2.5232  VIRIAL  =        81.4324  VOLUME     =      1326.9970
                                                    Density    =         0.0018
 ------------------------------------------------------------------------------

|===============================================================================

 NSTEP =     6000   TIME(PS) =       6.000  TEMP(K) =     0.38  PRESS =  -384.4
 Etot   =   -241970.1557  EKtot   =        42.6735  EPtot      =   -242012.8292
 BOND   =       232.3716  ANGLE   =      1096.6016  DIHED      =      1892.0710
 UB     =         0.0000  IMP     =         0.0000  CMAP       =       299.0305
 1-4 NB =      1415.3247  1-4 EEL =     16553.0189  VDWAALS    =     40770.3612
 EELEC  =   -304271.6086  EHBOND  =         0.0000  RESTRAINT  =         0.0000
 EKCMT  =        41.8091  VIRIAL  =      5236.2189  VOLUME     =    625894.9539
                                                    Density    =         0.8850
 ------------------------------------------------------------------------------

|===============================================================================

      A V E R A G E S   O V E R     500 S T E P S


 NSTEP =     6000   TIME(PS) =       6.000  TEMP(K) =     0.34  PRESS =  -359.7
 Etot   =   -241920.9745  EKtot   =        37.5558  EPtot      =   -241958.5303
 BOND   =       232.4192  ANGLE   =      1096.4050  DIHED      =      1891.6480
 UB     =         0.0000  IMP     =         0.0000  CMAP       =       298.8938
 1-4 NB =      1415.3618  1-4 EEL =     16553.1941  VDWAALS    =     40828.4360
 EELEC  =   -304274.8883  EHBOND  =         0.0000  RESTRAINT  =         0.0000
 EKCMT  =        36.6777  VIRIAL  =      4917.7070  VOLUME     =    628471.8755
                                                    Density    =         0.8814
 ------------------------------------------------------------------------------


      R M S  F L U C T U A T I O N S


 NSTEP =     6000   TIME(PS) =       6.000  TEMP(K) =     0.02  PRESS =    14.4
 Etot   =        27.3620  EKtot   =         1.7909  EPtot      =        28.8134
 BOND   =         0.1676  ANGLE   =         0.1561  DIHED      =         0.2130
 UB     =         0.0000  IMP     =         0.0000  CMAP       =         0.0836
 1-4 NB =         0.1213  1-4 EEL =         0.4663  VDWAALS    =        36.1128
 EELEC  =         7.8489  EHBOND  =         0.0000  RESTRAINT  =         0.0000
 EKCMT  =         1.7807  VIRIAL  =       186.0741  VOLUME     =      1458.1959
                                                    Density    =         0.0020
 ------------------------------------------------------------------------------

|===============================================================================

 NSTEP =     6500   TIME(PS) =       6.500  TEMP(K) =     0.51  PRESS =  -433.5
 Etot   =   -242099.0596  EKtot   =        56.6425  EPtot      =   -242155.7021
 BOND   =       232.2955  ANGLE   =      1096.8402  DIHED      =      1891.3166
 UB     =         0.0000  IMP     =         0.0000  CMAP       =       299.2772
 1-4 NB =      1415.5976  1-4 EEL =     16551.7677  VDWAALS    =     40652.4727
 EELEC  =   -304295.2697  EHBOND  =         0.0000  RESTRAINT  =         0.0000
 EKCMT  =        55.7379  VIRIAL  =      5860.7623  VOLUME     =    620252.0972
                                                    Density    =         0.8930
 ------------------------------------------------------------------------------

|===============================================================================

      A V E R A G E S   O V E R     500 S T E P S


 NSTEP =     6500   TIME(PS) =       6.500  TEMP(K) =     0.45  PRESS =  -405.2
 Etot   =   -242031.9307  EKtot   =        50.0802  EPtot      =   -242082.0109
 BOND   =       232.2051  ANGLE   =      1096.5504  DIHED      =      1891.7746
 UB     =         0.0000  IMP     =         0.0000  CMAP       =       299.4020
 1-4 NB =      1415.5516  1-4 EEL =     16552.9607  VDWAALS    =     40719.3924
 EELEC  =   -304289.8478  EHBOND  =         0.0000  RESTRAINT  =         0.0000
 EKCMT  =        49.1916  VIRIAL  =      5500.2934  VOLUME     =    623123.0433
                                                    Density    =         0.8889
 ------------------------------------------------------------------------------


      R M S  F L U C T U A T I O N S


 NSTEP =     6500   TIME(PS) =       6.500  TEMP(K) =     0.03  PRESS =    15.1
 Etot   =        37.0454  EKtot   =         3.2359  EPtot      =        40.2486
 BOND   =         0.0427  ANGLE   =         0.1670  DIHED      =         0.2350
 UB     =         0.0000  IMP     =         0.0000  CMAP       =         0.1195
 1-4 NB =         0.0934  1-4 EEL =         0.4127  VDWAALS    =        37.1448
 EELEC  =         7.7238  EHBOND  =         0.0000  RESTRAINT  =         0.0000
 EKCMT  =         3.2848  VIRIAL  =       192.3059  VOLUME     =      1625.0155
                                                    Density    =         0.0023
 ------------------------------------------------------------------------------

|===============================================================================

 NSTEP =     7000   TIME(PS) =       7.000  TEMP(K) =     0.65  PRESS =  -475.4
 Etot   =   -242259.6387  EKtot   =        72.7069  EPtot      =   -242332.3456
 BOND   =       232.7365  ANGLE   =      1097.5294  DIHED      =      1889.7515
 UB     =         0.0000  IMP     =         0.0000  CMAP       =       296.9717
 1-4 NB =      1415.7565  1-4 EEL =     16549.4127  VDWAALS    =     40559.4900
 EELEC  =   -304373.9939  EHBOND  =         0.0000  RESTRAINT  =         0.0000
 EKCMT  =        71.0779  VIRIAL  =      6373.4981  VOLUME     =    614010.1319
                                                    Density    =         0.9021
 ------------------------------------------------------------------------------

|===============================================================================

      A V E R A G E S   O V E R     500 S T E P S


 NSTEP =     7000   TIME(PS) =       7.000  TEMP(K) =     0.57  PRESS =  -452.6
 Etot   =   -242177.1466  EKtot   =        63.1113  EPtot      =   -242240.2579
 BOND   =       232.5067  ANGLE   =      1097.2697  DIHED      =      1890.8098
 UB     =         0.0000  IMP     =         0.0000  CMAP       =       298.4114
 1-4 NB =      1415.5987  1-4 EEL =     16550.8399  VDWAALS    =     40613.1533
 EELEC  =   -304338.8475  EHBOND  =         0.0000  RESTRAINT  =         0.0000
 EKCMT  =        62.0367  VIRIAL  =      6093.1098  VOLUME     =    617176.0632
                                                    Density    =         0.8975
 ------------------------------------------------------------------------------


      R M S  F L U C T U A T I O N S


 NSTEP =     7000   TIME(PS) =       7.000  TEMP(K) =     0.03  PRESS =    14.5
 Etot   =        46.2819  EKtot   =         3.8324  EPtot      =        49.9978
 BOND   =         0.1737  ANGLE   =         0.2046  DIHED      =         0.4085
 UB     =         0.0000  IMP     =         0.0000  CMAP       =         0.7162
 1-4 NB =         0.0516  1-4 EEL =         0.8340  VDWAALS    =        33.8883
 EELEC  =        19.6410  EHBOND  =         0.0000  RESTRAINT  =         0.0000
 EKCMT  =         3.6330  VIRIAL  =       179.8253  VOLUME     =      1799.2401
                                                    Density    =         0.0026
 ------------------------------------------------------------------------------

|===============================================================================

 NSTEP =     7500   TIME(PS) =       7.500  TEMP(K) =     0.74  PRESS =  -505.2
 Etot   =   -242458.6615  EKtot   =        82.4029  EPtot      =   -242541.0644
 BOND   =       233.0945  ANGLE   =      1098.0383  DIHED      =      1887.7371
 UB     =         0.0000  IMP     =         0.0000  CMAP       =       295.8595
 1-4 NB =      1415.2772  1-4 EEL =     16547.5106  VDWAALS    =     40506.2148
 EELEC  =   -304524.7962  EHBOND  =         0.0000  RESTRAINT  =         0.0000
 EKCMT  =        80.5853  VIRIAL  =      6703.7066  VOLUME     =    607239.8872
                                                    Density    =         0.9122
 ------------------------------------------------------------------------------

|===============================================================================

      A V E R A G E S   O V E R     500 S T E P S


 NSTEP =     7500   TIME(PS) =       7.500  TEMP(K) =     0.70  PRESS =  -496.2
 Etot   =   -242356.9326  EKtot   =        78.0928  EPtot      =   -242435.0254
 BOND   =       232.9024  ANGLE   =      1097.8517  DIHED      =      1889.1297
 UB     =         0.0000  IMP     =         0.0000  CMAP       =       296.4860
 1-4 NB =      1415.4497  1-4 EEL =     16548.1115  VDWAALS    =     40528.6066
 EELEC  =   -304443.5629  EHBOND  =         0.0000  RESTRAINT  =         0.0000
 EKCMT  =        76.5285  VIRIAL  =      6618.8799  VOLUME     =    610660.9474
                                                    Density    =         0.9071
 ------------------------------------------------------------------------------


      R M S  F L U C T U A T I O N S


 NSTEP =     7500   TIME(PS) =       7.500  TEMP(K) =     0.03  PRESS =    13.2
 Etot   =        57.4450  EKtot   =         3.0857  EPtot      =        60.4388
 BOND   =         0.1243  ANGLE   =         0.1520  DIHED      =         0.5275
 UB     =         0.0000  IMP     =         0.0000  CMAP       =         0.2547
 1-4 NB =         0.2403  1-4 EEL =         0.4723  VDWAALS    =        25.5405
 EELEC  =        35.9216  EHBOND  =         0.0000  RESTRAINT  =         0.0000
 EKCMT  =         2.9474  VIRIAL  =       158.1181  VOLUME     =      1958.7271
                                                    Density    =         0.0029
 ------------------------------------------------------------------------------

|===============================================================================

 NSTEP =     8000   TIME(PS) =       8.000  TEMP(K) =     0.83  PRESS =  -522.8
 Etot   =   -242677.1787  EKtot   =        92.8031  EPtot      =   -242769.9818
 BOND   =       233.7787  ANGLE   =      1098.4239  DIHED      =      1889.1754
 UB     =         0.0000  IMP     =         0.0000  CMAP       =       296.6194
 1-4 NB =      1413.8622  1-4 EEL =     16545.4446  VDWAALS    =     40490.0324
 EELEC  =   -304737.3182  EHBOND  =         0.0000  RESTRAINT  =         0.0000
 EKCMT  =        90.5089  VIRIAL  =      6866.3399  VOLUME     =    600233.4014
                                                    Density    =         0.9228
 ------------------------------------------------------------------------------

|===============================================================================

      A V E R A G E S   O V E R     500 S T E P S


 NSTEP =     8000   TIME(PS) =       8.000  TEMP(K) =     0.78  PRESS =  -519.4
 Etot   =   -242566.5372  EKtot   =        86.7803  EPtot      =   -242653.3175
 BOND   =       233.3263  ANGLE   =      1097.8074  DIHED      =      1888.2043
 UB     =         0.0000  IMP     =         0.0000  CMAP       =       296.2557
 1-4 NB =      1414.9911  1-4 EEL =     16547.7012  VDWAALS    =     40489.6046
 EELEC  =   -304621.2081  EHBOND  =         0.0000  RESTRAINT  =         0.0000
 EKCMT  =        84.9038  VIRIAL  =      6855.8036  VOLUME     =    603741.1996
                                                    Density    =         0.9175
 ------------------------------------------------------------------------------


      R M S  F L U C T U A T I O N S


 NSTEP =     8000   TIME(PS) =       8.000  TEMP(K) =     0.03  PRESS =     5.5
 Etot   =        62.9351  EKtot   =         2.9429  EPtot      =        65.7856
 BOND   =         0.2136  ANGLE   =         0.2829  DIHED      =         0.4553
 UB     =         0.0000  IMP     =         0.0000  CMAP       =         0.3855
 1-4 NB =         0.5678  1-4 EEL =         1.0080  VDWAALS    =         8.0732
 EELEC  =        60.9095  EHBOND  =         0.0000  RESTRAINT  =         0.0000
 EKCMT  =         2.8869  VIRIAL  =        56.0528  VOLUME     =      2027.3261
                                                    Density    =         0.0031
 ------------------------------------------------------------------------------

|===============================================================================

 NSTEP =     8500   TIME(PS) =       8.500  TEMP(K) =     0.94  PRESS =  -519.5
 Etot   =   -242925.1434  EKtot   =       104.2761  EPtot      =   -243029.4195
 BOND   =       234.2175  ANGLE   =      1100.1819  DIHED      =      1889.0978
 UB     =         0.0000  IMP     =         0.0000  CMAP       =       295.7276
 1-4 NB =      1413.0101  1-4 EEL =     16546.3668  VDWAALS    =     40535.6904
 EELEC  =   -305043.7114  EHBOND  =         0.0000  RESTRAINT  =         0.0000
 EKCMT  =       101.8689  VIRIAL  =      6756.0762  VOLUME     =    593252.4776
                                                    Density    =         0.9337
 ------------------------------------------------------------------------------

|===============================================================================

      A V E R A G E S   O V E R     500 S T E P S


 NSTEP =     8500   TIME(PS) =       8.500  TEMP(K) =     0.91  PRESS =  -523.6
 Etot   =   -242799.9478  EKtot   =       101.1545  EPtot      =   -242901.1023
 BOND   =       233.9116  ANGLE   =      1098.6705  DIHED      =      1889.5775
 UB     =         0.0000  IMP     =         0.0000  CMAP       =       296.2034
 1-4 NB =      1413.6679  1-4 EEL =     16545.9626  VDWAALS    =     40505.1748
 EELEC  =   -304884.2707  EHBOND  =         0.0000  RESTRAINT  =         0.0000
 EKCMT  =        98.8271  VIRIAL  =      6844.5822  VOLUME     =    596719.9365
                                                    Density    =         0.9283
 ------------------------------------------------------------------------------


      R M S  F L U C T U A T I O N S


 NSTEP =     8500   TIME(PS) =       8.500  TEMP(K) =     0.03  PRESS =     4.6
 Etot   =        71.6083  EKtot   =         3.4826  EPtot      =        74.6372
 BOND   =         0.2187  ANGLE   =         0.4803  DIHED      =         0.3800
 UB     =         0.0000  IMP     =         0.0000  CMAP       =         0.3146
 1-4 NB =         0.2979  1-4 EEL =         0.3828  VDWAALS    =        18.9231
 EELEC  =        92.1956  EHBOND  =         0.0000  RESTRAINT  =         0.0000
 EKCMT  =         3.2978  VIRIAL  =        72.8272  VOLUME     =      2020.0687
                                                    Density    =         0.0031
 ------------------------------------------------------------------------------

|===============================================================================

 NSTEP =     9000   TIME(PS) =       9.000  TEMP(K) =     1.08  PRESS =  -538.6
 Etot   =   -243192.7444  EKtot   =       119.9904  EPtot      =   -243312.7348
 BOND   =       234.0845  ANGLE   =      1100.0732  DIHED      =      1891.1999
 UB     =         0.0000  IMP     =         0.0000  CMAP       =       295.6980
 1-4 NB =      1413.2225  1-4 EEL =     16546.6792  VDWAALS    =     40476.2128
 EELEC  =   -305269.9049  EHBOND  =         0.0000  RESTRAINT  =         0.0000
 EKCMT  =       117.0716  VIRIAL  =      6934.3780  VOLUME     =    586250.9200
                                                    Density    =         0.9448
 ------------------------------------------------------------------------------

|===============================================================================

      A V E R A G E S   O V E R     500 S T E P S


 NSTEP =     9000   TIME(PS) =       9.000  TEMP(K) =     0.99  PRESS =  -531.4
 Etot   =   -243055.2484  EKtot   =       109.6574  EPtot      =   -243164.9058
 BOND   =       234.0512  ANGLE   =      1099.5792  DIHED      =      1889.9325
 UB     =         0.0000  IMP     =         0.0000  CMAP       =       295.7687
 1-4 NB =      1413.1182  1-4 EEL =     16546.7753  VDWAALS    =     40496.3304
 EELEC  =   -305140.4613  EHBOND  =         0.0000  RESTRAINT  =         0.0000
 EKCMT  =       107.0024  VIRIAL  =      6873.4569  VOLUME     =    589767.0800
                                                    Density    =         0.9392
 ------------------------------------------------------------------------------


      R M S  F L U C T U A T I O N S


 NSTEP =     9000   TIME(PS) =       9.000  TEMP(K) =     0.05  PRESS =     8.3
 Etot   =        76.7489  EKtot   =         5.2698  EPtot      =        81.8564
 BOND   =         0.1258  ANGLE   =         0.3855  DIHED      =         0.5707
 UB     =         0.0000  IMP     =         0.0000  CMAP       =         0.1353
 1-4 NB =         0.3487  1-4 EEL =         0.6877  VDWAALS    =        20.8499
 EELEC  =        63.3596  EHBOND  =         0.0000  RESTRAINT  =         0.0000
 EKCMT  =         4.9040  VIRIAL  =        88.4958  VOLUME     =      2021.8783
                                                    Density    =         0.0032
 ------------------------------------------------------------------------------

|===============================================================================

      A V E R A G E S   O V E R    9000 S T E P S


 NSTEP =     9000   TIME(PS) =       9.000  TEMP(K) =     2.95  PRESS =  -317.4
 Etot   =   -241103.0596  EKtot   =       328.5260  EPtot      =   -241431.5856
 BOND   =       233.8998  ANGLE   =      1094.8735  DIHED      =      1889.7496
 UB     =         0.0000  IMP     =         0.0000  CMAP       =       299.5176
 1-4 NB =      1411.6489  1-4 EEL =     16549.2485  VDWAALS    =     40823.9710
 EELEC  =   -303734.4944  EHBOND  =         0.0000  RESTRAINT  =         0.0000
 EKCMT  =       269.7811  VIRIAL  =      4554.7488  VOLUME     =    636938.8308
                                                    Density    =         0.8711
 ------------------------------------------------------------------------------


      R M S  F L U C T U A T I O N S


 NSTEP =     9000   TIME(PS) =       9.000  TEMP(K) =    13.29  PRESS =   741.5
 Etot   =      2311.8177  EKtot   =      1477.3052  EPtot      =      1890.3339
 BOND   =         2.2579  ANGLE   =         3.1731  DIHED      =         6.8417
 UB     =         0.0000  IMP     =         0.0000  CMAP       =         2.3732
 1-4 NB =         5.9408  1-4 EEL =         9.1057  VDWAALS    =      1974.5830
 EELEC  =      2563.2455  EHBOND  =         0.0000  RESTRAINT  =         0.0000
 EKCMT  =       532.7288  VIRIAL  =     10634.8799  VOLUME     =     25451.0219
                                                    Density    =         0.0352
 ------------------------------------------------------------------------------

--------------------------------------------------------------------------------
   5.  TIMINGS
--------------------------------------------------------------------------------

|  NonSetup CPU Time in Major Routines:
|
|     Routine           Sec        %
|     ------------------------------
|     Nonbond           5.62   84.01
|     Bond              0.00    0.00
|     Angle             0.00    0.00
|     Dihedral          0.00    0.00
|     Shake             0.02    0.29
|     RunMD             1.04   15.52
|     Other             0.01    0.19
|     ------------------------------
|     Total             6.69

|  PME Nonbond Pairlist CPU Time:
|
|     Routine              Sec        %
|     ---------------------------------
|     Set Up Cit           0.00    0.00
|     Build List           0.00    0.00
|     ---------------------------------
|     Total                0.00    0.00

|  PME Direct Force CPU Time:
|
|     Routine              Sec        %
|     ---------------------------------
|     NonBonded Calc       0.00    0.00
|     Exclude Masked       0.00    0.00
|     Other                0.01    0.11
|     ---------------------------------
|     Total                0.01    0.11

|  PME Reciprocal Force CPU Time:
|
|     Routine              Sec        %
|     ---------------------------------
|     1D bspline           0.00    0.00
|     Grid Charges         0.00    0.00
|     Scalar Sum           0.00    0.00
|     Gradient Sum         0.00    0.00
|     FFT                  0.00    0.00
|     ---------------------------------
|     Total                0.00    0.00

|  Final Performance Info:
|     -----------------------------------------------------
|     Average timings for last    9000 steps:
|     Elapsed(s) =       6.78 Per Step(ms) =       0.75
|         ns/day =     114.70   seconds/ns =     753.27
|
|     Average timings for all steps:
|     Elapsed(s) =       6.78 Per Step(ms) =       0.75
|         ns/day =     114.70   seconds/ns =     753.27
|     -----------------------------------------------------

|  Setup CPU time:            0.89 seconds
|  NonSetup CPU time:         6.69 seconds
|  Total CPU time:            7.58 seconds     0.00 hours

|  Setup wall time:           1    seconds
|  NonSetup wall time:        6    seconds
|  Total wall time:           7    seconds     0.00 hours
