
          -------------------------------------------------------
          Amber 20 PMEMD                              2020
          -------------------------------------------------------

| PMEMD implementation of SANDER, Release 18

|  Compiled date/time: Wed Sep 22 23:21:21 2021
| Run on 08/16/2023 at 23:39:03

|   Executable path: /mnt/research/MerzGroup/Amber20Tools21/amber20/bin/pmemd.cuda
| Working directory: /mnt/ufs18/home-179/sharmag3/Aimen5
|          Hostname: nif-002

  [-O]verwriting output

File Assignments:
|   MDIN: ti2_min4.in                                                           
|  MDOUT: ti2_min4.out                                                          
| INPCRD: ti2_min3.rst                                                          
|   PARM: complex_solv.prmtop                                                   
| RESTRT: ti2_min4.rst                                                          
|   REFC: ti2_min3.rst                                                          
|  MDVEL: mdvel                                                                 
|   MDEN: mden                                                                  
|  MDCRD: ti2_min4.netcdf                                                       
| MDINFO: ti2_min4.mdinfo                                                       
|  MDFRC: mdfrc                                                                 


 Here is the input file:

min for deltaG calculation                                                     
 &cntrl                                                                        
  imin=1,                                                                      
  irest=0, ! default, no velocity from rst                                     
  ntmin=1, ! default, steep then conjugate                                     
  maxcyc=20000,                                                                
  ncyc=10000,                                                                  
  cut=10.0,                                                                    
  ntb=1,                                                                       
  ntpr=500, ! write to mdinfo file                                             
  ntwr=500, ! write to rst file                                                
  ntwx=10000, ! write to mdcrd file                                            
  ntave=500, ! calc ave every 500 steps                                        
  ioutfm=1,                                                                    
  iwrap=1,                                                                     
  ntr=1,                                                                       
  restraintmask=':1-433@C,O',                                                  
  restraint_wt=200,                                                            
/                                                                              
&ewald                                                                         
nfft1=48, nfft2=48, nfft3=48,                                                  
/                                                                              


Note: ig = -1. Setting random seed to   616639 based on wallclock time in 
      microseconds.
| irandom = 1, using AMBER's internal random number generator (default).
 
|--------------------- INFORMATION ----------------------
| GPU (CUDA) Version of PMEMD in use: NVIDIA GPU IN USE.
|                    Version 18.0.0
| 
|                      03/25/2018
| 
| Implementation by:
|                    Ross C. Walker     (SDSC)
|                    Scott Le Grand     (nVIDIA)
| 
| Version 18 performance extensions by:
|                    David Cerutti     (Rutgers)
| 
| Precision model in use:
|      [SPFP] - Single Precision Forces, 64-bit Fixed Point
|               Accumulation. (Default)
| 
|--------------------------------------------------------
 
|----------------- CITATION INFORMATION -----------------
|
|    When publishing work that utilized the CUDA version
|    of AMBER, please cite the following in addition to
|    the regular AMBER citations:
|
|  - Romelia Salomon-Ferrer; Andreas W. Goetz; Duncan
|    Poole; Scott Le Grand; Ross C. Walker "Routine
|    microsecond molecular dynamics simulations with
|    AMBER - Part II: Particle Mesh Ewald", J. Chem.
|    Theory Comput., 2013, 9 (9), pp3878-3888,
|    DOI: 10.1021/ct400314y.
|
|  - Andreas W. Goetz; Mark J. Williamson; Dong Xu;
|    Duncan Poole; Scott Le Grand; Ross C. Walker
|    "Routine microsecond molecular dynamics simulations
|    with AMBER - Part I: Generalized Born", J. Chem.
|    Theory Comput., 2012, 8 (5), pp1542-1555.
|
|  - Scott Le Grand; Andreas W. Goetz; Ross C. Walker
|    "SPFP: Speed without compromise - a mixed precision
|    model for GPU accelerated molecular dynamics
|    simulations.", Comp. Phys. Comm., 2013, 184
|    pp374-380, DOI: 10.1016/j.cpc.2012.09.022
|
|--------------------------------------------------------
 
|------------------- GPU DEVICE INFO --------------------
|
|            CUDA_VISIBLE_DEVICES: 0
|   CUDA Capable Devices Detected:      1
|           CUDA Device ID in use:      0
|                CUDA Device Name: NVIDIA A100-PCIE-40GB
|     CUDA Device Global Mem Size:  40370 MB
| CUDA Device Num Multiprocessors:    108
|           CUDA Device Core Freq:   1.41 GHz
|
|--------------------------------------------------------
 
 
| Conditional Compilation Defines Used:
| PUBFFT
| BINTRAJ
| CUDA
| EMIL

| Largest sphere to fit in unit cell has radius =    40.197

| New format PARM file being parsed.
| Version =    1.000 Date = 08/16/23 Time = 23:32:05

| Note: 1-4 EEL scale factors are being read from the topology file.

| Note: 1-4 VDW scale factors are being read from the topology file.
| Duplicated    0 dihedrals

| Duplicated    0 dihedrals

--------------------------------------------------------------------------------
   1.  RESOURCE   USE: 
--------------------------------------------------------------------------------

 getting box info from netcdf restart file
 NATOM  =   70014 NTYPES =      34 NBONH =   50763 MBONA  =   19355
 NTHETH =    7724 MTHETA =    4877 NPHIH =   15657 MPHIA  =   15272
 NHPARM =       0 NPARM  =       0 NNB   =  148535 NRES   =   16223
 NBONA  =   19355 NTHETA =    4877 NPHIA =   15272 NUMBND =     115
 NUMANG =     264 NPTRA  =     251 NATYP =      63 NPHB   =       0
 IFBOX  =       1 NMXRS  =      92 IFCAP =       0 NEXTRA =   15790
 NCOPY  =       0


| Coordinate Index Table dimensions:    15   17   14
| Direct force subcell size =     5.8629    5.5424    5.7424

     BOX TYPE: RECTILINEAR

--------------------------------------------------------------------------------
   2.  CONTROL  DATA  FOR  THE  RUN
--------------------------------------------------------------------------------

default_name                                                                    

General flags:
     imin    =       1, nmropt  =       0

Nature and format of input:
     ntx     =       1, irest   =       0, ntrx    =       1

Nature and format of output:
     ntxo    =       2, ntpr    =     500, ntrx    =       1, ntwr    =     500
     iwrap   =       1, ntwx    =   10000, ntwv    =       0, ntwe    =       0
     ioutfm  =       1, ntwprt  =       0, idecomp =       0, rbornstat=      0

Potential function:
     ntf     =       1, ntb     =       1, igb     =       0, nsnb    =      25
     ipol    =       0, gbsa    =       0, iesp    =       0
     dielc   =   1.00000, cut     =  10.00000, intdiel =   1.00000

Frozen or restrained atoms:
     ibelly  =       0, ntr     =       1
     restraint_wt = 200.00000

Energy minimization:
     maxcyc  =   20000, ncyc    =   10000, ntmin   =       1
     dx0     =   0.01000, drms    =   0.00010

| Intermolecular bonds treatment:
|     no_intermolecular_bonds =       1

| Energy averages sample interval:
|     ene_avg_sampling =       1

Extra-points options:
     frameon =       1, chngmask=       1

Ewald parameters:
     verbose =       0, ew_type =       0, nbflag  =       1, use_pme =       1
     vdwmeth =       1, eedmeth =       1, netfrc  =       0
     Box X =   87.944   Box Y =   94.221   Box Z =   80.394
     Alpha =   90.000   Beta  =   90.000   Gamma =   90.000
     NFFT1 =   48       NFFT2 =   48       NFFT3 =   48
     Cutoff=   10.000   Tol   =0.100E-04
     Ewald Coefficient =  0.27511
     Interpolation order =    4

    LOADING THE CONSTRAINED ATOMS AS GROUPS


   5.  REFERENCE ATOM COORDINATES

  default_name                                                                    
     Mask :1-433@C,O; matches   862 atoms
|      EXTRA_PTS, trim_bonds: num bonds BEFORE trim = 50763     0
|      EXTRA_PTS, trim_bonds: num bonds AFTER  trim = 50763     0
|      EXTRA_PTS, trim_bonds: num bonds BEFORE trim = 19355     0
|      EXTRA_PTS, trim_bonds: num bonds AFTER  trim =  3565     0
|      EXTRA_PTS, trim_theta: num angle BEFORE trim =  7724     0
|      EXTRA_PTS, trim_theta: num angle AFTER  trim =  7724     0
|      EXTRA_PTS, trim_theta: num angle BEFORE trim =  4877     0
|      EXTRA_PTS, trim_theta: num angle AFTER  trim =  4877     0
|      EXTRA_PTS, trim_phi:  num diheds BEFORE trim = 15657     0
|      EXTRA_PTS, trim_phi:  num diheds AFTER  trim = 15657     0
|      EXTRA_PTS, trim_phi:  num diheds BEFORE trim = 15272     0
|      EXTRA_PTS, trim_phi:  num diheds AFTER  trim = 15272     0

--------------------------------------------------------------------------------
   3.  ATOMIC COORDINATES AND VELOCITIES
--------------------------------------------------------------------------------

default_name                                                                    
 begin time read from input coords =     0.000 ps

 
 Number of triangulated 3-point waters found:    15790

     Sum of charges from parm topology file =  -7.99891551
     Assuming uniform neutralizing plasma

| Dynamic Memory, Types Used:
| Reals             2095719
| Integers          5050746

| Nonbonded Pairs Initial Allocation:    21177484

| GPU memory information (estimate):
| KB of GPU memory in use:    243260
| KB of CPU memory in use:     95084

--------------------------------------------------------------------------------
   4.  RESULTS
--------------------------------------------------------------------------------



   NSTEP       ENERGY          RMS            GMAX         NAME    NUMBER
      1      -2.8560E+05     4.5932E-01     1.8060E+01     CA       1620

 BOND    =    58765.5279  ANGLE   =     1209.0903  DIHED      =     1889.9542
 UB      =        0.0000  IMP     =        0.0000  CMAP       =      305.0505
 VDWAALS =    72603.7072  EEL     =  -438095.6450  HBOND      =        0.0000
 1-4 VDW =     1337.3563  1-4 EEL =    16385.2776  RESTRAINT  =        0.0000


   NSTEP       ENERGY          RMS            GMAX         NAME    NUMBER
    500      -2.8573E+05     2.4759E-02     1.8697E+00     H2      13433

 BOND    =    58752.1516  ANGLE   =     1156.9421  DIHED      =     1873.5738
 UB      =        0.0000  IMP     =        0.0000  CMAP       =      293.2108
 VDWAALS =    72616.1160  EEL     =  -438227.0948  HBOND      =        0.0000
 1-4 VDW =     1358.4054  1-4 EEL =    16421.8043  RESTRAINT  =       27.3323
 EAMBER  =  -285754.8908


   NSTEP       ENERGY          RMS            GMAX         NAME    NUMBER
   1000      -2.8575E+05     1.8078E-02     1.2260E+00     O       43495

 BOND    =    58761.7011  ANGLE   =     1157.6798  DIHED      =     1873.4945
 UB      =        0.0000  IMP     =        0.0000  CMAP       =      292.7068
 VDWAALS =    72632.7095  EEL     =  -438276.0730  HBOND      =        0.0000
 1-4 VDW =     1359.1491  1-4 EEL =    16422.2242  RESTRAINT  =       28.6577
 EAMBER  =  -285776.4081


   NSTEP       ENERGY          RMS            GMAX         NAME    NUMBER
   1500      -2.8575E+05     1.8077E-02     1.2260E+00     O       43495

 BOND    =    58761.7106  ANGLE   =     1157.6806  DIHED      =     1873.4945
 UB      =        0.0000  IMP     =        0.0000  CMAP       =      292.7066
 VDWAALS =    72632.7265  EEL     =  -438276.1167  HBOND      =        0.0000
 1-4 VDW =     1359.1496  1-4 EEL =    16422.2242  RESTRAINT  =       28.6586
 EAMBER  =  -285776.4241


   NSTEP       ENERGY          RMS            GMAX         NAME    NUMBER
   2000      -2.8575E+05     1.8076E-02     1.2258E+00     O       43495

 BOND    =    58761.7204  ANGLE   =     1157.6814  DIHED      =     1873.4944
 UB      =        0.0000  IMP     =        0.0000  CMAP       =      292.7063
 VDWAALS =    72632.7443  EEL     =  -438276.1571  HBOND      =        0.0000
 1-4 VDW =     1359.1501  1-4 EEL =    16422.2242  RESTRAINT  =       28.6596
 EAMBER  =  -285776.4361


   NSTEP       ENERGY          RMS            GMAX         NAME    NUMBER
   2500      -2.8575E+05     1.8075E-02     1.2257E+00     O       43495

 BOND    =    58761.7298  ANGLE   =     1157.6821  DIHED      =     1873.4943
 UB      =        0.0000  IMP     =        0.0000  CMAP       =      292.7060
 VDWAALS =    72632.7598  EEL     =  -438276.2457  HBOND      =        0.0000
 1-4 VDW =     1359.1506  1-4 EEL =    16422.2242  RESTRAINT  =       28.6606
 EAMBER  =  -285776.4987


   NSTEP       ENERGY          RMS            GMAX         NAME    NUMBER
   3000      -2.8575E+05     1.8075E-02     1.2256E+00     O       43495

 BOND    =    58761.7393  ANGLE   =     1157.6829  DIHED      =     1873.4946
 UB      =        0.0000  IMP     =        0.0000  CMAP       =      292.7058
 VDWAALS =    72632.7779  EEL     =  -438276.2773  HBOND      =        0.0000
 1-4 VDW =     1359.1511  1-4 EEL =    16422.2243  RESTRAINT  =       28.6616
 EAMBER  =  -285776.5013


   NSTEP       ENERGY          RMS            GMAX         NAME    NUMBER
   3500      -2.8575E+05     1.8074E-02     1.2256E+00     O       43495

 BOND    =    58761.7493  ANGLE   =     1157.6837  DIHED      =     1873.4948
 UB      =        0.0000  IMP     =        0.0000  CMAP       =      292.7056
 VDWAALS =    72632.7938  EEL     =  -438276.3485  HBOND      =        0.0000
 1-4 VDW =     1359.1516  1-4 EEL =    16422.2244  RESTRAINT  =       28.6625
 EAMBER  =  -285776.5453


   NSTEP       ENERGY          RMS            GMAX         NAME    NUMBER
   4000      -2.8575E+05     1.8074E-02     1.2254E+00     O       43495

 BOND    =    58761.7607  ANGLE   =     1157.6846  DIHED      =     1873.4946
 UB      =        0.0000  IMP     =        0.0000  CMAP       =      292.7052
 VDWAALS =    72632.8124  EEL     =  -438276.3827  HBOND      =        0.0000
 1-4 VDW =     1359.1522  1-4 EEL =    16422.2244  RESTRAINT  =       28.6636
 EAMBER  =  -285776.5485


   NSTEP       ENERGY          RMS            GMAX         NAME    NUMBER
   4500      -2.8575E+05     1.8074E-02     1.2256E+00     O       43495

 BOND    =    58761.7707  ANGLE   =     1157.6853  DIHED      =     1873.4949
 UB      =        0.0000  IMP     =        0.0000  CMAP       =      292.7050
 VDWAALS =    72632.8280  EEL     =  -438276.4828  HBOND      =        0.0000
 1-4 VDW =     1359.1527  1-4 EEL =    16422.2244  RESTRAINT  =       28.6646
 EAMBER  =  -285776.6217


   NSTEP       ENERGY          RMS            GMAX         NAME    NUMBER
   5000      -2.8575E+05     1.8073E-02     1.2254E+00     O       43495

 BOND    =    58761.7809  ANGLE   =     1157.6861  DIHED      =     1873.4947
 UB      =        0.0000  IMP     =        0.0000  CMAP       =      292.7047
 VDWAALS =    72632.8478  EEL     =  -438276.5095  HBOND      =        0.0000
 1-4 VDW =     1359.1532  1-4 EEL =    16422.2245  RESTRAINT  =       28.6656
 EAMBER  =  -285776.6176


   NSTEP       ENERGY          RMS            GMAX         NAME    NUMBER
   5500      -2.8575E+05     1.8073E-02     1.2252E+00     O       43495

 BOND    =    58761.7908  ANGLE   =     1157.6869  DIHED      =     1873.4947
 UB      =        0.0000  IMP     =        0.0000  CMAP       =      292.7045
 VDWAALS =    72632.8631  EEL     =  -438276.5488  HBOND      =        0.0000
 1-4 VDW =     1359.1537  1-4 EEL =    16422.2247  RESTRAINT  =       28.6666
 EAMBER  =  -285776.6304


   NSTEP       ENERGY          RMS            GMAX         NAME    NUMBER
   6000      -2.8575E+05     1.8072E-02     1.2251E+00     O       43495

 BOND    =    58761.8016  ANGLE   =     1157.6878  DIHED      =     1873.4952
 UB      =        0.0000  IMP     =        0.0000  CMAP       =      292.7042
 VDWAALS =    72632.8820  EEL     =  -438276.5723  HBOND      =        0.0000
 1-4 VDW =     1359.1543  1-4 EEL =    16422.2247  RESTRAINT  =       28.6677
 EAMBER  =  -285776.6226


   NSTEP       ENERGY          RMS            GMAX         NAME    NUMBER
   6500      -2.8575E+05     1.8072E-02     1.2249E+00     O       43495

 BOND    =    58761.8110  ANGLE   =     1157.6886  DIHED      =     1873.4950
 UB      =        0.0000  IMP     =        0.0000  CMAP       =      292.7039
 VDWAALS =    72632.8971  EEL     =  -438276.6227  HBOND      =        0.0000
 1-4 VDW =     1359.1548  1-4 EEL =    16422.2248  RESTRAINT  =       28.6686
 EAMBER  =  -285776.6475


   NSTEP       ENERGY          RMS            GMAX         NAME    NUMBER
   7000      -2.8575E+05     1.8071E-02     1.2248E+00     O       43495

 BOND    =    58761.8204  ANGLE   =     1157.6894  DIHED      =     1873.4951
 UB      =        0.0000  IMP     =        0.0000  CMAP       =      292.7037
 VDWAALS =    72632.9145  EEL     =  -438276.6955  HBOND      =        0.0000
 1-4 VDW =     1359.1553  1-4 EEL =    16422.2247  RESTRAINT  =       28.6696
 EAMBER  =  -285776.6925


   NSTEP       ENERGY          RMS            GMAX         NAME    NUMBER
   7500      -2.8575E+05     1.8070E-02     1.2246E+00     O       43495

 BOND    =    58761.8297  ANGLE   =     1157.6901  DIHED      =     1873.4953
 UB      =        0.0000  IMP     =        0.0000  CMAP       =      292.7035
 VDWAALS =    72632.9315  EEL     =  -438276.7516  HBOND      =        0.0000
 1-4 VDW =     1359.1557  1-4 EEL =    16422.2247  RESTRAINT  =       28.6705
 EAMBER  =  -285776.7210


   NSTEP       ENERGY          RMS            GMAX         NAME    NUMBER
   8000      -2.8575E+05     1.8069E-02     1.2244E+00     O       43495

 BOND    =    58761.8387  ANGLE   =     1157.6909  DIHED      =     1873.4952
 UB      =        0.0000  IMP     =        0.0000  CMAP       =      292.7032
 VDWAALS =    72632.9477  EEL     =  -438276.7738  HBOND      =        0.0000
 1-4 VDW =     1359.1562  1-4 EEL =    16422.2248  RESTRAINT  =       28.6714
 EAMBER  =  -285776.7170


   NSTEP       ENERGY          RMS            GMAX         NAME    NUMBER
   8500      -2.8575E+05     1.8069E-02     1.2242E+00     O       43495

 BOND    =    58761.8484  ANGLE   =     1157.6917  DIHED      =     1873.4953
 UB      =        0.0000  IMP     =        0.0000  CMAP       =      292.7030
 VDWAALS =    72632.9666  EEL     =  -438276.8800  HBOND      =        0.0000
 1-4 VDW =     1359.1567  1-4 EEL =    16422.2248  RESTRAINT  =       28.6724
 EAMBER  =  -285776.7935


   NSTEP       ENERGY          RMS            GMAX         NAME    NUMBER
   9000      -2.8575E+05     1.8069E-02     1.2240E+00     O       43495

 BOND    =    58761.8585  ANGLE   =     1157.6925  DIHED      =     1873.4955
 UB      =        0.0000  IMP     =        0.0000  CMAP       =      292.7027
 VDWAALS =    72632.9851  EEL     =  -438276.8786  HBOND      =        0.0000
 1-4 VDW =     1359.1573  1-4 EEL =    16422.2249  RESTRAINT  =       28.6735
 EAMBER  =  -285776.7621


   NSTEP       ENERGY          RMS            GMAX         NAME    NUMBER
   9500      -2.8575E+05     1.8067E-02     1.2238E+00     O       43495

 BOND    =    58761.8681  ANGLE   =     1157.6933  DIHED      =     1873.4954
 UB      =        0.0000  IMP     =        0.0000  CMAP       =      292.7025
 VDWAALS =    72633.0009  EEL     =  -438276.9183  HBOND      =        0.0000
 1-4 VDW =     1359.1578  1-4 EEL =    16422.2249  RESTRAINT  =       28.6745
 EAMBER  =  -285776.7755


   NSTEP       ENERGY          RMS            GMAX         NAME    NUMBER
  10000      -2.8575E+05     1.8068E-02     1.2237E+00     O       43495

 BOND    =    58761.8780  ANGLE   =     1157.6941  DIHED      =     1873.4955
 UB      =        0.0000  IMP     =        0.0000  CMAP       =      292.7022
 VDWAALS =    72633.0175  EEL     =  -438276.9881  HBOND      =        0.0000
 1-4 VDW =     1359.1583  1-4 EEL =    16422.2249  RESTRAINT  =       28.6754
 EAMBER  =  -285776.8175


   NSTEP       ENERGY          RMS            GMAX         NAME    NUMBER
  10500      -2.8586E+05     3.5995E-02     2.7005E+00     O        5994

 BOND    =    58821.2961  ANGLE   =     1160.9522  DIHED      =     1876.8062
 UB      =        0.0000  IMP     =        0.0000  CMAP       =      292.8864
 VDWAALS =    72776.4890  EEL     =  -438603.8677  HBOND      =        0.0000
 1-4 VDW =     1360.7484  1-4 EEL =    16420.3688  RESTRAINT  =       30.8169
 EAMBER  =  -285894.3204

     .... RESTARTED DUE TO LINMIN FAILURE ...


   NSTEP       ENERGY          RMS            GMAX         NAME    NUMBER
  11000      -2.8597E+05     4.9353E-02     6.2814E+00     CG       1369

 BOND    =    58888.9372  ANGLE   =     1163.2059  DIHED      =     1877.3680
 UB      =        0.0000  IMP     =        0.0000  CMAP       =      293.3495
 VDWAALS =    72901.7887  EEL     =  -438905.5430  HBOND      =        0.0000
 1-4 VDW =     1361.2782  1-4 EEL =    16422.3455  RESTRAINT  =       31.4339
 EAMBER  =  -285997.2700

     .... RESTARTED DUE TO LINMIN FAILURE ...

     .... RESTARTED DUE TO LINMIN FAILURE ...

     .... RESTARTED DUE TO LINMIN FAILURE ...

     .... RESTARTED DUE TO LINMIN FAILURE ...


                    FINAL RESULTS



   NSTEP       ENERGY          RMS            GMAX         NAME    NUMBER
  11499      -2.8605E+05     3.2943E-02     3.9940E+00     OE2      1884

 BOND    =    58960.1563  ANGLE   =     1164.3428  DIHED      =     1877.7140
 UB      =        0.0000  IMP     =        0.0000  CMAP       =      293.4833
 VDWAALS =    73058.2864  EEL     =  -439220.8569  HBOND      =        0.0000
 1-4 VDW =     1362.6541  1-4 EEL =    16423.8909  RESTRAINT  =       32.0441
 EAMBER  =  -286080.3291

     ***** REPEATED LINMIN FAILURE *****
--------------------------------------------------------------------------------
   5.  TIMINGS
--------------------------------------------------------------------------------

|  NonSetup CPU Time in Major Routines:
|
|     Routine           Sec        %
|     ------------------------------
|     Nonbond          16.75   37.52
|     Bond              0.00    0.00
|     Angle             0.00    0.00
|     Dihedral          0.00    0.00
|     Shake             0.00    0.00
|     Other            27.88   62.48
|     ------------------------------
|     Total            44.63

|  PME Nonbond Pairlist CPU Time:
|
|     Routine              Sec        %
|     ---------------------------------
|     Set Up Cit           0.00    0.00
|     Build List           0.00    0.00
|     ---------------------------------
|     Total                0.00    0.00

|  PME Direct Force CPU Time:
|
|     Routine              Sec        %
|     ---------------------------------
|     NonBonded Calc       0.00    0.00
|     Exclude Masked       0.00    0.00
|     Other                0.02    0.04
|     ---------------------------------
|     Total                0.02    0.04

|  PME Reciprocal Force CPU Time:
|
|     Routine              Sec        %
|     ---------------------------------
|     1D bspline           0.00    0.00
|     Grid Charges         0.00    0.00
|     Scalar Sum           0.00    0.00
|     Gradient Sum         0.00    0.00
|     FFT                  0.00    0.00
|     ---------------------------------
|     Total                0.00    0.00

|  Setup CPU time:            0.91 seconds
|  NonSetup CPU time:        44.63 seconds
|  Total CPU time:           45.54 seconds     0.01 hours

|  Setup wall time:           1    seconds
|  NonSetup wall time:       44    seconds
|  Total wall time:          45    seconds     0.01 hours
