            --------------------------------------------------------
                             AMBER SQM VERSION 19
 
                                     By
              Ross C. Walker, Michael F. Crowley, Scott Brozell,
                         Tim Giese, Andreas W. Goetz,
                        Tai-Sung Lee and David A. Case
 
            --------------------------------------------------------
 

--------------------------------------------------------------------------------
  QM CALCULATION INFO
--------------------------------------------------------------------------------

| QMMM: Citation for AMBER QMMM Run:
| QMMM: R.C. Walker, M.F. Crowley and D.A. Case, J. COMP. CHEM. 29:1019, 2008

QMMM: SINGLET STATE CALCULATION
QMMM: RHF CALCULATION, NO. OF DOUBLY OCCUPIED LEVELS =114

| QMMM: *** Selected Hamiltonian *** 
| QMMM: AM1         

| QMMM: *** Parameter sets in use ***
| QMMM: C : M.J.S.DEWAR et al. JACS, 107, 3902, (1985)
| QMMM: O : M.J.S.DEWAR et al. JACS, 107, 3902, (1985)
| QMMM: H : M.J.S.DEWAR et al. JACS, 107, 3902, (1985)

| QMMM: *** SCF convergence criteria ***
| QMMM: Energy change                :  0.1D-09 kcal/mol
| QMMM: Error matrix |FP-PF|         :  0.1D+00 au
| QMMM: Density matrix change        :  0.5D-06
| QMMM: Maximum number of SCF cycles :     1000

| QMMM: *** Diagonalization Routine Information ***
| QMMM: Pseudo diagonalizations are allowed.
| QMMM: Auto diagonalization routine selection is in use.
| QMMM:
| QMMM: Timing diagonalization routines:
| QMMM:                              norbs =      206
| QMMM:    diag iterations used for timing =        4
| QMMM:
| QMMM:              Internal diag routine = 0.063158 seconds
| QMMM:                 Dspev diag routine = 0.068581 seconds
| QMMM:                Dspevd diag routine = 0.052425 seconds
| QMMM:                Dspevx diag routine = 0.186875 seconds
| QMMM:                 Dsyev diag routine = 0.071972 seconds
| QMMM:                Dsyevd diag routine = 0.053166 seconds
| QMMM:                Dsyevr diag routine = 0.051605 seconds
| QMMM:
| QMMM:                Pseudo diag routine = 0.028158 seconds
| QMMM:
| QMMM: Using dsyevr routine (diag_routine=7).

  QMMM: QM Region Cartesian Coordinates (*=link atom) 
  QMMM: QM_NO.   MM_NO.  ATOM         X         Y         Z
  QMMM:     1        1      C       42.0070   45.2340   39.5840
  QMMM:     2        2      O       41.6330   46.2840   40.0460
  QMMM:     3        3      C       43.4560   44.8300   39.6590
  QMMM:     4        4      C       43.8490   43.4940   39.6550
  QMMM:     5        5      H       43.0730   42.7840   39.9220
  QMMM:     6        6      C       45.1590   43.0690   39.7470
  QMMM:     7        7      H       45.3800   42.0200   39.9210
  QMMM:     8        8      C       46.1320   44.0430   39.8420
  QMMM:     9        9      H       47.1810   43.7640   39.8930
  QMMM:    10       10      C       45.8360   45.4310   39.7660
  QMMM:    11       11      H       46.6470   46.1520   39.7210
  QMMM:    12       12      C       44.4990   45.8480   39.6430
  QMMM:    13       13      H       44.3040   46.9170   39.6580
  QMMM:    14       14      O       40.2680   45.1070   38.5480
  QMMM:    15       15      C       39.9910   46.3300   37.9550
  QMMM:    16       16      H       40.9820   46.6810   37.6420
  QMMM:    17       17      C       39.0610   46.2370   36.7050
  QMMM:    18       18      H       38.1400   46.7550   36.9990
  QMMM:    19       19      C       38.4380   44.8390   36.4880
  QMMM:    20       20      O       37.5630   44.4880   37.5330
  QMMM:    21       21      C       36.2590   44.9750   37.5480
  QMMM:    22       22      O       35.7160   45.7340   36.7830
  QMMM:    23       23      C       35.5030   44.3100   38.6720
  QMMM:    24       24      H       35.9300   44.5270   39.6590
  QMMM:    25       25      H       34.4700   44.6760   38.7140
  QMMM:    26       26      H       35.4210   43.2270   38.5180
  QMMM:    27       27      C       39.3850   43.6270   36.1720
  QMMM:    28       28      O       38.6520   43.4560   34.8770
  QMMM:    29       29      H       40.4620   43.7660   36.0140
  QMMM:    30       30      H       39.3050   42.8310   36.9240
  QMMM:    31       31      C       37.7460   44.5750   35.0740
  QMMM:    32       32      H       36.7150   44.2040   35.1360
  QMMM:    33       33      C       37.9890   45.5570   33.8740
  QMMM:    34       34      H       37.0690   45.6850   33.2900
  QMMM:    35       35      H       38.7570   45.1110   33.2300
  QMMM:    36       36      C       38.4490   46.9320   34.3540
  QMMM:    37       37      O       38.9160   47.7100   33.2600
  QMMM:    38       38      H       38.1190   48.0450   32.8140
  QMMM:    39       39      H       37.5700   47.4660   34.7340
  QMMM:    40       40      C       39.5530   46.9500   35.4380
  QMMM:    41       41      C       40.8760   46.2690   34.9210
  QMMM:    42       42      H       40.8350   45.1790   34.8030
  QMMM:    43       43      H       41.0840   46.7030   33.9350
  QMMM:    44       44      H       41.7670   46.3870   35.5510
  QMMM:    45       45      C       39.8730   48.4190   35.7100
  QMMM:    46       46      O       41.0020   48.8030   35.4770
  QMMM:    47       47      C       38.8680   49.3960   36.2650
  QMMM:    48       48      O       39.0830   50.8240   36.1790
  QMMM:    49       49      C       39.3860   51.3330   34.9440
  QMMM:    50       50      O       39.1860   50.7080   33.8830
  QMMM:    51       51      C       39.7250   52.7530   35.0170
  QMMM:    52       52      H       39.3330   53.1550   34.0740
  QMMM:    53       53      H       39.2040   53.2390   35.8510
  QMMM:    54       54      H       40.8180   52.8150   35.0960
  QMMM:    55       55      H       37.8850   49.1940   35.8210
  QMMM:    56       56      C       38.5490   49.1060   37.7490
  QMMM:    57       57      C       39.6580   48.9000   38.7810
  QMMM:    58       58      C       39.4000   49.8710   39.9660
  QMMM:    59       59      H       39.9990   49.6770   40.8660
  QMMM:    60       60      H       39.6480   50.8970   39.6690
  QMMM:    61       61      H       38.3690   49.9480   40.3310
  QMMM:    62       62      C       41.0970   49.3230   38.3940
  QMMM:    63       63      H       41.6050   48.5930   37.7530
  QMMM:    64       64      H       40.9530   50.2920   37.8990
  QMMM:    65       65      H       41.7990   49.4690   39.2240
  QMMM:    66       66      C       39.5950   47.3700   39.0900
  QMMM:    67       67      O       40.4760   47.1120   40.1620
  QMMM:    68       68      H       40.3040   46.1770   40.3680
  QMMM:    69       69      C       38.1950   47.0590   39.7860
  QMMM:    70       70      H       38.0970   45.9660   39.7970
  QMMM:    71       71      H       38.0780   47.4990   40.7830
  QMMM:    72       72      C       36.9670   47.7120   39.1020
  QMMM:    73       73      O       35.9440   46.9190   39.0930
  QMMM:    74       74      C       37.1980   48.7540   38.1460
  QMMM:    75       75      C       35.9410   49.0960   37.3640
  QMMM:    76       76      H       35.0160   48.8140   37.8810
  QMMM:    77       77      H       35.8800   50.1880   37.2940
  QMMM:    78       78      H       35.9020   48.7120   36.3370
  QMMM:    79       79      H       35.1680   47.1410   38.5730
  QMMM:    80       80      H       36.5600   48.2550   39.9540

--------------------------------------------------------------------------------
  RESULTS
--------------------------------------------------------------------------------

      iter         sqm energy              rms gradient
      ----    -------------------    -----------------------
xmin    10     -352.9670 kcal/mol        2.6104 kcal/(mol*A)
xmin    20     -380.1855 kcal/mol        0.8681 kcal/(mol*A)
xmin    30     -386.4901 kcal/mol        0.5230 kcal/(mol*A)
xmin    40     -387.3992 kcal/mol        0.1812 kcal/(mol*A)
xmin    50     -387.4564 kcal/mol        0.0135 kcal/(mol*A)
xmin    60     -387.4568 kcal/mol        0.0007 kcal/(mol*A)
  ... geometry converged !
 
 Final MO eigenvalues (eV):
 -43.3312  -41.8864  -41.4419  -40.9211  -40.4642  -39.6415  -39.5296  -38.5931
 -38.2233  -37.4899  -37.3090  -37.0081  -36.4741  -35.5564  -34.0102  -32.9808
 -32.5148  -32.3794  -32.1494  -32.0273  -31.5702  -30.5377  -30.0298  -29.2451
 -27.5662  -27.4004  -26.7134  -26.4101  -25.9439  -24.8595  -24.4593  -23.8392
 -23.3568  -22.7631  -22.5574  -21.9701  -21.7262  -21.1359  -20.6871  -19.6787
 -19.2922  -19.0799  -18.9934  -18.9012  -18.6756  -18.3204  -17.9768  -17.8239
 -17.7894  -17.7648  -17.2924  -17.0788  -17.0284  -16.8741  -16.6098  -16.4841
 -16.3582  -16.2848  -16.1656  -15.9330  -15.8826  -15.7870  -15.6604  -15.5212
 -15.3454  -15.1735  -14.9626  -14.7801  -14.7514  -14.5510  -14.4753  -14.2899
 -14.2656  -14.1975  -14.1386  -14.0511  -13.9282  -13.9182  -13.8480  -13.7471
 -13.6323  -13.4938  -13.3621  -13.3326  -13.3027  -13.0959  -13.0287  -12.9830
 -12.9638  -12.8589  -12.7977  -12.6611  -12.5674  -12.4575  -12.3880  -12.3423
 -12.1965  -12.0801  -12.0023  -11.9622  -11.7867  -11.7176  -11.6796  -11.5611
 -11.5381  -11.3864  -11.1666  -10.9296  -10.8649  -10.7456  -10.4611  -10.3340
 -10.2523   -9.7207   -0.6253   -0.0167    0.1218    0.4928    0.5374    0.9285
   1.1641    1.2784    1.4310    1.7416    2.1755    2.3101    2.4171    2.4463
   2.7272    2.9378    2.9522    2.9782    3.0469    3.0975    3.1480    3.1856
   3.2684    3.2802    3.3895    3.4192    3.4513    3.4789    3.4855    3.5154
   3.5423    3.5792    3.5976    3.6332    3.6507    3.6969    3.7403    3.7478
   3.7880    3.8931    3.9028    3.9111    3.9157    3.9395    3.9620    3.9765
   4.0402    4.0741    4.1338    4.2191    4.2292    4.2471    4.2732    4.2894
   4.2994    4.3831    4.3952    4.4083    4.4582    4.4817    4.5227    4.5308
   4.5671    4.6106    4.6704    4.6914    4.7917    4.8050    4.8586    4.8747
   4.8812    4.9030    4.9357    4.9541    5.0650    5.0705    5.0763    5.0874
   5.1819    5.1888    5.2148    5.2756    5.3175    5.3893    5.4427    6.0242
   6.0645    6.0859    6.2832    6.3623    6.4724    6.6612

 Heat of formation   =       -387.45677680 kcal/mol  (      -16.80138662 eV)

 Total SCF energy    =    -184862.37101896 kcal/mol  (    -8016.23394558 eV)
 Electronic energy   =   -2054269.10977442 kcal/mol  (   -89079.79314750 eV)
 Core-core repulsion =    1869406.73875546 kcal/mol  (    81063.55920192 eV)
 
    Atomic Charges for Step       1 :
  Atom    Element       Mulliken Charge
     1      C                  0.347
     2      O                 -0.338
     3      C                 -0.122
     4      C                 -0.077
     5      H                  0.159
     6      C                 -0.147
     7      H                  0.139
     8      C                 -0.094
     9      H                  0.139
    10      C                 -0.144
    11      H                  0.143
    12      C                 -0.070
    13      H                  0.158
    14      O                 -0.287
    15      C                  0.009
    16      H                  0.148
    17      C                 -0.103
    18      H                  0.127
    19      C                  0.059
    20      O                 -0.264
    21      C                  0.310
    22      O                 -0.376
    23      C                 -0.228
    24      H                  0.131
    25      H                  0.123
    26      H                  0.116
    27      C                 -0.031
    28      O                 -0.272
    29      H                  0.121
    30      H                  0.112
    31      C                  0.015
    32      H                  0.117
    33      C                 -0.161
    34      H                  0.107
    35      H                  0.132
    36      C                  0.045
    37      O                 -0.321
    38      H                  0.223
    39      H                  0.082
    40      C                 -0.103
    41      C                 -0.223
    42      H                  0.097
    43      H                  0.112
    44      H                  0.096
    45      C                  0.208
    46      O                 -0.262
    47      C                  0.034
    48      O                 -0.252
    49      C                  0.321
    50      O                 -0.374
    51      C                 -0.216
    52      H                  0.117
    53      H                  0.116
    54      H                  0.127
    55      H                  0.130
    56      C                 -0.107
    57      C                  0.010
    58      C                 -0.201
    59      H                  0.086
    60      H                  0.078
    61      H                  0.087
    62      C                 -0.214
    63      H                  0.082
    64      H                  0.098
    65      H                  0.098
    66      C                  0.093
    67      O                 -0.319
    68      H                  0.209
    69      C                 -0.216
    70      H                  0.098
    71      H                  0.106
    72      C                  0.061
    73      O                 -0.331
    74      C                 -0.111
    75      C                 -0.206
    76      H                  0.105
    77      H                  0.092
    78      H                  0.108
    79      H                  0.208
    80      H                  0.134
 Total Mulliken Charge =      -0.000
 
                  X        Y        Z     TOTAL  
  QM DIPOLE    -1.248   -2.479    5.337    6.016
 
 Final Structure

  QMMM: QM Region Cartesian Coordinates (*=link atom) 
  QMMM: QM_NO.   MM_NO.  ATOM         X         Y         Z
  QMMM:     1        1      C       42.3849   45.6807   38.4472
  QMMM:     2        2      O       43.0822   46.4342   37.7653
  QMMM:     3        3      C       42.8103   44.5075   39.2262
  QMMM:     4        4      C       41.8886   43.5311   39.6240
  QMMM:     5        5      H       40.8257   43.6424   39.3487
  QMMM:     6        6      C       42.3258   42.4279   40.3547
  QMMM:     7        7      H       41.6053   41.6579   40.6675
  QMMM:     8        8      C       43.6750   42.2982   40.6876
  QMMM:     9        9      H       44.0162   41.4259   41.2658
  QMMM:    10       10      C       44.5930   43.2697   40.2871
  QMMM:    11       11      H       45.6569   43.1641   40.5472
  QMMM:    12       12      C       44.1663   44.3753   39.5537
  QMMM:    13       13      H       44.8825   45.1457   39.2244
  QMMM:    14       14      O       41.0313   45.9128   38.5206
  QMMM:    15       15      C       40.4884   47.0798   37.8704
  QMMM:    16       16      H       41.3323   47.6939   37.4459
  QMMM:    17       17      C       39.5398   46.6433   36.7366
  QMMM:    18       18      H       38.4842   46.8798   37.0705
  QMMM:    19       19      C       39.5259   45.1370   36.4951
  QMMM:    20       20      O       38.9084   44.4406   37.5853
  QMMM:    21       21      C       37.5534   44.4543   37.7449
  QMMM:    22       22      O       36.8576   45.1518   37.0008
  QMMM:    23       23      C       37.1054   43.5996   38.8818
  QMMM:    24       24      H       36.7354   44.2662   39.7026
  QMMM:    25       25      H       36.2704   42.9426   38.5361
  QMMM:    26       26      H       37.9447   42.9716   39.2663
  QMMM:    27       27      C       40.8418   44.3407   36.2032
  QMMM:    28       28      O       40.3193   43.8905   34.9271
  QMMM:    29       29      H       41.7556   44.9595   36.0726
  QMMM:    30       30      H       41.0113   43.4772   36.8841
  QMMM:    31       31      C       39.0450   44.5901   35.1036
  QMMM:    32       32      H       38.2297   43.8330   35.2092
  QMMM:    33       33      C       38.7832   45.5471   33.9738
  QMMM:    34       34      H       37.8329   45.2592   33.4499
  QMMM:    35       35      H       39.6089   45.4735   33.2138
  QMMM:    36       36      C       38.6435   46.9941   34.4307
  QMMM:    37       37      O       38.6798   47.7627   33.2391
  QMMM:    38       38      H       38.4342   48.6725   33.4629
  QMMM:    39       39      H       37.6479   47.1288   34.9466
  QMMM:    40       40      C       39.7645   47.4221   35.4226
  QMMM:    41       41      C       41.1314   47.1601   34.8008
  QMMM:    42       42      H       41.2242   46.1005   34.4651
  QMMM:    43       43      H       41.2565   47.8131   33.9000
  QMMM:    44       44      H       41.9495   47.3898   35.5255
  QMMM:    45       45      C       39.6266   48.9400   35.5805
  QMMM:    46       46      O       40.4324   49.7053   35.0429
  QMMM:    47       47      C       38.3934   49.5369   36.2586
  QMMM:    48       48      O       38.4467   50.9715   36.1667
  QMMM:    49       49      C       38.1289   51.5291   34.9542
  QMMM:    50       50      O       37.7534   50.7800   34.0482
  QMMM:    51       51      C       38.2898   53.0075   34.9387
  QMMM:    52       52      H       37.4657   53.4602   34.3357
  QMMM:    53       53      H       38.2749   53.4211   35.9758
  QMMM:    54       54      H       39.2728   53.2499   34.4622
  QMMM:    55       55      H       37.4941   49.1719   35.6744
  QMMM:    56       56      C       38.2832   49.1612   37.6986
  QMMM:    57       57      C       39.4486   49.3390   38.6369
  QMMM:    58       58      C       38.9963   50.1343   39.8763
  QMMM:    59       59      H       39.6361   51.0386   40.0225
  QMMM:    60       60      H       37.9421   50.4838   39.7659
  QMMM:    61       61      H       39.0831   49.5103   40.7983
  QMMM:    62       62      C       40.6367   50.0983   38.0667
  QMMM:    63       63      H       41.1610   49.5573   37.2470
  QMMM:    64       64      H       40.2934   51.0839   37.6664
  QMMM:    65       65      H       41.3853   50.2648   38.8815
  QMMM:    66       66      C       39.8459   47.8899   39.0518
  QMMM:    67       67      O       40.8652   48.0492   40.0375
  QMMM:    68       68      H       41.1068   47.1655   40.3451
  QMMM:    69       69      C       38.6543   47.1466   39.6756
  QMMM:    70       70      H       38.6133   46.1039   39.2613
  QMMM:    71       71      H       38.8316   47.0500   40.7804
  QMMM:    72       72      C       37.2825   47.8122   39.4874
  QMMM:    73       73      O       36.2663   46.8382   39.6716
  QMMM:    74       74      C       37.1882   48.5098   38.1563
  QMMM:    75       75      C       35.9200   48.3564   37.4108
  QMMM:    76       76      H       35.0638   48.2390   38.1233
  QMMM:    77       77      H       35.7110   49.2452   36.7663
  QMMM:    78       78      H       35.9645   47.4407   36.7631
  QMMM:    79       79      H       36.2106   46.3098   38.8628
  QMMM:    80       80      H       37.0902   48.5485   40.3227

           --------- Calculation Completed ----------

