
          -------------------------------------------------------
          Amber 20 PMEMD                              2020
          -------------------------------------------------------

| PMEMD implementation of SANDER, Release 18

|  Compiled date/time: Wed Sep 22 23:21:21 2021
| Run on 12/07/2023 at 18:21:36

|   Executable path: /mnt/research/MerzGroup/Amber20Tools21/amber20/bin/pmemd.cuda
| Working directory: /mnt/gs21/scratch/lizhen6/13hydrocoa
|          Hostname: nvf-001

  [-O]verwriting output

File Assignments:
|   MDIN: ti2_min4.in                                                           
|  MDOUT: ti2_min4.out                                                          
| INPCRD: ti2_min3.rst                                                          
|   PARM: complex_solv.prmtop                                                   
| RESTRT: ti2_min4.rst                                                          
|   REFC: ti2_min3.rst                                                          
|  MDVEL: mdvel                                                                 
|   MDEN: mden                                                                  
|  MDCRD: ti2_min4.netcdf                                                       
| MDINFO: ti2_min4.mdinfo                                                       
|  MDFRC: mdfrc                                                                 


 Here is the input file:

min for deltaG calculation                                                     
 &cntrl                                                                        
  imin=1,                                                                      
  irest=0, ! default, no velocity from rst                                     
  ntmin=1, ! default, steep then conjugate                                     
  maxcyc=20000,                                                                
  ncyc=10000,                                                                  
  cut=10.0,                                                                    
  ntb=1,                                                                       
  ntpr=500, ! write to mdinfo file                                             
  ntwr=500, ! write to rst file                                                
  ntwx=10000, ! write to mdcrd file                                            
  ntave=500, ! calc ave every 500 steps                                        
  ioutfm=1,                                                                    
  iwrap=1,                                                                     
  ntr=1,                                                                       
  restraintmask=':1-433@C,O',                                                  
  restraint_wt=200,                                                            
/                                                                              
&ewald                                                                         
nfft1=48, nfft2=48, nfft3=48,                                                  
/                                                                              


Note: ig = -1. Setting random seed to   924785 based on wallclock time in 
      microseconds.
| irandom = 1, using AMBER's internal random number generator (default).
 
|--------------------- INFORMATION ----------------------
| GPU (CUDA) Version of PMEMD in use: NVIDIA GPU IN USE.
|                    Version 18.0.0
| 
|                      03/25/2018
| 
| Implementation by:
|                    Ross C. Walker     (SDSC)
|                    Scott Le Grand     (nVIDIA)
| 
| Version 18 performance extensions by:
|                    David Cerutti     (Rutgers)
| 
| Precision model in use:
|      [SPFP] - Single Precision Forces, 64-bit Fixed Point
|               Accumulation. (Default)
| 
|--------------------------------------------------------
 
|----------------- CITATION INFORMATION -----------------
|
|    When publishing work that utilized the CUDA version
|    of AMBER, please cite the following in addition to
|    the regular AMBER citations:
|
|  - Romelia Salomon-Ferrer; Andreas W. Goetz; Duncan
|    Poole; Scott Le Grand; Ross C. Walker "Routine
|    microsecond molecular dynamics simulations with
|    AMBER - Part II: Particle Mesh Ewald", J. Chem.
|    Theory Comput., 2013, 9 (9), pp3878-3888,
|    DOI: 10.1021/ct400314y.
|
|  - Andreas W. Goetz; Mark J. Williamson; Dong Xu;
|    Duncan Poole; Scott Le Grand; Ross C. Walker
|    "Routine microsecond molecular dynamics simulations
|    with AMBER - Part I: Generalized Born", J. Chem.
|    Theory Comput., 2012, 8 (5), pp1542-1555.
|
|  - Scott Le Grand; Andreas W. Goetz; Ross C. Walker
|    "SPFP: Speed without compromise - a mixed precision
|    model for GPU accelerated molecular dynamics
|    simulations.", Comp. Phys. Comm., 2013, 184
|    pp374-380, DOI: 10.1016/j.cpc.2012.09.022
|
|--------------------------------------------------------
 
|------------------- GPU DEVICE INFO --------------------
|
|            CUDA_VISIBLE_DEVICES: 0
|   CUDA Capable Devices Detected:      1
|           CUDA Device ID in use:      0
|                CUDA Device Name: Tesla V100S-PCIE-32GB
|     CUDA Device Global Mem Size:  32500 MB
| CUDA Device Num Multiprocessors:     80
|           CUDA Device Core Freq:   1.60 GHz
|
|--------------------------------------------------------
 
 
| Conditional Compilation Defines Used:
| PUBFFT
| BINTRAJ
| CUDA
| EMIL

| Largest sphere to fit in unit cell has radius =    38.970

| New format PARM file being parsed.
| Version =    1.000 Date = 12/07/23 Time = 17:28:07

| Note: 1-4 EEL scale factors are being read from the topology file.

| Note: 1-4 VDW scale factors are being read from the topology file.
| Duplicated    0 dihedrals

| Duplicated    0 dihedrals

--------------------------------------------------------------------------------
   1.  RESOURCE   USE: 
--------------------------------------------------------------------------------

 getting box info from netcdf restart file
 NATOM  =   82638 NTYPES =      34 NBONH =   60172 MBONA  =   22549
 NTHETH =    8173 MTHETA =    5000 NPHIH =   16301 MPHIA  =   15785
 NHPARM =       0 NPARM  =       0 NNB   =  171776 NRES   =   19303
 NBONA  =   22549 NTHETA =    5000 NPHIA =   15785 NUMBND =     109
 NUMANG =     251 NPTRA  =     250 NATYP =      62 NPHB   =       0
 IFBOX  =       1 NMXRS  =      80 IFCAP =       0 NEXTRA =   18861
 NCOPY  =       0


| Coordinate Index Table dimensions:    18   17   14
| Direct force subcell size =     5.7341    5.6594    5.5671

     BOX TYPE: RECTILINEAR

--------------------------------------------------------------------------------
   2.  CONTROL  DATA  FOR  THE  RUN
--------------------------------------------------------------------------------

default_name                                                                    

General flags:
     imin    =       1, nmropt  =       0

Nature and format of input:
     ntx     =       1, irest   =       0, ntrx    =       1

Nature and format of output:
     ntxo    =       2, ntpr    =     500, ntrx    =       1, ntwr    =     500
     iwrap   =       1, ntwx    =   10000, ntwv    =       0, ntwe    =       0
     ioutfm  =       1, ntwprt  =       0, idecomp =       0, rbornstat=      0

Potential function:
     ntf     =       1, ntb     =       1, igb     =       0, nsnb    =      25
     ipol    =       0, gbsa    =       0, iesp    =       0
     dielc   =   1.00000, cut     =  10.00000, intdiel =   1.00000

Frozen or restrained atoms:
     ibelly  =       0, ntr     =       1
     restraint_wt = 200.00000

Energy minimization:
     maxcyc  =   20000, ncyc    =   10000, ntmin   =       1
     dx0     =   0.01000, drms    =   0.00010

| Intermolecular bonds treatment:
|     no_intermolecular_bonds =       1

| Energy averages sample interval:
|     ene_avg_sampling =       1

Extra-points options:
     frameon =       1, chngmask=       1

Ewald parameters:
     verbose =       0, ew_type =       0, nbflag  =       1, use_pme =       1
     vdwmeth =       1, eedmeth =       1, netfrc  =       0
     Box X =  103.214   Box Y =   96.210   Box Z =   77.940
     Alpha =   90.000   Beta  =   90.000   Gamma =   90.000
     NFFT1 =   48       NFFT2 =   48       NFFT3 =   48
     Cutoff=   10.000   Tol   =0.100E-04
     Ewald Coefficient =  0.27511
     Interpolation order =    4

    LOADING THE CONSTRAINED ATOMS AS GROUPS


   5.  REFERENCE ATOM COORDINATES

  default_name                                                                    
     Mask :1-433@C,O; matches   862 atoms
|      EXTRA_PTS, trim_bonds: num bonds BEFORE trim = 60172     0
|      EXTRA_PTS, trim_bonds: num bonds AFTER  trim = 60172     0
|      EXTRA_PTS, trim_bonds: num bonds BEFORE trim = 22549     0
|      EXTRA_PTS, trim_bonds: num bonds AFTER  trim =  3688     0
|      EXTRA_PTS, trim_theta: num angle BEFORE trim =  8173     0
|      EXTRA_PTS, trim_theta: num angle AFTER  trim =  8173     0
|      EXTRA_PTS, trim_theta: num angle BEFORE trim =  5000     0
|      EXTRA_PTS, trim_theta: num angle AFTER  trim =  5000     0
|      EXTRA_PTS, trim_phi:  num diheds BEFORE trim = 16301     0
|      EXTRA_PTS, trim_phi:  num diheds AFTER  trim = 16301     0
|      EXTRA_PTS, trim_phi:  num diheds BEFORE trim = 15785     0
|      EXTRA_PTS, trim_phi:  num diheds AFTER  trim = 15785     0

--------------------------------------------------------------------------------
   3.  ATOMIC COORDINATES AND VELOCITIES
--------------------------------------------------------------------------------

default_name                                                                    
 begin time read from input coords =     0.000 ps

 
 Number of triangulated 3-point waters found:    18861

     Sum of charges from parm topology file =  -5.99589467
     Assuming uniform neutralizing plasma

| Dynamic Memory, Types Used:
| Reals             2442299
| Integers          5736346

| Nonbonded Pairs Initial Allocation:    24995929

| GPU memory information (estimate):
| KB of GPU memory in use:    295607
| KB of CPU memory in use:    105095

--------------------------------------------------------------------------------
   4.  RESULTS
--------------------------------------------------------------------------------



   NSTEP       ENERGY          RMS            GMAX         NAME    NUMBER
      1      -3.4011E+05     3.1031E-01     3.0547E+01     CA       5812

 BOND    =    70271.0736  ANGLE   =      916.3836  DIHED      =     1955.5527
 UB      =        0.0000  IMP     =        0.0000  CMAP       =      383.8783
 VDWAALS =    87682.7790  EEL     =  -520818.3742  HBOND      =        0.0000
 1-4 VDW =     1582.7890  1-4 EEL =    17913.0949  RESTRAINT  =        0.0000


   NSTEP       ENERGY          RMS            GMAX         NAME    NUMBER
    500      -3.4020E+05     2.3385E-02     2.1886E+00     HG       3988

 BOND    =    70309.5989  ANGLE   =      910.0867  DIHED      =     1961.0918
 UB      =        0.0000  IMP     =        0.0000  CMAP       =      381.1477
 VDWAALS =    87721.8203  EEL     =  -520888.1504  HBOND      =        0.0000
 1-4 VDW =     1538.7024  1-4 EEL =    17848.9216  RESTRAINT  =       15.9026
 EAMBER  =  -340216.7810


   NSTEP       ENERGY          RMS            GMAX         NAME    NUMBER
   1000      -3.4022E+05     1.6409E-02     1.3463E+00     H1      48560

 BOND    =    70325.0335  ANGLE   =      912.3303  DIHED      =     1961.7491
 UB      =        0.0000  IMP     =        0.0000  CMAP       =      381.1106
 VDWAALS =    87748.5173  EEL     =  -520953.1381  HBOND      =        0.0000
 1-4 VDW =     1537.8279  1-4 EEL =    17848.5780  RESTRAINT  =       17.0644
 EAMBER  =  -340237.9914


   NSTEP       ENERGY          RMS            GMAX         NAME    NUMBER
   1500      -3.4022E+05     1.6408E-02     1.3454E+00     H1      48560

 BOND    =    70325.0490  ANGLE   =      912.3327  DIHED      =     1961.7500
 UB      =        0.0000  IMP     =        0.0000  CMAP       =      381.1106
 VDWAALS =    87748.5495  EEL     =  -520953.2046  HBOND      =        0.0000
 1-4 VDW =     1537.8271  1-4 EEL =    17848.5782  RESTRAINT  =       17.0654
 EAMBER  =  -340238.0075


   NSTEP       ENERGY          RMS            GMAX         NAME    NUMBER
   2000      -3.4022E+05     1.6407E-02     1.3446E+00     H1      48560

 BOND    =    70325.0636  ANGLE   =      912.3350  DIHED      =     1961.7510
 UB      =        0.0000  IMP     =        0.0000  CMAP       =      381.1107
 VDWAALS =    87748.5812  EEL     =  -520953.3035  HBOND      =        0.0000
 1-4 VDW =     1537.8263  1-4 EEL =    17848.5787  RESTRAINT  =       17.0665
 EAMBER  =  -340238.0570


   NSTEP       ENERGY          RMS            GMAX         NAME    NUMBER
   2500      -3.4022E+05     1.6406E-02     1.3438E+00     H1      48560

 BOND    =    70325.0765  ANGLE   =      912.3370  DIHED      =     1961.7519
 UB      =        0.0000  IMP     =        0.0000  CMAP       =      381.1107
 VDWAALS =    87748.6112  EEL     =  -520953.3588  HBOND      =        0.0000
 1-4 VDW =     1537.8258  1-4 EEL =    17848.5789  RESTRAINT  =       17.0674
 EAMBER  =  -340238.0668


   NSTEP       ENERGY          RMS            GMAX         NAME    NUMBER
   3000      -3.4022E+05     1.6405E-02     1.3430E+00     H1      48560

 BOND    =    70325.0916  ANGLE   =      912.3394  DIHED      =     1961.7529
 UB      =        0.0000  IMP     =        0.0000  CMAP       =      381.1107
 VDWAALS =    87748.6393  EEL     =  -520953.4126  HBOND      =        0.0000
 1-4 VDW =     1537.8250  1-4 EEL =    17848.5792  RESTRAINT  =       17.0684
 EAMBER  =  -340238.0745


   NSTEP       ENERGY          RMS            GMAX         NAME    NUMBER
   3500      -3.4022E+05     1.6404E-02     1.3421E+00     H1      48560

 BOND    =    70325.1063  ANGLE   =      912.3417  DIHED      =     1961.7540
 UB      =        0.0000  IMP     =        0.0000  CMAP       =      381.1108
 VDWAALS =    87748.6714  EEL     =  -520953.5059  HBOND      =        0.0000
 1-4 VDW =     1537.8243  1-4 EEL =    17848.5797  RESTRAINT  =       17.0694
 EAMBER  =  -340238.1178


   NSTEP       ENERGY          RMS            GMAX         NAME    NUMBER
   4000      -3.4022E+05     1.6403E-02     1.3414E+00     H1      48560

 BOND    =    70325.1184  ANGLE   =      912.3437  DIHED      =     1961.7546
 UB      =        0.0000  IMP     =        0.0000  CMAP       =      381.1108
 VDWAALS =    87748.7008  EEL     =  -520953.5275  HBOND      =        0.0000
 1-4 VDW =     1537.8237  1-4 EEL =    17848.5799  RESTRAINT  =       17.0703
 EAMBER  =  -340238.0956


   NSTEP       ENERGY          RMS            GMAX         NAME    NUMBER
   4500      -3.4022E+05     1.6402E-02     1.3406E+00     H1      48560

 BOND    =    70325.1324  ANGLE   =      912.3459  DIHED      =     1961.7554
 UB      =        0.0000  IMP     =        0.0000  CMAP       =      381.1108
 VDWAALS =    87748.7290  EEL     =  -520953.6109  HBOND      =        0.0000
 1-4 VDW =     1537.8230  1-4 EEL =    17848.5803  RESTRAINT  =       17.0713
 EAMBER  =  -340238.1340


   NSTEP       ENERGY          RMS            GMAX         NAME    NUMBER
   5000      -3.4022E+05     1.6401E-02     1.3397E+00     H1      48560

 BOND    =    70325.1472  ANGLE   =      912.3482  DIHED      =     1961.7564
 UB      =        0.0000  IMP     =        0.0000  CMAP       =      381.1108
 VDWAALS =    87748.7588  EEL     =  -520953.6801  HBOND      =        0.0000
 1-4 VDW =     1537.8222  1-4 EEL =    17848.5806  RESTRAINT  =       17.0723
 EAMBER  =  -340238.1559


   NSTEP       ENERGY          RMS            GMAX         NAME    NUMBER
   5500      -3.4022E+05     1.6401E-02     1.3389E+00     H1      48560

 BOND    =    70325.1606  ANGLE   =      912.3503  DIHED      =     1961.7574
 UB      =        0.0000  IMP     =        0.0000  CMAP       =      381.1109
 VDWAALS =    87748.7871  EEL     =  -520953.7493  HBOND      =        0.0000
 1-4 VDW =     1537.8216  1-4 EEL =    17848.5809  RESTRAINT  =       17.0732
 EAMBER  =  -340238.1806


   NSTEP       ENERGY          RMS            GMAX         NAME    NUMBER
   6000      -3.4022E+05     1.6398E-02     1.3380E+00     H1      48560

 BOND    =    70325.1765  ANGLE   =      912.3527  DIHED      =     1961.7583
 UB      =        0.0000  IMP     =        0.0000  CMAP       =      381.1109
 VDWAALS =    87748.8175  EEL     =  -520953.8279  HBOND      =        0.0000
 1-4 VDW =     1537.8209  1-4 EEL =    17848.5812  RESTRAINT  =       17.0743
 EAMBER  =  -340238.2099


   NSTEP       ENERGY          RMS            GMAX         NAME    NUMBER
   6500      -3.4022E+05     1.6397E-02     1.3373E+00     H1      48560

 BOND    =    70325.1898  ANGLE   =      912.3547  DIHED      =     1961.7591
 UB      =        0.0000  IMP     =        0.0000  CMAP       =      381.1109
 VDWAALS =    87748.8482  EEL     =  -520953.8552  HBOND      =        0.0000
 1-4 VDW =     1537.8202  1-4 EEL =    17848.5816  RESTRAINT  =       17.0752
 EAMBER  =  -340238.1906


   NSTEP       ENERGY          RMS            GMAX         NAME    NUMBER
   7000      -3.4022E+05     1.6396E-02     1.3363E+00     H1      48560

 BOND    =    70325.2067  ANGLE   =      912.3573  DIHED      =     1961.7601
 UB      =        0.0000  IMP     =        0.0000  CMAP       =      381.1109
 VDWAALS =    87748.8823  EEL     =  -520953.9443  HBOND      =        0.0000
 1-4 VDW =     1537.8195  1-4 EEL =    17848.5819  RESTRAINT  =       17.0763
 EAMBER  =  -340238.2256


   NSTEP       ENERGY          RMS            GMAX         NAME    NUMBER
   7500      -3.4022E+05     1.6395E-02     1.3355E+00     H1      48560

 BOND    =    70325.2213  ANGLE   =      912.3595  DIHED      =     1961.7609
 UB      =        0.0000  IMP     =        0.0000  CMAP       =      381.1110
 VDWAALS =    87748.9135  EEL     =  -520953.9985  HBOND      =        0.0000
 1-4 VDW =     1537.8188  1-4 EEL =    17848.5822  RESTRAINT  =       17.0773
 EAMBER  =  -340238.2313


   NSTEP       ENERGY          RMS            GMAX         NAME    NUMBER
   8000      -3.4022E+05     1.6394E-02     1.3347E+00     H1      48560

 BOND    =    70325.2343  ANGLE   =      912.3614  DIHED      =     1961.7618
 UB      =        0.0000  IMP     =        0.0000  CMAP       =      381.1110
 VDWAALS =    87748.9407  EEL     =  -520954.0916  HBOND      =        0.0000
 1-4 VDW =     1537.8182  1-4 EEL =    17848.5827  RESTRAINT  =       17.0781
 EAMBER  =  -340238.2815


   NSTEP       ENERGY          RMS            GMAX         NAME    NUMBER
   8500      -3.4022E+05     1.6394E-02     1.3338E+00     H1      48560

 BOND    =    70325.2493  ANGLE   =      912.3637  DIHED      =     1961.7627
 UB      =        0.0000  IMP     =        0.0000  CMAP       =      381.1111
 VDWAALS =    87748.9698  EEL     =  -520954.1790  HBOND      =        0.0000
 1-4 VDW =     1537.8175  1-4 EEL =    17848.5830  RESTRAINT  =       17.0792
 EAMBER  =  -340238.3220


   NSTEP       ENERGY          RMS            GMAX         NAME    NUMBER
   9000      -3.4022E+05     1.6392E-02     1.3331E+00     H1      48560

 BOND    =    70325.2627  ANGLE   =      912.3657  DIHED      =     1961.7635
 UB      =        0.0000  IMP     =        0.0000  CMAP       =      381.1111
 VDWAALS =    87748.9958  EEL     =  -520954.2259  HBOND      =        0.0000
 1-4 VDW =     1537.8168  1-4 EEL =    17848.5832  RESTRAINT  =       17.0800
 EAMBER  =  -340238.3270


   NSTEP       ENERGY          RMS            GMAX         NAME    NUMBER
   9500      -3.4022E+05     1.6392E-02     1.3323E+00     H1      48560

 BOND    =    70325.2760  ANGLE   =      912.3677  DIHED      =     1961.7642
 UB      =        0.0000  IMP     =        0.0000  CMAP       =      381.1111
 VDWAALS =    87749.0253  EEL     =  -520954.3046  HBOND      =        0.0000
 1-4 VDW =     1537.8162  1-4 EEL =    17848.5836  RESTRAINT  =       17.0809
 EAMBER  =  -340238.3606


   NSTEP       ENERGY          RMS            GMAX         NAME    NUMBER
  10000      -3.4022E+05     1.6390E-02     1.3315E+00     H1      48560

 BOND    =    70325.2899  ANGLE   =      912.3699  DIHED      =     1961.7651
 UB      =        0.0000  IMP     =        0.0000  CMAP       =      381.1111
 VDWAALS =    87749.0535  EEL     =  -520954.3468  HBOND      =        0.0000
 1-4 VDW =     1537.8155  1-4 EEL =    17848.5840  RESTRAINT  =       17.0819
 EAMBER  =  -340238.3577


   NSTEP       ENERGY          RMS            GMAX         NAME    NUMBER
  10500      -3.4037E+05     3.0096E-02     2.6174E+00     H2      43253

 BOND    =    70461.6388  ANGLE   =      918.7711  DIHED      =     1965.1660
 UB      =        0.0000  IMP     =        0.0000  CMAP       =      380.7740
 VDWAALS =    88055.0956  EEL     =  -521563.6106  HBOND      =        0.0000
 1-4 VDW =     1537.8630  1-4 EEL =    17851.9730  RESTRAINT  =       19.3431
 EAMBER  =  -340392.3291

     .... RESTARTED DUE TO LINMIN FAILURE ...

     .... RESTARTED DUE TO LINMIN FAILURE ...

     .... RESTARTED DUE TO LINMIN FAILURE ...


   NSTEP       ENERGY          RMS            GMAX         NAME    NUMBER
  11000      -3.4047E+05     4.1784E-02     3.2471E+00     P3D        23

 BOND    =    70559.8117  ANGLE   =      917.6987  DIHED      =     1967.4711
 UB      =        0.0000  IMP     =        0.0000  CMAP       =      380.6133
 VDWAALS =    88289.5363  EEL     =  -521997.7078  HBOND      =        0.0000
 1-4 VDW =     1538.4671  1-4 EEL =    17850.0825  RESTRAINT  =       19.4398
 EAMBER  =  -340494.0272

     .... RESTARTED DUE TO LINMIN FAILURE ...


   NSTEP       ENERGY          RMS            GMAX         NAME    NUMBER
  11500      -3.4057E+05     3.1197E-02     2.7598E+00     CD       6250

 BOND    =    70642.9145  ANGLE   =      916.8174  DIHED      =     1970.3165
 UB      =        0.0000  IMP     =        0.0000  CMAP       =      380.7483
 VDWAALS =    88478.9590  EEL     =  -522368.5620  HBOND      =        0.0000
 1-4 VDW =     1539.6439  1-4 EEL =    17849.6197  RESTRAINT  =       19.3787
 EAMBER  =  -340589.5428

     .... RESTARTED DUE TO LINMIN FAILURE ...


                    FINAL RESULTS



   NSTEP       ENERGY          RMS            GMAX         NAME    NUMBER
  11524      -3.4057E+05     4.0684E-02     5.1073E+00     CD       6250

 BOND    =    70641.8275  ANGLE   =      916.5861  DIHED      =     1970.2791
 UB      =        0.0000  IMP     =        0.0000  CMAP       =      380.7565
 VDWAALS =    88481.5354  EEL     =  -522371.1019  HBOND      =        0.0000
 1-4 VDW =     1539.6375  1-4 EEL =    17850.0185  RESTRAINT  =       19.3804
 EAMBER  =  -340590.4615

     ***** REPEATED LINMIN FAILURE *****
--------------------------------------------------------------------------------
   5.  TIMINGS
--------------------------------------------------------------------------------

|  NonSetup CPU Time in Major Routines:
|
|     Routine           Sec        %
|     ------------------------------
|     Nonbond          16.17   30.41
|     Bond              0.00    0.00
|     Angle             0.00    0.00
|     Dihedral          0.00    0.00
|     Shake             0.00    0.00
|     Other            37.00   69.59
|     ------------------------------
|     Total            53.16

|  PME Nonbond Pairlist CPU Time:
|
|     Routine              Sec        %
|     ---------------------------------
|     Set Up Cit           0.00    0.00
|     Build List           0.00    0.00
|     ---------------------------------
|     Total                0.00    0.00

|  PME Direct Force CPU Time:
|
|     Routine              Sec        %
|     ---------------------------------
|     NonBonded Calc       0.00    0.00
|     Exclude Masked       0.00    0.00
|     Other                0.03    0.05
|     ---------------------------------
|     Total                0.03    0.05

|  PME Reciprocal Force CPU Time:
|
|     Routine              Sec        %
|     ---------------------------------
|     1D bspline           0.00    0.00
|     Grid Charges         0.00    0.00
|     Scalar Sum           0.00    0.00
|     Gradient Sum         0.00    0.00
|     FFT                  0.00    0.00
|     ---------------------------------
|     Total                0.00    0.00

|  Setup CPU time:            0.98 seconds
|  NonSetup CPU time:        53.16 seconds
|  Total CPU time:           54.14 seconds     0.02 hours

|  Setup wall time:           1    seconds
|  NonSetup wall time:       53    seconds
|  Total wall time:          54    seconds     0.01 hours
