
          -------------------------------------------------------
          Amber 20 PMEMD                              2020
          -------------------------------------------------------

| PMEMD implementation of SANDER, Release 18

|  Compiled date/time: Wed Sep 22 23:21:21 2021
| Run on 12/07/2023 at 18:22:31

|   Executable path: /mnt/research/MerzGroup/Amber20Tools21/amber20/bin/pmemd.cuda
| Working directory: /mnt/gs21/scratch/lizhen6/13hydrocoa
|          Hostname: nvf-001

  [-O]verwriting output

File Assignments:
|   MDIN: ti2_min5.in                                                           
|  MDOUT: ti2_min5.out                                                          
| INPCRD: ti2_min4.rst                                                          
|   PARM: complex_solv.prmtop                                                   
| RESTRT: ti2_min5.rst                                                          
|   REFC: ti2_min4.rst                                                          
|  MDVEL: mdvel                                                                 
|   MDEN: mden                                                                  
|  MDCRD: ti2_min5.netcdf                                                       
| MDINFO: ti2_min5.mdinfo                                                       
|  MDFRC: mdfrc                                                                 


 Here is the input file:

min for deltaG calculation                                                     
 &cntrl                                                                        
  imin=1,                                                                      
  irest=0, ! default, no velocity from rst                                     
  ntmin=1, ! default, steep then conjugate                                     
  maxcyc=20000,                                                                
  ncyc=10000,                                                                  
  cut=10.0,                                                                    
  ntb=1,                                                                       
  ntpr=500, ! write to mdinfo file                                             
  ntwr=500, ! write to rst file                                                
  ntwx=10000, ! write to mdcrd file                                            
  ntave=500, ! calc ave every 500 steps                                        
  ioutfm=1,                                                                    
  iwrap=1,                                                                     
/                                                                              
&ewald                                                                         
nfft1=48, nfft2=48, nfft3=48,                                                  
/                                                                              


Note: ig = -1. Setting random seed to   441636 based on wallclock time in 
      microseconds.
| irandom = 1, using AMBER's internal random number generator (default).
 
|--------------------- INFORMATION ----------------------
| GPU (CUDA) Version of PMEMD in use: NVIDIA GPU IN USE.
|                    Version 18.0.0
| 
|                      03/25/2018
| 
| Implementation by:
|                    Ross C. Walker     (SDSC)
|                    Scott Le Grand     (nVIDIA)
| 
| Version 18 performance extensions by:
|                    David Cerutti     (Rutgers)
| 
| Precision model in use:
|      [SPFP] - Single Precision Forces, 64-bit Fixed Point
|               Accumulation. (Default)
| 
|--------------------------------------------------------
 
|----------------- CITATION INFORMATION -----------------
|
|    When publishing work that utilized the CUDA version
|    of AMBER, please cite the following in addition to
|    the regular AMBER citations:
|
|  - Romelia Salomon-Ferrer; Andreas W. Goetz; Duncan
|    Poole; Scott Le Grand; Ross C. Walker "Routine
|    microsecond molecular dynamics simulations with
|    AMBER - Part II: Particle Mesh Ewald", J. Chem.
|    Theory Comput., 2013, 9 (9), pp3878-3888,
|    DOI: 10.1021/ct400314y.
|
|  - Andreas W. Goetz; Mark J. Williamson; Dong Xu;
|    Duncan Poole; Scott Le Grand; Ross C. Walker
|    "Routine microsecond molecular dynamics simulations
|    with AMBER - Part I: Generalized Born", J. Chem.
|    Theory Comput., 2012, 8 (5), pp1542-1555.
|
|  - Scott Le Grand; Andreas W. Goetz; Ross C. Walker
|    "SPFP: Speed without compromise - a mixed precision
|    model for GPU accelerated molecular dynamics
|    simulations.", Comp. Phys. Comm., 2013, 184
|    pp374-380, DOI: 10.1016/j.cpc.2012.09.022
|
|--------------------------------------------------------
 
|------------------- GPU DEVICE INFO --------------------
|
|            CUDA_VISIBLE_DEVICES: 0
|   CUDA Capable Devices Detected:      1
|           CUDA Device ID in use:      0
|                CUDA Device Name: Tesla V100S-PCIE-32GB
|     CUDA Device Global Mem Size:  32500 MB
| CUDA Device Num Multiprocessors:     80
|           CUDA Device Core Freq:   1.60 GHz
|
|--------------------------------------------------------
 
 
| Conditional Compilation Defines Used:
| PUBFFT
| BINTRAJ
| CUDA
| EMIL

| Largest sphere to fit in unit cell has radius =    38.970

| New format PARM file being parsed.
| Version =    1.000 Date = 12/07/23 Time = 17:28:07

| Note: 1-4 EEL scale factors are being read from the topology file.

| Note: 1-4 VDW scale factors are being read from the topology file.
| Duplicated    0 dihedrals

| Duplicated    0 dihedrals

--------------------------------------------------------------------------------
   1.  RESOURCE   USE: 
--------------------------------------------------------------------------------

 getting box info from netcdf restart file
 NATOM  =   82638 NTYPES =      34 NBONH =   60172 MBONA  =   22549
 NTHETH =    8173 MTHETA =    5000 NPHIH =   16301 MPHIA  =   15785
 NHPARM =       0 NPARM  =       0 NNB   =  171776 NRES   =   19303
 NBONA  =   22549 NTHETA =    5000 NPHIA =   15785 NUMBND =     109
 NUMANG =     251 NPTRA  =     250 NATYP =      62 NPHB   =       0
 IFBOX  =       1 NMXRS  =      80 IFCAP =       0 NEXTRA =   18861
 NCOPY  =       0


| Coordinate Index Table dimensions:    18   17   14
| Direct force subcell size =     5.7341    5.6594    5.5671

     BOX TYPE: RECTILINEAR

--------------------------------------------------------------------------------
   2.  CONTROL  DATA  FOR  THE  RUN
--------------------------------------------------------------------------------

default_name                                                                    

General flags:
     imin    =       1, nmropt  =       0

Nature and format of input:
     ntx     =       1, irest   =       0, ntrx    =       1

Nature and format of output:
     ntxo    =       2, ntpr    =     500, ntrx    =       1, ntwr    =     500
     iwrap   =       1, ntwx    =   10000, ntwv    =       0, ntwe    =       0
     ioutfm  =       1, ntwprt  =       0, idecomp =       0, rbornstat=      0

Potential function:
     ntf     =       1, ntb     =       1, igb     =       0, nsnb    =      25
     ipol    =       0, gbsa    =       0, iesp    =       0
     dielc   =   1.00000, cut     =  10.00000, intdiel =   1.00000

Frozen or restrained atoms:
     ibelly  =       0, ntr     =       0

Energy minimization:
     maxcyc  =   20000, ncyc    =   10000, ntmin   =       1
     dx0     =   0.01000, drms    =   0.00010

| Intermolecular bonds treatment:
|     no_intermolecular_bonds =       1

| Energy averages sample interval:
|     ene_avg_sampling =       1

Extra-points options:
     frameon =       1, chngmask=       1

Ewald parameters:
     verbose =       0, ew_type =       0, nbflag  =       1, use_pme =       1
     vdwmeth =       1, eedmeth =       1, netfrc  =       0
     Box X =  103.214   Box Y =   96.210   Box Z =   77.940
     Alpha =   90.000   Beta  =   90.000   Gamma =   90.000
     NFFT1 =   48       NFFT2 =   48       NFFT3 =   48
     Cutoff=   10.000   Tol   =0.100E-04
     Ewald Coefficient =  0.27511
     Interpolation order =    4
|      EXTRA_PTS, trim_bonds: num bonds BEFORE trim = 60172     0
|      EXTRA_PTS, trim_bonds: num bonds AFTER  trim = 60172     0
|      EXTRA_PTS, trim_bonds: num bonds BEFORE trim = 22549     0
|      EXTRA_PTS, trim_bonds: num bonds AFTER  trim =  3688     0
|      EXTRA_PTS, trim_theta: num angle BEFORE trim =  8173     0
|      EXTRA_PTS, trim_theta: num angle AFTER  trim =  8173     0
|      EXTRA_PTS, trim_theta: num angle BEFORE trim =  5000     0
|      EXTRA_PTS, trim_theta: num angle AFTER  trim =  5000     0
|      EXTRA_PTS, trim_phi:  num diheds BEFORE trim = 16301     0
|      EXTRA_PTS, trim_phi:  num diheds AFTER  trim = 16301     0
|      EXTRA_PTS, trim_phi:  num diheds BEFORE trim = 15785     0
|      EXTRA_PTS, trim_phi:  num diheds AFTER  trim = 15785     0

--------------------------------------------------------------------------------
   3.  ATOMIC COORDINATES AND VELOCITIES
--------------------------------------------------------------------------------

default_name                                                                    
 begin time read from input coords =     0.000 ps

 
 Number of triangulated 3-point waters found:    18861

     Sum of charges from parm topology file =  -5.99589467
     Assuming uniform neutralizing plasma

| Dynamic Memory, Types Used:
| Reals             2111747
| Integers          5653708

| Nonbonded Pairs Initial Allocation:    24995929

| GPU memory information (estimate):
| KB of GPU memory in use:    295425
| KB of CPU memory in use:    104913

--------------------------------------------------------------------------------
   4.  RESULTS
--------------------------------------------------------------------------------



   NSTEP       ENERGY          RMS            GMAX         NAME    NUMBER
      1      -3.4059E+05     2.5302E-01     1.1507E+01     C        1953

 BOND    =    70641.8275  ANGLE   =      916.5861  DIHED      =     1970.2791
 UB      =        0.0000  IMP     =        0.0000  CMAP       =      380.7565
 VDWAALS =    88481.5315  EEL     =  -522371.1155  HBOND      =        0.0000
 1-4 VDW =     1539.6375  1-4 EEL =    17850.0185  RESTRAINT  =        0.0000


   NSTEP       ENERGY          RMS            GMAX         NAME    NUMBER
    500      -3.4082E+05     8.9025E-02     2.0622E+01     CD       1140

 BOND    =    70681.1756  ANGLE   =      901.0389  DIHED      =     1959.7526
 UB      =        0.0000  IMP     =        0.0000  CMAP       =      365.8195
 VDWAALS =    88532.7990  EEL     =  -522504.6115  HBOND      =        0.0000
 1-4 VDW =     1500.9104  1-4 EEL =    17747.8243  RESTRAINT  =        0.0000


   NSTEP       ENERGY          RMS            GMAX         NAME    NUMBER
   1000      -3.4088E+05     2.6531E-02     1.1915E+00     CE1      6434

 BOND    =    70701.5707  ANGLE   =      902.9699  DIHED      =     1957.0479
 UB      =        0.0000  IMP     =        0.0000  CMAP       =      360.3995
 VDWAALS =    88564.8419  EEL     =  -522593.0534  HBOND      =        0.0000
 1-4 VDW =     1493.6822  1-4 EEL =    17729.4888  RESTRAINT  =        0.0000


   NSTEP       ENERGY          RMS            GMAX         NAME    NUMBER
   1500      -3.4093E+05     9.6187E-02     4.9952E+00     HG1      2334

 BOND    =    70728.6113  ANGLE   =      904.9186  DIHED      =     1955.7660
 UB      =        0.0000  IMP     =        0.0000  CMAP       =      356.1359
 VDWAALS =    88598.4879  EEL     =  -522685.4562  HBOND      =        0.0000
 1-4 VDW =     1489.2798  1-4 EEL =    17719.3076  RESTRAINT  =        0.0000


   NSTEP       ENERGY          RMS            GMAX         NAME    NUMBER
   2000      -3.4097E+05     5.5970E-02     1.2885E+01     CD       6250

 BOND    =    70736.1014  ANGLE   =      906.1265  DIHED      =     1953.9428
 UB      =        0.0000  IMP     =        0.0000  CMAP       =      352.5672
 VDWAALS =    88631.2549  EEL     =  -522751.4026  HBOND      =        0.0000
 1-4 VDW =     1486.0862  1-4 EEL =    17712.2218  RESTRAINT  =        0.0000


   NSTEP       ENERGY          RMS            GMAX         NAME    NUMBER
   2500      -3.4100E+05     4.9467E-02     1.3515E+00     N        3028

 BOND    =    70750.0025  ANGLE   =      907.3110  DIHED      =     1953.9815
 UB      =        0.0000  IMP     =        0.0000  CMAP       =      350.3354
 VDWAALS =    88661.9251  EEL     =  -522818.5589  HBOND      =        0.0000
 1-4 VDW =     1483.7551  1-4 EEL =    17706.3512  RESTRAINT  =        0.0000


   NSTEP       ENERGY          RMS            GMAX         NAME    NUMBER
   3000      -3.4103E+05     1.8348E-02     1.5529E+00     HZ1      1068

 BOND    =    70763.8513  ANGLE   =      908.5693  DIHED      =     1953.6926
 UB      =        0.0000  IMP     =        0.0000  CMAP       =      348.7121
 VDWAALS =    88688.8651  EEL     =  -522880.7194  HBOND      =        0.0000
 1-4 VDW =     1481.8046  1-4 EEL =    17701.9178  RESTRAINT  =        0.0000


   NSTEP       ENERGY          RMS            GMAX         NAME    NUMBER
   3500      -3.4107E+05     2.3918E-02     1.2426E+00     O       51839

 BOND    =    70776.4002  ANGLE   =      910.1154  DIHED      =     1951.9410
 UB      =        0.0000  IMP     =        0.0000  CMAP       =      347.3843
 VDWAALS =    88715.2647  EEL     =  -522946.0477  HBOND      =        0.0000
 1-4 VDW =     1480.0841  1-4 EEL =    17698.3548  RESTRAINT  =        0.0000


   NSTEP       ENERGY          RMS            GMAX         NAME    NUMBER
   4000      -3.4107E+05     1.8558E-02     1.2262E+00     O       51839

 BOND    =    70777.1067  ANGLE   =      910.2040  DIHED      =     1951.9020
 UB      =        0.0000  IMP     =        0.0000  CMAP       =      347.3253
 VDWAALS =    88716.4566  EEL     =  -522949.4192  HBOND      =        0.0000
 1-4 VDW =     1480.0241  1-4 EEL =    17698.2316  RESTRAINT  =        0.0000


   NSTEP       ENERGY          RMS            GMAX         NAME    NUMBER
   4500      -3.4107E+05     1.8556E-02     1.2260E+00     O       51839

 BOND    =    70777.1161  ANGLE   =      910.2053  DIHED      =     1951.9016
 UB      =        0.0000  IMP     =        0.0000  CMAP       =      347.3245
 VDWAALS =    88716.4747  EEL     =  -522949.4888  HBOND      =        0.0000
 1-4 VDW =     1480.0232  1-4 EEL =    17698.2296  RESTRAINT  =        0.0000


   NSTEP       ENERGY          RMS            GMAX         NAME    NUMBER
   5000      -3.4107E+05     1.8555E-02     1.2258E+00     O       51839

 BOND    =    70777.1241  ANGLE   =      910.2065  DIHED      =     1951.9011
 UB      =        0.0000  IMP     =        0.0000  CMAP       =      347.3238
 VDWAALS =    88716.4875  EEL     =  -522949.5116  HBOND      =        0.0000
 1-4 VDW =     1480.0226  1-4 EEL =    17698.2282  RESTRAINT  =        0.0000


   NSTEP       ENERGY          RMS            GMAX         NAME    NUMBER
   5500      -3.4107E+05     1.8554E-02     1.2255E+00     O       51839

 BOND    =    70777.1334  ANGLE   =      910.2077  DIHED      =     1951.9005
 UB      =        0.0000  IMP     =        0.0000  CMAP       =      347.3230
 VDWAALS =    88716.5015  EEL     =  -522949.5848  HBOND      =        0.0000
 1-4 VDW =     1480.0218  1-4 EEL =    17698.2266  RESTRAINT  =        0.0000


   NSTEP       ENERGY          RMS            GMAX         NAME    NUMBER
   6000      -3.4107E+05     1.8553E-02     1.2253E+00     O       51839

 BOND    =    70777.1436  ANGLE   =      910.2090  DIHED      =     1951.8999
 UB      =        0.0000  IMP     =        0.0000  CMAP       =      347.3221
 VDWAALS =    88716.5179  EEL     =  -522949.6171  HBOND      =        0.0000
 1-4 VDW =     1480.0209  1-4 EEL =    17698.2247  RESTRAINT  =        0.0000


   NSTEP       ENERGY          RMS            GMAX         NAME    NUMBER
   6500      -3.4107E+05     1.8551E-02     1.2250E+00     O       51839

 BOND    =    70777.1542  ANGLE   =      910.2104  DIHED      =     1951.8995
 UB      =        0.0000  IMP     =        0.0000  CMAP       =      347.3212
 VDWAALS =    88716.5331  EEL     =  -522949.6693  HBOND      =        0.0000
 1-4 VDW =     1480.0200  1-4 EEL =    17698.2228  RESTRAINT  =        0.0000


   NSTEP       ENERGY          RMS            GMAX         NAME    NUMBER
   7000      -3.4107E+05     1.8550E-02     1.2247E+00     O       51839

 BOND    =    70777.1642  ANGLE   =      910.2116  DIHED      =     1951.8991
 UB      =        0.0000  IMP     =        0.0000  CMAP       =      347.3204
 VDWAALS =    88716.5507  EEL     =  -522949.7427  HBOND      =        0.0000
 1-4 VDW =     1480.0191  1-4 EEL =    17698.2210  RESTRAINT  =        0.0000


   NSTEP       ENERGY          RMS            GMAX         NAME    NUMBER
   7500      -3.4107E+05     1.8548E-02     1.2245E+00     O       51839

 BOND    =    70777.1739  ANGLE   =      910.2129  DIHED      =     1951.8984
 UB      =        0.0000  IMP     =        0.0000  CMAP       =      347.3196
 VDWAALS =    88716.5670  EEL     =  -522949.7875  HBOND      =        0.0000
 1-4 VDW =     1480.0183  1-4 EEL =    17698.2192  RESTRAINT  =        0.0000


   NSTEP       ENERGY          RMS            GMAX         NAME    NUMBER
   8000      -3.4107E+05     1.8547E-02     1.2245E+00     H1      49736

 BOND    =    70777.1835  ANGLE   =      910.2141  DIHED      =     1951.8981
 UB      =        0.0000  IMP     =        0.0000  CMAP       =      347.3188
 VDWAALS =    88716.5821  EEL     =  -522949.8046  HBOND      =        0.0000
 1-4 VDW =     1480.0176  1-4 EEL =    17698.2176  RESTRAINT  =        0.0000


   NSTEP       ENERGY          RMS            GMAX         NAME    NUMBER
   8500      -3.4107E+05     1.8545E-02     1.2245E+00     H1      49736

 BOND    =    70777.1945  ANGLE   =      910.2154  DIHED      =     1951.8974
 UB      =        0.0000  IMP     =        0.0000  CMAP       =      347.3180
 VDWAALS =    88716.5969  EEL     =  -522949.8739  HBOND      =        0.0000
 1-4 VDW =     1480.0166  1-4 EEL =    17698.2158  RESTRAINT  =        0.0000


   NSTEP       ENERGY          RMS            GMAX         NAME    NUMBER
   9000      -3.4107E+05     1.8544E-02     1.2246E+00     H1      49736

 BOND    =    70777.2036  ANGLE   =      910.2167  DIHED      =     1951.8969
 UB      =        0.0000  IMP     =        0.0000  CMAP       =      347.3172
 VDWAALS =    88716.6135  EEL     =  -522949.9114  HBOND      =        0.0000
 1-4 VDW =     1480.0159  1-4 EEL =    17698.2141  RESTRAINT  =        0.0000


   NSTEP       ENERGY          RMS            GMAX         NAME    NUMBER
   9500      -3.4107E+05     1.8543E-02     1.2247E+00     H1      49736

 BOND    =    70777.2132  ANGLE   =      910.2179  DIHED      =     1951.8964
 UB      =        0.0000  IMP     =        0.0000  CMAP       =      347.3164
 VDWAALS =    88716.6304  EEL     =  -522949.9269  HBOND      =        0.0000
 1-4 VDW =     1480.0150  1-4 EEL =    17698.2123  RESTRAINT  =        0.0000


   NSTEP       ENERGY          RMS            GMAX         NAME    NUMBER
  10000      -3.4107E+05     1.8542E-02     1.2247E+00     H1      49736

 BOND    =    70777.2225  ANGLE   =      910.2192  DIHED      =     1951.8959
 UB      =        0.0000  IMP     =        0.0000  CMAP       =      347.3156
 VDWAALS =    88716.6479  EEL     =  -522949.9719  HBOND      =        0.0000
 1-4 VDW =     1480.0143  1-4 EEL =    17698.2106  RESTRAINT  =        0.0000


   NSTEP       ENERGY          RMS            GMAX         NAME    NUMBER
  10500      -3.4125E+05     4.0979E-02     4.6521E+00     CD       1140

 BOND    =    70864.7836  ANGLE   =      916.3614  DIHED      =     1957.6481
 UB      =        0.0000  IMP     =        0.0000  CMAP       =      344.0677
 VDWAALS =    88883.9008  EEL     =  -523382.2647  HBOND      =        0.0000
 1-4 VDW =     1476.3368  1-4 EEL =    17688.9438  RESTRAINT  =        0.0000

     .... RESTARTED DUE TO LINMIN FAILURE ...


   NSTEP       ENERGY          RMS            GMAX         NAME    NUMBER
  11000      -3.4136E+05     6.3218E-02     5.6690E+00     CD2      3836

 BOND    =    70937.6518  ANGLE   =      919.0706  DIHED      =     1964.3781
 UB      =        0.0000  IMP     =        0.0000  CMAP       =      343.7017
 VDWAALS =    89047.6906  EEL     =  -523738.5449  HBOND      =        0.0000
 1-4 VDW =     1476.3030  1-4 EEL =    17687.4780  RESTRAINT  =        0.0000

     .... RESTARTED DUE TO LINMIN FAILURE ...

     .... RESTARTED DUE TO LINMIN FAILURE ...

     .... RESTARTED DUE TO LINMIN FAILURE ...

     .... RESTARTED DUE TO LINMIN FAILURE ...


                    FINAL RESULTS



   NSTEP       ENERGY          RMS            GMAX         NAME    NUMBER
  11210      -3.4137E+05     1.6586E-02     1.5724E+00     CD2      3836

 BOND    =    70942.1024  ANGLE   =      919.0468  DIHED      =     1963.8516
 UB      =        0.0000  IMP     =        0.0000  CMAP       =      343.1137
 VDWAALS =    89061.2601  EEL     =  -523766.3295  HBOND      =        0.0000
 1-4 VDW =     1476.5599  1-4 EEL =    17687.6675  RESTRAINT  =        0.0000

     ***** REPEATED LINMIN FAILURE *****
--------------------------------------------------------------------------------
   5.  TIMINGS
--------------------------------------------------------------------------------

|  NonSetup CPU Time in Major Routines:
|
|     Routine           Sec        %
|     ------------------------------
|     Nonbond          15.78   30.11
|     Bond              0.00    0.00
|     Angle             0.00    0.00
|     Dihedral          0.00    0.00
|     Shake             0.00    0.00
|     Other            36.62   69.89
|     ------------------------------
|     Total            52.40

|  PME Nonbond Pairlist CPU Time:
|
|     Routine              Sec        %
|     ---------------------------------
|     Set Up Cit           0.00    0.00
|     Build List           0.00    0.00
|     ---------------------------------
|     Total                0.00    0.00

|  PME Direct Force CPU Time:
|
|     Routine              Sec        %
|     ---------------------------------
|     NonBonded Calc       0.00    0.00
|     Exclude Masked       0.00    0.00
|     Other                0.02    0.05
|     ---------------------------------
|     Total                0.02    0.05

|  PME Reciprocal Force CPU Time:
|
|     Routine              Sec        %
|     ---------------------------------
|     1D bspline           0.00    0.00
|     Grid Charges         0.00    0.00
|     Scalar Sum           0.00    0.00
|     Gradient Sum         0.00    0.00
|     FFT                  0.00    0.00
|     ---------------------------------
|     Total                0.00    0.00

|  Setup CPU time:            0.96 seconds
|  NonSetup CPU time:        52.40 seconds
|  Total CPU time:           53.36 seconds     0.01 hours

|  Setup wall time:           2    seconds
|  NonSetup wall time:       52    seconds
|  Total wall time:          54    seconds     0.01 hours
