
          -------------------------------------------------------
          Amber 20 PMEMD                              2020
          -------------------------------------------------------

| PMEMD implementation of SANDER, Release 18

|  Compiled date/time: Wed Sep 22 23:21:21 2021
| Run on 12/07/2023 at 18:20:42

|   Executable path: /mnt/research/MerzGroup/Amber20Tools21/amber20/bin/pmemd.cuda
| Working directory: /mnt/gs21/scratch/lizhen6/13hydrocoa
|          Hostname: nvf-001

  [-O]verwriting output

File Assignments:
|   MDIN: ti2_min3.in                                                           
|  MDOUT: ti2_min3.out                                                          
| INPCRD: ti2_min2.rst                                                          
|   PARM: complex_solv.prmtop                                                   
| RESTRT: ti2_min3.rst                                                          
|   REFC: ti2_min2.rst                                                          
|  MDVEL: mdvel                                                                 
|   MDEN: mden                                                                  
|  MDCRD: ti2_min3.netcdf                                                       
| MDINFO: ti2_min3.mdinfo                                                       
|  MDFRC: mdfrc                                                                 


 Here is the input file:

min for deltaG calculation                                                     
 &cntrl                                                                        
  imin=1,                                                                      
  irest=0, ! default, no velocity from rst                                     
  ntmin=1, ! default, steep then conjugate                                     
  maxcyc=20000,                                                                
  ncyc=10000,                                                                  
  cut=10.0,                                                                    
  ntb=1,                                                                       
  ntpr=500, ! write to mdinfo file                                             
  ntwr=500, ! write to rst file                                                
  ntwx=10000, ! write to mdcrd file                                            
  ntave=500, ! calc ave every 500 steps                                        
  ioutfm=1,                                                                    
  iwrap=1,                                                                     
  ntr=1,                                                                       
  restraintmask=':1-433@C,O,CA,N',                                             
  restraint_wt=200,                                                            
/                                                                              
&ewald                                                                         
nfft1=48, nfft2=48, nfft3=48,                                                  
/                                                                              


Note: ig = -1. Setting random seed to   698363 based on wallclock time in 
      microseconds.
| irandom = 1, using AMBER's internal random number generator (default).
 
|--------------------- INFORMATION ----------------------
| GPU (CUDA) Version of PMEMD in use: NVIDIA GPU IN USE.
|                    Version 18.0.0
| 
|                      03/25/2018
| 
| Implementation by:
|                    Ross C. Walker     (SDSC)
|                    Scott Le Grand     (nVIDIA)
| 
| Version 18 performance extensions by:
|                    David Cerutti     (Rutgers)
| 
| Precision model in use:
|      [SPFP] - Single Precision Forces, 64-bit Fixed Point
|               Accumulation. (Default)
| 
|--------------------------------------------------------
 
|----------------- CITATION INFORMATION -----------------
|
|    When publishing work that utilized the CUDA version
|    of AMBER, please cite the following in addition to
|    the regular AMBER citations:
|
|  - Romelia Salomon-Ferrer; Andreas W. Goetz; Duncan
|    Poole; Scott Le Grand; Ross C. Walker "Routine
|    microsecond molecular dynamics simulations with
|    AMBER - Part II: Particle Mesh Ewald", J. Chem.
|    Theory Comput., 2013, 9 (9), pp3878-3888,
|    DOI: 10.1021/ct400314y.
|
|  - Andreas W. Goetz; Mark J. Williamson; Dong Xu;
|    Duncan Poole; Scott Le Grand; Ross C. Walker
|    "Routine microsecond molecular dynamics simulations
|    with AMBER - Part I: Generalized Born", J. Chem.
|    Theory Comput., 2012, 8 (5), pp1542-1555.
|
|  - Scott Le Grand; Andreas W. Goetz; Ross C. Walker
|    "SPFP: Speed without compromise - a mixed precision
|    model for GPU accelerated molecular dynamics
|    simulations.", Comp. Phys. Comm., 2013, 184
|    pp374-380, DOI: 10.1016/j.cpc.2012.09.022
|
|--------------------------------------------------------
 
|------------------- GPU DEVICE INFO --------------------
|
|            CUDA_VISIBLE_DEVICES: 0
|   CUDA Capable Devices Detected:      1
|           CUDA Device ID in use:      0
|                CUDA Device Name: Tesla V100S-PCIE-32GB
|     CUDA Device Global Mem Size:  32500 MB
| CUDA Device Num Multiprocessors:     80
|           CUDA Device Core Freq:   1.60 GHz
|
|--------------------------------------------------------
 
 
| Conditional Compilation Defines Used:
| PUBFFT
| BINTRAJ
| CUDA
| EMIL

| Largest sphere to fit in unit cell has radius =    38.970

| New format PARM file being parsed.
| Version =    1.000 Date = 12/07/23 Time = 17:28:07

| Note: 1-4 EEL scale factors are being read from the topology file.

| Note: 1-4 VDW scale factors are being read from the topology file.
| Duplicated    0 dihedrals

| Duplicated    0 dihedrals

--------------------------------------------------------------------------------
   1.  RESOURCE   USE: 
--------------------------------------------------------------------------------

 getting box info from netcdf restart file
 NATOM  =   82638 NTYPES =      34 NBONH =   60172 MBONA  =   22549
 NTHETH =    8173 MTHETA =    5000 NPHIH =   16301 MPHIA  =   15785
 NHPARM =       0 NPARM  =       0 NNB   =  171776 NRES   =   19303
 NBONA  =   22549 NTHETA =    5000 NPHIA =   15785 NUMBND =     109
 NUMANG =     251 NPTRA  =     250 NATYP =      62 NPHB   =       0
 IFBOX  =       1 NMXRS  =      80 IFCAP =       0 NEXTRA =   18861
 NCOPY  =       0


| Coordinate Index Table dimensions:    18   17   14
| Direct force subcell size =     5.7341    5.6594    5.5671

     BOX TYPE: RECTILINEAR

--------------------------------------------------------------------------------
   2.  CONTROL  DATA  FOR  THE  RUN
--------------------------------------------------------------------------------

default_name                                                                    

General flags:
     imin    =       1, nmropt  =       0

Nature and format of input:
     ntx     =       1, irest   =       0, ntrx    =       1

Nature and format of output:
     ntxo    =       2, ntpr    =     500, ntrx    =       1, ntwr    =     500
     iwrap   =       1, ntwx    =   10000, ntwv    =       0, ntwe    =       0
     ioutfm  =       1, ntwprt  =       0, idecomp =       0, rbornstat=      0

Potential function:
     ntf     =       1, ntb     =       1, igb     =       0, nsnb    =      25
     ipol    =       0, gbsa    =       0, iesp    =       0
     dielc   =   1.00000, cut     =  10.00000, intdiel =   1.00000

Frozen or restrained atoms:
     ibelly  =       0, ntr     =       1
     restraint_wt = 200.00000

Energy minimization:
     maxcyc  =   20000, ncyc    =   10000, ntmin   =       1
     dx0     =   0.01000, drms    =   0.00010

| Intermolecular bonds treatment:
|     no_intermolecular_bonds =       1

| Energy averages sample interval:
|     ene_avg_sampling =       1

Extra-points options:
     frameon =       1, chngmask=       1

Ewald parameters:
     verbose =       0, ew_type =       0, nbflag  =       1, use_pme =       1
     vdwmeth =       1, eedmeth =       1, netfrc  =       0
     Box X =  103.214   Box Y =   96.210   Box Z =   77.940
     Alpha =   90.000   Beta  =   90.000   Gamma =   90.000
     NFFT1 =   48       NFFT2 =   48       NFFT3 =   48
     Cutoff=   10.000   Tol   =0.100E-04
     Ewald Coefficient =  0.27511
     Interpolation order =    4

    LOADING THE CONSTRAINED ATOMS AS GROUPS


   5.  REFERENCE ATOM COORDINATES

  default_name                                                                    
     Mask :1-433@C,O,CA,N; matches  1724 atoms
|      EXTRA_PTS, trim_bonds: num bonds BEFORE trim = 60172     0
|      EXTRA_PTS, trim_bonds: num bonds AFTER  trim = 60172     0
|      EXTRA_PTS, trim_bonds: num bonds BEFORE trim = 22549     0
|      EXTRA_PTS, trim_bonds: num bonds AFTER  trim =  3688     0
|      EXTRA_PTS, trim_theta: num angle BEFORE trim =  8173     0
|      EXTRA_PTS, trim_theta: num angle AFTER  trim =  8173     0
|      EXTRA_PTS, trim_theta: num angle BEFORE trim =  5000     0
|      EXTRA_PTS, trim_theta: num angle AFTER  trim =  5000     0
|      EXTRA_PTS, trim_phi:  num diheds BEFORE trim = 16301     0
|      EXTRA_PTS, trim_phi:  num diheds AFTER  trim = 16301     0
|      EXTRA_PTS, trim_phi:  num diheds BEFORE trim = 15785     0
|      EXTRA_PTS, trim_phi:  num diheds AFTER  trim = 15785     0

--------------------------------------------------------------------------------
   3.  ATOMIC COORDINATES AND VELOCITIES
--------------------------------------------------------------------------------

default_name                                                                    
 begin time read from input coords =     0.000 ps

 
 Number of triangulated 3-point waters found:    18861

     Sum of charges from parm topology file =  -5.99589467
     Assuming uniform neutralizing plasma

| Dynamic Memory, Types Used:
| Reals             2442299
| Integers          5736346

| Nonbonded Pairs Initial Allocation:    24995929

| GPU memory information (estimate):
| KB of GPU memory in use:    295699
| KB of CPU memory in use:    105187

--------------------------------------------------------------------------------
   4.  RESULTS
--------------------------------------------------------------------------------



   NSTEP       ENERGY          RMS            GMAX         NAME    NUMBER
      1      -3.3837E+05     6.7729E-01     6.9969E+01     C43       103

 BOND    =    69711.9184  ANGLE   =      959.2594  DIHED      =     1968.5813
 UB      =        0.0000  IMP     =        0.0000  CMAP       =      387.3169
 VDWAALS =    86827.2311  EEL     =  -517842.3780  HBOND      =        0.0000
 1-4 VDW =     1669.1108  1-4 EEL =    17950.6588  RESTRAINT  =        0.0000


   NSTEP       ENERGY          RMS            GMAX         NAME    NUMBER
    500      -3.3918E+05     5.6263E-02     6.1005E+00     CE1      2626

 BOND    =    69796.8176  ANGLE   =      882.9394  DIHED      =     1924.1553
 UB      =        0.0000  IMP     =        0.0000  CMAP       =      384.2618
 VDWAALS =    86720.7531  EEL     =  -518408.4154  HBOND      =        0.0000
 1-4 VDW =     1579.5829  1-4 EEL =    17920.7264  RESTRAINT  =       20.9066
 EAMBER  =  -339199.1790


   NSTEP       ENERGY          RMS            GMAX         NAME    NUMBER
   1000      -3.3930E+05     9.0158E-02     5.6871E+00     H2      65389

 BOND    =    69832.1060  ANGLE   =      888.1495  DIHED      =     1920.5963
 UB      =        0.0000  IMP     =        0.0000  CMAP       =      383.8184
 VDWAALS =    86769.6331  EEL     =  -518614.7582  HBOND      =        0.0000
 1-4 VDW =     1576.7811  1-4 EEL =    17924.9984  RESTRAINT  =       22.1585
 EAMBER  =  -339318.6754


   NSTEP       ENERGY          RMS            GMAX         NAME    NUMBER
   1500      -3.3937E+05     9.3980E-02     7.9768E+00     C        6020

 BOND    =    69858.1684  ANGLE   =      893.8015  DIHED      =     1920.7197
 UB      =        0.0000  IMP     =        0.0000  CMAP       =      383.6024
 VDWAALS =    86818.7921  EEL     =  -518769.9862  HBOND      =        0.0000
 1-4 VDW =     1576.3522  1-4 EEL =    17925.7010  RESTRAINT  =       23.2891
 EAMBER  =  -339392.8488


   NSTEP       ENERGY          RMS            GMAX         NAME    NUMBER
   2000      -3.3943E+05     2.9127E-02     2.1921E+00     HD22     1764

 BOND    =    69881.5801  ANGLE   =      895.5786  DIHED      =     1922.3773
 UB      =        0.0000  IMP     =        0.0000  CMAP       =      383.5297
 VDWAALS =    86867.8691  EEL     =  -518907.7361  HBOND      =        0.0000
 1-4 VDW =     1576.7930  1-4 EEL =    17926.2740  RESTRAINT  =       24.0460
 EAMBER  =  -339453.7343


   NSTEP       ENERGY          RMS            GMAX         NAME    NUMBER
   2500      -3.3948E+05     4.8422E-02     2.4020E+00     H1      34624

 BOND    =    69900.8348  ANGLE   =      897.4530  DIHED      =     1923.7143
 UB      =        0.0000  IMP     =        0.0000  CMAP       =      383.5340
 VDWAALS =    86904.7876  EEL     =  -519014.6853  HBOND      =        0.0000
 1-4 VDW =     1576.9333  1-4 EEL =    17925.7019  RESTRAINT  =       24.7065
 EAMBER  =  -339501.7264


   NSTEP       ENERGY          RMS            GMAX         NAME    NUMBER
   3000      -3.3953E+05     3.8024E-02     3.3063E+00     N        6316

 BOND    =    69920.2957  ANGLE   =      900.9935  DIHED      =     1926.4706
 UB      =        0.0000  IMP     =        0.0000  CMAP       =      383.5844
 VDWAALS =    86935.6999  EEL     =  -519123.1675  HBOND      =        0.0000
 1-4 VDW =     1577.4328  1-4 EEL =    17925.3368  RESTRAINT  =       25.6779
 EAMBER  =  -339553.3537


   NSTEP       ENERGY          RMS            GMAX         NAME    NUMBER
   3500      -3.3957E+05     7.4734E-02     1.9102E+01     CD       6250

 BOND    =    69934.9875  ANGLE   =      905.0297  DIHED      =     1929.9029
 UB      =        0.0000  IMP     =        0.0000  CMAP       =      383.6323
 VDWAALS =    86963.5016  EEL     =  -519221.8942  HBOND      =        0.0000
 1-4 VDW =     1577.9524  1-4 EEL =    17925.3392  RESTRAINT  =       26.6749
 EAMBER  =  -339601.5487


   NSTEP       ENERGY          RMS            GMAX         NAME    NUMBER
   4000      -3.3962E+05     8.2493E-02     2.2023E+01     CD       6250

 BOND    =    69950.1618  ANGLE   =      907.5180  DIHED      =     1932.3657
 UB      =        0.0000  IMP     =        0.0000  CMAP       =      383.6734
 VDWAALS =    86994.1129  EEL     =  -519317.1361  HBOND      =        0.0000
 1-4 VDW =     1578.2045  1-4 EEL =    17924.3405  RESTRAINT  =       27.3199
 EAMBER  =  -339646.7593


   NSTEP       ENERGY          RMS            GMAX         NAME    NUMBER
   4500      -3.3966E+05     2.4240E-02     1.9954E+00     OE1      6344

 BOND    =    69967.7022  ANGLE   =      908.2566  DIHED      =     1935.0719
 UB      =        0.0000  IMP     =        0.0000  CMAP       =      383.7543
 VDWAALS =    87029.9855  EEL     =  -519414.3743  HBOND      =        0.0000
 1-4 VDW =     1578.5205  1-4 EEL =    17924.4140  RESTRAINT  =       27.6559
 EAMBER  =  -339686.6693


   NSTEP       ENERGY          RMS            GMAX         NAME    NUMBER
   5000      -3.3970E+05     9.2358E-02     5.7673E+00     H2      67809

 BOND    =    69988.9453  ANGLE   =      909.2658  DIHED      =     1937.2977
 UB      =        0.0000  IMP     =        0.0000  CMAP       =      383.7590
 VDWAALS =    87072.4566  EEL     =  -519522.5828  HBOND      =        0.0000
 1-4 VDW =     1578.7536  1-4 EEL =    17923.2784  RESTRAINT  =       27.9640
 EAMBER  =  -339728.8264


   NSTEP       ENERGY          RMS            GMAX         NAME    NUMBER
   5500      -3.3973E+05     1.9483E-02     2.6769E+00     HD22     1764

 BOND    =    70005.2586  ANGLE   =      909.5192  DIHED      =     1938.7574
 UB      =        0.0000  IMP     =        0.0000  CMAP       =      383.7461
 VDWAALS =    87112.2207  EEL     =  -519608.2513  HBOND      =        0.0000
 1-4 VDW =     1579.1517  1-4 EEL =    17922.1868  RESTRAINT  =       28.1537
 EAMBER  =  -339757.4108


   NSTEP       ENERGY          RMS            GMAX         NAME    NUMBER
   6000      -3.3973E+05     1.9483E-02     2.6755E+00     HD22     1764

 BOND    =    70005.2701  ANGLE   =      909.5196  DIHED      =     1938.7586
 UB      =        0.0000  IMP     =        0.0000  CMAP       =      383.7461
 VDWAALS =    87112.2490  EEL     =  -519608.3176  HBOND      =        0.0000
 1-4 VDW =     1579.1521  1-4 EEL =    17922.1858  RESTRAINT  =       28.1538
 EAMBER  =  -339757.4364


   NSTEP       ENERGY          RMS            GMAX         NAME    NUMBER
   6500      -3.3973E+05     1.9482E-02     2.6740E+00     HD22     1764

 BOND    =    70005.2823  ANGLE   =      909.5200  DIHED      =     1938.7599
 UB      =        0.0000  IMP     =        0.0000  CMAP       =      383.7461
 VDWAALS =    87112.2802  EEL     =  -519608.4004  HBOND      =        0.0000
 1-4 VDW =     1579.1524  1-4 EEL =    17922.1847  RESTRAINT  =       28.1539
 EAMBER  =  -339757.4748


   NSTEP       ENERGY          RMS            GMAX         NAME    NUMBER
   7000      -3.3973E+05     1.9479E-02     2.6723E+00     HD22     1764

 BOND    =    70005.2953  ANGLE   =      909.5205  DIHED      =     1938.7610
 UB      =        0.0000  IMP     =        0.0000  CMAP       =      383.7460
 VDWAALS =    87112.3122  EEL     =  -519608.4735  HBOND      =        0.0000
 1-4 VDW =     1579.1528  1-4 EEL =    17922.1834  RESTRAINT  =       28.1540
 EAMBER  =  -339757.5022


   NSTEP       ENERGY          RMS            GMAX         NAME    NUMBER
   7500      -3.3973E+05     1.9478E-02     2.6706E+00     HD22     1764

 BOND    =    70005.3077  ANGLE   =      909.5209  DIHED      =     1938.7622
 UB      =        0.0000  IMP     =        0.0000  CMAP       =      383.7460
 VDWAALS =    87112.3431  EEL     =  -519608.5005  HBOND      =        0.0000
 1-4 VDW =     1579.1531  1-4 EEL =    17922.1823  RESTRAINT  =       28.1541
 EAMBER  =  -339757.4852


   NSTEP       ENERGY          RMS            GMAX         NAME    NUMBER
   8000      -3.3973E+05     1.9477E-02     2.6691E+00     HD22     1764

 BOND    =    70005.3194  ANGLE   =      909.5213  DIHED      =     1938.7633
 UB      =        0.0000  IMP     =        0.0000  CMAP       =      383.7460
 VDWAALS =    87112.3719  EEL     =  -519608.6272  HBOND      =        0.0000
 1-4 VDW =     1579.1535  1-4 EEL =    17922.1812  RESTRAINT  =       28.1542
 EAMBER  =  -339757.5706


   NSTEP       ENERGY          RMS            GMAX         NAME    NUMBER
   8500      -3.3973E+05     1.9479E-02     2.6707E+00     HD22     1764

 BOND    =    70005.3306  ANGLE   =      909.5217  DIHED      =     1938.7643
 UB      =        0.0000  IMP     =        0.0000  CMAP       =      383.7460
 VDWAALS =    87112.4002  EEL     =  -519608.6607  HBOND      =        0.0000
 1-4 VDW =     1579.1538  1-4 EEL =    17922.1803  RESTRAINT  =       28.1543
 EAMBER  =  -339757.5638


   NSTEP       ENERGY          RMS            GMAX         NAME    NUMBER
   9000      -3.3973E+05     1.9478E-02     2.6690E+00     HD22     1764

 BOND    =    70005.3431  ANGLE   =      909.5221  DIHED      =     1938.7655
 UB      =        0.0000  IMP     =        0.0000  CMAP       =      383.7460
 VDWAALS =    87112.4326  EEL     =  -519608.7206  HBOND      =        0.0000
 1-4 VDW =     1579.1542  1-4 EEL =    17922.1791  RESTRAINT  =       28.1543
 EAMBER  =  -339757.5779


   NSTEP       ENERGY          RMS            GMAX         NAME    NUMBER
   9500      -3.3973E+05     1.9477E-02     2.6672E+00     HD22     1764

 BOND    =    70005.3556  ANGLE   =      909.5226  DIHED      =     1938.7666
 UB      =        0.0000  IMP     =        0.0000  CMAP       =      383.7460
 VDWAALS =    87112.4650  EEL     =  -519608.8450  HBOND      =        0.0000
 1-4 VDW =     1579.1545  1-4 EEL =    17922.1779  RESTRAINT  =       28.1544
 EAMBER  =  -339757.6569


   NSTEP       ENERGY          RMS            GMAX         NAME    NUMBER
  10000      -3.3973E+05     1.9477E-02     2.6656E+00     HD22     1764

 BOND    =    70005.3679  ANGLE   =      909.5230  DIHED      =     1938.7679
 UB      =        0.0000  IMP     =        0.0000  CMAP       =      383.7460
 VDWAALS =    87112.4933  EEL     =  -519608.8940  HBOND      =        0.0000
 1-4 VDW =     1579.1548  1-4 EEL =    17922.1768  RESTRAINT  =       28.1545
 EAMBER  =  -339757.6644

     .... RESTARTED DUE TO LINMIN FAILURE ...

     .... RESTARTED DUE TO LINMIN FAILURE ...

     .... RESTARTED DUE TO LINMIN FAILURE ...


   NSTEP       ENERGY          RMS            GMAX         NAME    NUMBER
  10500      -3.3992E+05     8.1511E-02     6.3529E+00     CD       1140

 BOND    =    70136.4389  ANGLE   =      915.6556  DIHED      =     1945.0996
 UB      =        0.0000  IMP     =        0.0000  CMAP       =      383.8428
 VDWAALS =    87397.8873  EEL     =  -520221.8783  HBOND      =        0.0000
 1-4 VDW =     1580.7284  1-4 EEL =    17914.8166  RESTRAINT  =       28.9003
 EAMBER  =  -339947.4091


   NSTEP       ENERGY          RMS            GMAX         NAME    NUMBER
  11000      -3.4008E+05     6.2840E-02     4.2345E+00     CB       1757

 BOND    =    70264.6210  ANGLE   =      916.7097  DIHED      =     1955.5326
 UB      =        0.0000  IMP     =        0.0000  CMAP       =      383.8707
 VDWAALS =    87678.8170  EEL     =  -520805.0546  HBOND      =        0.0000
 1-4 VDW =     1582.9060  1-4 EEL =    17912.6949  RESTRAINT  =       29.5719
 EAMBER  =  -340109.9027

     .... RESTARTED DUE TO LINMIN FAILURE ...

     .... RESTARTED DUE TO LINMIN FAILURE ...


                    FINAL RESULTS



   NSTEP       ENERGY          RMS            GMAX         NAME    NUMBER
  11072      -3.4008E+05     3.4772E-02     3.2620E+00     CD       1140

 BOND    =    70271.0736  ANGLE   =      916.3836  DIHED      =     1955.5527
 UB      =        0.0000  IMP     =        0.0000  CMAP       =      383.8783
 VDWAALS =    87682.8330  EEL     =  -520818.3010  HBOND      =        0.0000
 1-4 VDW =     1582.7890  1-4 EEL =    17913.0949  RESTRAINT  =       29.5922
 EAMBER  =  -340112.6960

     ***** REPEATED LINMIN FAILURE *****
--------------------------------------------------------------------------------
   5.  TIMINGS
--------------------------------------------------------------------------------

|  NonSetup CPU Time in Major Routines:
|
|     Routine           Sec        %
|     ------------------------------
|     Nonbond          15.51   29.35
|     Bond              0.00    0.00
|     Angle             0.00    0.00
|     Dihedral          0.00    0.00
|     Shake             0.00    0.00
|     Other            37.33   70.65
|     ------------------------------
|     Total            52.83

|  PME Nonbond Pairlist CPU Time:
|
|     Routine              Sec        %
|     ---------------------------------
|     Set Up Cit           0.00    0.00
|     Build List           0.00    0.00
|     ---------------------------------
|     Total                0.00    0.00

|  PME Direct Force CPU Time:
|
|     Routine              Sec        %
|     ---------------------------------
|     NonBonded Calc       0.00    0.00
|     Exclude Masked       0.00    0.00
|     Other                0.03    0.05
|     ---------------------------------
|     Total                0.03    0.05

|  PME Reciprocal Force CPU Time:
|
|     Routine              Sec        %
|     ---------------------------------
|     1D bspline           0.00    0.00
|     Grid Charges         0.00    0.00
|     Scalar Sum           0.00    0.00
|     Gradient Sum         0.00    0.00
|     FFT                  0.00    0.00
|     ---------------------------------
|     Total                0.00    0.00

|  Setup CPU time:            1.01 seconds
|  NonSetup CPU time:        52.83 seconds
|  Total CPU time:           53.85 seconds     0.01 hours

|  Setup wall time:           1    seconds
|  NonSetup wall time:       53    seconds
|  Total wall time:          54    seconds     0.01 hours
