
          -------------------------------------------------------
          Amber 20 PMEMD                              2020
          -------------------------------------------------------

| PMEMD implementation of SANDER, Release 18

|  Compiled date/time: Wed Sep 22 23:21:21 2021
| Run on 12/07/2023 at 18:19:42

|   Executable path: /mnt/research/MerzGroup/Amber20Tools21/amber20/bin/pmemd.cuda
| Working directory: /mnt/gs21/scratch/lizhen6/13hydrocoa
|          Hostname: nvf-001

  [-O]verwriting output

File Assignments:
|   MDIN: ti2_min2.in                                                           
|  MDOUT: ti2_min2.out                                                          
| INPCRD: ti2_min1.rst                                                          
|   PARM: complex_solv.prmtop                                                   
| RESTRT: ti2_min2.rst                                                          
|   REFC: ti2_min1.rst                                                          
|  MDVEL: mdvel                                                                 
|   MDEN: mden                                                                  
|  MDCRD: ti2_min2.netcdf                                                       
| MDINFO: ti2_min2.mdinfo                                                       
|  MDFRC: mdfrc                                                                 


 Here is the input file:

min for deltaG calculation                                                     
 &cntrl                                                                        
  imin=1,                                                                      
  irest=0, ! default, no velocity from rst                                     
  ntmin=1, ! default, steep then conjugate                                     
  maxcyc=20000,                                                                
  ncyc=10000,                                                                  
  cut=10.0,                                                                    
  ntb=1,                                                                       
  ntpr=500, ! write to mdinfo file                                             
  ntwr=500, ! write to rst file                                                
  ntwx=10000, ! write to mdcrd file                                            
  ntave=500, ! calc ave every 500 steps                                        
  ioutfm=1,                                                                    
  iwrap=1,                                                                     
  ntr=1,                                                                       
  restraintmask=':1-433 & !@H= ',                                              
  restraint_wt=200,                                                            
/                                                                              
&ewald                                                                         
nfft1=48, nfft2=48, nfft3=48,                                                  
/                                                                              


Note: ig = -1. Setting random seed to   323903 based on wallclock time in 
      microseconds.
| irandom = 1, using AMBER's internal random number generator (default).
 
|--------------------- INFORMATION ----------------------
| GPU (CUDA) Version of PMEMD in use: NVIDIA GPU IN USE.
|                    Version 18.0.0
| 
|                      03/25/2018
| 
| Implementation by:
|                    Ross C. Walker     (SDSC)
|                    Scott Le Grand     (nVIDIA)
| 
| Version 18 performance extensions by:
|                    David Cerutti     (Rutgers)
| 
| Precision model in use:
|      [SPFP] - Single Precision Forces, 64-bit Fixed Point
|               Accumulation. (Default)
| 
|--------------------------------------------------------
 
|----------------- CITATION INFORMATION -----------------
|
|    When publishing work that utilized the CUDA version
|    of AMBER, please cite the following in addition to
|    the regular AMBER citations:
|
|  - Romelia Salomon-Ferrer; Andreas W. Goetz; Duncan
|    Poole; Scott Le Grand; Ross C. Walker "Routine
|    microsecond molecular dynamics simulations with
|    AMBER - Part II: Particle Mesh Ewald", J. Chem.
|    Theory Comput., 2013, 9 (9), pp3878-3888,
|    DOI: 10.1021/ct400314y.
|
|  - Andreas W. Goetz; Mark J. Williamson; Dong Xu;
|    Duncan Poole; Scott Le Grand; Ross C. Walker
|    "Routine microsecond molecular dynamics simulations
|    with AMBER - Part I: Generalized Born", J. Chem.
|    Theory Comput., 2012, 8 (5), pp1542-1555.
|
|  - Scott Le Grand; Andreas W. Goetz; Ross C. Walker
|    "SPFP: Speed without compromise - a mixed precision
|    model for GPU accelerated molecular dynamics
|    simulations.", Comp. Phys. Comm., 2013, 184
|    pp374-380, DOI: 10.1016/j.cpc.2012.09.022
|
|--------------------------------------------------------
 
|------------------- GPU DEVICE INFO --------------------
|
|            CUDA_VISIBLE_DEVICES: 0
|   CUDA Capable Devices Detected:      1
|           CUDA Device ID in use:      0
|                CUDA Device Name: Tesla V100S-PCIE-32GB
|     CUDA Device Global Mem Size:  32500 MB
| CUDA Device Num Multiprocessors:     80
|           CUDA Device Core Freq:   1.60 GHz
|
|--------------------------------------------------------
 
 
| Conditional Compilation Defines Used:
| PUBFFT
| BINTRAJ
| CUDA
| EMIL

| Largest sphere to fit in unit cell has radius =    38.970

| New format PARM file being parsed.
| Version =    1.000 Date = 12/07/23 Time = 17:28:07

| Note: 1-4 EEL scale factors are being read from the topology file.

| Note: 1-4 VDW scale factors are being read from the topology file.
| Duplicated    0 dihedrals

| Duplicated    0 dihedrals

--------------------------------------------------------------------------------
   1.  RESOURCE   USE: 
--------------------------------------------------------------------------------

 getting box info from netcdf restart file
 NATOM  =   82638 NTYPES =      34 NBONH =   60172 MBONA  =   22549
 NTHETH =    8173 MTHETA =    5000 NPHIH =   16301 MPHIA  =   15785
 NHPARM =       0 NPARM  =       0 NNB   =  171776 NRES   =   19303
 NBONA  =   22549 NTHETA =    5000 NPHIA =   15785 NUMBND =     109
 NUMANG =     251 NPTRA  =     250 NATYP =      62 NPHB   =       0
 IFBOX  =       1 NMXRS  =      80 IFCAP =       0 NEXTRA =   18861
 NCOPY  =       0


| Coordinate Index Table dimensions:    18   17   14
| Direct force subcell size =     5.7341    5.6594    5.5671

     BOX TYPE: RECTILINEAR

--------------------------------------------------------------------------------
   2.  CONTROL  DATA  FOR  THE  RUN
--------------------------------------------------------------------------------

default_name                                                                    

General flags:
     imin    =       1, nmropt  =       0

Nature and format of input:
     ntx     =       1, irest   =       0, ntrx    =       1

Nature and format of output:
     ntxo    =       2, ntpr    =     500, ntrx    =       1, ntwr    =     500
     iwrap   =       1, ntwx    =   10000, ntwv    =       0, ntwe    =       0
     ioutfm  =       1, ntwprt  =       0, idecomp =       0, rbornstat=      0

Potential function:
     ntf     =       1, ntb     =       1, igb     =       0, nsnb    =      25
     ipol    =       0, gbsa    =       0, iesp    =       0
     dielc   =   1.00000, cut     =  10.00000, intdiel =   1.00000

Frozen or restrained atoms:
     ibelly  =       0, ntr     =       1
     restraint_wt = 200.00000

Energy minimization:
     maxcyc  =   20000, ncyc    =   10000, ntmin   =       1
     dx0     =   0.01000, drms    =   0.00010

| Intermolecular bonds treatment:
|     no_intermolecular_bonds =       1

| Energy averages sample interval:
|     ene_avg_sampling =       1

Extra-points options:
     frameon =       1, chngmask=       1

Ewald parameters:
     verbose =       0, ew_type =       0, nbflag  =       1, use_pme =       1
     vdwmeth =       1, eedmeth =       1, netfrc  =       0
     Box X =  103.214   Box Y =   96.210   Box Z =   77.940
     Alpha =   90.000   Beta  =   90.000   Gamma =   90.000
     NFFT1 =   48       NFFT2 =   48       NFFT3 =   48
     Cutoff=   10.000   Tol   =0.100E-04
     Ewald Coefficient =  0.27511
     Interpolation order =    4

    LOADING THE CONSTRAINED ATOMS AS GROUPS


   5.  REFERENCE ATOM COORDINATES

  default_name                                                                    
     Mask :1-433 & !@H=; matches  3538 atoms
|      EXTRA_PTS, trim_bonds: num bonds BEFORE trim = 60172     0
|      EXTRA_PTS, trim_bonds: num bonds AFTER  trim = 60172     0
|      EXTRA_PTS, trim_bonds: num bonds BEFORE trim = 22549     0
|      EXTRA_PTS, trim_bonds: num bonds AFTER  trim =  3688     0
|      EXTRA_PTS, trim_theta: num angle BEFORE trim =  8173     0
|      EXTRA_PTS, trim_theta: num angle AFTER  trim =  8173     0
|      EXTRA_PTS, trim_theta: num angle BEFORE trim =  5000     0
|      EXTRA_PTS, trim_theta: num angle AFTER  trim =  5000     0
|      EXTRA_PTS, trim_phi:  num diheds BEFORE trim = 16301     0
|      EXTRA_PTS, trim_phi:  num diheds AFTER  trim = 16301     0
|      EXTRA_PTS, trim_phi:  num diheds BEFORE trim = 15785     0
|      EXTRA_PTS, trim_phi:  num diheds AFTER  trim = 15785     0

--------------------------------------------------------------------------------
   3.  ATOMIC COORDINATES AND VELOCITIES
--------------------------------------------------------------------------------

default_name                                                                    
 begin time read from input coords =     0.000 ps

 
 Number of triangulated 3-point waters found:    18861

     Sum of charges from parm topology file =  -5.99589467
     Assuming uniform neutralizing plasma

| Dynamic Memory, Types Used:
| Reals             2442299
| Integers          5736346

| Nonbonded Pairs Initial Allocation:    24995929

| GPU memory information (estimate):
| KB of GPU memory in use:    295899
| KB of CPU memory in use:    105387

--------------------------------------------------------------------------------
   4.  RESULTS
--------------------------------------------------------------------------------



   NSTEP       ENERGY          RMS            GMAX         NAME    NUMBER
      1      -3.3623E+05     2.1736E+00     3.3684E+02     OH       6377

 BOND    =    68929.7645  ANGLE   =      992.4110  DIHED      =     1945.9966
 UB      =        0.0000  IMP     =        0.0000  CMAP       =      388.4494
 VDWAALS =    85814.4016  EEL     =  -514110.1141  HBOND      =        0.0000
 1-4 VDW =     1721.9966  1-4 EEL =    18082.0996  RESTRAINT  =        0.0000


   NSTEP       ENERGY          RMS            GMAX         NAME    NUMBER
    500      -3.3730E+05     9.0939E-02     1.6827E+01     CD       3960

 BOND    =    68940.1281  ANGLE   =      959.1234  DIHED      =     1972.5424
 UB      =        0.0000  IMP     =        0.0000  CMAP       =      386.5116
 VDWAALS =    85239.7897  EEL     =  -514553.6145  HBOND      =        0.0000
 1-4 VDW =     1668.0166  1-4 EEL =    17950.6153  RESTRAINT  =      138.3619
 EAMBER  =  -337436.8873


   NSTEP       ENERGY          RMS            GMAX         NAME    NUMBER
   1000      -3.3737E+05     2.5471E-02     3.3095E+00     HG1      1084

 BOND    =    68967.3571  ANGLE   =      958.8845  DIHED      =     1972.3963
 UB      =        0.0000  IMP     =        0.0000  CMAP       =      386.5022
 VDWAALS =    85292.5707  EEL     =  -514702.9389  HBOND      =        0.0000
 1-4 VDW =     1668.3414  1-4 EEL =    17950.8672  RESTRAINT  =      139.3755
 EAMBER  =  -337506.0195


   NSTEP       ENERGY          RMS            GMAX         NAME    NUMBER
   1500      -3.3741E+05     4.3638E-02     6.9889E+00     CD       1140

 BOND    =    68996.5375  ANGLE   =      958.6873  DIHED      =     1970.4759
 UB      =        0.0000  IMP     =        0.0000  CMAP       =      386.5407
 VDWAALS =    85351.5167  EEL     =  -514831.5254  HBOND      =        0.0000
 1-4 VDW =     1668.3965  1-4 EEL =    17951.0352  RESTRAINT  =      140.2433
 EAMBER  =  -337548.3354


   NSTEP       ENERGY          RMS            GMAX         NAME    NUMBER
   2000      -3.3744E+05     6.2012E-02     1.1477E+01     CD       1140

 BOND    =    69021.6291  ANGLE   =      958.7153  DIHED      =     1970.5319
 UB      =        0.0000  IMP     =        0.0000  CMAP       =      386.5648
 VDWAALS =    85404.0455  EEL     =  -514938.2545  HBOND      =        0.0000
 1-4 VDW =     1668.4030  1-4 EEL =    17950.6171  RESTRAINT  =      140.4840
 EAMBER  =  -337577.7478


   NSTEP       ENERGY          RMS            GMAX         NAME    NUMBER
   2500      -3.3746E+05     2.0432E-02     3.4621E+00     HG       3913

 BOND    =    69038.7000  ANGLE   =      958.7951  DIHED      =     1969.3687
 UB      =        0.0000  IMP     =        0.0000  CMAP       =      386.5689
 VDWAALS =    85438.2766  EEL     =  -515013.5328  HBOND      =        0.0000
 1-4 VDW =     1668.3874  1-4 EEL =    17950.2714  RESTRAINT  =      140.5490
 EAMBER  =  -337603.1647


   NSTEP       ENERGY          RMS            GMAX         NAME    NUMBER
   3000      -3.3746E+05     2.0429E-02     3.4604E+00     HG       3913

 BOND    =    69038.7171  ANGLE   =      958.7951  DIHED      =     1969.3668
 UB      =        0.0000  IMP     =        0.0000  CMAP       =      386.5689
 VDWAALS =    85438.3132  EEL     =  -515013.6348  HBOND      =        0.0000
 1-4 VDW =     1668.3874  1-4 EEL =    17950.2710  RESTRAINT  =      140.5491
 EAMBER  =  -337603.2154


   NSTEP       ENERGY          RMS            GMAX         NAME    NUMBER
   3500      -3.3746E+05     2.0425E-02     3.4588E+00     HG       3913

 BOND    =    69038.7332  ANGLE   =      958.7952  DIHED      =     1969.3649
 UB      =        0.0000  IMP     =        0.0000  CMAP       =      386.5688
 VDWAALS =    85438.3462  EEL     =  -515013.7458  HBOND      =        0.0000
 1-4 VDW =     1668.3874  1-4 EEL =    17950.2706  RESTRAINT  =      140.5492
 EAMBER  =  -337603.2796


   NSTEP       ENERGY          RMS            GMAX         NAME    NUMBER
   4000      -3.3746E+05     2.0422E-02     3.4568E+00     HG       3913

 BOND    =    69038.7525  ANGLE   =      958.7953  DIHED      =     1969.3627
 UB      =        0.0000  IMP     =        0.0000  CMAP       =      386.5689
 VDWAALS =    85438.3881  EEL     =  -515013.7995  HBOND      =        0.0000
 1-4 VDW =     1668.3874  1-4 EEL =    17950.2700  RESTRAINT  =      140.5493
 EAMBER  =  -337603.2747


   NSTEP       ENERGY          RMS            GMAX         NAME    NUMBER
   4500      -3.3746E+05     2.0418E-02     3.4549E+00     HG       3913

 BOND    =    69038.7707  ANGLE   =      958.7953  DIHED      =     1969.3607
 UB      =        0.0000  IMP     =        0.0000  CMAP       =      386.5688
 VDWAALS =    85438.4265  EEL     =  -515013.8726  HBOND      =        0.0000
 1-4 VDW =     1668.3874  1-4 EEL =    17950.2696  RESTRAINT  =      140.5494
 EAMBER  =  -337603.2936


   NSTEP       ENERGY          RMS            GMAX         NAME    NUMBER
   5000      -3.3746E+05     2.0416E-02     3.4536E+00     HG       3913

 BOND    =    69038.7875  ANGLE   =      958.7954  DIHED      =     1969.3586
 UB      =        0.0000  IMP     =        0.0000  CMAP       =      386.5689
 VDWAALS =    85438.4614  EEL     =  -515013.9536  HBOND      =        0.0000
 1-4 VDW =     1668.3874  1-4 EEL =    17950.2692  RESTRAINT  =      140.5495
 EAMBER  =  -337603.3252


   NSTEP       ENERGY          RMS            GMAX         NAME    NUMBER
   5500      -3.3746E+05     2.0413E-02     3.4527E+00     HG       3913

 BOND    =    69038.8035  ANGLE   =      958.7954  DIHED      =     1969.3568
 UB      =        0.0000  IMP     =        0.0000  CMAP       =      386.5689
 VDWAALS =    85438.4951  EEL     =  -515014.0089  HBOND      =        0.0000
 1-4 VDW =     1668.3874  1-4 EEL =    17950.2688  RESTRAINT  =      140.5496
 EAMBER  =  -337603.3329


   NSTEP       ENERGY          RMS            GMAX         NAME    NUMBER
   6000      -3.3746E+05     2.0410E-02     3.4507E+00     HG       3913

 BOND    =    69038.8232  ANGLE   =      958.7955  DIHED      =     1969.3546
 UB      =        0.0000  IMP     =        0.0000  CMAP       =      386.5688
 VDWAALS =    85438.5343  EEL     =  -515014.0614  HBOND      =        0.0000
 1-4 VDW =     1668.3874  1-4 EEL =    17950.2683  RESTRAINT  =      140.5497
 EAMBER  =  -337603.3292


   NSTEP       ENERGY          RMS            GMAX         NAME    NUMBER
   6500      -3.3746E+05     2.0407E-02     3.4487E+00     HG       3913

 BOND    =    69038.8421  ANGLE   =      958.7956  DIHED      =     1969.3522
 UB      =        0.0000  IMP     =        0.0000  CMAP       =      386.5688
 VDWAALS =    85438.5725  EEL     =  -515014.1894  HBOND      =        0.0000
 1-4 VDW =     1668.3874  1-4 EEL =    17950.2679  RESTRAINT  =      140.5498
 EAMBER  =  -337603.4029


   NSTEP       ENERGY          RMS            GMAX         NAME    NUMBER
   7000      -3.3746E+05     2.0403E-02     3.4469E+00     HG       3913

 BOND    =    69038.8598  ANGLE   =      958.7957  DIHED      =     1969.3503
 UB      =        0.0000  IMP     =        0.0000  CMAP       =      386.5688
 VDWAALS =    85438.6077  EEL     =  -515014.2025  HBOND      =        0.0000
 1-4 VDW =     1668.3874  1-4 EEL =    17950.2675  RESTRAINT  =      140.5499
 EAMBER  =  -337603.3655


   NSTEP       ENERGY          RMS            GMAX         NAME    NUMBER
   7500      -3.3746E+05     2.0400E-02     3.4449E+00     HG       3913

 BOND    =    69038.8790  ANGLE   =      958.7957  DIHED      =     1969.3479
 UB      =        0.0000  IMP     =        0.0000  CMAP       =      386.5689
 VDWAALS =    85438.6485  EEL     =  -515014.3234  HBOND      =        0.0000
 1-4 VDW =     1668.3875  1-4 EEL =    17950.2670  RESTRAINT  =      140.5500
 EAMBER  =  -337603.4290


   NSTEP       ENERGY          RMS            GMAX         NAME    NUMBER
   8000      -3.3746E+05     2.0397E-02     3.4430E+00     HG       3913

 BOND    =    69038.8960  ANGLE   =      958.7958  DIHED      =     1969.3461
 UB      =        0.0000  IMP     =        0.0000  CMAP       =      386.5688
 VDWAALS =    85438.6843  EEL     =  -515014.4507  HBOND      =        0.0000
 1-4 VDW =     1668.3875  1-4 EEL =    17950.2665  RESTRAINT  =      140.5501
 EAMBER  =  -337603.5057


   NSTEP       ENERGY          RMS            GMAX         NAME    NUMBER
   8500      -3.3746E+05     2.0393E-02     3.4413E+00     HG       3913

 BOND    =    69038.9124  ANGLE   =      958.7959  DIHED      =     1969.3441
 UB      =        0.0000  IMP     =        0.0000  CMAP       =      386.5689
 VDWAALS =    85438.7183  EEL     =  -515014.4949  HBOND      =        0.0000
 1-4 VDW =     1668.3874  1-4 EEL =    17950.2662  RESTRAINT  =      140.5502
 EAMBER  =  -337603.5017


   NSTEP       ENERGY          RMS            GMAX         NAME    NUMBER
   9000      -3.3746E+05     2.0390E-02     3.4396E+00     HG       3913

 BOND    =    69038.9297  ANGLE   =      958.7959  DIHED      =     1969.3423
 UB      =        0.0000  IMP     =        0.0000  CMAP       =      386.5688
 VDWAALS =    85438.7550  EEL     =  -515014.5778  HBOND      =        0.0000
 1-4 VDW =     1668.3875  1-4 EEL =    17950.2658  RESTRAINT  =      140.5503
 EAMBER  =  -337603.5329


   NSTEP       ENERGY          RMS            GMAX         NAME    NUMBER
   9500      -3.3746E+05     2.0387E-02     3.4375E+00     HG       3913

 BOND    =    69038.9482  ANGLE   =      958.7960  DIHED      =     1969.3402
 UB      =        0.0000  IMP     =        0.0000  CMAP       =      386.5688
 VDWAALS =    85438.7920  EEL     =  -515014.6818  HBOND      =        0.0000
 1-4 VDW =     1668.3875  1-4 EEL =    17950.2653  RESTRAINT  =      140.5504
 EAMBER  =  -337603.5839


   NSTEP       ENERGY          RMS            GMAX         NAME    NUMBER
  10000      -3.3746E+05     2.0384E-02     3.4354E+00     HG       3913

 BOND    =    69038.9673  ANGLE   =      958.7961  DIHED      =     1969.3379
 UB      =        0.0000  IMP     =        0.0000  CMAP       =      386.5688
 VDWAALS =    85438.8343  EEL     =  -515014.7242  HBOND      =        0.0000
 1-4 VDW =     1668.3875  1-4 EEL =    17950.2648  RESTRAINT  =      140.5505
 EAMBER  =  -337603.5675


   NSTEP       ENERGY          RMS            GMAX         NAME    NUMBER
  10500      -3.3768E+05     4.4189E-02     3.7231E+00     CB       3909

 BOND    =    69227.0127  ANGLE   =      959.0952  DIHED      =     1966.8706
 UB      =        0.0000  IMP     =        0.0000  CMAP       =      387.0301
 VDWAALS =    85825.0931  EEL     =  -515802.7475  HBOND      =        0.0000
 1-4 VDW =     1668.5944  1-4 EEL =    17949.5829  RESTRAINT  =      141.0581
 EAMBER  =  -337819.4684

     .... RESTARTED DUE TO LINMIN FAILURE ...


   NSTEP       ENERGY          RMS            GMAX         NAME    NUMBER
  11000      -3.3784E+05     5.9639E-02     5.0987E+00     O       68631

 BOND    =    69376.7321  ANGLE   =      958.8157  DIHED      =     1967.0732
 UB      =        0.0000  IMP     =        0.0000  CMAP       =      387.2297
 VDWAALS =    86146.7410  EEL     =  -516440.3579  HBOND      =        0.0000
 1-4 VDW =     1668.7935  1-4 EEL =    17950.2012  RESTRAINT  =      141.3131
 EAMBER  =  -337984.7715

     .... RESTARTED DUE TO LINMIN FAILURE ...


   NSTEP       ENERGY          RMS            GMAX         NAME    NUMBER
  11500      -3.3798E+05     4.8688E-02     4.1394E+00     H2      48557

 BOND    =    69499.5893  ANGLE   =      958.8228  DIHED      =     1967.5683
 UB      =        0.0000  IMP     =        0.0000  CMAP       =      387.2550
 VDWAALS =    86386.8982  EEL     =  -516942.7608  HBOND      =        0.0000
 1-4 VDW =     1668.9540  1-4 EEL =    17950.2992  RESTRAINT  =      141.4142
 EAMBER  =  -338123.3739


   NSTEP       ENERGY          RMS            GMAX         NAME    NUMBER
  12000      -3.3813E+05     7.9764E-02     4.9577E+00     O       69807

 BOND    =    69620.6517  ANGLE   =      959.3496  DIHED      =     1967.6095
 UB      =        0.0000  IMP     =        0.0000  CMAP       =      387.2980
 VDWAALS =    86633.8512  EEL     =  -517457.6234  HBOND      =        0.0000
 1-4 VDW =     1669.0608  1-4 EEL =    17950.8304  RESTRAINT  =      141.8826
 EAMBER  =  -338268.9721

     .... RESTARTED DUE TO LINMIN FAILURE ...

     .... RESTARTED DUE TO LINMIN FAILURE ...

     .... RESTARTED DUE TO LINMIN FAILURE ...


                    FINAL RESULTS



   NSTEP       ENERGY          RMS            GMAX         NAME    NUMBER
  12389      -3.3823E+05     3.2274E-02     3.7423E+00     O       24151

 BOND    =    69711.9184  ANGLE   =      959.2594  DIHED      =     1968.5813
 UB      =        0.0000  IMP     =        0.0000  CMAP       =      387.3169
 VDWAALS =    86827.2369  EEL     =  -517842.4101  HBOND      =        0.0000
 1-4 VDW =     1669.1108  1-4 EEL =    17950.6588  RESTRAINT  =      141.8453
 EAMBER  =  -338368.3276

     ***** REPEATED LINMIN FAILURE *****
--------------------------------------------------------------------------------
   5.  TIMINGS
--------------------------------------------------------------------------------

|  NonSetup CPU Time in Major Routines:
|
|     Routine           Sec        %
|     ------------------------------
|     Nonbond          17.34   29.42
|     Bond              0.00    0.00
|     Angle             0.00    0.00
|     Dihedral          0.00    0.00
|     Shake             0.00    0.00
|     Other            41.61   70.58
|     ------------------------------
|     Total            58.95

|  PME Nonbond Pairlist CPU Time:
|
|     Routine              Sec        %
|     ---------------------------------
|     Set Up Cit           0.00    0.00
|     Build List           0.00    0.00
|     ---------------------------------
|     Total                0.00    0.00

|  PME Direct Force CPU Time:
|
|     Routine              Sec        %
|     ---------------------------------
|     NonBonded Calc       0.00    0.00
|     Exclude Masked       0.00    0.00
|     Other                0.03    0.05
|     ---------------------------------
|     Total                0.03    0.05

|  PME Reciprocal Force CPU Time:
|
|     Routine              Sec        %
|     ---------------------------------
|     1D bspline           0.00    0.00
|     Grid Charges         0.00    0.00
|     Scalar Sum           0.00    0.00
|     Gradient Sum         0.00    0.00
|     FFT                  0.00    0.00
|     ---------------------------------
|     Total                0.00    0.00

|  Setup CPU time:            0.99 seconds
|  NonSetup CPU time:        58.95 seconds
|  Total CPU time:           59.94 seconds     0.02 hours

|  Setup wall time:           1    seconds
|  NonSetup wall time:       59    seconds
|  Total wall time:          60    seconds     0.02 hours
